[0.033s] Invoking command in '/home/oisin/ros2_ws/assign1_ws/build/light_tracking': AMENT_PREFIX_PATH=/home/oisin/ros2_ws/assign1_ws/install/assign1_interfaces:${AMENT_PREFIX_PATH} CMAKE_PREFIX_PATH=/home/oisin/ros2_ws/assign1_ws/install/assign1_interfaces:/opt/ros/jazzy/opt/sdformat_vendor:/opt/ros/jazzy/opt/gz_math_vendor:/opt/ros/jazzy/opt/gz_utils_vendor:/opt/ros/jazzy/opt/gz_tools_vendor:/opt/ros/jazzy/opt/gz_cmake_vendor:/opt/ros/jazzy DEBUGINFOD_URLS=https://debuginfod.ubuntu.com LD_LIBRARY_PATH=/home/oisin/ros2_ws/assign1_ws/install/assign1_interfaces/lib:${LD_LIBRARY_PATH} PYTHONPATH=/home/oisin/ros2_ws/assign1_ws/install/assign1_interfaces/lib/python3.12/site-packages:${PYTHONPATH} /usr/bin/cmake --build /home/oisin/ros2_ws/assign1_ws/build/light_tracking -- -j16 -l16
[0.187s] [ 50%] Built target detector
[0.201s] [ 75%] [32mBuilding CXX object CMakeFiles/position.dir/src/object_position.cpp.o[0m
[12.897s] [100%] [32m[1mLinking CXX executable position[0m
[13.538s] [100%] Built target position
[13.552s] Invoked command in '/home/oisin/ros2_ws/assign1_ws/build/light_tracking' returned '0': AMENT_PREFIX_PATH=/home/oisin/ros2_ws/assign1_ws/install/assign1_interfaces:${AMENT_PREFIX_PATH} CMAKE_PREFIX_PATH=/home/oisin/ros2_ws/assign1_ws/install/assign1_interfaces:/opt/ros/jazzy/opt/sdformat_vendor:/opt/ros/jazzy/opt/gz_math_vendor:/opt/ros/jazzy/opt/gz_utils_vendor:/opt/ros/jazzy/opt/gz_tools_vendor:/opt/ros/jazzy/opt/gz_cmake_vendor:/opt/ros/jazzy DEBUGINFOD_URLS=https://debuginfod.ubuntu.com LD_LIBRARY_PATH=/home/oisin/ros2_ws/assign1_ws/install/assign1_interfaces/lib:${LD_LIBRARY_PATH} PYTHONPATH=/home/oisin/ros2_ws/assign1_ws/install/assign1_interfaces/lib/python3.12/site-packages:${PYTHONPATH} /usr/bin/cmake --build /home/oisin/ros2_ws/assign1_ws/build/light_tracking -- -j16 -l16
[13.561s] Invoking command in '/home/oisin/ros2_ws/assign1_ws/build/light_tracking': AMENT_PREFIX_PATH=/home/oisin/ros2_ws/assign1_ws/install/assign1_interfaces:${AMENT_PREFIX_PATH} CMAKE_PREFIX_PATH=/home/oisin/ros2_ws/assign1_ws/install/assign1_interfaces:/opt/ros/jazzy/opt/sdformat_vendor:/opt/ros/jazzy/opt/gz_math_vendor:/opt/ros/jazzy/opt/gz_utils_vendor:/opt/ros/jazzy/opt/gz_tools_vendor:/opt/ros/jazzy/opt/gz_cmake_vendor:/opt/ros/jazzy DEBUGINFOD_URLS=https://debuginfod.ubuntu.com LD_LIBRARY_PATH=/home/oisin/ros2_ws/assign1_ws/install/assign1_interfaces/lib:${LD_LIBRARY_PATH} PYTHONPATH=/home/oisin/ros2_ws/assign1_ws/install/assign1_interfaces/lib/python3.12/site-packages:${PYTHONPATH} /usr/bin/cmake --install /home/oisin/ros2_ws/assign1_ws/build/light_tracking
[13.568s] -- Install configuration: ""
[13.568s] -- Up-to-date: /home/oisin/ros2_ws/assign1_ws/install/light_tracking/lib/light_tracking/detector
[13.568s] -- Installing: /home/oisin/ros2_ws/assign1_ws/install/light_tracking/lib/light_tracking/position
[13.574s] -- Set non-toolchain portion of runtime path of "/home/oisin/ros2_ws/assign1_ws/install/light_tracking/lib/light_tracking/position" to ""
[13.574s] -- Up-to-date: /home/oisin/ros2_ws/assign1_ws/install/light_tracking/share/ament_index/resource_index/package_run_dependencies/light_tracking
[13.574s] -- Up-to-date: /home/oisin/ros2_ws/assign1_ws/install/light_tracking/share/ament_index/resource_index/parent_prefix_path/light_tracking
[13.574s] -- Up-to-date: /home/oisin/ros2_ws/assign1_ws/install/light_tracking/share/light_tracking/environment/ament_prefix_path.sh
[13.574s] -- Up-to-date: /home/oisin/ros2_ws/assign1_ws/install/light_tracking/share/light_tracking/environment/ament_prefix_path.dsv
[13.575s] -- Up-to-date: /home/oisin/ros2_ws/assign1_ws/install/light_tracking/share/light_tracking/environment/path.sh
[13.575s] -- Up-to-date: /home/oisin/ros2_ws/assign1_ws/install/light_tracking/share/light_tracking/environment/path.dsv
[13.575s] -- Up-to-date: /home/oisin/ros2_ws/assign1_ws/install/light_tracking/share/light_tracking/local_setup.bash
[13.575s] -- Up-to-date: /home/oisin/ros2_ws/assign1_ws/install/light_tracking/share/light_tracking/local_setup.sh
[13.575s] -- Up-to-date: /home/oisin/ros2_ws/assign1_ws/install/light_tracking/share/light_tracking/local_setup.zsh
[13.575s] -- Up-to-date: /home/oisin/ros2_ws/assign1_ws/install/light_tracking/share/light_tracking/local_setup.dsv
[13.575s] -- Installing: /home/oisin/ros2_ws/assign1_ws/install/light_tracking/share/light_tracking/package.dsv
[13.575s] -- Up-to-date: /home/oisin/ros2_ws/assign1_ws/install/light_tracking/share/ament_index/resource_index/packages/light_tracking
[13.575s] -- Up-to-date: /home/oisin/ros2_ws/assign1_ws/install/light_tracking/share/light_tracking/cmake/light_trackingConfig.cmake
[13.575s] -- Up-to-date: /home/oisin/ros2_ws/assign1_ws/install/light_tracking/share/light_tracking/cmake/light_trackingConfig-version.cmake
[13.575s] -- Up-to-date: /home/oisin/ros2_ws/assign1_ws/install/light_tracking/share/light_tracking/package.xml
[13.577s] Invoked command in '/home/oisin/ros2_ws/assign1_ws/build/light_tracking' returned '0': AMENT_PREFIX_PATH=/home/oisin/ros2_ws/assign1_ws/install/assign1_interfaces:${AMENT_PREFIX_PATH} CMAKE_PREFIX_PATH=/home/oisin/ros2_ws/assign1_ws/install/assign1_interfaces:/opt/ros/jazzy/opt/sdformat_vendor:/opt/ros/jazzy/opt/gz_math_vendor:/opt/ros/jazzy/opt/gz_utils_vendor:/opt/ros/jazzy/opt/gz_tools_vendor:/opt/ros/jazzy/opt/gz_cmake_vendor:/opt/ros/jazzy DEBUGINFOD_URLS=https://debuginfod.ubuntu.com LD_LIBRARY_PATH=/home/oisin/ros2_ws/assign1_ws/install/assign1_interfaces/lib:${LD_LIBRARY_PATH} PYTHONPATH=/home/oisin/ros2_ws/assign1_ws/install/assign1_interfaces/lib/python3.12/site-packages:${PYTHONPATH} /usr/bin/cmake --install /home/oisin/ros2_ws/assign1_ws/build/light_tracking
