-- The C compiler identification is GNU 13.3.0
-- The CXX compiler identification is GNU 13.3.0
-- Detecting C compiler ABI info
-- Detecting C compiler ABI info - done
-- Check for working C compiler: /usr/bin/cc - skipped
-- Detecting C compile features
-- Detecting C compile features - done
-- Detecting CXX compiler ABI info
-- Detecting CXX compiler ABI info - done
-- Check for working CXX compiler: /usr/bin/c++ - skipped
-- Detecting CXX compile features
-- Detecting CXX compile features - done
-- Found ament_cmake: 2.5.3 (/opt/ros/jazzy/share/ament_cmake/cmake)
-- Found Python3: /usr/bin/python3 (found version "3.12.3") found components: Interpreter 
-- Found rclcpp: 28.1.6 (/opt/ros/jazzy/share/rclcpp/cmake)
-- Found rosidl_generator_c: 4.6.5 (/opt/ros/jazzy/share/rosidl_generator_c/cmake)
-- Found rosidl_generator_cpp: 4.6.5 (/opt/ros/jazzy/share/rosidl_generator_cpp/cmake)
-- Using all available rosidl_typesupport_c: rosidl_typesupport_fastrtps_c;rosidl_typesupport_introspection_c
-- Using all available rosidl_typesupport_cpp: rosidl_typesupport_fastrtps_cpp;rosidl_typesupport_introspection_cpp
-- Found rmw_implementation_cmake: 7.3.1 (/opt/ros/jazzy/share/rmw_implementation_cmake/cmake)
-- Found rmw_fastrtps_cpp: 8.4.1 (/opt/ros/jazzy/share/rmw_fastrtps_cpp/cmake)
-- Found OpenSSL: /usr/lib/x86_64-linux-gnu/libcrypto.so (found version "3.0.13")  
-- Found FastRTPS: /opt/ros/jazzy/include (Required is at least version "2.13") 
-- Using RMW implementation 'rmw_fastrtps_cpp' as default
-- Found sensor_msgs: 5.3.5 (/opt/ros/jazzy/share/sensor_msgs/cmake)
-- Found example_interfaces: 0.12.0 (/opt/ros/jazzy/share/example_interfaces/cmake)
-- Found cv_bridge: 4.1.0 (/opt/ros/jazzy/share/cv_bridge/cmake)
-- Found OpenCV: /usr (found version "4.6.0") 
-- Found assign1_interfaces: 0.0.0 (/home/oisin/ros2_ws/assign1_ws/install/assign1_interfaces/share/assign1_interfaces/cmake)
-- Configuring done (1.0s)
-- Generating done (0.0s)
-- Build files have been written to: /home/oisin/ros2_ws/assign1_ws/build/rel_controller
[ 50%] [32mBuilding CXX object CMakeFiles/controller.dir/src/controller.cpp.o[0m
[100%] [32m[1mLinking CXX executable controller[0m
[100%] Built target controller
-- Install configuration: ""
-- Installing: /home/oisin/ros2_ws/assign1_ws/install/rel_controller/lib/rel_controller/controller
-- Set non-toolchain portion of runtime path of "/home/oisin/ros2_ws/assign1_ws/install/rel_controller/lib/rel_controller/controller" to ""
-- Installing: /home/oisin/ros2_ws/assign1_ws/install/rel_controller/share/rel_controller/
-- Installing: /home/oisin/ros2_ws/assign1_ws/install/rel_controller/share/rel_controller//launch.xml
-- Installing: /home/oisin/ros2_ws/assign1_ws/install/rel_controller/share/rel_controller//launch.yaml
-- Installing: /home/oisin/ros2_ws/assign1_ws/install/rel_controller/share/ament_index/resource_index/package_run_dependencies/rel_controller
-- Installing: /home/oisin/ros2_ws/assign1_ws/install/rel_controller/share/ament_index/resource_index/parent_prefix_path/rel_controller
-- Installing: /home/oisin/ros2_ws/assign1_ws/install/rel_controller/share/rel_controller/environment/ament_prefix_path.sh
-- Installing: /home/oisin/ros2_ws/assign1_ws/install/rel_controller/share/rel_controller/environment/ament_prefix_path.dsv
-- Installing: /home/oisin/ros2_ws/assign1_ws/install/rel_controller/share/rel_controller/environment/path.sh
-- Installing: /home/oisin/ros2_ws/assign1_ws/install/rel_controller/share/rel_controller/environment/path.dsv
-- Installing: /home/oisin/ros2_ws/assign1_ws/install/rel_controller/share/rel_controller/local_setup.bash
-- Installing: /home/oisin/ros2_ws/assign1_ws/install/rel_controller/share/rel_controller/local_setup.sh
-- Installing: /home/oisin/ros2_ws/assign1_ws/install/rel_controller/share/rel_controller/local_setup.zsh
-- Installing: /home/oisin/ros2_ws/assign1_ws/install/rel_controller/share/rel_controller/local_setup.dsv
-- Installing: /home/oisin/ros2_ws/assign1_ws/install/rel_controller/share/rel_controller/package.dsv
-- Installing: /home/oisin/ros2_ws/assign1_ws/install/rel_controller/share/ament_index/resource_index/packages/rel_controller
-- Installing: /home/oisin/ros2_ws/assign1_ws/install/rel_controller/share/rel_controller/cmake/rel_controllerConfig.cmake
-- Installing: /home/oisin/ros2_ws/assign1_ws/install/rel_controller/share/rel_controller/cmake/rel_controllerConfig-version.cmake
-- Installing: /home/oisin/ros2_ws/assign1_ws/install/rel_controller/share/rel_controller/package.xml
