[0.009s] Invoking command in '/home/oisin/ros2_ws/assign1_ws/build/rel_controller': AMENT_PREFIX_PATH=/home/oisin/ros2_ws/assign1_ws/install/assign1_interfaces:${AMENT_PREFIX_PATH} CMAKE_PREFIX_PATH=/home/oisin/ros2_ws/assign1_ws/install/assign1_interfaces:/opt/ros/jazzy/opt/sdformat_vendor:/opt/ros/jazzy/opt/gz_math_vendor:/opt/ros/jazzy/opt/gz_utils_vendor:/opt/ros/jazzy/opt/gz_tools_vendor:/opt/ros/jazzy/opt/gz_cmake_vendor:/opt/ros/jazzy DEBUGINFOD_URLS=https://debuginfod.ubuntu.com LD_LIBRARY_PATH=/home/oisin/ros2_ws/assign1_ws/install/assign1_interfaces/lib:${LD_LIBRARY_PATH} PYTHONPATH=/home/oisin/ros2_ws/assign1_ws/install/assign1_interfaces/lib/python3.12/site-packages:${PYTHONPATH} /usr/bin/cmake /home/oisin/ros2_ws/assign1_ws/src/rel_controller -DCMAKE_INSTALL_PREFIX=/home/oisin/ros2_ws/assign1_ws/install/rel_controller
[0.059s] -- The C compiler identification is GNU 13.3.0
[0.102s] -- The CXX compiler identification is GNU 13.3.0
[0.118s] -- Detecting C compiler ABI info
[0.196s] -- Detecting C compiler ABI info - done
[0.201s] -- Check for working C compiler: /usr/bin/cc - skipped
[0.201s] -- Detecting C compile features
[0.201s] -- Detecting C compile features - done
[0.211s] -- Detecting CXX compiler ABI info
[0.301s] -- Detecting CXX compiler ABI info - done
[0.308s] -- Check for working CXX compiler: /usr/bin/c++ - skipped
[0.308s] -- Detecting CXX compile features
[0.309s] -- Detecting CXX compile features - done
[0.311s] -- Found ament_cmake: 2.5.3 (/opt/ros/jazzy/share/ament_cmake/cmake)
[0.431s] -- Found Python3: /usr/bin/python3 (found version "3.12.3") found components: Interpreter 
[0.514s] -- Found rclcpp: 28.1.6 (/opt/ros/jazzy/share/rclcpp/cmake)
[0.543s] -- Found rosidl_generator_c: 4.6.5 (/opt/ros/jazzy/share/rosidl_generator_c/cmake)
[0.553s] -- Found rosidl_generator_cpp: 4.6.5 (/opt/ros/jazzy/share/rosidl_generator_cpp/cmake)
[0.564s] -- Using all available rosidl_typesupport_c: rosidl_typesupport_fastrtps_c;rosidl_typesupport_introspection_c
[0.575s] -- Using all available rosidl_typesupport_cpp: rosidl_typesupport_fastrtps_cpp;rosidl_typesupport_introspection_cpp
[0.630s] -- Found rmw_implementation_cmake: 7.3.1 (/opt/ros/jazzy/share/rmw_implementation_cmake/cmake)
[0.632s] -- Found rmw_fastrtps_cpp: 8.4.1 (/opt/ros/jazzy/share/rmw_fastrtps_cpp/cmake)
[0.707s] -- Found OpenSSL: /usr/lib/x86_64-linux-gnu/libcrypto.so (found version "3.0.13")  
[0.726s] -- Found FastRTPS: /opt/ros/jazzy/include (Required is at least version "2.13") 
[0.748s] -- Using RMW implementation 'rmw_fastrtps_cpp' as default
[0.804s] -- Found sensor_msgs: 5.3.5 (/opt/ros/jazzy/share/sensor_msgs/cmake)
[0.853s] -- Found example_interfaces: 0.12.0 (/opt/ros/jazzy/share/example_interfaces/cmake)
[0.893s] -- Found cv_bridge: 4.1.0 (/opt/ros/jazzy/share/cv_bridge/cmake)
[0.902s] -- Found OpenCV: /usr (found version "4.6.0") 
[0.902s] -- Found assign1_interfaces: 0.0.0 (/home/oisin/ros2_ws/assign1_ws/install/assign1_interfaces/share/assign1_interfaces/cmake)
[0.982s] -- Configuring done (1.0s)
[0.992s] -- Generating done (0.0s)
[0.995s] -- Build files have been written to: /home/oisin/ros2_ws/assign1_ws/build/rel_controller
[1.005s] Invoked command in '/home/oisin/ros2_ws/assign1_ws/build/rel_controller' returned '0': AMENT_PREFIX_PATH=/home/oisin/ros2_ws/assign1_ws/install/assign1_interfaces:${AMENT_PREFIX_PATH} CMAKE_PREFIX_PATH=/home/oisin/ros2_ws/assign1_ws/install/assign1_interfaces:/opt/ros/jazzy/opt/sdformat_vendor:/opt/ros/jazzy/opt/gz_math_vendor:/opt/ros/jazzy/opt/gz_utils_vendor:/opt/ros/jazzy/opt/gz_tools_vendor:/opt/ros/jazzy/opt/gz_cmake_vendor:/opt/ros/jazzy DEBUGINFOD_URLS=https://debuginfod.ubuntu.com LD_LIBRARY_PATH=/home/oisin/ros2_ws/assign1_ws/install/assign1_interfaces/lib:${LD_LIBRARY_PATH} PYTHONPATH=/home/oisin/ros2_ws/assign1_ws/install/assign1_interfaces/lib/python3.12/site-packages:${PYTHONPATH} /usr/bin/cmake /home/oisin/ros2_ws/assign1_ws/src/rel_controller -DCMAKE_INSTALL_PREFIX=/home/oisin/ros2_ws/assign1_ws/install/rel_controller
[1.006s] Invoking command in '/home/oisin/ros2_ws/assign1_ws/build/rel_controller': AMENT_PREFIX_PATH=/home/oisin/ros2_ws/assign1_ws/install/assign1_interfaces:${AMENT_PREFIX_PATH} CMAKE_PREFIX_PATH=/home/oisin/ros2_ws/assign1_ws/install/assign1_interfaces:/opt/ros/jazzy/opt/sdformat_vendor:/opt/ros/jazzy/opt/gz_math_vendor:/opt/ros/jazzy/opt/gz_utils_vendor:/opt/ros/jazzy/opt/gz_tools_vendor:/opt/ros/jazzy/opt/gz_cmake_vendor:/opt/ros/jazzy DEBUGINFOD_URLS=https://debuginfod.ubuntu.com LD_LIBRARY_PATH=/home/oisin/ros2_ws/assign1_ws/install/assign1_interfaces/lib:${LD_LIBRARY_PATH} PYTHONPATH=/home/oisin/ros2_ws/assign1_ws/install/assign1_interfaces/lib/python3.12/site-packages:${PYTHONPATH} /usr/bin/cmake --build /home/oisin/ros2_ws/assign1_ws/build/rel_controller -- -j16 -l16
[1.060s] [ 50%] [32mBuilding CXX object CMakeFiles/controller.dir/src/controller.cpp.o[0m
[8.615s] [100%] [32m[1mLinking CXX executable controller[0m
[8.933s] [100%] Built target controller
[8.947s] Invoked command in '/home/oisin/ros2_ws/assign1_ws/build/rel_controller' returned '0': AMENT_PREFIX_PATH=/home/oisin/ros2_ws/assign1_ws/install/assign1_interfaces:${AMENT_PREFIX_PATH} CMAKE_PREFIX_PATH=/home/oisin/ros2_ws/assign1_ws/install/assign1_interfaces:/opt/ros/jazzy/opt/sdformat_vendor:/opt/ros/jazzy/opt/gz_math_vendor:/opt/ros/jazzy/opt/gz_utils_vendor:/opt/ros/jazzy/opt/gz_tools_vendor:/opt/ros/jazzy/opt/gz_cmake_vendor:/opt/ros/jazzy DEBUGINFOD_URLS=https://debuginfod.ubuntu.com LD_LIBRARY_PATH=/home/oisin/ros2_ws/assign1_ws/install/assign1_interfaces/lib:${LD_LIBRARY_PATH} PYTHONPATH=/home/oisin/ros2_ws/assign1_ws/install/assign1_interfaces/lib/python3.12/site-packages:${PYTHONPATH} /usr/bin/cmake --build /home/oisin/ros2_ws/assign1_ws/build/rel_controller -- -j16 -l16
[8.948s] Invoking command in '/home/oisin/ros2_ws/assign1_ws/build/rel_controller': AMENT_PREFIX_PATH=/home/oisin/ros2_ws/assign1_ws/install/assign1_interfaces:${AMENT_PREFIX_PATH} CMAKE_PREFIX_PATH=/home/oisin/ros2_ws/assign1_ws/install/assign1_interfaces:/opt/ros/jazzy/opt/sdformat_vendor:/opt/ros/jazzy/opt/gz_math_vendor:/opt/ros/jazzy/opt/gz_utils_vendor:/opt/ros/jazzy/opt/gz_tools_vendor:/opt/ros/jazzy/opt/gz_cmake_vendor:/opt/ros/jazzy DEBUGINFOD_URLS=https://debuginfod.ubuntu.com LD_LIBRARY_PATH=/home/oisin/ros2_ws/assign1_ws/install/assign1_interfaces/lib:${LD_LIBRARY_PATH} PYTHONPATH=/home/oisin/ros2_ws/assign1_ws/install/assign1_interfaces/lib/python3.12/site-packages:${PYTHONPATH} /usr/bin/cmake --install /home/oisin/ros2_ws/assign1_ws/build/rel_controller
[8.957s] -- Install configuration: ""
[8.958s] -- Installing: /home/oisin/ros2_ws/assign1_ws/install/rel_controller/lib/rel_controller/controller
[8.965s] -- Set non-toolchain portion of runtime path of "/home/oisin/ros2_ws/assign1_ws/install/rel_controller/lib/rel_controller/controller" to ""
[8.965s] -- Installing: /home/oisin/ros2_ws/assign1_ws/install/rel_controller/share/rel_controller/
[8.965s] -- Installing: /home/oisin/ros2_ws/assign1_ws/install/rel_controller/share/rel_controller//launch.xml
[8.966s] -- Installing: /home/oisin/ros2_ws/assign1_ws/install/rel_controller/share/rel_controller//launch.yaml
[8.966s] -- Installing: /home/oisin/ros2_ws/assign1_ws/install/rel_controller/share/ament_index/resource_index/package_run_dependencies/rel_controller
[8.966s] -- Installing: /home/oisin/ros2_ws/assign1_ws/install/rel_controller/share/ament_index/resource_index/parent_prefix_path/rel_controller
[8.966s] -- Installing: /home/oisin/ros2_ws/assign1_ws/install/rel_controller/share/rel_controller/environment/ament_prefix_path.sh
[8.966s] -- Installing: /home/oisin/ros2_ws/assign1_ws/install/rel_controller/share/rel_controller/environment/ament_prefix_path.dsv
[8.966s] -- Installing: /home/oisin/ros2_ws/assign1_ws/install/rel_controller/share/rel_controller/environment/path.sh
[8.966s] -- Installing: /home/oisin/ros2_ws/assign1_ws/install/rel_controller/share/rel_controller/environment/path.dsv
[8.966s] -- Installing: /home/oisin/ros2_ws/assign1_ws/install/rel_controller/share/rel_controller/local_setup.bash
[8.966s] -- Installing: /home/oisin/ros2_ws/assign1_ws/install/rel_controller/share/rel_controller/local_setup.sh
[8.966s] -- Installing: /home/oisin/ros2_ws/assign1_ws/install/rel_controller/share/rel_controller/local_setup.zsh
[8.967s] -- Installing: /home/oisin/ros2_ws/assign1_ws/install/rel_controller/share/rel_controller/local_setup.dsv
[8.967s] -- Installing: /home/oisin/ros2_ws/assign1_ws/install/rel_controller/share/rel_controller/package.dsv
[8.967s] -- Installing: /home/oisin/ros2_ws/assign1_ws/install/rel_controller/share/ament_index/resource_index/packages/rel_controller
[8.967s] -- Installing: /home/oisin/ros2_ws/assign1_ws/install/rel_controller/share/rel_controller/cmake/rel_controllerConfig.cmake
[8.967s] -- Installing: /home/oisin/ros2_ws/assign1_ws/install/rel_controller/share/rel_controller/cmake/rel_controllerConfig-version.cmake
[8.967s] -- Installing: /home/oisin/ros2_ws/assign1_ws/install/rel_controller/share/rel_controller/package.xml
[8.969s] Invoked command in '/home/oisin/ros2_ws/assign1_ws/build/rel_controller' returned '0': AMENT_PREFIX_PATH=/home/oisin/ros2_ws/assign1_ws/install/assign1_interfaces:${AMENT_PREFIX_PATH} CMAKE_PREFIX_PATH=/home/oisin/ros2_ws/assign1_ws/install/assign1_interfaces:/opt/ros/jazzy/opt/sdformat_vendor:/opt/ros/jazzy/opt/gz_math_vendor:/opt/ros/jazzy/opt/gz_utils_vendor:/opt/ros/jazzy/opt/gz_tools_vendor:/opt/ros/jazzy/opt/gz_cmake_vendor:/opt/ros/jazzy DEBUGINFOD_URLS=https://debuginfod.ubuntu.com LD_LIBRARY_PATH=/home/oisin/ros2_ws/assign1_ws/install/assign1_interfaces/lib:${LD_LIBRARY_PATH} PYTHONPATH=/home/oisin/ros2_ws/assign1_ws/install/assign1_interfaces/lib/python3.12/site-packages:${PYTHONPATH} /usr/bin/cmake --install /home/oisin/ros2_ws/assign1_ws/build/rel_controller
