[0.026s] Invoking command in '/home/oisin/ros2_ws/assign1/image_ws/build/image_cpp': CMAKE_PREFIX_PATH=${CMAKE_PREFIX_PATH}:/opt/ros/jazzy DEBUGINFOD_URLS=https://debuginfod.ubuntu.com /usr/bin/cmake --build /home/oisin/ros2_ws/assign1/image_ws/build/image_cpp -- -j16 -l16
[0.178s] [ 50%] [32mBuilding CXX object CMakeFiles/brightnessEx.dir/src/brightness.cpp.o[0m
[4.355s] In file included from [01m[K/opt/ros/jazzy/include/rclcpp/rclcpp/logging.hpp:24[m[K,
[4.356s]                  from [01m[K/opt/ros/jazzy/include/rclcpp/rclcpp/copy_all_parameter_values.hpp:27[m[K,
[4.356s]                  from [01m[K/opt/ros/jazzy/include/rclcpp/rclcpp/rclcpp.hpp:171[m[K,
[4.356s]                  from [01m[K/home/oisin/ros2_ws/assign1/image_ws/src/image_cpp/src/brightness.cpp:1[m[K:
[4.356s] [01m[K/home/oisin/ros2_ws/assign1/image_ws/src/image_cpp/src/brightness.cpp:[m[K In member function ‘[01m[Kvoid Brightness::[01;32m[KcallbackImage[m[K(sensor_msgs::msg::Image_<std::allocator<void> >::SharedPtr)[m[K’:
[4.356s] [01m[K/home/oisin/ros2_ws/assign1/image_ws/src/image_cpp/src/brightness.cpp:40:41:[m[K [01;35m[Kwarning: [m[Kformat ‘[01m[K%s[m[K’ expects argument of type ‘[01m[Kchar*[m[K’, but argument 5 has type ‘[01m[Kstd::string[m[K’ {aka ‘[01m[Kstd::__cxx11::basic_string<char>[m[K’} [[01;35m[K]8;;https://gcc.gnu.org/onlinedocs/gcc/Warning-Options.html#index-Wformat=-Wformat=]8;;[m[K]
[4.356s]    40 |         RCLCPP_INFO(this->get_logger(), [01;35m[K"compared to threshold, avg is '%s'"[m[K, condition);
[4.356s]       |                                         [01;35m[K^~~~~~~~~~~~~~~~~~~~~~~~~~~~~~~~~~~~[m[K
[4.357s] [01m[K/home/oisin/ros2_ws/assign1/image_ws/src/image_cpp/src/brightness.cpp:40:74:[m[K [01;36m[Knote: [m[Kformat string is defined here
[4.357s]    40 |         RCLCPP_INFO(this->get_logger(), "compared to threshold, avg is '[01;36m[K%s[m[K'", condition);
[4.357s]       |                                                                         [01;36m[K~^[m[K
[4.357s]       |                                                                          [01;36m[K|[m[K
[4.357s]       |                                                                          [01;36m[Kchar*[m[K
[10.122s] [100%] [32m[1mLinking CXX executable brightnessEx[0m
[10.321s] [100%] Built target brightnessEx
[10.333s] Invoked command in '/home/oisin/ros2_ws/assign1/image_ws/build/image_cpp' returned '0': CMAKE_PREFIX_PATH=${CMAKE_PREFIX_PATH}:/opt/ros/jazzy DEBUGINFOD_URLS=https://debuginfod.ubuntu.com /usr/bin/cmake --build /home/oisin/ros2_ws/assign1/image_ws/build/image_cpp -- -j16 -l16
[10.343s] Invoking command in '/home/oisin/ros2_ws/assign1/image_ws/build/image_cpp': CMAKE_PREFIX_PATH=${CMAKE_PREFIX_PATH}:/opt/ros/jazzy DEBUGINFOD_URLS=https://debuginfod.ubuntu.com /usr/bin/cmake --install /home/oisin/ros2_ws/assign1/image_ws/build/image_cpp
[10.349s] -- Install configuration: ""
[10.350s] -- Installing: /home/oisin/ros2_ws/assign1/image_ws/install/image_cpp/lib/image_cpp/brightnessEx
[10.356s] -- Set non-toolchain portion of runtime path of "/home/oisin/ros2_ws/assign1/image_ws/install/image_cpp/lib/image_cpp/brightnessEx" to ""
[10.356s] -- Up-to-date: /home/oisin/ros2_ws/assign1/image_ws/install/image_cpp/share/ament_index/resource_index/package_run_dependencies/image_cpp
[10.356s] -- Up-to-date: /home/oisin/ros2_ws/assign1/image_ws/install/image_cpp/share/ament_index/resource_index/parent_prefix_path/image_cpp
[10.357s] -- Up-to-date: /home/oisin/ros2_ws/assign1/image_ws/install/image_cpp/share/image_cpp/environment/ament_prefix_path.sh
[10.357s] -- Up-to-date: /home/oisin/ros2_ws/assign1/image_ws/install/image_cpp/share/image_cpp/environment/ament_prefix_path.dsv
[10.357s] -- Up-to-date: /home/oisin/ros2_ws/assign1/image_ws/install/image_cpp/share/image_cpp/environment/path.sh
[10.357s] -- Up-to-date: /home/oisin/ros2_ws/assign1/image_ws/install/image_cpp/share/image_cpp/environment/path.dsv
[10.357s] -- Up-to-date: /home/oisin/ros2_ws/assign1/image_ws/install/image_cpp/share/image_cpp/local_setup.bash
[10.357s] -- Up-to-date: /home/oisin/ros2_ws/assign1/image_ws/install/image_cpp/share/image_cpp/local_setup.sh
[10.357s] -- Up-to-date: /home/oisin/ros2_ws/assign1/image_ws/install/image_cpp/share/image_cpp/local_setup.zsh
[10.357s] -- Up-to-date: /home/oisin/ros2_ws/assign1/image_ws/install/image_cpp/share/image_cpp/local_setup.dsv
[10.357s] -- Installing: /home/oisin/ros2_ws/assign1/image_ws/install/image_cpp/share/image_cpp/package.dsv
[10.358s] -- Up-to-date: /home/oisin/ros2_ws/assign1/image_ws/install/image_cpp/share/ament_index/resource_index/packages/image_cpp
[10.358s] -- Up-to-date: /home/oisin/ros2_ws/assign1/image_ws/install/image_cpp/share/image_cpp/cmake/image_cppConfig.cmake
[10.358s] -- Up-to-date: /home/oisin/ros2_ws/assign1/image_ws/install/image_cpp/share/image_cpp/cmake/image_cppConfig-version.cmake
[10.358s] -- Up-to-date: /home/oisin/ros2_ws/assign1/image_ws/install/image_cpp/share/image_cpp/package.xml
[10.359s] Invoked command in '/home/oisin/ros2_ws/assign1/image_ws/build/image_cpp' returned '0': CMAKE_PREFIX_PATH=${CMAKE_PREFIX_PATH}:/opt/ros/jazzy DEBUGINFOD_URLS=https://debuginfod.ubuntu.com /usr/bin/cmake --install /home/oisin/ros2_ws/assign1/image_ws/build/image_cpp
