[0.026s] Invoking command in '/home/oisin/ros2_ws/assign1_ws/build/assign1_interfaces': CMAKE_PREFIX_PATH=${CMAKE_PREFIX_PATH}:/opt/ros/jazzy DEBUGINFOD_URLS=https://debuginfod.ubuntu.com /usr/bin/cmake --build /home/oisin/ros2_ws/assign1_ws/build/assign1_interfaces -- -j16 -l16
[0.150s] [  2%] Built target assign1_interfaces__rosidl_generator_type_description
[0.174s] [  2%] Built target ament_cmake_python_copy_assign1_interfaces
[0.199s] [  5%] Built target assign1_interfaces__cpp
[0.205s] [ 20%] Built target assign1_interfaces__rosidl_generator_c
[0.263s] [ 47%] Built target assign1_interfaces__rosidl_typesupport_introspection_c
[0.263s] [ 47%] Built target assign1_interfaces__rosidl_typesupport_c
[0.263s] [ 47%] Built target assign1_interfaces__rosidl_typesupport_fastrtps_cpp
[0.264s] [ 55%] Built target assign1_interfaces__rosidl_typesupport_introspection_cpp
[0.264s] [ 64%] Built target assign1_interfaces__rosidl_typesupport_fastrtps_c
[0.265s] [ 73%] Built target assign1_interfaces__rosidl_typesupport_cpp
[0.321s] [ 73%] Built target assign1_interfaces
[0.373s] [ 76%] Built target assign1_interfaces__py
[0.438s] [ 82%] Built target assign1_interfaces__rosidl_generator_py
[0.497s] [100%] Built target assign1_interfaces_s__rosidl_typesupport_fastrtps_c
[0.497s] [100%] Built target assign1_interfaces_s__rosidl_typesupport_c
[0.497s] [100%] Built target assign1_interfaces_s__rosidl_typesupport_introspection_c
[0.649s] running egg_info
[0.684s] writing assign1_interfaces.egg-info/PKG-INFO
[0.685s] writing dependency_links to assign1_interfaces.egg-info/dependency_links.txt
[0.686s] writing top-level names to assign1_interfaces.egg-info/top_level.txt
[0.789s] reading manifest file 'assign1_interfaces.egg-info/SOURCES.txt'
[0.790s] writing manifest file 'assign1_interfaces.egg-info/SOURCES.txt'
[0.867s] [100%] Built target ament_cmake_python_build_assign1_interfaces_egg
[0.898s] Invoked command in '/home/oisin/ros2_ws/assign1_ws/build/assign1_interfaces' returned '0': CMAKE_PREFIX_PATH=${CMAKE_PREFIX_PATH}:/opt/ros/jazzy DEBUGINFOD_URLS=https://debuginfod.ubuntu.com /usr/bin/cmake --build /home/oisin/ros2_ws/assign1_ws/build/assign1_interfaces -- -j16 -l16
[0.927s] Invoking command in '/home/oisin/ros2_ws/assign1_ws/build/assign1_interfaces': CMAKE_PREFIX_PATH=${CMAKE_PREFIX_PATH}:/opt/ros/jazzy DEBUGINFOD_URLS=https://debuginfod.ubuntu.com /usr/bin/cmake --install /home/oisin/ros2_ws/assign1_ws/build/assign1_interfaces
[0.948s] -- Install configuration: ""
[0.948s] -- Up-to-date: /home/oisin/ros2_ws/assign1_ws/install/assign1_interfaces/share/ament_index/resource_index/rosidl_interfaces/assign1_interfaces
[0.948s] -- Up-to-date: /home/oisin/ros2_ws/assign1_ws/install/assign1_interfaces/share/assign1_interfaces/msg/PixelCoordinates.json
[0.949s] -- Up-to-date: /home/oisin/ros2_ws/assign1_ws/install/assign1_interfaces/include/assign1_interfaces/assign1_interfaces
[0.949s] -- Up-to-date: /home/oisin/ros2_ws/assign1_ws/install/assign1_interfaces/include/assign1_interfaces/assign1_interfaces/msg
[0.949s] -- Up-to-date: /home/oisin/ros2_ws/assign1_ws/install/assign1_interfaces/include/assign1_interfaces/assign1_interfaces/msg/rosidl_generator_c__visibility_control.h
[0.949s] -- Up-to-date: /home/oisin/ros2_ws/assign1_ws/install/assign1_interfaces/include/assign1_interfaces/assign1_interfaces/msg/detail
[0.950s] -- Up-to-date: /home/oisin/ros2_ws/assign1_ws/install/assign1_interfaces/include/assign1_interfaces/assign1_interfaces/msg/detail/pixel_coordinates__struct.h
[0.950s] -- Up-to-date: /home/oisin/ros2_ws/assign1_ws/install/assign1_interfaces/include/assign1_interfaces/assign1_interfaces/msg/detail/pixel_coordinates__type_support.c
[0.950s] -- Up-to-date: /home/oisin/ros2_ws/assign1_ws/install/assign1_interfaces/include/assign1_interfaces/assign1_interfaces/msg/detail/pixel_coordinates__functions.h
[0.951s] -- Up-to-date: /home/oisin/ros2_ws/assign1_ws/install/assign1_interfaces/include/assign1_interfaces/assign1_interfaces/msg/detail/pixel_coordinates__description.c
[0.951s] -- Up-to-date: /home/oisin/ros2_ws/assign1_ws/install/assign1_interfaces/include/assign1_interfaces/assign1_interfaces/msg/detail/pixel_coordinates__functions.c
[0.951s] -- Up-to-date: /home/oisin/ros2_ws/assign1_ws/install/assign1_interfaces/include/assign1_interfaces/assign1_interfaces/msg/detail/pixel_coordinates__type_support.h
[0.951s] -- Up-to-date: /home/oisin/ros2_ws/assign1_ws/install/assign1_interfaces/include/assign1_interfaces/assign1_interfaces/msg/pixel_coordinates.h
[0.952s] -- Up-to-date: /home/oisin/ros2_ws/assign1_ws/install/assign1_interfaces/share/assign1_interfaces/environment/library_path.sh
[0.952s] -- Up-to-date: /home/oisin/ros2_ws/assign1_ws/install/assign1_interfaces/share/assign1_interfaces/environment/library_path.dsv
[0.952s] -- Up-to-date: /home/oisin/ros2_ws/assign1_ws/install/assign1_interfaces/lib/libassign1_interfaces__rosidl_generator_c.so
[0.952s] -- Up-to-date: /home/oisin/ros2_ws/assign1_ws/install/assign1_interfaces/include/assign1_interfaces/assign1_interfaces
[0.952s] -- Up-to-date: /home/oisin/ros2_ws/assign1_ws/install/assign1_interfaces/include/assign1_interfaces/assign1_interfaces/msg
[0.953s] -- Up-to-date: /home/oisin/ros2_ws/assign1_ws/install/assign1_interfaces/include/assign1_interfaces/assign1_interfaces/msg/rosidl_typesupport_fastrtps_c__visibility_control.h
[0.953s] -- Up-to-date: /home/oisin/ros2_ws/assign1_ws/install/assign1_interfaces/include/assign1_interfaces/assign1_interfaces/msg/detail
[0.953s] -- Up-to-date: /home/oisin/ros2_ws/assign1_ws/install/assign1_interfaces/include/assign1_interfaces/assign1_interfaces/msg/detail/pixel_coordinates__rosidl_typesupport_fastrtps_c.h
[0.953s] -- Up-to-date: /home/oisin/ros2_ws/assign1_ws/install/assign1_interfaces/lib/libassign1_interfaces__rosidl_typesupport_fastrtps_c.so
[0.953s] -- Up-to-date: /home/oisin/ros2_ws/assign1_ws/install/assign1_interfaces/include/assign1_interfaces/assign1_interfaces
[0.954s] -- Up-to-date: /home/oisin/ros2_ws/assign1_ws/install/assign1_interfaces/include/assign1_interfaces/assign1_interfaces/msg
[0.954s] -- Up-to-date: /home/oisin/ros2_ws/assign1_ws/install/assign1_interfaces/include/assign1_interfaces/assign1_interfaces/msg/rosidl_typesupport_introspection_c__visibility_control.h
[0.954s] -- Up-to-date: /home/oisin/ros2_ws/assign1_ws/install/assign1_interfaces/include/assign1_interfaces/assign1_interfaces/msg/detail
[0.954s] -- Up-to-date: /home/oisin/ros2_ws/assign1_ws/install/assign1_interfaces/include/assign1_interfaces/assign1_interfaces/msg/detail/pixel_coordinates__type_support.c
[0.954s] -- Up-to-date: /home/oisin/ros2_ws/assign1_ws/install/assign1_interfaces/include/assign1_interfaces/assign1_interfaces/msg/detail/pixel_coordinates__rosidl_typesupport_introspection_c.h
[0.955s] -- Up-to-date: /home/oisin/ros2_ws/assign1_ws/install/assign1_interfaces/lib/libassign1_interfaces__rosidl_typesupport_introspection_c.so
[0.955s] -- Up-to-date: /home/oisin/ros2_ws/assign1_ws/install/assign1_interfaces/lib/libassign1_interfaces__rosidl_typesupport_c.so
[0.955s] -- Up-to-date: /home/oisin/ros2_ws/assign1_ws/install/assign1_interfaces/include/assign1_interfaces/assign1_interfaces
[0.955s] -- Up-to-date: /home/oisin/ros2_ws/assign1_ws/install/assign1_interfaces/include/assign1_interfaces/assign1_interfaces/msg
[0.955s] -- Up-to-date: /home/oisin/ros2_ws/assign1_ws/install/assign1_interfaces/include/assign1_interfaces/assign1_interfaces/msg/rosidl_generator_cpp__visibility_control.hpp
[0.955s] -- Up-to-date: /home/oisin/ros2_ws/assign1_ws/install/assign1_interfaces/include/assign1_interfaces/assign1_interfaces/msg/pixel_coordinates.hpp
[0.956s] -- Up-to-date: /home/oisin/ros2_ws/assign1_ws/install/assign1_interfaces/include/assign1_interfaces/assign1_interfaces/msg/detail
[0.956s] -- Up-to-date: /home/oisin/ros2_ws/assign1_ws/install/assign1_interfaces/include/assign1_interfaces/assign1_interfaces/msg/detail/pixel_coordinates__type_support.hpp
[0.956s] -- Up-to-date: /home/oisin/ros2_ws/assign1_ws/install/assign1_interfaces/include/assign1_interfaces/assign1_interfaces/msg/detail/pixel_coordinates__builder.hpp
[0.957s] -- Up-to-date: /home/oisin/ros2_ws/assign1_ws/install/assign1_interfaces/include/assign1_interfaces/assign1_interfaces/msg/detail/pixel_coordinates__traits.hpp
[0.957s] -- Up-to-date: /home/oisin/ros2_ws/assign1_ws/install/assign1_interfaces/include/assign1_interfaces/assign1_interfaces/msg/detail/pixel_coordinates__struct.hpp
[0.957s] -- Up-to-date: /home/oisin/ros2_ws/assign1_ws/install/assign1_interfaces/include/assign1_interfaces/assign1_interfaces
[0.957s] -- Up-to-date: /home/oisin/ros2_ws/assign1_ws/install/assign1_interfaces/include/assign1_interfaces/assign1_interfaces/msg
[0.957s] -- Up-to-date: /home/oisin/ros2_ws/assign1_ws/install/assign1_interfaces/include/assign1_interfaces/assign1_interfaces/msg/rosidl_typesupport_fastrtps_cpp__visibility_control.h
[0.957s] -- Up-to-date: /home/oisin/ros2_ws/assign1_ws/install/assign1_interfaces/include/assign1_interfaces/assign1_interfaces/msg/detail
[0.958s] -- Up-to-date: /home/oisin/ros2_ws/assign1_ws/install/assign1_interfaces/include/assign1_interfaces/assign1_interfaces/msg/detail/pixel_coordinates__rosidl_typesupport_fastrtps_cpp.hpp
[0.958s] -- Up-to-date: /home/oisin/ros2_ws/assign1_ws/install/assign1_interfaces/include/assign1_interfaces/assign1_interfaces/msg/detail/dds_fastrtps
[0.958s] -- Up-to-date: /home/oisin/ros2_ws/assign1_ws/install/assign1_interfaces/lib/libassign1_interfaces__rosidl_typesupport_fastrtps_cpp.so
[0.958s] -- Up-to-date: /home/oisin/ros2_ws/assign1_ws/install/assign1_interfaces/include/assign1_interfaces/assign1_interfaces
[0.958s] -- Up-to-date: /home/oisin/ros2_ws/assign1_ws/install/assign1_interfaces/include/assign1_interfaces/assign1_interfaces/msg
[0.959s] -- Up-to-date: /home/oisin/ros2_ws/assign1_ws/install/assign1_interfaces/include/assign1_interfaces/assign1_interfaces/msg/detail
[0.959s] -- Up-to-date: /home/oisin/ros2_ws/assign1_ws/install/assign1_interfaces/include/assign1_interfaces/assign1_interfaces/msg/detail/pixel_coordinates__type_support.cpp
[0.959s] -- Up-to-date: /home/oisin/ros2_ws/assign1_ws/install/assign1_interfaces/include/assign1_interfaces/assign1_interfaces/msg/detail/pixel_coordinates__rosidl_typesupport_introspection_cpp.hpp
[0.959s] -- Up-to-date: /home/oisin/ros2_ws/assign1_ws/install/assign1_interfaces/lib/libassign1_interfaces__rosidl_typesupport_introspection_cpp.so
[0.959s] -- Up-to-date: /home/oisin/ros2_ws/assign1_ws/install/assign1_interfaces/lib/libassign1_interfaces__rosidl_typesupport_cpp.so
[0.959s] -- Up-to-date: /home/oisin/ros2_ws/assign1_ws/install/assign1_interfaces/share/assign1_interfaces/environment/pythonpath.sh
[0.960s] -- Up-to-date: /home/oisin/ros2_ws/assign1_ws/install/assign1_interfaces/share/assign1_interfaces/environment/pythonpath.dsv
[0.960s] -- Up-to-date: /home/oisin/ros2_ws/assign1_ws/install/assign1_interfaces/lib/python3.12/site-packages/assign1_interfaces-0.0.0-py3.12.egg-info
[0.960s] -- Installing: /home/oisin/ros2_ws/assign1_ws/install/assign1_interfaces/lib/python3.12/site-packages/assign1_interfaces-0.0.0-py3.12.egg-info/PKG-INFO
[0.960s] -- Installing: /home/oisin/ros2_ws/assign1_ws/install/assign1_interfaces/lib/python3.12/site-packages/assign1_interfaces-0.0.0-py3.12.egg-info/top_level.txt
[0.961s] -- Installing: /home/oisin/ros2_ws/assign1_ws/install/assign1_interfaces/lib/python3.12/site-packages/assign1_interfaces-0.0.0-py3.12.egg-info/dependency_links.txt
[0.961s] -- Installing: /home/oisin/ros2_ws/assign1_ws/install/assign1_interfaces/lib/python3.12/site-packages/assign1_interfaces-0.0.0-py3.12.egg-info/SOURCES.txt
[0.961s] -- Up-to-date: /home/oisin/ros2_ws/assign1_ws/install/assign1_interfaces/lib/python3.12/site-packages/assign1_interfaces
[0.961s] -- Up-to-date: /home/oisin/ros2_ws/assign1_ws/install/assign1_interfaces/lib/python3.12/site-packages/assign1_interfaces/__init__.py
[0.961s] -- Up-to-date: /home/oisin/ros2_ws/assign1_ws/install/assign1_interfaces/lib/python3.12/site-packages/assign1_interfaces/_assign1_interfaces_s.ep.rosidl_typesupport_fastrtps_c.c
[0.961s] -- Up-to-date: /home/oisin/ros2_ws/assign1_ws/install/assign1_interfaces/lib/python3.12/site-packages/assign1_interfaces/_assign1_interfaces_s.ep.rosidl_typesupport_introspection_c.c
[0.961s] -- Up-to-date: /home/oisin/ros2_ws/assign1_ws/install/assign1_interfaces/lib/python3.12/site-packages/assign1_interfaces/_assign1_interfaces_s.ep.rosidl_typesupport_c.c
[0.962s] -- Up-to-date: /home/oisin/ros2_ws/assign1_ws/install/assign1_interfaces/lib/python3.12/site-packages/assign1_interfaces/assign1_interfaces_s__rosidl_typesupport_introspection_c.so
[0.962s] -- Up-to-date: /home/oisin/ros2_ws/assign1_ws/install/assign1_interfaces/lib/python3.12/site-packages/assign1_interfaces/msg
[0.962s] -- Up-to-date: /home/oisin/ros2_ws/assign1_ws/install/assign1_interfaces/lib/python3.12/site-packages/assign1_interfaces/msg/__init__.py
[0.962s] -- Up-to-date: /home/oisin/ros2_ws/assign1_ws/install/assign1_interfaces/lib/python3.12/site-packages/assign1_interfaces/msg/_pixel_coordinates.py
[0.962s] -- Up-to-date: /home/oisin/ros2_ws/assign1_ws/install/assign1_interfaces/lib/python3.12/site-packages/assign1_interfaces/msg/_pixel_coordinates_s.c
[0.962s] -- Up-to-date: /home/oisin/ros2_ws/assign1_ws/install/assign1_interfaces/lib/python3.12/site-packages/assign1_interfaces/assign1_interfaces_s__rosidl_typesupport_fastrtps_c.so
[0.962s] -- Up-to-date: /home/oisin/ros2_ws/assign1_ws/install/assign1_interfaces/lib/python3.12/site-packages/assign1_interfaces/assign1_interfaces_s__rosidl_typesupport_c.so
[1.039s] Listing '/home/oisin/ros2_ws/assign1_ws/install/assign1_interfaces/lib/python3.12/site-packages/assign1_interfaces'...
[1.040s] Listing '/home/oisin/ros2_ws/assign1_ws/install/assign1_interfaces/lib/python3.12/site-packages/assign1_interfaces/msg'...
[1.053s] -- Up-to-date: /home/oisin/ros2_ws/assign1_ws/install/assign1_interfaces/lib/python3.12/site-packages/assign1_interfaces/assign1_interfaces_s__rosidl_typesupport_fastrtps_c.so
[1.053s] -- Up-to-date: /home/oisin/ros2_ws/assign1_ws/install/assign1_interfaces/lib/python3.12/site-packages/assign1_interfaces/assign1_interfaces_s__rosidl_typesupport_introspection_c.so
[1.054s] -- Up-to-date: /home/oisin/ros2_ws/assign1_ws/install/assign1_interfaces/lib/python3.12/site-packages/assign1_interfaces/assign1_interfaces_s__rosidl_typesupport_c.so
[1.055s] -- Up-to-date: /home/oisin/ros2_ws/assign1_ws/install/assign1_interfaces/lib/libassign1_interfaces__rosidl_generator_py.so
[1.055s] -- Up-to-date: /home/oisin/ros2_ws/assign1_ws/install/assign1_interfaces/share/assign1_interfaces/msg/PixelCoordinates.idl
[1.055s] -- Up-to-date: /home/oisin/ros2_ws/assign1_ws/install/assign1_interfaces/share/assign1_interfaces/msg/PixelCoordinates.msg
[1.056s] -- Up-to-date: /home/oisin/ros2_ws/assign1_ws/install/assign1_interfaces/share/ament_index/resource_index/package_run_dependencies/assign1_interfaces
[1.056s] -- Up-to-date: /home/oisin/ros2_ws/assign1_ws/install/assign1_interfaces/share/ament_index/resource_index/parent_prefix_path/assign1_interfaces
[1.056s] -- Up-to-date: /home/oisin/ros2_ws/assign1_ws/install/assign1_interfaces/share/assign1_interfaces/environment/ament_prefix_path.sh
[1.056s] -- Up-to-date: /home/oisin/ros2_ws/assign1_ws/install/assign1_interfaces/share/assign1_interfaces/environment/ament_prefix_path.dsv
[1.057s] -- Up-to-date: /home/oisin/ros2_ws/assign1_ws/install/assign1_interfaces/share/assign1_interfaces/environment/path.sh
[1.057s] -- Up-to-date: /home/oisin/ros2_ws/assign1_ws/install/assign1_interfaces/share/assign1_interfaces/environment/path.dsv
[1.057s] -- Up-to-date: /home/oisin/ros2_ws/assign1_ws/install/assign1_interfaces/share/assign1_interfaces/local_setup.bash
[1.057s] -- Up-to-date: /home/oisin/ros2_ws/assign1_ws/install/assign1_interfaces/share/assign1_interfaces/local_setup.sh
[1.057s] -- Up-to-date: /home/oisin/ros2_ws/assign1_ws/install/assign1_interfaces/share/assign1_interfaces/local_setup.zsh
[1.057s] -- Up-to-date: /home/oisin/ros2_ws/assign1_ws/install/assign1_interfaces/share/assign1_interfaces/local_setup.dsv
[1.057s] -- Installing: /home/oisin/ros2_ws/assign1_ws/install/assign1_interfaces/share/assign1_interfaces/package.dsv
[1.057s] -- Up-to-date: /home/oisin/ros2_ws/assign1_ws/install/assign1_interfaces/share/ament_index/resource_index/packages/assign1_interfaces
[1.058s] -- Up-to-date: /home/oisin/ros2_ws/assign1_ws/install/assign1_interfaces/share/assign1_interfaces/cmake/export_assign1_interfaces__rosidl_generator_cExport.cmake
[1.058s] -- Up-to-date: /home/oisin/ros2_ws/assign1_ws/install/assign1_interfaces/share/assign1_interfaces/cmake/export_assign1_interfaces__rosidl_generator_cExport-noconfig.cmake
[1.058s] -- Up-to-date: /home/oisin/ros2_ws/assign1_ws/install/assign1_interfaces/share/assign1_interfaces/cmake/export_assign1_interfaces__rosidl_typesupport_fastrtps_cExport.cmake
[1.058s] -- Up-to-date: /home/oisin/ros2_ws/assign1_ws/install/assign1_interfaces/share/assign1_interfaces/cmake/export_assign1_interfaces__rosidl_typesupport_fastrtps_cExport-noconfig.cmake
[1.058s] -- Up-to-date: /home/oisin/ros2_ws/assign1_ws/install/assign1_interfaces/share/assign1_interfaces/cmake/assign1_interfaces__rosidl_typesupport_introspection_cExport.cmake
[1.058s] -- Up-to-date: /home/oisin/ros2_ws/assign1_ws/install/assign1_interfaces/share/assign1_interfaces/cmake/assign1_interfaces__rosidl_typesupport_introspection_cExport-noconfig.cmake
[1.058s] -- Up-to-date: /home/oisin/ros2_ws/assign1_ws/install/assign1_interfaces/share/assign1_interfaces/cmake/assign1_interfaces__rosidl_typesupport_cExport.cmake
[1.058s] -- Up-to-date: /home/oisin/ros2_ws/assign1_ws/install/assign1_interfaces/share/assign1_interfaces/cmake/assign1_interfaces__rosidl_typesupport_cExport-noconfig.cmake
[1.059s] -- Up-to-date: /home/oisin/ros2_ws/assign1_ws/install/assign1_interfaces/share/assign1_interfaces/cmake/export_assign1_interfaces__rosidl_generator_cppExport.cmake
[1.059s] -- Up-to-date: /home/oisin/ros2_ws/assign1_ws/install/assign1_interfaces/share/assign1_interfaces/cmake/export_assign1_interfaces__rosidl_typesupport_fastrtps_cppExport.cmake
[1.059s] -- Up-to-date: /home/oisin/ros2_ws/assign1_ws/install/assign1_interfaces/share/assign1_interfaces/cmake/export_assign1_interfaces__rosidl_typesupport_fastrtps_cppExport-noconfig.cmake
[1.059s] -- Up-to-date: /home/oisin/ros2_ws/assign1_ws/install/assign1_interfaces/share/assign1_interfaces/cmake/assign1_interfaces__rosidl_typesupport_introspection_cppExport.cmake
[1.059s] -- Up-to-date: /home/oisin/ros2_ws/assign1_ws/install/assign1_interfaces/share/assign1_interfaces/cmake/assign1_interfaces__rosidl_typesupport_introspection_cppExport-noconfig.cmake
[1.060s] -- Up-to-date: /home/oisin/ros2_ws/assign1_ws/install/assign1_interfaces/share/assign1_interfaces/cmake/assign1_interfaces__rosidl_typesupport_cppExport.cmake
[1.060s] -- Up-to-date: /home/oisin/ros2_ws/assign1_ws/install/assign1_interfaces/share/assign1_interfaces/cmake/assign1_interfaces__rosidl_typesupport_cppExport-noconfig.cmake
[1.060s] -- Up-to-date: /home/oisin/ros2_ws/assign1_ws/install/assign1_interfaces/share/assign1_interfaces/cmake/export_assign1_interfaces__rosidl_generator_pyExport.cmake
[1.060s] -- Up-to-date: /home/oisin/ros2_ws/assign1_ws/install/assign1_interfaces/share/assign1_interfaces/cmake/export_assign1_interfaces__rosidl_generator_pyExport-noconfig.cmake
[1.060s] -- Up-to-date: /home/oisin/ros2_ws/assign1_ws/install/assign1_interfaces/share/assign1_interfaces/cmake/rosidl_cmake-extras.cmake
[1.060s] -- Up-to-date: /home/oisin/ros2_ws/assign1_ws/install/assign1_interfaces/share/assign1_interfaces/cmake/ament_cmake_export_include_directories-extras.cmake
[1.060s] -- Up-to-date: /home/oisin/ros2_ws/assign1_ws/install/assign1_interfaces/share/assign1_interfaces/cmake/ament_cmake_export_libraries-extras.cmake
[1.060s] -- Up-to-date: /home/oisin/ros2_ws/assign1_ws/install/assign1_interfaces/share/assign1_interfaces/cmake/ament_cmake_export_targets-extras.cmake
[1.061s] -- Up-to-date: /home/oisin/ros2_ws/assign1_ws/install/assign1_interfaces/share/assign1_interfaces/cmake/rosidl_cmake_export_typesupport_targets-extras.cmake
[1.061s] -- Up-to-date: /home/oisin/ros2_ws/assign1_ws/install/assign1_interfaces/share/assign1_interfaces/cmake/ament_cmake_export_dependencies-extras.cmake
[1.061s] -- Up-to-date: /home/oisin/ros2_ws/assign1_ws/install/assign1_interfaces/share/assign1_interfaces/cmake/rosidl_cmake_export_typesupport_libraries-extras.cmake
[1.061s] -- Up-to-date: /home/oisin/ros2_ws/assign1_ws/install/assign1_interfaces/share/assign1_interfaces/cmake/assign1_interfacesConfig.cmake
[1.061s] -- Up-to-date: /home/oisin/ros2_ws/assign1_ws/install/assign1_interfaces/share/assign1_interfaces/cmake/assign1_interfacesConfig-version.cmake
[1.061s] -- Up-to-date: /home/oisin/ros2_ws/assign1_ws/install/assign1_interfaces/share/assign1_interfaces/package.xml
[1.067s] Invoked command in '/home/oisin/ros2_ws/assign1_ws/build/assign1_interfaces' returned '0': CMAKE_PREFIX_PATH=${CMAKE_PREFIX_PATH}:/opt/ros/jazzy DEBUGINFOD_URLS=https://debuginfod.ubuntu.com /usr/bin/cmake --install /home/oisin/ros2_ws/assign1_ws/build/assign1_interfaces
