[0.036s] Invoking command in '/home/oisin/ros2_ws/assign1/image_ws/build/image_cpp': AMENT_PREFIX_PATH=/home/oisin/ros2_ws/assign1/image_ws/install/assign1_interfaces:${AMENT_PREFIX_PATH} CMAKE_PREFIX_PATH=/home/oisin/ros2_ws/assign1/image_ws/install/assign1_interfaces:/opt/ros/jazzy/opt/sdformat_vendor:/opt/ros/jazzy/opt/gz_math_vendor:/opt/ros/jazzy/opt/gz_utils_vendor:/opt/ros/jazzy/opt/gz_tools_vendor:/opt/ros/jazzy/opt/gz_cmake_vendor:/opt/ros/jazzy DEBUGINFOD_URLS=https://debuginfod.ubuntu.com LD_LIBRARY_PATH=/home/oisin/ros2_ws/assign1/image_ws/install/assign1_interfaces/lib:${LD_LIBRARY_PATH} PYTHONPATH=/home/oisin/ros2_ws/assign1/image_ws/install/assign1_interfaces/lib/python3.12/site-packages:${PYTHONPATH} /usr/bin/cmake --build /home/oisin/ros2_ws/assign1/image_ws/build/image_cpp -- -j16 -l16
[0.185s] [ 50%] Built target brightnessEx
[0.199s] [ 75%] [32mBuilding CXX object CMakeFiles/obj_pos.dir/src/obj_pos.cpp.o[0m
[12.747s] [100%] [32m[1mLinking CXX executable obj_pos[0m
[13.381s] [100%] Built target obj_pos
[13.394s] Invoked command in '/home/oisin/ros2_ws/assign1/image_ws/build/image_cpp' returned '0': AMENT_PREFIX_PATH=/home/oisin/ros2_ws/assign1/image_ws/install/assign1_interfaces:${AMENT_PREFIX_PATH} CMAKE_PREFIX_PATH=/home/oisin/ros2_ws/assign1/image_ws/install/assign1_interfaces:/opt/ros/jazzy/opt/sdformat_vendor:/opt/ros/jazzy/opt/gz_math_vendor:/opt/ros/jazzy/opt/gz_utils_vendor:/opt/ros/jazzy/opt/gz_tools_vendor:/opt/ros/jazzy/opt/gz_cmake_vendor:/opt/ros/jazzy DEBUGINFOD_URLS=https://debuginfod.ubuntu.com LD_LIBRARY_PATH=/home/oisin/ros2_ws/assign1/image_ws/install/assign1_interfaces/lib:${LD_LIBRARY_PATH} PYTHONPATH=/home/oisin/ros2_ws/assign1/image_ws/install/assign1_interfaces/lib/python3.12/site-packages:${PYTHONPATH} /usr/bin/cmake --build /home/oisin/ros2_ws/assign1/image_ws/build/image_cpp -- -j16 -l16
[13.404s] Invoking command in '/home/oisin/ros2_ws/assign1/image_ws/build/image_cpp': AMENT_PREFIX_PATH=/home/oisin/ros2_ws/assign1/image_ws/install/assign1_interfaces:${AMENT_PREFIX_PATH} CMAKE_PREFIX_PATH=/home/oisin/ros2_ws/assign1/image_ws/install/assign1_interfaces:/opt/ros/jazzy/opt/sdformat_vendor:/opt/ros/jazzy/opt/gz_math_vendor:/opt/ros/jazzy/opt/gz_utils_vendor:/opt/ros/jazzy/opt/gz_tools_vendor:/opt/ros/jazzy/opt/gz_cmake_vendor:/opt/ros/jazzy DEBUGINFOD_URLS=https://debuginfod.ubuntu.com LD_LIBRARY_PATH=/home/oisin/ros2_ws/assign1/image_ws/install/assign1_interfaces/lib:${LD_LIBRARY_PATH} PYTHONPATH=/home/oisin/ros2_ws/assign1/image_ws/install/assign1_interfaces/lib/python3.12/site-packages:${PYTHONPATH} /usr/bin/cmake --install /home/oisin/ros2_ws/assign1/image_ws/build/image_cpp
[13.411s] -- Install configuration: ""
[13.412s] -- Up-to-date: /home/oisin/ros2_ws/assign1/image_ws/install/image_cpp/lib/image_cpp/brightnessEx
[13.412s] -- Installing: /home/oisin/ros2_ws/assign1/image_ws/install/image_cpp/lib/image_cpp/obj_pos
[13.417s] -- Set non-toolchain portion of runtime path of "/home/oisin/ros2_ws/assign1/image_ws/install/image_cpp/lib/image_cpp/obj_pos" to ""
[13.417s] -- Up-to-date: /home/oisin/ros2_ws/assign1/image_ws/install/image_cpp/share/ament_index/resource_index/package_run_dependencies/image_cpp
[13.418s] -- Up-to-date: /home/oisin/ros2_ws/assign1/image_ws/install/image_cpp/share/ament_index/resource_index/parent_prefix_path/image_cpp
[13.418s] -- Up-to-date: /home/oisin/ros2_ws/assign1/image_ws/install/image_cpp/share/image_cpp/environment/ament_prefix_path.sh
[13.418s] -- Up-to-date: /home/oisin/ros2_ws/assign1/image_ws/install/image_cpp/share/image_cpp/environment/ament_prefix_path.dsv
[13.418s] -- Up-to-date: /home/oisin/ros2_ws/assign1/image_ws/install/image_cpp/share/image_cpp/environment/path.sh
[13.418s] -- Up-to-date: /home/oisin/ros2_ws/assign1/image_ws/install/image_cpp/share/image_cpp/environment/path.dsv
[13.418s] -- Up-to-date: /home/oisin/ros2_ws/assign1/image_ws/install/image_cpp/share/image_cpp/local_setup.bash
[13.418s] -- Up-to-date: /home/oisin/ros2_ws/assign1/image_ws/install/image_cpp/share/image_cpp/local_setup.sh
[13.418s] -- Up-to-date: /home/oisin/ros2_ws/assign1/image_ws/install/image_cpp/share/image_cpp/local_setup.zsh
[13.418s] -- Up-to-date: /home/oisin/ros2_ws/assign1/image_ws/install/image_cpp/share/image_cpp/local_setup.dsv
[13.419s] -- Installing: /home/oisin/ros2_ws/assign1/image_ws/install/image_cpp/share/image_cpp/package.dsv
[13.419s] -- Up-to-date: /home/oisin/ros2_ws/assign1/image_ws/install/image_cpp/share/ament_index/resource_index/packages/image_cpp
[13.419s] -- Up-to-date: /home/oisin/ros2_ws/assign1/image_ws/install/image_cpp/share/image_cpp/cmake/image_cppConfig.cmake
[13.419s] -- Up-to-date: /home/oisin/ros2_ws/assign1/image_ws/install/image_cpp/share/image_cpp/cmake/image_cppConfig-version.cmake
[13.419s] -- Up-to-date: /home/oisin/ros2_ws/assign1/image_ws/install/image_cpp/share/image_cpp/package.xml
[13.420s] Invoked command in '/home/oisin/ros2_ws/assign1/image_ws/build/image_cpp' returned '0': AMENT_PREFIX_PATH=/home/oisin/ros2_ws/assign1/image_ws/install/assign1_interfaces:${AMENT_PREFIX_PATH} CMAKE_PREFIX_PATH=/home/oisin/ros2_ws/assign1/image_ws/install/assign1_interfaces:/opt/ros/jazzy/opt/sdformat_vendor:/opt/ros/jazzy/opt/gz_math_vendor:/opt/ros/jazzy/opt/gz_utils_vendor:/opt/ros/jazzy/opt/gz_tools_vendor:/opt/ros/jazzy/opt/gz_cmake_vendor:/opt/ros/jazzy DEBUGINFOD_URLS=https://debuginfod.ubuntu.com LD_LIBRARY_PATH=/home/oisin/ros2_ws/assign1/image_ws/install/assign1_interfaces/lib:${LD_LIBRARY_PATH} PYTHONPATH=/home/oisin/ros2_ws/assign1/image_ws/install/assign1_interfaces/lib/python3.12/site-packages:${PYTHONPATH} /usr/bin/cmake --install /home/oisin/ros2_ws/assign1/image_ws/build/image_cpp
