[0.026s] Invoking command in '/home/oisin/ros2_ws/assign1/image_ws/build/assign1_interfaces': CMAKE_PREFIX_PATH=${CMAKE_PREFIX_PATH}:/opt/ros/jazzy DEBUGINFOD_URLS=https://debuginfod.ubuntu.com /usr/bin/cmake /home/oisin/ros2_ws/assign1/image_ws/src/assign1_interfaces -DCMAKE_INSTALL_PREFIX=/home/oisin/ros2_ws/assign1/image_ws/install/assign1_interfaces
[0.209s] -- The C compiler identification is GNU 13.3.0
[0.388s] -- The CXX compiler identification is GNU 13.3.0
[0.423s] -- Detecting C compiler ABI info
[0.653s] -- Detecting C compiler ABI info - done
[0.672s] -- Check for working C compiler: /usr/bin/cc - skipped
[0.679s] -- Detecting C compile features
[0.680s] -- Detecting C compile features - done
[0.705s] -- Detecting CXX compiler ABI info
[0.959s] -- Detecting CXX compiler ABI info - done
[0.978s] -- Check for working CXX compiler: /usr/bin/c++ - skipped
[0.978s] -- Detecting CXX compile features
[0.979s] -- Detecting CXX compile features - done
[0.994s] -- Found ament_cmake: 2.5.3 (/opt/ros/jazzy/share/ament_cmake/cmake)
[1.326s] -- Found Python3: /usr/bin/python3 (found version "3.12.3") found components: Interpreter 
[1.579s] -- Found rosidl_default_generators: 1.6.0 (/opt/ros/jazzy/share/rosidl_default_generators/cmake)
[1.592s] -- Using all available rosidl_typesupport_c: rosidl_typesupport_fastrtps_c;rosidl_typesupport_introspection_c
[1.721s] -- Using all available rosidl_typesupport_cpp: rosidl_typesupport_fastrtps_cpp;rosidl_typesupport_introspection_cpp
[1.827s] -- Found rosidl_adapter: 4.6.5 (/opt/ros/jazzy/share/rosidl_adapter/cmake)
[3.099s] -- Found ament_cmake_ros: 0.12.0 (/opt/ros/jazzy/share/ament_cmake_ros/cmake)
[4.054s] -- Using all available rosidl_typesupport_c: rosidl_typesupport_fastrtps_c;rosidl_typesupport_introspection_c
[5.294s] -- Using all available rosidl_typesupport_cpp: rosidl_typesupport_fastrtps_cpp;rosidl_typesupport_introspection_cpp
[5.308s] -- Found python_cmake_module: 0.11.1 (/opt/ros/jazzy/share/python_cmake_module/cmake)
[5.608s] -- Found PythonExtra: /usr/bin/python3  
[6.569s] -- Found Python3: /usr/bin/python3 (found version "3.12.3") found components: Interpreter Development NumPy Development.Module Development.Embed 
[6.660s] -- Configuring done (6.6s)
[6.730s] -- Generating done (0.1s)
[6.753s] -- Build files have been written to: /home/oisin/ros2_ws/assign1/image_ws/build/assign1_interfaces
[6.768s] Invoked command in '/home/oisin/ros2_ws/assign1/image_ws/build/assign1_interfaces' returned '0': CMAKE_PREFIX_PATH=${CMAKE_PREFIX_PATH}:/opt/ros/jazzy DEBUGINFOD_URLS=https://debuginfod.ubuntu.com /usr/bin/cmake /home/oisin/ros2_ws/assign1/image_ws/src/assign1_interfaces -DCMAKE_INSTALL_PREFIX=/home/oisin/ros2_ws/assign1/image_ws/install/assign1_interfaces
[6.769s] Invoking command in '/home/oisin/ros2_ws/assign1/image_ws/build/assign1_interfaces': CMAKE_PREFIX_PATH=${CMAKE_PREFIX_PATH}:/opt/ros/jazzy DEBUGINFOD_URLS=https://debuginfod.ubuntu.com /usr/bin/cmake --build /home/oisin/ros2_ws/assign1/image_ws/build/assign1_interfaces -- -j16 -l16
[6.884s] [  2%] [34m[1mGenerating type hashes for ROS interfaces[0m
[6.904s] [  2%] Built target ament_cmake_python_copy_assign1_interfaces
[7.273s] [  2%] Built target assign1_interfaces__rosidl_generator_type_description
[7.297s] [  5%] [34m[1mGenerating C code for ROS interfaces[0m
[7.321s] [  8%] [34m[1mGenerating C++ code for ROS interfaces[0m
[7.332s] running egg_info
[7.333s] creating assign1_interfaces.egg-info
[7.367s] writing assign1_interfaces.egg-info/PKG-INFO
[7.367s] writing dependency_links to assign1_interfaces.egg-info/dependency_links.txt
[7.368s] writing top-level names to assign1_interfaces.egg-info/top_level.txt
[7.368s] writing manifest file 'assign1_interfaces.egg-info/SOURCES.txt'
[7.469s] reading manifest file 'assign1_interfaces.egg-info/SOURCES.txt'
[7.470s] writing manifest file 'assign1_interfaces.egg-info/SOURCES.txt'
[7.524s] [  8%] Built target ament_cmake_python_build_assign1_interfaces_egg
[7.763s] [  8%] Built target assign1_interfaces__cpp
[7.808s] [ 11%] [32mBuilding C object CMakeFiles/assign1_interfaces__rosidl_generator_c.dir/rosidl_generator_c/assign1_interfaces/msg/detail/pixel_coordinates__description.c.o[0m
[7.808s] [ 14%] [32mBuilding C object CMakeFiles/assign1_interfaces__rosidl_generator_c.dir/rosidl_generator_c/assign1_interfaces/msg/detail/pixel_coordinates__functions.c.o[0m
[7.808s] [ 17%] [32mBuilding C object CMakeFiles/assign1_interfaces__rosidl_generator_c.dir/rosidl_generator_c/assign1_interfaces/msg/detail/pixel_coordinates__type_support.c.o[0m
[7.917s] [ 20%] [32m[1mLinking C shared library libassign1_interfaces__rosidl_generator_c.so[0m
[8.002s] [ 20%] Built target assign1_interfaces__rosidl_generator_c
[8.024s] [ 26%] [34m[1mGenerating C++ type support dispatch for ROS interfaces[0m
[8.025s] [ 26%] [34m[1mGenerating C++ type support for eProsima Fast-RTPS[0m
[8.025s] [ 29%] [34m[1mGenerating C type support for eProsima Fast-RTPS[0m
[8.025s] [ 32%] [34m[1mGenerating C introspection for ROS interfaces[0m
[8.026s] [ 35%] [34m[1mGenerating C type support dispatch for ROS interfaces[0m
[8.026s] [ 38%] [34m[1mGenerating C++ introspection for ROS interfaces[0m
[8.447s] [ 41%] [32mBuilding CXX object CMakeFiles/assign1_interfaces__rosidl_typesupport_c.dir/rosidl_typesupport_c/assign1_interfaces/msg/pixel_coordinates__type_support.cpp.o[0m
[8.452s] [ 44%] [32mBuilding CXX object CMakeFiles/assign1_interfaces__rosidl_typesupport_cpp.dir/rosidl_typesupport_cpp/assign1_interfaces/msg/pixel_coordinates__type_support.cpp.o[0m
[8.466s] [ 47%] [32mBuilding CXX object CMakeFiles/assign1_interfaces__rosidl_typesupport_introspection_cpp.dir/rosidl_typesupport_introspection_cpp/assign1_interfaces/msg/detail/pixel_coordinates__type_support.cpp.o[0m
[8.486s] [ 50%] [32mBuilding C object CMakeFiles/assign1_interfaces__rosidl_typesupport_introspection_c.dir/rosidl_typesupport_introspection_c/assign1_interfaces/msg/detail/pixel_coordinates__type_support.c.o[0m
[8.510s] [ 52%] [32mBuilding CXX object CMakeFiles/assign1_interfaces__rosidl_typesupport_fastrtps_cpp.dir/rosidl_typesupport_fastrtps_cpp/assign1_interfaces/msg/detail/dds_fastrtps/pixel_coordinates__type_support.cpp.o[0m
[8.526s] [ 55%] [32mBuilding CXX object CMakeFiles/assign1_interfaces__rosidl_typesupport_fastrtps_c.dir/rosidl_typesupport_fastrtps_c/assign1_interfaces/msg/detail/pixel_coordinates__type_support_c.cpp.o[0m
[8.543s] [ 58%] [32m[1mLinking CXX shared library libassign1_interfaces__rosidl_typesupport_c.so[0m
[8.566s] [ 61%] [32m[1mLinking C shared library libassign1_interfaces__rosidl_typesupport_introspection_c.so[0m
[8.633s] [ 61%] Built target assign1_interfaces__rosidl_typesupport_c
[8.637s] [ 61%] Built target assign1_interfaces__rosidl_typesupport_introspection_c
[9.029s] [ 64%] [32m[1mLinking CXX shared library libassign1_interfaces__rosidl_typesupport_cpp.so[0m
[9.055s] [ 67%] [32m[1mLinking CXX shared library libassign1_interfaces__rosidl_typesupport_introspection_cpp.so[0m
[9.114s] [ 67%] Built target assign1_interfaces__rosidl_typesupport_cpp
[9.140s] [ 67%] Built target assign1_interfaces__rosidl_typesupport_introspection_cpp
[9.345s] [ 73%] [32m[1mLinking CXX shared library libassign1_interfaces__rosidl_typesupport_fastrtps_cpp.so[0m
[9.345s] [ 73%] [32m[1mLinking CXX shared library libassign1_interfaces__rosidl_typesupport_fastrtps_c.so[0m
[9.435s] [ 73%] Built target assign1_interfaces__rosidl_typesupport_fastrtps_c
[9.435s] [ 73%] Built target assign1_interfaces__rosidl_typesupport_fastrtps_cpp
[9.476s] [ 73%] Built target assign1_interfaces
[9.514s] [ 76%] [34m[1mGenerating Python code for ROS interfaces[0m
[9.905s] [ 76%] Built target assign1_interfaces__py
[9.940s] [ 79%] [32mBuilding C object CMakeFiles/assign1_interfaces__rosidl_generator_py.dir/rosidl_generator_py/assign1_interfaces/msg/_pixel_coordinates_s.c.o[0m
[10.110s] [ 82%] [32m[1mLinking C shared library libassign1_interfaces__rosidl_generator_py.so[0m
[10.171s] [ 82%] Built target assign1_interfaces__rosidl_generator_py
[10.202s] [ 88%] [32mBuilding C object CMakeFiles/assign1_interfaces_s__rosidl_typesupport_introspection_c.dir/rosidl_generator_py/assign1_interfaces/_assign1_interfaces_s.ep.rosidl_typesupport_introspection_c.c.o[0m
[10.203s] [ 88%] [32mBuilding C object CMakeFiles/assign1_interfaces_s__rosidl_typesupport_c.dir/rosidl_generator_py/assign1_interfaces/_assign1_interfaces_s.ep.rosidl_typesupport_c.c.o[0m
[10.203s] [ 91%] [32mBuilding C object CMakeFiles/assign1_interfaces_s__rosidl_typesupport_fastrtps_c.dir/rosidl_generator_py/assign1_interfaces/_assign1_interfaces_s.ep.rosidl_typesupport_fastrtps_c.c.o[0m
[10.330s] [ 94%] [32m[1mLinking C shared module rosidl_generator_py/assign1_interfaces/assign1_interfaces_s__rosidl_typesupport_c.so[0m
[10.330s] [ 97%] [32m[1mLinking C shared module rosidl_generator_py/assign1_interfaces/assign1_interfaces_s__rosidl_typesupport_introspection_c.so[0m
[10.343s] [100%] [32m[1mLinking C shared module rosidl_generator_py/assign1_interfaces/assign1_interfaces_s__rosidl_typesupport_fastrtps_c.so[0m
[10.377s] [100%] Built target assign1_interfaces_s__rosidl_typesupport_c
[10.380s] [100%] Built target assign1_interfaces_s__rosidl_typesupport_introspection_c
[10.392s] [100%] Built target assign1_interfaces_s__rosidl_typesupport_fastrtps_c
[10.410s] Invoked command in '/home/oisin/ros2_ws/assign1/image_ws/build/assign1_interfaces' returned '0': CMAKE_PREFIX_PATH=${CMAKE_PREFIX_PATH}:/opt/ros/jazzy DEBUGINFOD_URLS=https://debuginfod.ubuntu.com /usr/bin/cmake --build /home/oisin/ros2_ws/assign1/image_ws/build/assign1_interfaces -- -j16 -l16
[10.426s] Invoking command in '/home/oisin/ros2_ws/assign1/image_ws/build/assign1_interfaces': CMAKE_PREFIX_PATH=${CMAKE_PREFIX_PATH}:/opt/ros/jazzy DEBUGINFOD_URLS=https://debuginfod.ubuntu.com /usr/bin/cmake --install /home/oisin/ros2_ws/assign1/image_ws/build/assign1_interfaces
[10.438s] -- Install configuration: ""
[10.439s] -- Installing: /home/oisin/ros2_ws/assign1/image_ws/install/assign1_interfaces/share/ament_index/resource_index/rosidl_interfaces/assign1_interfaces
[10.440s] -- Installing: /home/oisin/ros2_ws/assign1/image_ws/install/assign1_interfaces/share/assign1_interfaces/msg/PixelCoordinates.json
[10.441s] -- Installing: /home/oisin/ros2_ws/assign1/image_ws/install/assign1_interfaces/include/assign1_interfaces/assign1_interfaces
[10.441s] -- Installing: /home/oisin/ros2_ws/assign1/image_ws/install/assign1_interfaces/include/assign1_interfaces/assign1_interfaces/msg
[10.441s] -- Installing: /home/oisin/ros2_ws/assign1/image_ws/install/assign1_interfaces/include/assign1_interfaces/assign1_interfaces/msg/rosidl_generator_c__visibility_control.h
[10.441s] -- Installing: /home/oisin/ros2_ws/assign1/image_ws/install/assign1_interfaces/include/assign1_interfaces/assign1_interfaces/msg/detail
[10.441s] -- Installing: /home/oisin/ros2_ws/assign1/image_ws/install/assign1_interfaces/include/assign1_interfaces/assign1_interfaces/msg/detail/pixel_coordinates__struct.h
[10.441s] -- Installing: /home/oisin/ros2_ws/assign1/image_ws/install/assign1_interfaces/include/assign1_interfaces/assign1_interfaces/msg/detail/pixel_coordinates__type_support.c
[10.442s] -- Installing: /home/oisin/ros2_ws/assign1/image_ws/install/assign1_interfaces/include/assign1_interfaces/assign1_interfaces/msg/detail/pixel_coordinates__functions.h
[10.442s] -- Installing: /home/oisin/ros2_ws/assign1/image_ws/install/assign1_interfaces/include/assign1_interfaces/assign1_interfaces/msg/detail/pixel_coordinates__description.c
[10.442s] -- Installing: /home/oisin/ros2_ws/assign1/image_ws/install/assign1_interfaces/include/assign1_interfaces/assign1_interfaces/msg/detail/pixel_coordinates__functions.c
[10.442s] -- Installing: /home/oisin/ros2_ws/assign1/image_ws/install/assign1_interfaces/include/assign1_interfaces/assign1_interfaces/msg/detail/pixel_coordinates__type_support.h
[10.442s] -- Installing: /home/oisin/ros2_ws/assign1/image_ws/install/assign1_interfaces/include/assign1_interfaces/assign1_interfaces/msg/pixel_coordinates.h
[10.442s] -- Installing: /home/oisin/ros2_ws/assign1/image_ws/install/assign1_interfaces/share/assign1_interfaces/environment/library_path.sh
[10.443s] -- Installing: /home/oisin/ros2_ws/assign1/image_ws/install/assign1_interfaces/share/assign1_interfaces/environment/library_path.dsv
[10.443s] -- Installing: /home/oisin/ros2_ws/assign1/image_ws/install/assign1_interfaces/lib/libassign1_interfaces__rosidl_generator_c.so
[10.443s] -- Set non-toolchain portion of runtime path of "/home/oisin/ros2_ws/assign1/image_ws/install/assign1_interfaces/lib/libassign1_interfaces__rosidl_generator_c.so" to ""
[10.443s] -- Up-to-date: /home/oisin/ros2_ws/assign1/image_ws/install/assign1_interfaces/include/assign1_interfaces/assign1_interfaces
[10.444s] -- Up-to-date: /home/oisin/ros2_ws/assign1/image_ws/install/assign1_interfaces/include/assign1_interfaces/assign1_interfaces/msg
[10.444s] -- Installing: /home/oisin/ros2_ws/assign1/image_ws/install/assign1_interfaces/include/assign1_interfaces/assign1_interfaces/msg/rosidl_typesupport_fastrtps_c__visibility_control.h
[10.444s] -- Up-to-date: /home/oisin/ros2_ws/assign1/image_ws/install/assign1_interfaces/include/assign1_interfaces/assign1_interfaces/msg/detail
[10.444s] -- Installing: /home/oisin/ros2_ws/assign1/image_ws/install/assign1_interfaces/include/assign1_interfaces/assign1_interfaces/msg/detail/pixel_coordinates__rosidl_typesupport_fastrtps_c.h
[10.444s] -- Installing: /home/oisin/ros2_ws/assign1/image_ws/install/assign1_interfaces/lib/libassign1_interfaces__rosidl_typesupport_fastrtps_c.so
[10.445s] -- Set non-toolchain portion of runtime path of "/home/oisin/ros2_ws/assign1/image_ws/install/assign1_interfaces/lib/libassign1_interfaces__rosidl_typesupport_fastrtps_c.so" to ""
[10.445s] -- Up-to-date: /home/oisin/ros2_ws/assign1/image_ws/install/assign1_interfaces/include/assign1_interfaces/assign1_interfaces
[10.445s] -- Up-to-date: /home/oisin/ros2_ws/assign1/image_ws/install/assign1_interfaces/include/assign1_interfaces/assign1_interfaces/msg
[10.445s] -- Installing: /home/oisin/ros2_ws/assign1/image_ws/install/assign1_interfaces/include/assign1_interfaces/assign1_interfaces/msg/rosidl_typesupport_introspection_c__visibility_control.h
[10.445s] -- Up-to-date: /home/oisin/ros2_ws/assign1/image_ws/install/assign1_interfaces/include/assign1_interfaces/assign1_interfaces/msg/detail
[10.446s] -- Installing: /home/oisin/ros2_ws/assign1/image_ws/install/assign1_interfaces/include/assign1_interfaces/assign1_interfaces/msg/detail/pixel_coordinates__type_support.c
[10.446s] -- Installing: /home/oisin/ros2_ws/assign1/image_ws/install/assign1_interfaces/include/assign1_interfaces/assign1_interfaces/msg/detail/pixel_coordinates__rosidl_typesupport_introspection_c.h
[10.446s] -- Installing: /home/oisin/ros2_ws/assign1/image_ws/install/assign1_interfaces/lib/libassign1_interfaces__rosidl_typesupport_introspection_c.so
[10.446s] -- Set non-toolchain portion of runtime path of "/home/oisin/ros2_ws/assign1/image_ws/install/assign1_interfaces/lib/libassign1_interfaces__rosidl_typesupport_introspection_c.so" to ""
[10.446s] -- Installing: /home/oisin/ros2_ws/assign1/image_ws/install/assign1_interfaces/lib/libassign1_interfaces__rosidl_typesupport_c.so
[10.447s] -- Set non-toolchain portion of runtime path of "/home/oisin/ros2_ws/assign1/image_ws/install/assign1_interfaces/lib/libassign1_interfaces__rosidl_typesupport_c.so" to ""
[10.447s] -- Up-to-date: /home/oisin/ros2_ws/assign1/image_ws/install/assign1_interfaces/include/assign1_interfaces/assign1_interfaces
[10.447s] -- Up-to-date: /home/oisin/ros2_ws/assign1/image_ws/install/assign1_interfaces/include/assign1_interfaces/assign1_interfaces/msg
[10.447s] -- Installing: /home/oisin/ros2_ws/assign1/image_ws/install/assign1_interfaces/include/assign1_interfaces/assign1_interfaces/msg/rosidl_generator_cpp__visibility_control.hpp
[10.447s] -- Installing: /home/oisin/ros2_ws/assign1/image_ws/install/assign1_interfaces/include/assign1_interfaces/assign1_interfaces/msg/pixel_coordinates.hpp
[10.447s] -- Up-to-date: /home/oisin/ros2_ws/assign1/image_ws/install/assign1_interfaces/include/assign1_interfaces/assign1_interfaces/msg/detail
[10.447s] -- Installing: /home/oisin/ros2_ws/assign1/image_ws/install/assign1_interfaces/include/assign1_interfaces/assign1_interfaces/msg/detail/pixel_coordinates__type_support.hpp
[10.447s] -- Installing: /home/oisin/ros2_ws/assign1/image_ws/install/assign1_interfaces/include/assign1_interfaces/assign1_interfaces/msg/detail/pixel_coordinates__builder.hpp
[10.448s] -- Installing: /home/oisin/ros2_ws/assign1/image_ws/install/assign1_interfaces/include/assign1_interfaces/assign1_interfaces/msg/detail/pixel_coordinates__traits.hpp
[10.448s] -- Installing: /home/oisin/ros2_ws/assign1/image_ws/install/assign1_interfaces/include/assign1_interfaces/assign1_interfaces/msg/detail/pixel_coordinates__struct.hpp
[10.448s] -- Up-to-date: /home/oisin/ros2_ws/assign1/image_ws/install/assign1_interfaces/include/assign1_interfaces/assign1_interfaces
[10.448s] -- Up-to-date: /home/oisin/ros2_ws/assign1/image_ws/install/assign1_interfaces/include/assign1_interfaces/assign1_interfaces/msg
[10.448s] -- Installing: /home/oisin/ros2_ws/assign1/image_ws/install/assign1_interfaces/include/assign1_interfaces/assign1_interfaces/msg/rosidl_typesupport_fastrtps_cpp__visibility_control.h
[10.448s] -- Up-to-date: /home/oisin/ros2_ws/assign1/image_ws/install/assign1_interfaces/include/assign1_interfaces/assign1_interfaces/msg/detail
[10.448s] -- Installing: /home/oisin/ros2_ws/assign1/image_ws/install/assign1_interfaces/include/assign1_interfaces/assign1_interfaces/msg/detail/pixel_coordinates__rosidl_typesupport_fastrtps_cpp.hpp
[10.448s] -- Installing: /home/oisin/ros2_ws/assign1/image_ws/install/assign1_interfaces/include/assign1_interfaces/assign1_interfaces/msg/detail/dds_fastrtps
[10.448s] -- Installing: /home/oisin/ros2_ws/assign1/image_ws/install/assign1_interfaces/lib/libassign1_interfaces__rosidl_typesupport_fastrtps_cpp.so
[10.449s] -- Set non-toolchain portion of runtime path of "/home/oisin/ros2_ws/assign1/image_ws/install/assign1_interfaces/lib/libassign1_interfaces__rosidl_typesupport_fastrtps_cpp.so" to ""
[10.449s] -- Up-to-date: /home/oisin/ros2_ws/assign1/image_ws/install/assign1_interfaces/include/assign1_interfaces/assign1_interfaces
[10.449s] -- Up-to-date: /home/oisin/ros2_ws/assign1/image_ws/install/assign1_interfaces/include/assign1_interfaces/assign1_interfaces/msg
[10.449s] -- Up-to-date: /home/oisin/ros2_ws/assign1/image_ws/install/assign1_interfaces/include/assign1_interfaces/assign1_interfaces/msg/detail
[10.449s] -- Installing: /home/oisin/ros2_ws/assign1/image_ws/install/assign1_interfaces/include/assign1_interfaces/assign1_interfaces/msg/detail/pixel_coordinates__type_support.cpp
[10.449s] -- Installing: /home/oisin/ros2_ws/assign1/image_ws/install/assign1_interfaces/include/assign1_interfaces/assign1_interfaces/msg/detail/pixel_coordinates__rosidl_typesupport_introspection_cpp.hpp
[10.450s] -- Installing: /home/oisin/ros2_ws/assign1/image_ws/install/assign1_interfaces/lib/libassign1_interfaces__rosidl_typesupport_introspection_cpp.so
[10.450s] -- Set non-toolchain portion of runtime path of "/home/oisin/ros2_ws/assign1/image_ws/install/assign1_interfaces/lib/libassign1_interfaces__rosidl_typesupport_introspection_cpp.so" to ""
[10.450s] -- Installing: /home/oisin/ros2_ws/assign1/image_ws/install/assign1_interfaces/lib/libassign1_interfaces__rosidl_typesupport_cpp.so
[10.450s] -- Set non-toolchain portion of runtime path of "/home/oisin/ros2_ws/assign1/image_ws/install/assign1_interfaces/lib/libassign1_interfaces__rosidl_typesupport_cpp.so" to ""
[10.451s] -- Installing: /home/oisin/ros2_ws/assign1/image_ws/install/assign1_interfaces/share/assign1_interfaces/environment/pythonpath.sh
[10.451s] -- Installing: /home/oisin/ros2_ws/assign1/image_ws/install/assign1_interfaces/share/assign1_interfaces/environment/pythonpath.dsv
[10.451s] -- Installing: /home/oisin/ros2_ws/assign1/image_ws/install/assign1_interfaces/lib/python3.12/site-packages/assign1_interfaces-0.0.0-py3.12.egg-info
[10.451s] -- Installing: /home/oisin/ros2_ws/assign1/image_ws/install/assign1_interfaces/lib/python3.12/site-packages/assign1_interfaces-0.0.0-py3.12.egg-info/PKG-INFO
[10.451s] -- Installing: /home/oisin/ros2_ws/assign1/image_ws/install/assign1_interfaces/lib/python3.12/site-packages/assign1_interfaces-0.0.0-py3.12.egg-info/top_level.txt
[10.452s] -- Installing: /home/oisin/ros2_ws/assign1/image_ws/install/assign1_interfaces/lib/python3.12/site-packages/assign1_interfaces-0.0.0-py3.12.egg-info/dependency_links.txt
[10.452s] -- Installing: /home/oisin/ros2_ws/assign1/image_ws/install/assign1_interfaces/lib/python3.12/site-packages/assign1_interfaces-0.0.0-py3.12.egg-info/SOURCES.txt
[10.452s] -- Installing: /home/oisin/ros2_ws/assign1/image_ws/install/assign1_interfaces/lib/python3.12/site-packages/assign1_interfaces
[10.452s] -- Installing: /home/oisin/ros2_ws/assign1/image_ws/install/assign1_interfaces/lib/python3.12/site-packages/assign1_interfaces/__init__.py
[10.452s] -- Installing: /home/oisin/ros2_ws/assign1/image_ws/install/assign1_interfaces/lib/python3.12/site-packages/assign1_interfaces/_assign1_interfaces_s.ep.rosidl_typesupport_fastrtps_c.c
[10.452s] -- Installing: /home/oisin/ros2_ws/assign1/image_ws/install/assign1_interfaces/lib/python3.12/site-packages/assign1_interfaces/_assign1_interfaces_s.ep.rosidl_typesupport_introspection_c.c
[10.452s] -- Installing: /home/oisin/ros2_ws/assign1/image_ws/install/assign1_interfaces/lib/python3.12/site-packages/assign1_interfaces/_assign1_interfaces_s.ep.rosidl_typesupport_c.c
[10.452s] -- Installing: /home/oisin/ros2_ws/assign1/image_ws/install/assign1_interfaces/lib/python3.12/site-packages/assign1_interfaces/assign1_interfaces_s__rosidl_typesupport_introspection_c.so
[10.453s] -- Installing: /home/oisin/ros2_ws/assign1/image_ws/install/assign1_interfaces/lib/python3.12/site-packages/assign1_interfaces/msg
[10.453s] -- Installing: /home/oisin/ros2_ws/assign1/image_ws/install/assign1_interfaces/lib/python3.12/site-packages/assign1_interfaces/msg/__init__.py
[10.453s] -- Installing: /home/oisin/ros2_ws/assign1/image_ws/install/assign1_interfaces/lib/python3.12/site-packages/assign1_interfaces/msg/_pixel_coordinates.py
[10.453s] -- Installing: /home/oisin/ros2_ws/assign1/image_ws/install/assign1_interfaces/lib/python3.12/site-packages/assign1_interfaces/msg/_pixel_coordinates_s.c
[10.453s] -- Installing: /home/oisin/ros2_ws/assign1/image_ws/install/assign1_interfaces/lib/python3.12/site-packages/assign1_interfaces/assign1_interfaces_s__rosidl_typesupport_fastrtps_c.so
[10.454s] -- Installing: /home/oisin/ros2_ws/assign1/image_ws/install/assign1_interfaces/lib/python3.12/site-packages/assign1_interfaces/assign1_interfaces_s__rosidl_typesupport_c.so
[10.503s] Listing '/home/oisin/ros2_ws/assign1/image_ws/install/assign1_interfaces/lib/python3.12/site-packages/assign1_interfaces'...
[10.504s] Compiling '/home/oisin/ros2_ws/assign1/image_ws/install/assign1_interfaces/lib/python3.12/site-packages/assign1_interfaces/__init__.py'...
[10.504s] Listing '/home/oisin/ros2_ws/assign1/image_ws/install/assign1_interfaces/lib/python3.12/site-packages/assign1_interfaces/msg'...
[10.504s] Compiling '/home/oisin/ros2_ws/assign1/image_ws/install/assign1_interfaces/lib/python3.12/site-packages/assign1_interfaces/msg/__init__.py'...
[10.504s] Compiling '/home/oisin/ros2_ws/assign1/image_ws/install/assign1_interfaces/lib/python3.12/site-packages/assign1_interfaces/msg/_pixel_coordinates.py'...
[10.511s] -- Installing: /home/oisin/ros2_ws/assign1/image_ws/install/assign1_interfaces/lib/python3.12/site-packages/assign1_interfaces/assign1_interfaces_s__rosidl_typesupport_fastrtps_c.so
[10.511s] -- Set non-toolchain portion of runtime path of "/home/oisin/ros2_ws/assign1/image_ws/install/assign1_interfaces/lib/python3.12/site-packages/assign1_interfaces/assign1_interfaces_s__rosidl_typesupport_fastrtps_c.so" to ""
[10.512s] -- Installing: /home/oisin/ros2_ws/assign1/image_ws/install/assign1_interfaces/lib/python3.12/site-packages/assign1_interfaces/assign1_interfaces_s__rosidl_typesupport_introspection_c.so
[10.512s] -- Set non-toolchain portion of runtime path of "/home/oisin/ros2_ws/assign1/image_ws/install/assign1_interfaces/lib/python3.12/site-packages/assign1_interfaces/assign1_interfaces_s__rosidl_typesupport_introspection_c.so" to ""
[10.512s] -- Installing: /home/oisin/ros2_ws/assign1/image_ws/install/assign1_interfaces/lib/python3.12/site-packages/assign1_interfaces/assign1_interfaces_s__rosidl_typesupport_c.so
[10.513s] -- Set non-toolchain portion of runtime path of "/home/oisin/ros2_ws/assign1/image_ws/install/assign1_interfaces/lib/python3.12/site-packages/assign1_interfaces/assign1_interfaces_s__rosidl_typesupport_c.so" to ""
[10.513s] -- Installing: /home/oisin/ros2_ws/assign1/image_ws/install/assign1_interfaces/lib/libassign1_interfaces__rosidl_generator_py.so
[10.513s] -- Set non-toolchain portion of runtime path of "/home/oisin/ros2_ws/assign1/image_ws/install/assign1_interfaces/lib/libassign1_interfaces__rosidl_generator_py.so" to ""
[10.513s] -- Installing: /home/oisin/ros2_ws/assign1/image_ws/install/assign1_interfaces/share/assign1_interfaces/msg/PixelCoordinates.idl
[10.514s] -- Installing: /home/oisin/ros2_ws/assign1/image_ws/install/assign1_interfaces/share/assign1_interfaces/msg/PixelCoordinates.msg
[10.514s] -- Installing: /home/oisin/ros2_ws/assign1/image_ws/install/assign1_interfaces/share/ament_index/resource_index/package_run_dependencies/assign1_interfaces
[10.514s] -- Installing: /home/oisin/ros2_ws/assign1/image_ws/install/assign1_interfaces/share/ament_index/resource_index/parent_prefix_path/assign1_interfaces
[10.514s] -- Installing: /home/oisin/ros2_ws/assign1/image_ws/install/assign1_interfaces/share/assign1_interfaces/environment/ament_prefix_path.sh
[10.514s] -- Installing: /home/oisin/ros2_ws/assign1/image_ws/install/assign1_interfaces/share/assign1_interfaces/environment/ament_prefix_path.dsv
[10.515s] -- Installing: /home/oisin/ros2_ws/assign1/image_ws/install/assign1_interfaces/share/assign1_interfaces/environment/path.sh
[10.515s] -- Installing: /home/oisin/ros2_ws/assign1/image_ws/install/assign1_interfaces/share/assign1_interfaces/environment/path.dsv
[10.515s] -- Installing: /home/oisin/ros2_ws/assign1/image_ws/install/assign1_interfaces/share/assign1_interfaces/local_setup.bash
[10.515s] -- Installing: /home/oisin/ros2_ws/assign1/image_ws/install/assign1_interfaces/share/assign1_interfaces/local_setup.sh
[10.515s] -- Installing: /home/oisin/ros2_ws/assign1/image_ws/install/assign1_interfaces/share/assign1_interfaces/local_setup.zsh
[10.515s] -- Installing: /home/oisin/ros2_ws/assign1/image_ws/install/assign1_interfaces/share/assign1_interfaces/local_setup.dsv
[10.516s] -- Installing: /home/oisin/ros2_ws/assign1/image_ws/install/assign1_interfaces/share/assign1_interfaces/package.dsv
[10.516s] -- Installing: /home/oisin/ros2_ws/assign1/image_ws/install/assign1_interfaces/share/ament_index/resource_index/packages/assign1_interfaces
[10.516s] -- Installing: /home/oisin/ros2_ws/assign1/image_ws/install/assign1_interfaces/share/assign1_interfaces/cmake/export_assign1_interfaces__rosidl_generator_cExport.cmake
[10.516s] -- Installing: /home/oisin/ros2_ws/assign1/image_ws/install/assign1_interfaces/share/assign1_interfaces/cmake/export_assign1_interfaces__rosidl_generator_cExport-noconfig.cmake
[10.516s] -- Installing: /home/oisin/ros2_ws/assign1/image_ws/install/assign1_interfaces/share/assign1_interfaces/cmake/export_assign1_interfaces__rosidl_typesupport_fastrtps_cExport.cmake
[10.517s] -- Installing: /home/oisin/ros2_ws/assign1/image_ws/install/assign1_interfaces/share/assign1_interfaces/cmake/export_assign1_interfaces__rosidl_typesupport_fastrtps_cExport-noconfig.cmake
[10.517s] -- Installing: /home/oisin/ros2_ws/assign1/image_ws/install/assign1_interfaces/share/assign1_interfaces/cmake/assign1_interfaces__rosidl_typesupport_introspection_cExport.cmake
[10.517s] -- Installing: /home/oisin/ros2_ws/assign1/image_ws/install/assign1_interfaces/share/assign1_interfaces/cmake/assign1_interfaces__rosidl_typesupport_introspection_cExport-noconfig.cmake
[10.517s] -- Installing: /home/oisin/ros2_ws/assign1/image_ws/install/assign1_interfaces/share/assign1_interfaces/cmake/assign1_interfaces__rosidl_typesupport_cExport.cmake
[10.518s] -- Installing: /home/oisin/ros2_ws/assign1/image_ws/install/assign1_interfaces/share/assign1_interfaces/cmake/assign1_interfaces__rosidl_typesupport_cExport-noconfig.cmake
[10.518s] -- Installing: /home/oisin/ros2_ws/assign1/image_ws/install/assign1_interfaces/share/assign1_interfaces/cmake/export_assign1_interfaces__rosidl_generator_cppExport.cmake
[10.518s] -- Installing: /home/oisin/ros2_ws/assign1/image_ws/install/assign1_interfaces/share/assign1_interfaces/cmake/export_assign1_interfaces__rosidl_typesupport_fastrtps_cppExport.cmake
[10.518s] -- Installing: /home/oisin/ros2_ws/assign1/image_ws/install/assign1_interfaces/share/assign1_interfaces/cmake/export_assign1_interfaces__rosidl_typesupport_fastrtps_cppExport-noconfig.cmake
[10.518s] -- Installing: /home/oisin/ros2_ws/assign1/image_ws/install/assign1_interfaces/share/assign1_interfaces/cmake/assign1_interfaces__rosidl_typesupport_introspection_cppExport.cmake
[10.518s] -- Installing: /home/oisin/ros2_ws/assign1/image_ws/install/assign1_interfaces/share/assign1_interfaces/cmake/assign1_interfaces__rosidl_typesupport_introspection_cppExport-noconfig.cmake
[10.519s] -- Installing: /home/oisin/ros2_ws/assign1/image_ws/install/assign1_interfaces/share/assign1_interfaces/cmake/assign1_interfaces__rosidl_typesupport_cppExport.cmake
[10.519s] -- Installing: /home/oisin/ros2_ws/assign1/image_ws/install/assign1_interfaces/share/assign1_interfaces/cmake/assign1_interfaces__rosidl_typesupport_cppExport-noconfig.cmake
[10.519s] -- Installing: /home/oisin/ros2_ws/assign1/image_ws/install/assign1_interfaces/share/assign1_interfaces/cmake/export_assign1_interfaces__rosidl_generator_pyExport.cmake
[10.519s] -- Installing: /home/oisin/ros2_ws/assign1/image_ws/install/assign1_interfaces/share/assign1_interfaces/cmake/export_assign1_interfaces__rosidl_generator_pyExport-noconfig.cmake
[10.520s] -- Installing: /home/oisin/ros2_ws/assign1/image_ws/install/assign1_interfaces/share/assign1_interfaces/cmake/rosidl_cmake-extras.cmake
[10.520s] -- Installing: /home/oisin/ros2_ws/assign1/image_ws/install/assign1_interfaces/share/assign1_interfaces/cmake/ament_cmake_export_include_directories-extras.cmake
[10.520s] -- Installing: /home/oisin/ros2_ws/assign1/image_ws/install/assign1_interfaces/share/assign1_interfaces/cmake/ament_cmake_export_libraries-extras.cmake
[10.520s] -- Installing: /home/oisin/ros2_ws/assign1/image_ws/install/assign1_interfaces/share/assign1_interfaces/cmake/ament_cmake_export_targets-extras.cmake
[10.520s] -- Installing: /home/oisin/ros2_ws/assign1/image_ws/install/assign1_interfaces/share/assign1_interfaces/cmake/rosidl_cmake_export_typesupport_targets-extras.cmake
[10.520s] -- Installing: /home/oisin/ros2_ws/assign1/image_ws/install/assign1_interfaces/share/assign1_interfaces/cmake/ament_cmake_export_dependencies-extras.cmake
[10.521s] -- Installing: /home/oisin/ros2_ws/assign1/image_ws/install/assign1_interfaces/share/assign1_interfaces/cmake/rosidl_cmake_export_typesupport_libraries-extras.cmake
[10.521s] -- Installing: /home/oisin/ros2_ws/assign1/image_ws/install/assign1_interfaces/share/assign1_interfaces/cmake/assign1_interfacesConfig.cmake
[10.521s] -- Installing: /home/oisin/ros2_ws/assign1/image_ws/install/assign1_interfaces/share/assign1_interfaces/cmake/assign1_interfacesConfig-version.cmake
[10.521s] -- Installing: /home/oisin/ros2_ws/assign1/image_ws/install/assign1_interfaces/share/assign1_interfaces/package.xml
[10.525s] Invoked command in '/home/oisin/ros2_ws/assign1/image_ws/build/assign1_interfaces' returned '0': CMAKE_PREFIX_PATH=${CMAKE_PREFIX_PATH}:/opt/ros/jazzy DEBUGINFOD_URLS=https://debuginfod.ubuntu.com /usr/bin/cmake --install /home/oisin/ros2_ws/assign1/image_ws/build/assign1_interfaces
