[0.011s] Invoking command in '/home/oisin/ros2_ws/assign1/image_ws/build/image_cpp': CMAKE_PREFIX_PATH=${CMAKE_PREFIX_PATH}:/opt/ros/jazzy DEBUGINFOD_URLS=https://debuginfod.ubuntu.com /usr/bin/cmake --build /home/oisin/ros2_ws/assign1/image_ws/build/image_cpp -- -j16 -l16
[0.043s] -- Found ament_cmake: 2.5.3 (/opt/ros/jazzy/share/ament_cmake/cmake)
[0.226s] -- Found rclcpp: 28.1.6 (/opt/ros/jazzy/share/rclcpp/cmake)
[0.244s] -- Found rosidl_generator_c: 4.6.5 (/opt/ros/jazzy/share/rosidl_generator_c/cmake)
[0.250s] -- Found rosidl_generator_cpp: 4.6.5 (/opt/ros/jazzy/share/rosidl_generator_cpp/cmake)
[0.258s] -- Using all available rosidl_typesupport_c: rosidl_typesupport_fastrtps_c;rosidl_typesupport_introspection_c
[0.266s] -- Using all available rosidl_typesupport_cpp: rosidl_typesupport_fastrtps_cpp;rosidl_typesupport_introspection_cpp
[0.310s] -- Found rmw_implementation_cmake: 7.3.1 (/opt/ros/jazzy/share/rmw_implementation_cmake/cmake)
[0.311s] -- Found rmw_fastrtps_cpp: 8.4.1 (/opt/ros/jazzy/share/rmw_fastrtps_cpp/cmake)
[0.363s] -- Using RMW implementation 'rmw_fastrtps_cpp' as default
[0.416s] -- Found sensor_msgs: 5.3.5 (/opt/ros/jazzy/share/sensor_msgs/cmake)
[0.531s] -- Configuring done (0.5s)
[0.540s] -- Generating done (0.0s)
[0.542s] -- Build files have been written to: /home/oisin/ros2_ws/assign1/image_ws/build/image_cpp
[0.588s] [ 50%] [32mBuilding CXX object CMakeFiles/brightnessEx.dir/src/brightness.cpp.o[0m
[2.270s] [01m[K/home/oisin/ros2_ws/assign1/image_ws/src/image_cpp/src/brightness.cpp:[m[K In member function ‘[01m[Kvoid Brightness::[01;32m[KcallbackImage[m[K(sensor_msgs::msg::Image_<std::allocator<void> >::SharedPtr)[m[K’:
[2.270s] [01m[K/home/oisin/ros2_ws/assign1/image_ws/src/image_cpp/src/brightness.cpp:16:65:[m[K [01;35m[Kwarning: [m[Kunused parameter ‘[01m[Kdata[m[K’ [[01;35m[K]8;;https://gcc.gnu.org/onlinedocs/gcc/Warning-Options.html#index-Wunused-parameter-Wunused-parameter]8;;[m[K]
[2.270s]    16 |     void callbackImage([01;35m[Kconst sensor_msgs::msg::Image::SharedPtr data[m[K)
[2.270s]       |                        [01;35m[K~~~~~~~~~~~~~~~~~~~~~~~~~~~~~~~~~~~~~~~~~^~~~[m[K
[6.000s] [100%] [32m[1mLinking CXX executable brightnessEx[0m
[6.220s] [100%] Built target brightnessEx
[6.233s] Invoked command in '/home/oisin/ros2_ws/assign1/image_ws/build/image_cpp' returned '0': CMAKE_PREFIX_PATH=${CMAKE_PREFIX_PATH}:/opt/ros/jazzy DEBUGINFOD_URLS=https://debuginfod.ubuntu.com /usr/bin/cmake --build /home/oisin/ros2_ws/assign1/image_ws/build/image_cpp -- -j16 -l16
[6.242s] Invoking command in '/home/oisin/ros2_ws/assign1/image_ws/build/image_cpp': CMAKE_PREFIX_PATH=${CMAKE_PREFIX_PATH}:/opt/ros/jazzy DEBUGINFOD_URLS=https://debuginfod.ubuntu.com /usr/bin/cmake --install /home/oisin/ros2_ws/assign1/image_ws/build/image_cpp
[6.251s] -- Install configuration: ""
[6.251s] -- Installing: /home/oisin/ros2_ws/assign1/image_ws/install/image_cpp/lib/image_cpp/brightnessEx
[6.255s] -- Set non-toolchain portion of runtime path of "/home/oisin/ros2_ws/assign1/image_ws/install/image_cpp/lib/image_cpp/brightnessEx" to ""
[6.256s] -- Up-to-date: /home/oisin/ros2_ws/assign1/image_ws/install/image_cpp/share/ament_index/resource_index/package_run_dependencies/image_cpp
[6.256s] -- Up-to-date: /home/oisin/ros2_ws/assign1/image_ws/install/image_cpp/share/ament_index/resource_index/parent_prefix_path/image_cpp
[6.256s] -- Up-to-date: /home/oisin/ros2_ws/assign1/image_ws/install/image_cpp/share/image_cpp/environment/ament_prefix_path.sh
[6.256s] -- Up-to-date: /home/oisin/ros2_ws/assign1/image_ws/install/image_cpp/share/image_cpp/environment/ament_prefix_path.dsv
[6.256s] -- Up-to-date: /home/oisin/ros2_ws/assign1/image_ws/install/image_cpp/share/image_cpp/environment/path.sh
[6.256s] -- Up-to-date: /home/oisin/ros2_ws/assign1/image_ws/install/image_cpp/share/image_cpp/environment/path.dsv
[6.256s] -- Up-to-date: /home/oisin/ros2_ws/assign1/image_ws/install/image_cpp/share/image_cpp/local_setup.bash
[6.257s] -- Up-to-date: /home/oisin/ros2_ws/assign1/image_ws/install/image_cpp/share/image_cpp/local_setup.sh
[6.257s] -- Up-to-date: /home/oisin/ros2_ws/assign1/image_ws/install/image_cpp/share/image_cpp/local_setup.zsh
[6.257s] -- Up-to-date: /home/oisin/ros2_ws/assign1/image_ws/install/image_cpp/share/image_cpp/local_setup.dsv
[6.257s] -- Installing: /home/oisin/ros2_ws/assign1/image_ws/install/image_cpp/share/image_cpp/package.dsv
[6.257s] -- Up-to-date: /home/oisin/ros2_ws/assign1/image_ws/install/image_cpp/share/ament_index/resource_index/packages/image_cpp
[6.257s] -- Up-to-date: /home/oisin/ros2_ws/assign1/image_ws/install/image_cpp/share/image_cpp/cmake/image_cppConfig.cmake
[6.257s] -- Up-to-date: /home/oisin/ros2_ws/assign1/image_ws/install/image_cpp/share/image_cpp/cmake/image_cppConfig-version.cmake
[6.257s] -- Up-to-date: /home/oisin/ros2_ws/assign1/image_ws/install/image_cpp/share/image_cpp/package.xml
[6.259s] Invoked command in '/home/oisin/ros2_ws/assign1/image_ws/build/image_cpp' returned '0': CMAKE_PREFIX_PATH=${CMAKE_PREFIX_PATH}:/opt/ros/jazzy DEBUGINFOD_URLS=https://debuginfod.ubuntu.com /usr/bin/cmake --install /home/oisin/ros2_ws/assign1/image_ws/build/image_cpp
