[0.269s] DEBUG:colcon:Command line arguments: ['/usr/bin/colcon', 'build', '--packages-select', 'assign1_interfaces']
[0.269s] DEBUG:colcon:Parsed command line arguments: Namespace(log_base=None, log_level=None, verb_name='build', build_base='build', install_base='install', merge_install=False, symlink_install=False, test_result_base=None, continue_on_error=False, executor='parallel', parallel_workers=16, event_handlers=None, ignore_user_meta=False, metas=['./colcon.meta'], base_paths=['.'], packages_ignore=None, packages_ignore_regex=None, paths=None, packages_up_to=None, packages_up_to_regex=None, packages_above=None, packages_above_and_dependencies=None, packages_above_depth=None, packages_select_by_dep=None, packages_skip_by_dep=None, packages_skip_up_to=None, packages_select_build_failed=False, packages_skip_build_finished=False, packages_select_test_failures=False, packages_skip_test_passed=False, packages_select=['assign1_interfaces'], packages_skip=None, packages_select_regex=None, packages_skip_regex=None, packages_start=None, packages_end=None, allow_overriding=[], cmake_args=None, cmake_target=None, cmake_target_skip_unavailable=False, cmake_clean_cache=False, cmake_clean_first=False, cmake_force_configure=False, ament_cmake_args=None, catkin_cmake_args=None, catkin_skip_building_tests=False, mixin_files=None, mixin=None, verb_parser=<colcon_mixin.mixin.mixin_argument.MixinArgumentDecorator object at 0x770dfd8673e0>, verb_extension=<colcon_core.verb.build.BuildVerb object at 0x770dfd98f6e0>, main=<bound method BuildVerb.main of <colcon_core.verb.build.BuildVerb object at 0x770dfd98f6e0>>, mixin_verb=('build',))
[0.365s] Level 1:colcon.colcon_core.package_discovery:discover_packages(colcon_meta) check parameters
[0.365s] Level 1:colcon.colcon_core.package_discovery:discover_packages(recursive) check parameters
[0.366s] Level 1:colcon.colcon_core.package_discovery:discover_packages(ignore) check parameters
[0.366s] Level 1:colcon.colcon_core.package_discovery:discover_packages(path) check parameters
[0.366s] Level 1:colcon.colcon_core.package_discovery:discover_packages(colcon_meta) discover
[0.366s] Level 1:colcon.colcon_core.package_discovery:discover_packages(recursive) discover
[0.366s] INFO:colcon.colcon_core.package_discovery:Crawling recursively for packages in '/home/oisin/ros2_ws/assign1/image_ws'
[0.366s] Level 1:colcon.colcon_core.package_identification:_identify(.) by extensions ['ignore', 'ignore_ament_install']
[0.366s] Level 1:colcon.colcon_core.package_identification:_identify(.) by extension 'ignore'
[0.367s] Level 1:colcon.colcon_core.package_identification:_identify(.) by extension 'ignore_ament_install'
[0.367s] Level 1:colcon.colcon_core.package_identification:_identify(.) by extensions ['colcon_pkg']
[0.367s] Level 1:colcon.colcon_core.package_identification:_identify(.) by extension 'colcon_pkg'
[0.367s] Level 1:colcon.colcon_core.package_identification:_identify(.) by extensions ['colcon_meta']
[0.367s] Level 1:colcon.colcon_core.package_identification:_identify(.) by extension 'colcon_meta'
[0.367s] Level 1:colcon.colcon_core.package_identification:_identify(.) by extensions ['ros']
[0.367s] Level 1:colcon.colcon_core.package_identification:_identify(.) by extension 'ros'
[0.425s] Level 1:colcon.colcon_core.package_identification:_identify(.) by extensions ['cmake', 'python']
[0.425s] Level 1:colcon.colcon_core.package_identification:_identify(.) by extension 'cmake'
[0.425s] Level 1:colcon.colcon_core.package_identification:_identify(.) by extension 'python'
[0.425s] Level 1:colcon.colcon_core.package_identification:_identify(.) by extensions ['python_setup_py']
[0.425s] Level 1:colcon.colcon_core.package_identification:_identify(.) by extension 'python_setup_py'
[0.426s] Level 1:colcon.colcon_core.package_identification:_identify(build) by extensions ['ignore', 'ignore_ament_install']
[0.426s] Level 1:colcon.colcon_core.package_identification:_identify(build) by extension 'ignore'
[0.426s] Level 1:colcon.colcon_core.package_identification:_identify(build) ignored
[0.426s] Level 1:colcon.colcon_core.package_identification:_identify(install) by extensions ['ignore', 'ignore_ament_install']
[0.426s] Level 1:colcon.colcon_core.package_identification:_identify(install) by extension 'ignore'
[0.427s] Level 1:colcon.colcon_core.package_identification:_identify(install) ignored
[0.427s] Level 1:colcon.colcon_core.package_identification:_identify(log) by extensions ['ignore', 'ignore_ament_install']
[0.427s] Level 1:colcon.colcon_core.package_identification:_identify(log) by extension 'ignore'
[0.427s] Level 1:colcon.colcon_core.package_identification:_identify(log) ignored
[0.427s] Level 1:colcon.colcon_core.package_identification:_identify(src) by extensions ['ignore', 'ignore_ament_install']
[0.427s] Level 1:colcon.colcon_core.package_identification:_identify(src) by extension 'ignore'
[0.427s] Level 1:colcon.colcon_core.package_identification:_identify(src) by extension 'ignore_ament_install'
[0.427s] Level 1:colcon.colcon_core.package_identification:_identify(src) by extensions ['colcon_pkg']
[0.428s] Level 1:colcon.colcon_core.package_identification:_identify(src) by extension 'colcon_pkg'
[0.428s] Level 1:colcon.colcon_core.package_identification:_identify(src) by extensions ['colcon_meta']
[0.428s] Level 1:colcon.colcon_core.package_identification:_identify(src) by extension 'colcon_meta'
[0.428s] Level 1:colcon.colcon_core.package_identification:_identify(src) by extensions ['ros']
[0.428s] Level 1:colcon.colcon_core.package_identification:_identify(src) by extension 'ros'
[0.428s] Level 1:colcon.colcon_core.package_identification:_identify(src) by extensions ['cmake', 'python']
[0.428s] Level 1:colcon.colcon_core.package_identification:_identify(src) by extension 'cmake'
[0.428s] Level 1:colcon.colcon_core.package_identification:_identify(src) by extension 'python'
[0.428s] Level 1:colcon.colcon_core.package_identification:_identify(src) by extensions ['python_setup_py']
[0.428s] Level 1:colcon.colcon_core.package_identification:_identify(src) by extension 'python_setup_py'
[0.428s] Level 1:colcon.colcon_core.package_identification:_identify(src/assign1_interfaces) by extensions ['ignore', 'ignore_ament_install']
[0.428s] Level 1:colcon.colcon_core.package_identification:_identify(src/assign1_interfaces) by extension 'ignore'
[0.429s] Level 1:colcon.colcon_core.package_identification:_identify(src/assign1_interfaces) by extension 'ignore_ament_install'
[0.429s] Level 1:colcon.colcon_core.package_identification:_identify(src/assign1_interfaces) by extensions ['colcon_pkg']
[0.429s] Level 1:colcon.colcon_core.package_identification:_identify(src/assign1_interfaces) by extension 'colcon_pkg'
[0.429s] Level 1:colcon.colcon_core.package_identification:_identify(src/assign1_interfaces) by extensions ['colcon_meta']
[0.429s] Level 1:colcon.colcon_core.package_identification:_identify(src/assign1_interfaces) by extension 'colcon_meta'
[0.429s] Level 1:colcon.colcon_core.package_identification:_identify(src/assign1_interfaces) by extensions ['ros']
[0.429s] Level 1:colcon.colcon_core.package_identification:_identify(src/assign1_interfaces) by extension 'ros'
[0.435s] DEBUG:colcon.colcon_core.package_identification:Package 'src/assign1_interfaces' with type 'ros.ament_cmake' and name 'assign1_interfaces'
[0.436s] Level 1:colcon.colcon_core.package_identification:_identify(src/image_cpp) by extensions ['ignore', 'ignore_ament_install']
[0.436s] Level 1:colcon.colcon_core.package_identification:_identify(src/image_cpp) by extension 'ignore'
[0.436s] Level 1:colcon.colcon_core.package_identification:_identify(src/image_cpp) by extension 'ignore_ament_install'
[0.436s] Level 1:colcon.colcon_core.package_identification:_identify(src/image_cpp) by extensions ['colcon_pkg']
[0.436s] Level 1:colcon.colcon_core.package_identification:_identify(src/image_cpp) by extension 'colcon_pkg'
[0.437s] Level 1:colcon.colcon_core.package_identification:_identify(src/image_cpp) by extensions ['colcon_meta']
[0.437s] Level 1:colcon.colcon_core.package_identification:_identify(src/image_cpp) by extension 'colcon_meta'
[0.437s] Level 1:colcon.colcon_core.package_identification:_identify(src/image_cpp) by extensions ['ros']
[0.437s] Level 1:colcon.colcon_core.package_identification:_identify(src/image_cpp) by extension 'ros'
[0.438s] DEBUG:colcon.colcon_core.package_identification:Package 'src/image_cpp' with type 'ros.ament_cmake' and name 'image_cpp'
[0.438s] Level 1:colcon.colcon_core.package_discovery:discover_packages(recursive) using defaults
[0.439s] Level 1:colcon.colcon_core.package_discovery:discover_packages(ignore) discover
[0.439s] Level 1:colcon.colcon_core.package_discovery:discover_packages(ignore) using defaults
[0.439s] Level 1:colcon.colcon_core.package_discovery:discover_packages(path) discover
[0.439s] Level 1:colcon.colcon_core.package_discovery:discover_packages(path) using defaults
[0.488s] INFO:colcon.colcon_core.package_selection:Skipping not selected package 'image_cpp' in 'src/image_cpp'
[0.489s] Level 1:colcon.colcon_core.package_discovery:discover_packages(prefix_path) check parameters
[0.489s] Level 1:colcon.colcon_core.package_discovery:discover_packages(prefix_path) discover
[0.497s] DEBUG:colcon.colcon_installed_package_information.package_discovery:Found 316 installed packages in /opt/ros/jazzy
[0.501s] Level 1:colcon.colcon_core.package_discovery:discover_packages(prefix_path) using defaults
[0.591s] Level 5:colcon.colcon_core.verb:set package 'assign1_interfaces' build argument 'cmake_args' from command line to 'None'
[0.592s] Level 5:colcon.colcon_core.verb:set package 'assign1_interfaces' build argument 'cmake_target' from command line to 'None'
[0.592s] Level 5:colcon.colcon_core.verb:set package 'assign1_interfaces' build argument 'cmake_target_skip_unavailable' from command line to 'False'
[0.592s] Level 5:colcon.colcon_core.verb:set package 'assign1_interfaces' build argument 'cmake_clean_cache' from command line to 'False'
[0.592s] Level 5:colcon.colcon_core.verb:set package 'assign1_interfaces' build argument 'cmake_clean_first' from command line to 'False'
[0.592s] Level 5:colcon.colcon_core.verb:set package 'assign1_interfaces' build argument 'cmake_force_configure' from command line to 'False'
[0.592s] Level 5:colcon.colcon_core.verb:set package 'assign1_interfaces' build argument 'ament_cmake_args' from command line to 'None'
[0.592s] Level 5:colcon.colcon_core.verb:set package 'assign1_interfaces' build argument 'catkin_cmake_args' from command line to 'None'
[0.592s] Level 5:colcon.colcon_core.verb:set package 'assign1_interfaces' build argument 'catkin_skip_building_tests' from command line to 'False'
[0.592s] DEBUG:colcon.colcon_core.verb:Building package 'assign1_interfaces' with the following arguments: {'ament_cmake_args': None, 'build_base': '/home/oisin/ros2_ws/assign1/image_ws/build/assign1_interfaces', 'catkin_cmake_args': None, 'catkin_skip_building_tests': False, 'cmake_args': None, 'cmake_clean_cache': False, 'cmake_clean_first': False, 'cmake_force_configure': False, 'cmake_target': None, 'cmake_target_skip_unavailable': False, 'install_base': '/home/oisin/ros2_ws/assign1/image_ws/install/assign1_interfaces', 'merge_install': False, 'path': '/home/oisin/ros2_ws/assign1/image_ws/src/assign1_interfaces', 'symlink_install': False, 'test_result_base': None}
[0.592s] INFO:colcon.colcon_core.executor:Executing jobs using 'parallel' executor
[0.594s] DEBUG:colcon.colcon_parallel_executor.executor.parallel:run_until_complete
[0.595s] INFO:colcon.colcon_ros.task.ament_cmake.build:Building ROS package in '/home/oisin/ros2_ws/assign1/image_ws/src/assign1_interfaces' with build type 'ament_cmake'
[0.595s] INFO:colcon.colcon_cmake.task.cmake.build:Building CMake package in '/home/oisin/ros2_ws/assign1/image_ws/src/assign1_interfaces'
[0.604s] INFO:colcon.colcon_core.plugin_system:Skipping extension 'colcon_core.shell.bat': Not used on non-Windows systems
[0.604s] INFO:colcon.colcon_core.shell:Skip shell extension 'powershell' for command environment: Not usable outside of PowerShell
[0.604s] DEBUG:colcon.colcon_core.shell:Skip shell extension 'dsv' for command environment
[0.622s] DEBUG:colcon.colcon_core.event_handler.log_command:Invoking command in '/home/oisin/ros2_ws/assign1/image_ws/build/assign1_interfaces': CMAKE_PREFIX_PATH=${CMAKE_PREFIX_PATH}:/opt/ros/jazzy DEBUGINFOD_URLS=https://debuginfod.ubuntu.com /usr/bin/cmake /home/oisin/ros2_ws/assign1/image_ws/src/assign1_interfaces -DCMAKE_INSTALL_PREFIX=/home/oisin/ros2_ws/assign1/image_ws/install/assign1_interfaces
[7.364s] DEBUG:colcon.colcon_core.event_handler.log_command:Invoked command in '/home/oisin/ros2_ws/assign1/image_ws/build/assign1_interfaces' returned '0': CMAKE_PREFIX_PATH=${CMAKE_PREFIX_PATH}:/opt/ros/jazzy DEBUGINFOD_URLS=https://debuginfod.ubuntu.com /usr/bin/cmake /home/oisin/ros2_ws/assign1/image_ws/src/assign1_interfaces -DCMAKE_INSTALL_PREFIX=/home/oisin/ros2_ws/assign1/image_ws/install/assign1_interfaces
[7.365s] DEBUG:colcon.colcon_core.event_handler.log_command:Invoking command in '/home/oisin/ros2_ws/assign1/image_ws/build/assign1_interfaces': CMAKE_PREFIX_PATH=${CMAKE_PREFIX_PATH}:/opt/ros/jazzy DEBUGINFOD_URLS=https://debuginfod.ubuntu.com /usr/bin/cmake --build /home/oisin/ros2_ws/assign1/image_ws/build/assign1_interfaces -- -j16 -l16
[11.006s] DEBUG:colcon.colcon_core.event_handler.log_command:Invoked command in '/home/oisin/ros2_ws/assign1/image_ws/build/assign1_interfaces' returned '0': CMAKE_PREFIX_PATH=${CMAKE_PREFIX_PATH}:/opt/ros/jazzy DEBUGINFOD_URLS=https://debuginfod.ubuntu.com /usr/bin/cmake --build /home/oisin/ros2_ws/assign1/image_ws/build/assign1_interfaces -- -j16 -l16
[11.022s] DEBUG:colcon.colcon_core.event_handler.log_command:Invoking command in '/home/oisin/ros2_ws/assign1/image_ws/build/assign1_interfaces': CMAKE_PREFIX_PATH=${CMAKE_PREFIX_PATH}:/opt/ros/jazzy DEBUGINFOD_URLS=https://debuginfod.ubuntu.com /usr/bin/cmake --install /home/oisin/ros2_ws/assign1/image_ws/build/assign1_interfaces
[11.120s] Level 1:colcon.colcon_core.environment:create_environment_scripts_only(assign1_interfaces)
[11.121s] DEBUG:colcon.colcon_core.event_handler.log_command:Invoked command in '/home/oisin/ros2_ws/assign1/image_ws/build/assign1_interfaces' returned '0': CMAKE_PREFIX_PATH=${CMAKE_PREFIX_PATH}:/opt/ros/jazzy DEBUGINFOD_URLS=https://debuginfod.ubuntu.com /usr/bin/cmake --install /home/oisin/ros2_ws/assign1/image_ws/build/assign1_interfaces
[11.126s] Level 1:colcon.colcon_core.environment:checking '/home/oisin/ros2_ws/assign1/image_ws/install/assign1_interfaces' for CMake module files
[11.127s] Level 1:colcon.colcon_core.environment:checking '/home/oisin/ros2_ws/assign1/image_ws/install/assign1_interfaces' for CMake config files
[11.128s] Level 1:colcon.colcon_core.shell:create_environment_hook('assign1_interfaces', 'cmake_prefix_path')
[11.128s] INFO:colcon.colcon_core.shell:Creating environment hook '/home/oisin/ros2_ws/assign1/image_ws/install/assign1_interfaces/share/assign1_interfaces/hook/cmake_prefix_path.ps1'
[11.129s] INFO:colcon.colcon_core.shell:Creating environment descriptor '/home/oisin/ros2_ws/assign1/image_ws/install/assign1_interfaces/share/assign1_interfaces/hook/cmake_prefix_path.dsv'
[11.129s] INFO:colcon.colcon_core.shell:Creating environment hook '/home/oisin/ros2_ws/assign1/image_ws/install/assign1_interfaces/share/assign1_interfaces/hook/cmake_prefix_path.sh'
[11.130s] Level 1:colcon.colcon_core.environment:checking '/home/oisin/ros2_ws/assign1/image_ws/install/assign1_interfaces/lib'
[11.131s] Level 1:colcon.colcon_core.shell:create_environment_hook('assign1_interfaces', 'ld_library_path_lib')
[11.131s] INFO:colcon.colcon_core.shell:Creating environment hook '/home/oisin/ros2_ws/assign1/image_ws/install/assign1_interfaces/share/assign1_interfaces/hook/ld_library_path_lib.ps1'
[11.131s] INFO:colcon.colcon_core.shell:Creating environment descriptor '/home/oisin/ros2_ws/assign1/image_ws/install/assign1_interfaces/share/assign1_interfaces/hook/ld_library_path_lib.dsv'
[11.132s] INFO:colcon.colcon_core.shell:Creating environment hook '/home/oisin/ros2_ws/assign1/image_ws/install/assign1_interfaces/share/assign1_interfaces/hook/ld_library_path_lib.sh'
[11.132s] Level 1:colcon.colcon_core.environment:checking '/home/oisin/ros2_ws/assign1/image_ws/install/assign1_interfaces/bin'
[11.132s] Level 1:colcon.colcon_core.environment:checking '/home/oisin/ros2_ws/assign1/image_ws/install/assign1_interfaces/lib/pkgconfig/assign1_interfaces.pc'
[11.133s] Level 1:colcon.colcon_core.environment:checking '/home/oisin/ros2_ws/assign1/image_ws/install/assign1_interfaces/lib/python3.12/site-packages'
[11.133s] Level 1:colcon.colcon_core.shell:create_environment_hook('assign1_interfaces', 'pythonpath')
[11.133s] INFO:colcon.colcon_core.shell:Creating environment hook '/home/oisin/ros2_ws/assign1/image_ws/install/assign1_interfaces/share/assign1_interfaces/hook/pythonpath.ps1'
[11.133s] INFO:colcon.colcon_core.shell:Creating environment descriptor '/home/oisin/ros2_ws/assign1/image_ws/install/assign1_interfaces/share/assign1_interfaces/hook/pythonpath.dsv'
[11.134s] INFO:colcon.colcon_core.shell:Creating environment hook '/home/oisin/ros2_ws/assign1/image_ws/install/assign1_interfaces/share/assign1_interfaces/hook/pythonpath.sh'
[11.135s] Level 1:colcon.colcon_core.environment:checking '/home/oisin/ros2_ws/assign1/image_ws/install/assign1_interfaces/bin'
[11.136s] INFO:colcon.colcon_core.shell:Creating package script '/home/oisin/ros2_ws/assign1/image_ws/install/assign1_interfaces/share/assign1_interfaces/package.ps1'
[11.137s] INFO:colcon.colcon_core.shell:Creating package descriptor '/home/oisin/ros2_ws/assign1/image_ws/install/assign1_interfaces/share/assign1_interfaces/package.dsv'
[11.138s] INFO:colcon.colcon_core.shell:Creating package script '/home/oisin/ros2_ws/assign1/image_ws/install/assign1_interfaces/share/assign1_interfaces/package.sh'
[11.138s] INFO:colcon.colcon_core.shell:Creating package script '/home/oisin/ros2_ws/assign1/image_ws/install/assign1_interfaces/share/assign1_interfaces/package.bash'
[11.140s] INFO:colcon.colcon_core.shell:Creating package script '/home/oisin/ros2_ws/assign1/image_ws/install/assign1_interfaces/share/assign1_interfaces/package.zsh'
[11.141s] Level 1:colcon.colcon_core.environment:create_file_with_runtime_dependencies(/home/oisin/ros2_ws/assign1/image_ws/install/assign1_interfaces/share/colcon-core/packages/assign1_interfaces)
[11.141s] Level 1:colcon.colcon_core.environment:create_environment_scripts_only(assign1_interfaces)
[11.141s] Level 1:colcon.colcon_core.environment:checking '/home/oisin/ros2_ws/assign1/image_ws/install/assign1_interfaces' for CMake module files
[11.142s] Level 1:colcon.colcon_core.environment:checking '/home/oisin/ros2_ws/assign1/image_ws/install/assign1_interfaces' for CMake config files
[11.143s] Level 1:colcon.colcon_core.shell:create_environment_hook('assign1_interfaces', 'cmake_prefix_path')
[11.143s] INFO:colcon.colcon_core.shell:Creating environment hook '/home/oisin/ros2_ws/assign1/image_ws/install/assign1_interfaces/share/assign1_interfaces/hook/cmake_prefix_path.ps1'
[11.143s] INFO:colcon.colcon_core.shell:Creating environment descriptor '/home/oisin/ros2_ws/assign1/image_ws/install/assign1_interfaces/share/assign1_interfaces/hook/cmake_prefix_path.dsv'
[11.144s] INFO:colcon.colcon_core.shell:Creating environment hook '/home/oisin/ros2_ws/assign1/image_ws/install/assign1_interfaces/share/assign1_interfaces/hook/cmake_prefix_path.sh'
[11.144s] Level 1:colcon.colcon_core.environment:checking '/home/oisin/ros2_ws/assign1/image_ws/install/assign1_interfaces/lib'
[11.144s] Level 1:colcon.colcon_core.shell:create_environment_hook('assign1_interfaces', 'ld_library_path_lib')
[11.145s] INFO:colcon.colcon_core.shell:Creating environment hook '/home/oisin/ros2_ws/assign1/image_ws/install/assign1_interfaces/share/assign1_interfaces/hook/ld_library_path_lib.ps1'
[11.145s] INFO:colcon.colcon_core.shell:Creating environment descriptor '/home/oisin/ros2_ws/assign1/image_ws/install/assign1_interfaces/share/assign1_interfaces/hook/ld_library_path_lib.dsv'
[11.145s] INFO:colcon.colcon_core.shell:Creating environment hook '/home/oisin/ros2_ws/assign1/image_ws/install/assign1_interfaces/share/assign1_interfaces/hook/ld_library_path_lib.sh'
[11.146s] Level 1:colcon.colcon_core.environment:checking '/home/oisin/ros2_ws/assign1/image_ws/install/assign1_interfaces/bin'
[11.146s] Level 1:colcon.colcon_core.environment:checking '/home/oisin/ros2_ws/assign1/image_ws/install/assign1_interfaces/lib/pkgconfig/assign1_interfaces.pc'
[11.146s] Level 1:colcon.colcon_core.environment:checking '/home/oisin/ros2_ws/assign1/image_ws/install/assign1_interfaces/lib/python3.12/site-packages'
[11.146s] Level 1:colcon.colcon_core.shell:create_environment_hook('assign1_interfaces', 'pythonpath')
[11.147s] INFO:colcon.colcon_core.shell:Creating environment hook '/home/oisin/ros2_ws/assign1/image_ws/install/assign1_interfaces/share/assign1_interfaces/hook/pythonpath.ps1'
[11.147s] INFO:colcon.colcon_core.shell:Creating environment descriptor '/home/oisin/ros2_ws/assign1/image_ws/install/assign1_interfaces/share/assign1_interfaces/hook/pythonpath.dsv'
[11.147s] INFO:colcon.colcon_core.shell:Creating environment hook '/home/oisin/ros2_ws/assign1/image_ws/install/assign1_interfaces/share/assign1_interfaces/hook/pythonpath.sh'
[11.148s] Level 1:colcon.colcon_core.environment:checking '/home/oisin/ros2_ws/assign1/image_ws/install/assign1_interfaces/bin'
[11.148s] INFO:colcon.colcon_core.shell:Creating package script '/home/oisin/ros2_ws/assign1/image_ws/install/assign1_interfaces/share/assign1_interfaces/package.ps1'
[11.149s] INFO:colcon.colcon_core.shell:Creating package descriptor '/home/oisin/ros2_ws/assign1/image_ws/install/assign1_interfaces/share/assign1_interfaces/package.dsv'
[11.149s] INFO:colcon.colcon_core.shell:Creating package script '/home/oisin/ros2_ws/assign1/image_ws/install/assign1_interfaces/share/assign1_interfaces/package.sh'
[11.150s] INFO:colcon.colcon_core.shell:Creating package script '/home/oisin/ros2_ws/assign1/image_ws/install/assign1_interfaces/share/assign1_interfaces/package.bash'
[11.150s] INFO:colcon.colcon_core.shell:Creating package script '/home/oisin/ros2_ws/assign1/image_ws/install/assign1_interfaces/share/assign1_interfaces/package.zsh'
[11.151s] Level 1:colcon.colcon_core.environment:create_file_with_runtime_dependencies(/home/oisin/ros2_ws/assign1/image_ws/install/assign1_interfaces/share/colcon-core/packages/assign1_interfaces)
[11.151s] DEBUG:colcon.colcon_parallel_executor.executor.parallel:closing loop
[11.151s] DEBUG:colcon.colcon_parallel_executor.executor.parallel:loop closed
[11.152s] DEBUG:colcon.colcon_parallel_executor.executor.parallel:run_until_complete finished with '0'
[11.152s] DEBUG:colcon.colcon_core.event_reactor:joining thread
[11.160s] INFO:colcon.colcon_core.plugin_system:Skipping extension 'colcon_notification.desktop_notification.terminal_notifier': Not used on non-Darwin systems
[11.160s] INFO:colcon.colcon_core.plugin_system:Skipping extension 'colcon_notification.desktop_notification.win32': Not used on non-Windows systems
[11.160s] INFO:colcon.colcon_notification.desktop_notification:Sending desktop notification using 'notify2'
[11.187s] DEBUG:colcon.colcon_core.event_reactor:joined thread
[11.188s] INFO:colcon.colcon_core.shell:Creating prefix script '/home/oisin/ros2_ws/assign1/image_ws/install/local_setup.ps1'
[11.189s] INFO:colcon.colcon_core.shell:Creating prefix util module '/home/oisin/ros2_ws/assign1/image_ws/install/_local_setup_util_ps1.py'
[11.191s] INFO:colcon.colcon_core.shell:Creating prefix chain script '/home/oisin/ros2_ws/assign1/image_ws/install/setup.ps1'
[11.192s] INFO:colcon.colcon_core.shell:Creating prefix script '/home/oisin/ros2_ws/assign1/image_ws/install/local_setup.sh'
[11.193s] INFO:colcon.colcon_core.shell:Creating prefix util module '/home/oisin/ros2_ws/assign1/image_ws/install/_local_setup_util_sh.py'
[11.194s] INFO:colcon.colcon_core.shell:Creating prefix chain script '/home/oisin/ros2_ws/assign1/image_ws/install/setup.sh'
[11.195s] INFO:colcon.colcon_core.shell:Creating prefix script '/home/oisin/ros2_ws/assign1/image_ws/install/local_setup.bash'
[11.195s] INFO:colcon.colcon_core.shell:Creating prefix chain script '/home/oisin/ros2_ws/assign1/image_ws/install/setup.bash'
[11.196s] INFO:colcon.colcon_core.shell:Creating prefix script '/home/oisin/ros2_ws/assign1/image_ws/install/local_setup.zsh'
[11.197s] INFO:colcon.colcon_core.shell:Creating prefix chain script '/home/oisin/ros2_ws/assign1/image_ws/install/setup.zsh'
