[0.027s] Invoking command in '/home/oisin/ros2_ws/assign1/image_ws/build/image_cpp': CMAKE_PREFIX_PATH=${CMAKE_PREFIX_PATH}:/opt/ros/jazzy DEBUGINFOD_URLS=https://debuginfod.ubuntu.com /usr/bin/cmake --build /home/oisin/ros2_ws/assign1/image_ws/build/image_cpp -- -j16 -l16
[0.182s] [ 50%] [32mBuilding CXX object CMakeFiles/brightnessEx.dir/src/brightness.cpp.o[0m
[9.642s] [100%] [32m[1mLinking CXX executable brightnessEx[0m
[9.832s] [100%] Built target brightnessEx
[9.843s] Invoked command in '/home/oisin/ros2_ws/assign1/image_ws/build/image_cpp' returned '0': CMAKE_PREFIX_PATH=${CMAKE_PREFIX_PATH}:/opt/ros/jazzy DEBUGINFOD_URLS=https://debuginfod.ubuntu.com /usr/bin/cmake --build /home/oisin/ros2_ws/assign1/image_ws/build/image_cpp -- -j16 -l16
[9.856s] Invoking command in '/home/oisin/ros2_ws/assign1/image_ws/build/image_cpp': CMAKE_PREFIX_PATH=${CMAKE_PREFIX_PATH}:/opt/ros/jazzy DEBUGINFOD_URLS=https://debuginfod.ubuntu.com /usr/bin/cmake --install /home/oisin/ros2_ws/assign1/image_ws/build/image_cpp
[9.862s] -- Install configuration: ""
[9.862s] -- Installing: /home/oisin/ros2_ws/assign1/image_ws/install/image_cpp/lib/image_cpp/brightnessEx
[9.868s] -- Set non-toolchain portion of runtime path of "/home/oisin/ros2_ws/assign1/image_ws/install/image_cpp/lib/image_cpp/brightnessEx" to ""
[9.868s] -- Up-to-date: /home/oisin/ros2_ws/assign1/image_ws/install/image_cpp/share/ament_index/resource_index/package_run_dependencies/image_cpp
[9.868s] -- Up-to-date: /home/oisin/ros2_ws/assign1/image_ws/install/image_cpp/share/ament_index/resource_index/parent_prefix_path/image_cpp
[9.868s] -- Up-to-date: /home/oisin/ros2_ws/assign1/image_ws/install/image_cpp/share/image_cpp/environment/ament_prefix_path.sh
[9.868s] -- Up-to-date: /home/oisin/ros2_ws/assign1/image_ws/install/image_cpp/share/image_cpp/environment/ament_prefix_path.dsv
[9.869s] -- Up-to-date: /home/oisin/ros2_ws/assign1/image_ws/install/image_cpp/share/image_cpp/environment/path.sh
[9.869s] -- Up-to-date: /home/oisin/ros2_ws/assign1/image_ws/install/image_cpp/share/image_cpp/environment/path.dsv
[9.869s] -- Up-to-date: /home/oisin/ros2_ws/assign1/image_ws/install/image_cpp/share/image_cpp/local_setup.bash
[9.869s] -- Up-to-date: /home/oisin/ros2_ws/assign1/image_ws/install/image_cpp/share/image_cpp/local_setup.sh
[9.869s] -- Up-to-date: /home/oisin/ros2_ws/assign1/image_ws/install/image_cpp/share/image_cpp/local_setup.zsh
[9.869s] -- Up-to-date: /home/oisin/ros2_ws/assign1/image_ws/install/image_cpp/share/image_cpp/local_setup.dsv
[9.869s] -- Installing: /home/oisin/ros2_ws/assign1/image_ws/install/image_cpp/share/image_cpp/package.dsv
[9.870s] -- Up-to-date: /home/oisin/ros2_ws/assign1/image_ws/install/image_cpp/share/ament_index/resource_index/packages/image_cpp
[9.870s] -- Up-to-date: /home/oisin/ros2_ws/assign1/image_ws/install/image_cpp/share/image_cpp/cmake/image_cppConfig.cmake
[9.870s] -- Up-to-date: /home/oisin/ros2_ws/assign1/image_ws/install/image_cpp/share/image_cpp/cmake/image_cppConfig-version.cmake
[9.870s] -- Up-to-date: /home/oisin/ros2_ws/assign1/image_ws/install/image_cpp/share/image_cpp/package.xml
[9.870s] Invoked command in '/home/oisin/ros2_ws/assign1/image_ws/build/image_cpp' returned '0': CMAKE_PREFIX_PATH=${CMAKE_PREFIX_PATH}:/opt/ros/jazzy DEBUGINFOD_URLS=https://debuginfod.ubuntu.com /usr/bin/cmake --install /home/oisin/ros2_ws/assign1/image_ws/build/image_cpp
