[0.024s] Invoking command in '/home/oisin/ros2_ws/assign1/image_ws/build/assign1_interfaces': CMAKE_PREFIX_PATH=${CMAKE_PREFIX_PATH}:/opt/ros/jazzy DEBUGINFOD_URLS=https://debuginfod.ubuntu.com /usr/bin/cmake --build /home/oisin/ros2_ws/assign1/image_ws/build/assign1_interfaces -- -j16 -l16
[0.154s] [  2%] Built target assign1_interfaces__rosidl_generator_type_description
[0.178s] [  2%] Built target ament_cmake_python_copy_assign1_interfaces
[0.204s] [  5%] Built target assign1_interfaces__cpp
[0.209s] [ 20%] Built target assign1_interfaces__rosidl_generator_c
[0.262s] [ 41%] Built target assign1_interfaces__rosidl_typesupport_introspection_c
[0.263s] [ 41%] Built target assign1_interfaces__rosidl_typesupport_c
[0.263s] [ 47%] Built target assign1_interfaces__rosidl_typesupport_introspection_cpp
[0.265s] [ 64%] Built target assign1_interfaces__rosidl_typesupport_fastrtps_c
[0.265s] [ 64%] Built target assign1_interfaces__rosidl_typesupport_cpp
[0.266s] [ 73%] Built target assign1_interfaces__rosidl_typesupport_fastrtps_cpp
[0.324s] [ 73%] Built target assign1_interfaces
[0.376s] [ 76%] Built target assign1_interfaces__py
[0.439s] [ 82%] Built target assign1_interfaces__rosidl_generator_py
[0.497s] [100%] Built target assign1_interfaces_s__rosidl_typesupport_fastrtps_c
[0.498s] [100%] Built target assign1_interfaces_s__rosidl_typesupport_c
[0.498s] [100%] Built target assign1_interfaces_s__rosidl_typesupport_introspection_c
[0.638s] running egg_info
[0.672s] writing assign1_interfaces.egg-info/PKG-INFO
[0.672s] writing dependency_links to assign1_interfaces.egg-info/dependency_links.txt
[0.673s] writing top-level names to assign1_interfaces.egg-info/top_level.txt
[0.773s] reading manifest file 'assign1_interfaces.egg-info/SOURCES.txt'
[0.774s] writing manifest file 'assign1_interfaces.egg-info/SOURCES.txt'
[0.857s] [100%] Built target ament_cmake_python_build_assign1_interfaces_egg
[0.887s] Invoked command in '/home/oisin/ros2_ws/assign1/image_ws/build/assign1_interfaces' returned '0': CMAKE_PREFIX_PATH=${CMAKE_PREFIX_PATH}:/opt/ros/jazzy DEBUGINFOD_URLS=https://debuginfod.ubuntu.com /usr/bin/cmake --build /home/oisin/ros2_ws/assign1/image_ws/build/assign1_interfaces -- -j16 -l16
[0.915s] Invoking command in '/home/oisin/ros2_ws/assign1/image_ws/build/assign1_interfaces': CMAKE_PREFIX_PATH=${CMAKE_PREFIX_PATH}:/opt/ros/jazzy DEBUGINFOD_URLS=https://debuginfod.ubuntu.com /usr/bin/cmake --install /home/oisin/ros2_ws/assign1/image_ws/build/assign1_interfaces
[0.939s] -- Install configuration: ""
[0.939s] -- Up-to-date: /home/oisin/ros2_ws/assign1/image_ws/install/assign1_interfaces/share/ament_index/resource_index/rosidl_interfaces/assign1_interfaces
[0.940s] -- Up-to-date: /home/oisin/ros2_ws/assign1/image_ws/install/assign1_interfaces/share/assign1_interfaces/msg/PixelCoordinates.json
[0.940s] -- Up-to-date: /home/oisin/ros2_ws/assign1/image_ws/install/assign1_interfaces/include/assign1_interfaces/assign1_interfaces
[0.940s] -- Up-to-date: /home/oisin/ros2_ws/assign1/image_ws/install/assign1_interfaces/include/assign1_interfaces/assign1_interfaces/msg
[0.940s] -- Up-to-date: /home/oisin/ros2_ws/assign1/image_ws/install/assign1_interfaces/include/assign1_interfaces/assign1_interfaces/msg/rosidl_generator_c__visibility_control.h
[0.941s] -- Up-to-date: /home/oisin/ros2_ws/assign1/image_ws/install/assign1_interfaces/include/assign1_interfaces/assign1_interfaces/msg/detail
[0.941s] -- Up-to-date: /home/oisin/ros2_ws/assign1/image_ws/install/assign1_interfaces/include/assign1_interfaces/assign1_interfaces/msg/detail/pixel_coordinates__struct.h
[0.941s] -- Up-to-date: /home/oisin/ros2_ws/assign1/image_ws/install/assign1_interfaces/include/assign1_interfaces/assign1_interfaces/msg/detail/pixel_coordinates__type_support.c
[0.941s] -- Up-to-date: /home/oisin/ros2_ws/assign1/image_ws/install/assign1_interfaces/include/assign1_interfaces/assign1_interfaces/msg/detail/pixel_coordinates__functions.h
[0.942s] -- Up-to-date: /home/oisin/ros2_ws/assign1/image_ws/install/assign1_interfaces/include/assign1_interfaces/assign1_interfaces/msg/detail/pixel_coordinates__description.c
[0.942s] -- Up-to-date: /home/oisin/ros2_ws/assign1/image_ws/install/assign1_interfaces/include/assign1_interfaces/assign1_interfaces/msg/detail/pixel_coordinates__functions.c
[0.942s] -- Up-to-date: /home/oisin/ros2_ws/assign1/image_ws/install/assign1_interfaces/include/assign1_interfaces/assign1_interfaces/msg/detail/pixel_coordinates__type_support.h
[0.942s] -- Up-to-date: /home/oisin/ros2_ws/assign1/image_ws/install/assign1_interfaces/include/assign1_interfaces/assign1_interfaces/msg/pixel_coordinates.h
[0.942s] -- Up-to-date: /home/oisin/ros2_ws/assign1/image_ws/install/assign1_interfaces/share/assign1_interfaces/environment/library_path.sh
[0.942s] -- Up-to-date: /home/oisin/ros2_ws/assign1/image_ws/install/assign1_interfaces/share/assign1_interfaces/environment/library_path.dsv
[0.942s] -- Up-to-date: /home/oisin/ros2_ws/assign1/image_ws/install/assign1_interfaces/lib/libassign1_interfaces__rosidl_generator_c.so
[0.943s] -- Up-to-date: /home/oisin/ros2_ws/assign1/image_ws/install/assign1_interfaces/include/assign1_interfaces/assign1_interfaces
[0.943s] -- Up-to-date: /home/oisin/ros2_ws/assign1/image_ws/install/assign1_interfaces/include/assign1_interfaces/assign1_interfaces/msg
[0.943s] -- Up-to-date: /home/oisin/ros2_ws/assign1/image_ws/install/assign1_interfaces/include/assign1_interfaces/assign1_interfaces/msg/rosidl_typesupport_fastrtps_c__visibility_control.h
[0.943s] -- Up-to-date: /home/oisin/ros2_ws/assign1/image_ws/install/assign1_interfaces/include/assign1_interfaces/assign1_interfaces/msg/detail
[0.943s] -- Up-to-date: /home/oisin/ros2_ws/assign1/image_ws/install/assign1_interfaces/include/assign1_interfaces/assign1_interfaces/msg/detail/pixel_coordinates__rosidl_typesupport_fastrtps_c.h
[0.943s] -- Up-to-date: /home/oisin/ros2_ws/assign1/image_ws/install/assign1_interfaces/lib/libassign1_interfaces__rosidl_typesupport_fastrtps_c.so
[0.944s] -- Up-to-date: /home/oisin/ros2_ws/assign1/image_ws/install/assign1_interfaces/include/assign1_interfaces/assign1_interfaces
[0.944s] -- Up-to-date: /home/oisin/ros2_ws/assign1/image_ws/install/assign1_interfaces/include/assign1_interfaces/assign1_interfaces/msg
[0.944s] -- Up-to-date: /home/oisin/ros2_ws/assign1/image_ws/install/assign1_interfaces/include/assign1_interfaces/assign1_interfaces/msg/rosidl_typesupport_introspection_c__visibility_control.h
[0.944s] -- Up-to-date: /home/oisin/ros2_ws/assign1/image_ws/install/assign1_interfaces/include/assign1_interfaces/assign1_interfaces/msg/detail
[0.944s] -- Up-to-date: /home/oisin/ros2_ws/assign1/image_ws/install/assign1_interfaces/include/assign1_interfaces/assign1_interfaces/msg/detail/pixel_coordinates__type_support.c
[0.944s] -- Up-to-date: /home/oisin/ros2_ws/assign1/image_ws/install/assign1_interfaces/include/assign1_interfaces/assign1_interfaces/msg/detail/pixel_coordinates__rosidl_typesupport_introspection_c.h
[0.945s] -- Up-to-date: /home/oisin/ros2_ws/assign1/image_ws/install/assign1_interfaces/lib/libassign1_interfaces__rosidl_typesupport_introspection_c.so
[0.945s] -- Up-to-date: /home/oisin/ros2_ws/assign1/image_ws/install/assign1_interfaces/lib/libassign1_interfaces__rosidl_typesupport_c.so
[0.945s] -- Up-to-date: /home/oisin/ros2_ws/assign1/image_ws/install/assign1_interfaces/include/assign1_interfaces/assign1_interfaces
[0.945s] -- Up-to-date: /home/oisin/ros2_ws/assign1/image_ws/install/assign1_interfaces/include/assign1_interfaces/assign1_interfaces/msg
[0.945s] -- Up-to-date: /home/oisin/ros2_ws/assign1/image_ws/install/assign1_interfaces/include/assign1_interfaces/assign1_interfaces/msg/rosidl_generator_cpp__visibility_control.hpp
[0.945s] -- Up-to-date: /home/oisin/ros2_ws/assign1/image_ws/install/assign1_interfaces/include/assign1_interfaces/assign1_interfaces/msg/pixel_coordinates.hpp
[0.946s] -- Up-to-date: /home/oisin/ros2_ws/assign1/image_ws/install/assign1_interfaces/include/assign1_interfaces/assign1_interfaces/msg/detail
[0.946s] -- Up-to-date: /home/oisin/ros2_ws/assign1/image_ws/install/assign1_interfaces/include/assign1_interfaces/assign1_interfaces/msg/detail/pixel_coordinates__type_support.hpp
[0.946s] -- Up-to-date: /home/oisin/ros2_ws/assign1/image_ws/install/assign1_interfaces/include/assign1_interfaces/assign1_interfaces/msg/detail/pixel_coordinates__builder.hpp
[0.946s] -- Up-to-date: /home/oisin/ros2_ws/assign1/image_ws/install/assign1_interfaces/include/assign1_interfaces/assign1_interfaces/msg/detail/pixel_coordinates__traits.hpp
[0.946s] -- Up-to-date: /home/oisin/ros2_ws/assign1/image_ws/install/assign1_interfaces/include/assign1_interfaces/assign1_interfaces/msg/detail/pixel_coordinates__struct.hpp
[0.946s] -- Up-to-date: /home/oisin/ros2_ws/assign1/image_ws/install/assign1_interfaces/include/assign1_interfaces/assign1_interfaces
[0.946s] -- Up-to-date: /home/oisin/ros2_ws/assign1/image_ws/install/assign1_interfaces/include/assign1_interfaces/assign1_interfaces/msg
[0.947s] -- Up-to-date: /home/oisin/ros2_ws/assign1/image_ws/install/assign1_interfaces/include/assign1_interfaces/assign1_interfaces/msg/rosidl_typesupport_fastrtps_cpp__visibility_control.h
[0.947s] -- Up-to-date: /home/oisin/ros2_ws/assign1/image_ws/install/assign1_interfaces/include/assign1_interfaces/assign1_interfaces/msg/detail
[0.947s] -- Up-to-date: /home/oisin/ros2_ws/assign1/image_ws/install/assign1_interfaces/include/assign1_interfaces/assign1_interfaces/msg/detail/pixel_coordinates__rosidl_typesupport_fastrtps_cpp.hpp
[0.947s] -- Up-to-date: /home/oisin/ros2_ws/assign1/image_ws/install/assign1_interfaces/include/assign1_interfaces/assign1_interfaces/msg/detail/dds_fastrtps
[0.947s] -- Up-to-date: /home/oisin/ros2_ws/assign1/image_ws/install/assign1_interfaces/lib/libassign1_interfaces__rosidl_typesupport_fastrtps_cpp.so
[0.947s] -- Up-to-date: /home/oisin/ros2_ws/assign1/image_ws/install/assign1_interfaces/include/assign1_interfaces/assign1_interfaces
[0.948s] -- Up-to-date: /home/oisin/ros2_ws/assign1/image_ws/install/assign1_interfaces/include/assign1_interfaces/assign1_interfaces/msg
[0.948s] -- Up-to-date: /home/oisin/ros2_ws/assign1/image_ws/install/assign1_interfaces/include/assign1_interfaces/assign1_interfaces/msg/detail
[0.948s] -- Up-to-date: /home/oisin/ros2_ws/assign1/image_ws/install/assign1_interfaces/include/assign1_interfaces/assign1_interfaces/msg/detail/pixel_coordinates__type_support.cpp
[0.948s] -- Up-to-date: /home/oisin/ros2_ws/assign1/image_ws/install/assign1_interfaces/include/assign1_interfaces/assign1_interfaces/msg/detail/pixel_coordinates__rosidl_typesupport_introspection_cpp.hpp
[0.948s] -- Up-to-date: /home/oisin/ros2_ws/assign1/image_ws/install/assign1_interfaces/lib/libassign1_interfaces__rosidl_typesupport_introspection_cpp.so
[0.948s] -- Up-to-date: /home/oisin/ros2_ws/assign1/image_ws/install/assign1_interfaces/lib/libassign1_interfaces__rosidl_typesupport_cpp.so
[0.949s] -- Up-to-date: /home/oisin/ros2_ws/assign1/image_ws/install/assign1_interfaces/share/assign1_interfaces/environment/pythonpath.sh
[0.949s] -- Up-to-date: /home/oisin/ros2_ws/assign1/image_ws/install/assign1_interfaces/share/assign1_interfaces/environment/pythonpath.dsv
[0.949s] -- Up-to-date: /home/oisin/ros2_ws/assign1/image_ws/install/assign1_interfaces/lib/python3.12/site-packages/assign1_interfaces-0.0.0-py3.12.egg-info
[0.949s] -- Installing: /home/oisin/ros2_ws/assign1/image_ws/install/assign1_interfaces/lib/python3.12/site-packages/assign1_interfaces-0.0.0-py3.12.egg-info/PKG-INFO
[0.949s] -- Installing: /home/oisin/ros2_ws/assign1/image_ws/install/assign1_interfaces/lib/python3.12/site-packages/assign1_interfaces-0.0.0-py3.12.egg-info/top_level.txt
[0.950s] -- Installing: /home/oisin/ros2_ws/assign1/image_ws/install/assign1_interfaces/lib/python3.12/site-packages/assign1_interfaces-0.0.0-py3.12.egg-info/dependency_links.txt
[0.950s] -- Installing: /home/oisin/ros2_ws/assign1/image_ws/install/assign1_interfaces/lib/python3.12/site-packages/assign1_interfaces-0.0.0-py3.12.egg-info/SOURCES.txt
[0.950s] -- Up-to-date: /home/oisin/ros2_ws/assign1/image_ws/install/assign1_interfaces/lib/python3.12/site-packages/assign1_interfaces
[0.950s] -- Up-to-date: /home/oisin/ros2_ws/assign1/image_ws/install/assign1_interfaces/lib/python3.12/site-packages/assign1_interfaces/__init__.py
[0.950s] -- Up-to-date: /home/oisin/ros2_ws/assign1/image_ws/install/assign1_interfaces/lib/python3.12/site-packages/assign1_interfaces/_assign1_interfaces_s.ep.rosidl_typesupport_fastrtps_c.c
[0.950s] -- Up-to-date: /home/oisin/ros2_ws/assign1/image_ws/install/assign1_interfaces/lib/python3.12/site-packages/assign1_interfaces/_assign1_interfaces_s.ep.rosidl_typesupport_introspection_c.c
[0.951s] -- Up-to-date: /home/oisin/ros2_ws/assign1/image_ws/install/assign1_interfaces/lib/python3.12/site-packages/assign1_interfaces/_assign1_interfaces_s.ep.rosidl_typesupport_c.c
[0.951s] -- Up-to-date: /home/oisin/ros2_ws/assign1/image_ws/install/assign1_interfaces/lib/python3.12/site-packages/assign1_interfaces/assign1_interfaces_s__rosidl_typesupport_introspection_c.so
[0.951s] -- Up-to-date: /home/oisin/ros2_ws/assign1/image_ws/install/assign1_interfaces/lib/python3.12/site-packages/assign1_interfaces/msg
[0.951s] -- Up-to-date: /home/oisin/ros2_ws/assign1/image_ws/install/assign1_interfaces/lib/python3.12/site-packages/assign1_interfaces/msg/__init__.py
[0.951s] -- Up-to-date: /home/oisin/ros2_ws/assign1/image_ws/install/assign1_interfaces/lib/python3.12/site-packages/assign1_interfaces/msg/_pixel_coordinates.py
[0.951s] -- Up-to-date: /home/oisin/ros2_ws/assign1/image_ws/install/assign1_interfaces/lib/python3.12/site-packages/assign1_interfaces/msg/_pixel_coordinates_s.c
[0.951s] -- Up-to-date: /home/oisin/ros2_ws/assign1/image_ws/install/assign1_interfaces/lib/python3.12/site-packages/assign1_interfaces/assign1_interfaces_s__rosidl_typesupport_fastrtps_c.so
[0.951s] -- Up-to-date: /home/oisin/ros2_ws/assign1/image_ws/install/assign1_interfaces/lib/python3.12/site-packages/assign1_interfaces/assign1_interfaces_s__rosidl_typesupport_c.so
[1.032s] Listing '/home/oisin/ros2_ws/assign1/image_ws/install/assign1_interfaces/lib/python3.12/site-packages/assign1_interfaces'...
[1.032s] Listing '/home/oisin/ros2_ws/assign1/image_ws/install/assign1_interfaces/lib/python3.12/site-packages/assign1_interfaces/msg'...
[1.046s] -- Up-to-date: /home/oisin/ros2_ws/assign1/image_ws/install/assign1_interfaces/lib/python3.12/site-packages/assign1_interfaces/assign1_interfaces_s__rosidl_typesupport_fastrtps_c.so
[1.047s] -- Up-to-date: /home/oisin/ros2_ws/assign1/image_ws/install/assign1_interfaces/lib/python3.12/site-packages/assign1_interfaces/assign1_interfaces_s__rosidl_typesupport_introspection_c.so
[1.047s] -- Up-to-date: /home/oisin/ros2_ws/assign1/image_ws/install/assign1_interfaces/lib/python3.12/site-packages/assign1_interfaces/assign1_interfaces_s__rosidl_typesupport_c.so
[1.048s] -- Up-to-date: /home/oisin/ros2_ws/assign1/image_ws/install/assign1_interfaces/lib/libassign1_interfaces__rosidl_generator_py.so
[1.049s] -- Up-to-date: /home/oisin/ros2_ws/assign1/image_ws/install/assign1_interfaces/share/assign1_interfaces/msg/PixelCoordinates.idl
[1.049s] -- Up-to-date: /home/oisin/ros2_ws/assign1/image_ws/install/assign1_interfaces/share/assign1_interfaces/msg/PixelCoordinates.msg
[1.049s] -- Up-to-date: /home/oisin/ros2_ws/assign1/image_ws/install/assign1_interfaces/share/ament_index/resource_index/package_run_dependencies/assign1_interfaces
[1.049s] -- Up-to-date: /home/oisin/ros2_ws/assign1/image_ws/install/assign1_interfaces/share/ament_index/resource_index/parent_prefix_path/assign1_interfaces
[1.050s] -- Up-to-date: /home/oisin/ros2_ws/assign1/image_ws/install/assign1_interfaces/share/assign1_interfaces/environment/ament_prefix_path.sh
[1.050s] -- Up-to-date: /home/oisin/ros2_ws/assign1/image_ws/install/assign1_interfaces/share/assign1_interfaces/environment/ament_prefix_path.dsv
[1.050s] -- Up-to-date: /home/oisin/ros2_ws/assign1/image_ws/install/assign1_interfaces/share/assign1_interfaces/environment/path.sh
[1.050s] -- Up-to-date: /home/oisin/ros2_ws/assign1/image_ws/install/assign1_interfaces/share/assign1_interfaces/environment/path.dsv
[1.051s] -- Up-to-date: /home/oisin/ros2_ws/assign1/image_ws/install/assign1_interfaces/share/assign1_interfaces/local_setup.bash
[1.051s] -- Up-to-date: /home/oisin/ros2_ws/assign1/image_ws/install/assign1_interfaces/share/assign1_interfaces/local_setup.sh
[1.051s] -- Up-to-date: /home/oisin/ros2_ws/assign1/image_ws/install/assign1_interfaces/share/assign1_interfaces/local_setup.zsh
[1.051s] -- Up-to-date: /home/oisin/ros2_ws/assign1/image_ws/install/assign1_interfaces/share/assign1_interfaces/local_setup.dsv
[1.051s] -- Installing: /home/oisin/ros2_ws/assign1/image_ws/install/assign1_interfaces/share/assign1_interfaces/package.dsv
[1.051s] -- Up-to-date: /home/oisin/ros2_ws/assign1/image_ws/install/assign1_interfaces/share/ament_index/resource_index/packages/assign1_interfaces
[1.052s] -- Up-to-date: /home/oisin/ros2_ws/assign1/image_ws/install/assign1_interfaces/share/assign1_interfaces/cmake/export_assign1_interfaces__rosidl_generator_cExport.cmake
[1.052s] -- Up-to-date: /home/oisin/ros2_ws/assign1/image_ws/install/assign1_interfaces/share/assign1_interfaces/cmake/export_assign1_interfaces__rosidl_generator_cExport-noconfig.cmake
[1.052s] -- Up-to-date: /home/oisin/ros2_ws/assign1/image_ws/install/assign1_interfaces/share/assign1_interfaces/cmake/export_assign1_interfaces__rosidl_typesupport_fastrtps_cExport.cmake
[1.052s] -- Up-to-date: /home/oisin/ros2_ws/assign1/image_ws/install/assign1_interfaces/share/assign1_interfaces/cmake/export_assign1_interfaces__rosidl_typesupport_fastrtps_cExport-noconfig.cmake
[1.052s] -- Up-to-date: /home/oisin/ros2_ws/assign1/image_ws/install/assign1_interfaces/share/assign1_interfaces/cmake/assign1_interfaces__rosidl_typesupport_introspection_cExport.cmake
[1.052s] -- Up-to-date: /home/oisin/ros2_ws/assign1/image_ws/install/assign1_interfaces/share/assign1_interfaces/cmake/assign1_interfaces__rosidl_typesupport_introspection_cExport-noconfig.cmake
[1.053s] -- Up-to-date: /home/oisin/ros2_ws/assign1/image_ws/install/assign1_interfaces/share/assign1_interfaces/cmake/assign1_interfaces__rosidl_typesupport_cExport.cmake
[1.053s] -- Up-to-date: /home/oisin/ros2_ws/assign1/image_ws/install/assign1_interfaces/share/assign1_interfaces/cmake/assign1_interfaces__rosidl_typesupport_cExport-noconfig.cmake
[1.053s] -- Up-to-date: /home/oisin/ros2_ws/assign1/image_ws/install/assign1_interfaces/share/assign1_interfaces/cmake/export_assign1_interfaces__rosidl_generator_cppExport.cmake
[1.053s] -- Up-to-date: /home/oisin/ros2_ws/assign1/image_ws/install/assign1_interfaces/share/assign1_interfaces/cmake/export_assign1_interfaces__rosidl_typesupport_fastrtps_cppExport.cmake
[1.053s] -- Up-to-date: /home/oisin/ros2_ws/assign1/image_ws/install/assign1_interfaces/share/assign1_interfaces/cmake/export_assign1_interfaces__rosidl_typesupport_fastrtps_cppExport-noconfig.cmake
[1.053s] -- Up-to-date: /home/oisin/ros2_ws/assign1/image_ws/install/assign1_interfaces/share/assign1_interfaces/cmake/assign1_interfaces__rosidl_typesupport_introspection_cppExport.cmake
[1.054s] -- Up-to-date: /home/oisin/ros2_ws/assign1/image_ws/install/assign1_interfaces/share/assign1_interfaces/cmake/assign1_interfaces__rosidl_typesupport_introspection_cppExport-noconfig.cmake
[1.054s] -- Up-to-date: /home/oisin/ros2_ws/assign1/image_ws/install/assign1_interfaces/share/assign1_interfaces/cmake/assign1_interfaces__rosidl_typesupport_cppExport.cmake
[1.055s] -- Up-to-date: /home/oisin/ros2_ws/assign1/image_ws/install/assign1_interfaces/share/assign1_interfaces/cmake/assign1_interfaces__rosidl_typesupport_cppExport-noconfig.cmake
[1.055s] -- Up-to-date: /home/oisin/ros2_ws/assign1/image_ws/install/assign1_interfaces/share/assign1_interfaces/cmake/export_assign1_interfaces__rosidl_generator_pyExport.cmake
[1.055s] -- Up-to-date: /home/oisin/ros2_ws/assign1/image_ws/install/assign1_interfaces/share/assign1_interfaces/cmake/export_assign1_interfaces__rosidl_generator_pyExport-noconfig.cmake
[1.055s] -- Up-to-date: /home/oisin/ros2_ws/assign1/image_ws/install/assign1_interfaces/share/assign1_interfaces/cmake/rosidl_cmake-extras.cmake
[1.055s] -- Up-to-date: /home/oisin/ros2_ws/assign1/image_ws/install/assign1_interfaces/share/assign1_interfaces/cmake/ament_cmake_export_include_directories-extras.cmake
[1.056s] -- Up-to-date: /home/oisin/ros2_ws/assign1/image_ws/install/assign1_interfaces/share/assign1_interfaces/cmake/ament_cmake_export_libraries-extras.cmake
[1.056s] -- Up-to-date: /home/oisin/ros2_ws/assign1/image_ws/install/assign1_interfaces/share/assign1_interfaces/cmake/ament_cmake_export_targets-extras.cmake
[1.056s] -- Up-to-date: /home/oisin/ros2_ws/assign1/image_ws/install/assign1_interfaces/share/assign1_interfaces/cmake/rosidl_cmake_export_typesupport_targets-extras.cmake
[1.056s] -- Up-to-date: /home/oisin/ros2_ws/assign1/image_ws/install/assign1_interfaces/share/assign1_interfaces/cmake/ament_cmake_export_dependencies-extras.cmake
[1.056s] -- Up-to-date: /home/oisin/ros2_ws/assign1/image_ws/install/assign1_interfaces/share/assign1_interfaces/cmake/rosidl_cmake_export_typesupport_libraries-extras.cmake
[1.056s] -- Up-to-date: /home/oisin/ros2_ws/assign1/image_ws/install/assign1_interfaces/share/assign1_interfaces/cmake/assign1_interfacesConfig.cmake
[1.056s] -- Up-to-date: /home/oisin/ros2_ws/assign1/image_ws/install/assign1_interfaces/share/assign1_interfaces/cmake/assign1_interfacesConfig-version.cmake
[1.056s] -- Up-to-date: /home/oisin/ros2_ws/assign1/image_ws/install/assign1_interfaces/share/assign1_interfaces/package.xml
[1.061s] Invoked command in '/home/oisin/ros2_ws/assign1/image_ws/build/assign1_interfaces' returned '0': CMAKE_PREFIX_PATH=${CMAKE_PREFIX_PATH}:/opt/ros/jazzy DEBUGINFOD_URLS=https://debuginfod.ubuntu.com /usr/bin/cmake --install /home/oisin/ros2_ws/assign1/image_ws/build/assign1_interfaces
