-- The C compiler identification is GNU 13.3.0
-- The CXX compiler identification is GNU 13.3.0
-- Detecting C compiler ABI info
-- Detecting C compiler ABI info - done
-- Check for working C compiler: /usr/bin/cc - skipped
-- Detecting C compile features
-- Detecting C compile features - done
-- Detecting CXX compiler ABI info
-- Detecting CXX compiler ABI info - done
-- Check for working CXX compiler: /usr/bin/c++ - skipped
-- Detecting CXX compile features
-- Detecting CXX compile features - done
-- Found ament_cmake: 2.5.3 (/opt/ros/jazzy/share/ament_cmake/cmake)
-- Found Python3: /usr/bin/python3 (found version "3.12.3") found components: Interpreter 
-- Found rclcpp: 28.1.6 (/opt/ros/jazzy/share/rclcpp/cmake)
-- Found rosidl_generator_c: 4.6.5 (/opt/ros/jazzy/share/rosidl_generator_c/cmake)
-- Found rosidl_generator_cpp: 4.6.5 (/opt/ros/jazzy/share/rosidl_generator_cpp/cmake)
-- Using all available rosidl_typesupport_c: rosidl_typesupport_fastrtps_c;rosidl_typesupport_introspection_c
-- Using all available rosidl_typesupport_cpp: rosidl_typesupport_fastrtps_cpp;rosidl_typesupport_introspection_cpp
-- Found rmw_implementation_cmake: 7.3.1 (/opt/ros/jazzy/share/rmw_implementation_cmake/cmake)
-- Found rmw_fastrtps_cpp: 8.4.1 (/opt/ros/jazzy/share/rmw_fastrtps_cpp/cmake)
-- Found OpenSSL: /usr/lib/x86_64-linux-gnu/libcrypto.so (found version "3.0.13")  
-- Found FastRTPS: /opt/ros/jazzy/include (Required is at least version "2.13") 
-- Using RMW implementation 'rmw_fastrtps_cpp' as default
-- Found example_interfaces: 0.12.0 (/opt/ros/jazzy/share/example_interfaces/cmake)
-- Found geometry_msgs: 5.3.5 (/opt/ros/jazzy/share/geometry_msgs/cmake)
-- Found sensor_msgs: 5.3.5 (/opt/ros/jazzy/share/sensor_msgs/cmake)
-- Found OpenCV: /usr (found version "4.6.0") found components: core highgui imgcodecs imgproc videoio 
-- Found cv_bridge: 4.1.0 (/opt/ros/jazzy/share/cv_bridge/cmake)
-- Found ament_lint_auto: 0.17.1 (/opt/ros/jazzy/share/ament_lint_auto/cmake)
-- Added test 'copyright' to check source files copyright and LICENSE
-- Added test 'cppcheck' to perform static code analysis on C / C++ code
-- Configured cppcheck include dirs: /home/oisin/ros2_ws/assign1_ws/src/relbot_simulator/include;/home/oisin/ros2_ws/assign1_ws/src/relbot_simulator/common;$<BUILD_INTERFACE:/home/oisin/ros2_ws/assign1_ws/src/relbot_simulator/include>;$<BUILD_INTERFACE:/home/oisin/ros2_ws/assign1_ws/src/relbot_simulator/common>
-- Configured cppcheck exclude dirs and/or files: 
-- Added test 'cpplint' to check C / C++ code against the Google style
-- Configured cpplint exclude dirs and/or files: 
-- Added test 'flake8' to check Python code syntax and style conventions
-- Configured 'flake8' exclude dirs and/or files: 
-- Added test 'lint_cmake' to check CMake code style
-- Added test 'pep257' to check Python code against some of the docstring style conventions in PEP 257
-- Added test 'uncrustify' to check C / C++ code style
-- Configured uncrustify additional arguments: 
-- Added test 'xmllint' to check XML markup files
-- Configuring done (1.1s)
-- Generating done (0.0s)
-- Build files have been written to: /home/oisin/ros2_ws/assign1_ws/build/relbot_simulator
[ 44%] [32mBuilding CXX object CMakeFiles/relbot_simulator.dir/src/Plant.cpp.o[0m
[ 44%] [32mBuilding CXX object CMakeFiles/relbot_simulator.dir/common/xxfuncs.cpp.o[0m
[ 44%] [32mBuilding CXX object CMakeFiles/relbot_simulator.dir/common/EulerAngles.cpp.o[0m
[ 44%] [32mBuilding CXX object CMakeFiles/relbot_simulator.dir/common/xxinteg.cpp.o[0m
[ 55%] [32mBuilding CXX object CMakeFiles/relbot_simulator.dir/src/relbot_simulator.cpp.o[0m
[ 66%] [32mBuilding CXX object CMakeFiles/relbot_simulator.dir/common/xxmatrix.cpp.o[0m
[ 77%] [32mBuilding CXX object CMakeFiles/relbot_simulator.dir/common/xxinverse.cpp.o[0m
[ 88%] [32mBuilding CXX object CMakeFiles/relbot_simulator.dir/common/MotionProfiles.cpp.o[0m
[100%] [32m[1mLinking CXX executable relbot_simulator[0m
[100%] Built target relbot_simulator
-- Install configuration: ""
-- Installing: /home/oisin/ros2_ws/assign1_ws/install/relbot_simulator/lib/relbot_simulator/relbot_simulator
-- Set non-toolchain portion of runtime path of "/home/oisin/ros2_ws/assign1_ws/install/relbot_simulator/lib/relbot_simulator/relbot_simulator" to ""
-- Installing: /home/oisin/ros2_ws/assign1_ws/install/relbot_simulator/include
-- Installing: /home/oisin/ros2_ws/assign1_ws/install/relbot_simulator/include/xxfuncs.h
-- Installing: /home/oisin/ros2_ws/assign1_ws/install/relbot_simulator/include/xxinverse.h
-- Installing: /home/oisin/ros2_ws/assign1_ws/install/relbot_simulator/include/xxmatrix.h
-- Installing: /home/oisin/ros2_ws/assign1_ws/install/relbot_simulator/include/xxmodel.h
-- Installing: /home/oisin/ros2_ws/assign1_ws/install/relbot_simulator/include/xxtypes.h
-- Installing: /home/oisin/ros2_ws/assign1_ws/install/relbot_simulator/include/EulerAngles.h
-- Installing: /home/oisin/ros2_ws/assign1_ws/install/relbot_simulator/include/MotionProfiles.cpp
-- Installing: /home/oisin/ros2_ws/assign1_ws/install/relbot_simulator/include/xxfuncs.cpp
-- Installing: /home/oisin/ros2_ws/assign1_ws/install/relbot_simulator/include/xxmatrix.cpp
-- Installing: /home/oisin/ros2_ws/assign1_ws/install/relbot_simulator/include/xxinverse.cpp
-- Installing: /home/oisin/ros2_ws/assign1_ws/install/relbot_simulator/include/xxinteg.h
-- Installing: /home/oisin/ros2_ws/assign1_ws/install/relbot_simulator/include/xxinteg.cpp
-- Installing: /home/oisin/ros2_ws/assign1_ws/install/relbot_simulator/include/EulerAngles.cpp
-- Installing: /home/oisin/ros2_ws/assign1_ws/install/relbot_simulator/include/MotionProfiles.h
-- Installing: /home/oisin/ros2_ws/assign1_ws/install/relbot_simulator/share/ament_index/resource_index/package_run_dependencies/relbot_simulator
-- Installing: /home/oisin/ros2_ws/assign1_ws/install/relbot_simulator/share/ament_index/resource_index/parent_prefix_path/relbot_simulator
-- Installing: /home/oisin/ros2_ws/assign1_ws/install/relbot_simulator/share/relbot_simulator/environment/ament_prefix_path.sh
-- Installing: /home/oisin/ros2_ws/assign1_ws/install/relbot_simulator/share/relbot_simulator/environment/ament_prefix_path.dsv
-- Installing: /home/oisin/ros2_ws/assign1_ws/install/relbot_simulator/share/relbot_simulator/environment/path.sh
-- Installing: /home/oisin/ros2_ws/assign1_ws/install/relbot_simulator/share/relbot_simulator/environment/path.dsv
-- Installing: /home/oisin/ros2_ws/assign1_ws/install/relbot_simulator/share/relbot_simulator/local_setup.bash
-- Installing: /home/oisin/ros2_ws/assign1_ws/install/relbot_simulator/share/relbot_simulator/local_setup.sh
-- Installing: /home/oisin/ros2_ws/assign1_ws/install/relbot_simulator/share/relbot_simulator/local_setup.zsh
-- Installing: /home/oisin/ros2_ws/assign1_ws/install/relbot_simulator/share/relbot_simulator/local_setup.dsv
-- Installing: /home/oisin/ros2_ws/assign1_ws/install/relbot_simulator/share/relbot_simulator/package.dsv
-- Installing: /home/oisin/ros2_ws/assign1_ws/install/relbot_simulator/share/ament_index/resource_index/packages/relbot_simulator
-- Installing: /home/oisin/ros2_ws/assign1_ws/install/relbot_simulator/share/relbot_simulator/cmake/relbot_simulatorConfig.cmake
-- Installing: /home/oisin/ros2_ws/assign1_ws/install/relbot_simulator/share/relbot_simulator/cmake/relbot_simulatorConfig-version.cmake
-- Installing: /home/oisin/ros2_ws/assign1_ws/install/relbot_simulator/share/relbot_simulator/package.xml
-- Installing: /home/oisin/ros2_ws/assign1_ws/install/relbot_simulator/share/relbot_simulator//launch
-- Installing: /home/oisin/ros2_ws/assign1_ws/install/relbot_simulator/share/relbot_simulator//launch/relbot_simulator.launch.py
