[0.011s] Invoking command in '/home/oisin/ros2_ws/assign1_ws/build/relbot_simulator': CMAKE_PREFIX_PATH=${CMAKE_PREFIX_PATH}:/opt/ros/jazzy DEBUGINFOD_URLS=https://debuginfod.ubuntu.com /usr/bin/cmake /home/oisin/ros2_ws/assign1_ws/src/relbot_simulator -DCMAKE_INSTALL_PREFIX=/home/oisin/ros2_ws/assign1_ws/install/relbot_simulator
[0.073s] -- The C compiler identification is GNU 13.3.0
[0.137s] -- The CXX compiler identification is GNU 13.3.0
[0.158s] -- Detecting C compiler ABI info
[0.257s] -- Detecting C compiler ABI info - done
[0.266s] -- Check for working C compiler: /usr/bin/cc - skipped
[0.267s] -- Detecting C compile features
[0.267s] -- Detecting C compile features - done
[0.277s] -- Detecting CXX compiler ABI info
[0.387s] -- Detecting CXX compiler ABI info - done
[0.397s] -- Check for working CXX compiler: /usr/bin/c++ - skipped
[0.398s] -- Detecting CXX compile features
[0.398s] -- Detecting CXX compile features - done
[0.403s] -- Found ament_cmake: 2.5.3 (/opt/ros/jazzy/share/ament_cmake/cmake)
[0.550s] -- Found Python3: /usr/bin/python3 (found version "3.12.3") found components: Interpreter 
[0.633s] -- Found rclcpp: 28.1.6 (/opt/ros/jazzy/share/rclcpp/cmake)
[0.664s] -- Found rosidl_generator_c: 4.6.5 (/opt/ros/jazzy/share/rosidl_generator_c/cmake)
[0.672s] -- Found rosidl_generator_cpp: 4.6.5 (/opt/ros/jazzy/share/rosidl_generator_cpp/cmake)
[0.682s] -- Using all available rosidl_typesupport_c: rosidl_typesupport_fastrtps_c;rosidl_typesupport_introspection_c
[0.692s] -- Using all available rosidl_typesupport_cpp: rosidl_typesupport_fastrtps_cpp;rosidl_typesupport_introspection_cpp
[0.763s] -- Found rmw_implementation_cmake: 7.3.1 (/opt/ros/jazzy/share/rmw_implementation_cmake/cmake)
[0.766s] -- Found rmw_fastrtps_cpp: 8.4.1 (/opt/ros/jazzy/share/rmw_fastrtps_cpp/cmake)
[0.848s] -- Found OpenSSL: /usr/lib/x86_64-linux-gnu/libcrypto.so (found version "3.0.13")  
[0.865s] -- Found FastRTPS: /opt/ros/jazzy/include (Required is at least version "2.13") 
[0.884s] -- Using RMW implementation 'rmw_fastrtps_cpp' as default
[0.952s] -- Found example_interfaces: 0.12.0 (/opt/ros/jazzy/share/example_interfaces/cmake)
[1.001s] -- Found geometry_msgs: 5.3.5 (/opt/ros/jazzy/share/geometry_msgs/cmake)
[1.032s] -- Found sensor_msgs: 5.3.5 (/opt/ros/jazzy/share/sensor_msgs/cmake)
[1.056s] -- Found OpenCV: /usr (found version "4.6.0") found components: core highgui imgcodecs imgproc videoio 
[1.058s] -- Found cv_bridge: 4.1.0 (/opt/ros/jazzy/share/cv_bridge/cmake)
[1.063s] -- Found ament_lint_auto: 0.17.1 (/opt/ros/jazzy/share/ament_lint_auto/cmake)
[1.150s] -- Added test 'copyright' to check source files copyright and LICENSE
[1.152s] -- Added test 'cppcheck' to perform static code analysis on C / C++ code
[1.152s] -- Configured cppcheck include dirs: /home/oisin/ros2_ws/assign1_ws/src/relbot_simulator/include;/home/oisin/ros2_ws/assign1_ws/src/relbot_simulator/common;$<BUILD_INTERFACE:/home/oisin/ros2_ws/assign1_ws/src/relbot_simulator/include>;$<BUILD_INTERFACE:/home/oisin/ros2_ws/assign1_ws/src/relbot_simulator/common>
[1.152s] -- Configured cppcheck exclude dirs and/or files: 
[1.153s] -- Added test 'cpplint' to check C / C++ code against the Google style
[1.153s] -- Configured cpplint exclude dirs and/or files: 
[1.154s] -- Added test 'flake8' to check Python code syntax and style conventions
[1.154s] -- Configured 'flake8' exclude dirs and/or files: 
[1.154s] -- Added test 'lint_cmake' to check CMake code style
[1.155s] -- Added test 'pep257' to check Python code against some of the docstring style conventions in PEP 257
[1.156s] -- Added test 'uncrustify' to check C / C++ code style
[1.156s] -- Configured uncrustify additional arguments: 
[1.157s] -- Added test 'xmllint' to check XML markup files
[1.158s] -- Configuring done (1.1s)
[1.168s] -- Generating done (0.0s)
[1.170s] -- Build files have been written to: /home/oisin/ros2_ws/assign1_ws/build/relbot_simulator
[1.181s] Invoked command in '/home/oisin/ros2_ws/assign1_ws/build/relbot_simulator' returned '0': CMAKE_PREFIX_PATH=${CMAKE_PREFIX_PATH}:/opt/ros/jazzy DEBUGINFOD_URLS=https://debuginfod.ubuntu.com /usr/bin/cmake /home/oisin/ros2_ws/assign1_ws/src/relbot_simulator -DCMAKE_INSTALL_PREFIX=/home/oisin/ros2_ws/assign1_ws/install/relbot_simulator
[1.182s] Invoking command in '/home/oisin/ros2_ws/assign1_ws/build/relbot_simulator': CMAKE_PREFIX_PATH=${CMAKE_PREFIX_PATH}:/opt/ros/jazzy DEBUGINFOD_URLS=https://debuginfod.ubuntu.com /usr/bin/cmake --build /home/oisin/ros2_ws/assign1_ws/build/relbot_simulator -- -j16 -l16
[1.232s] [ 44%] [32mBuilding CXX object CMakeFiles/relbot_simulator.dir/src/Plant.cpp.o[0m
[1.232s] [ 44%] [32mBuilding CXX object CMakeFiles/relbot_simulator.dir/common/xxfuncs.cpp.o[0m
[1.232s] [ 44%] [32mBuilding CXX object CMakeFiles/relbot_simulator.dir/common/EulerAngles.cpp.o[0m
[1.232s] [ 44%] [32mBuilding CXX object CMakeFiles/relbot_simulator.dir/common/xxinteg.cpp.o[0m
[1.233s] [ 55%] [32mBuilding CXX object CMakeFiles/relbot_simulator.dir/src/relbot_simulator.cpp.o[0m
[1.233s] [ 66%] [32mBuilding CXX object CMakeFiles/relbot_simulator.dir/common/xxmatrix.cpp.o[0m
[1.233s] [ 77%] [32mBuilding CXX object CMakeFiles/relbot_simulator.dir/common/xxinverse.cpp.o[0m
[1.233s] [ 88%] [32mBuilding CXX object CMakeFiles/relbot_simulator.dir/common/MotionProfiles.cpp.o[0m
[12.488s] [100%] [32m[1mLinking CXX executable relbot_simulator[0m
[13.234s] [100%] Built target relbot_simulator
[13.249s] Invoked command in '/home/oisin/ros2_ws/assign1_ws/build/relbot_simulator' returned '0': CMAKE_PREFIX_PATH=${CMAKE_PREFIX_PATH}:/opt/ros/jazzy DEBUGINFOD_URLS=https://debuginfod.ubuntu.com /usr/bin/cmake --build /home/oisin/ros2_ws/assign1_ws/build/relbot_simulator -- -j16 -l16
[13.250s] Invoking command in '/home/oisin/ros2_ws/assign1_ws/build/relbot_simulator': CMAKE_PREFIX_PATH=${CMAKE_PREFIX_PATH}:/opt/ros/jazzy DEBUGINFOD_URLS=https://debuginfod.ubuntu.com /usr/bin/cmake --install /home/oisin/ros2_ws/assign1_ws/build/relbot_simulator
[13.256s] -- Install configuration: ""
[13.257s] -- Installing: /home/oisin/ros2_ws/assign1_ws/install/relbot_simulator/lib/relbot_simulator/relbot_simulator
[13.266s] -- Set non-toolchain portion of runtime path of "/home/oisin/ros2_ws/assign1_ws/install/relbot_simulator/lib/relbot_simulator/relbot_simulator" to ""
[13.266s] -- Installing: /home/oisin/ros2_ws/assign1_ws/install/relbot_simulator/include
[13.266s] -- Installing: /home/oisin/ros2_ws/assign1_ws/install/relbot_simulator/include/xxfuncs.h
[13.266s] -- Installing: /home/oisin/ros2_ws/assign1_ws/install/relbot_simulator/include/xxinverse.h
[13.266s] -- Installing: /home/oisin/ros2_ws/assign1_ws/install/relbot_simulator/include/xxmatrix.h
[13.266s] -- Installing: /home/oisin/ros2_ws/assign1_ws/install/relbot_simulator/include/xxmodel.h
[13.267s] -- Installing: /home/oisin/ros2_ws/assign1_ws/install/relbot_simulator/include/xxtypes.h
[13.267s] -- Installing: /home/oisin/ros2_ws/assign1_ws/install/relbot_simulator/include/EulerAngles.h
[13.267s] -- Installing: /home/oisin/ros2_ws/assign1_ws/install/relbot_simulator/include/MotionProfiles.cpp
[13.267s] -- Installing: /home/oisin/ros2_ws/assign1_ws/install/relbot_simulator/include/xxfuncs.cpp
[13.267s] -- Installing: /home/oisin/ros2_ws/assign1_ws/install/relbot_simulator/include/xxmatrix.cpp
[13.267s] -- Installing: /home/oisin/ros2_ws/assign1_ws/install/relbot_simulator/include/xxinverse.cpp
[13.267s] -- Installing: /home/oisin/ros2_ws/assign1_ws/install/relbot_simulator/include/xxinteg.h
[13.267s] -- Installing: /home/oisin/ros2_ws/assign1_ws/install/relbot_simulator/include/xxinteg.cpp
[13.267s] -- Installing: /home/oisin/ros2_ws/assign1_ws/install/relbot_simulator/include/EulerAngles.cpp
[13.267s] -- Installing: /home/oisin/ros2_ws/assign1_ws/install/relbot_simulator/include/MotionProfiles.h
[13.267s] -- Installing: /home/oisin/ros2_ws/assign1_ws/install/relbot_simulator/share/ament_index/resource_index/package_run_dependencies/relbot_simulator
[13.268s] -- Installing: /home/oisin/ros2_ws/assign1_ws/install/relbot_simulator/share/ament_index/resource_index/parent_prefix_path/relbot_simulator
[13.268s] -- Installing: /home/oisin/ros2_ws/assign1_ws/install/relbot_simulator/share/relbot_simulator/environment/ament_prefix_path.sh
[13.268s] -- Installing: /home/oisin/ros2_ws/assign1_ws/install/relbot_simulator/share/relbot_simulator/environment/ament_prefix_path.dsv
[13.268s] -- Installing: /home/oisin/ros2_ws/assign1_ws/install/relbot_simulator/share/relbot_simulator/environment/path.sh
[13.268s] -- Installing: /home/oisin/ros2_ws/assign1_ws/install/relbot_simulator/share/relbot_simulator/environment/path.dsv
[13.268s] -- Installing: /home/oisin/ros2_ws/assign1_ws/install/relbot_simulator/share/relbot_simulator/local_setup.bash
[13.268s] -- Installing: /home/oisin/ros2_ws/assign1_ws/install/relbot_simulator/share/relbot_simulator/local_setup.sh
[13.268s] -- Installing: /home/oisin/ros2_ws/assign1_ws/install/relbot_simulator/share/relbot_simulator/local_setup.zsh
[13.268s] -- Installing: /home/oisin/ros2_ws/assign1_ws/install/relbot_simulator/share/relbot_simulator/local_setup.dsv
[13.268s] -- Installing: /home/oisin/ros2_ws/assign1_ws/install/relbot_simulator/share/relbot_simulator/package.dsv
[13.268s] -- Installing: /home/oisin/ros2_ws/assign1_ws/install/relbot_simulator/share/ament_index/resource_index/packages/relbot_simulator
[13.268s] -- Installing: /home/oisin/ros2_ws/assign1_ws/install/relbot_simulator/share/relbot_simulator/cmake/relbot_simulatorConfig.cmake
[13.268s] -- Installing: /home/oisin/ros2_ws/assign1_ws/install/relbot_simulator/share/relbot_simulator/cmake/relbot_simulatorConfig-version.cmake
[13.269s] -- Installing: /home/oisin/ros2_ws/assign1_ws/install/relbot_simulator/share/relbot_simulator/package.xml
[13.269s] -- Installing: /home/oisin/ros2_ws/assign1_ws/install/relbot_simulator/share/relbot_simulator//launch
[13.269s] -- Installing: /home/oisin/ros2_ws/assign1_ws/install/relbot_simulator/share/relbot_simulator//launch/relbot_simulator.launch.py
[13.271s] Invoked command in '/home/oisin/ros2_ws/assign1_ws/build/relbot_simulator' returned '0': CMAKE_PREFIX_PATH=${CMAKE_PREFIX_PATH}:/opt/ros/jazzy DEBUGINFOD_URLS=https://debuginfod.ubuntu.com /usr/bin/cmake --install /home/oisin/ros2_ws/assign1_ws/build/relbot_simulator
