[0.099s] DEBUG:colcon:Command line arguments: ['/usr/bin/colcon', 'build']
[0.100s] DEBUG:colcon:Parsed command line arguments: Namespace(log_base=None, log_level=None, verb_name='build', build_base='build', install_base='install', merge_install=False, symlink_install=False, test_result_base=None, continue_on_error=False, executor='parallel', parallel_workers=16, event_handlers=None, ignore_user_meta=False, metas=['./colcon.meta'], base_paths=['.'], packages_ignore=None, packages_ignore_regex=None, paths=None, packages_up_to=None, packages_up_to_regex=None, packages_above=None, packages_above_and_dependencies=None, packages_above_depth=None, packages_select_by_dep=None, packages_skip_by_dep=None, packages_skip_up_to=None, packages_select_build_failed=False, packages_skip_build_finished=False, packages_select_test_failures=False, packages_skip_test_passed=False, packages_select=None, packages_skip=None, packages_select_regex=None, packages_skip_regex=None, packages_start=None, packages_end=None, allow_overriding=[], cmake_args=None, cmake_target=None, cmake_target_skip_unavailable=False, cmake_clean_cache=False, cmake_clean_first=False, cmake_force_configure=False, ament_cmake_args=None, catkin_cmake_args=None, catkin_skip_building_tests=False, mixin_files=None, mixin=None, verb_parser=<colcon_mixin.mixin.mixin_argument.MixinArgumentDecorator object at 0x74143295f140>, verb_extension=<colcon_core.verb.build.BuildVerb object at 0x741432aa2db0>, main=<bound method BuildVerb.main of <colcon_core.verb.build.BuildVerb object at 0x741432aa2db0>>, mixin_verb=('build',))
[0.137s] Level 1:colcon.colcon_core.package_discovery:discover_packages(colcon_meta) check parameters
[0.137s] Level 1:colcon.colcon_core.package_discovery:discover_packages(recursive) check parameters
[0.137s] Level 1:colcon.colcon_core.package_discovery:discover_packages(ignore) check parameters
[0.137s] Level 1:colcon.colcon_core.package_discovery:discover_packages(path) check parameters
[0.137s] Level 1:colcon.colcon_core.package_discovery:discover_packages(colcon_meta) discover
[0.137s] Level 1:colcon.colcon_core.package_discovery:discover_packages(recursive) discover
[0.137s] INFO:colcon.colcon_core.package_discovery:Crawling recursively for packages in '/home/oisin/ros2_ws/assign1_ws'
[0.137s] Level 1:colcon.colcon_core.package_identification:_identify(.) by extensions ['ignore', 'ignore_ament_install']
[0.137s] Level 1:colcon.colcon_core.package_identification:_identify(.) by extension 'ignore'
[0.137s] Level 1:colcon.colcon_core.package_identification:_identify(.) by extension 'ignore_ament_install'
[0.137s] Level 1:colcon.colcon_core.package_identification:_identify(.) by extensions ['colcon_pkg']
[0.137s] Level 1:colcon.colcon_core.package_identification:_identify(.) by extension 'colcon_pkg'
[0.138s] Level 1:colcon.colcon_core.package_identification:_identify(.) by extensions ['colcon_meta']
[0.138s] Level 1:colcon.colcon_core.package_identification:_identify(.) by extension 'colcon_meta'
[0.138s] Level 1:colcon.colcon_core.package_identification:_identify(.) by extensions ['ros']
[0.138s] Level 1:colcon.colcon_core.package_identification:_identify(.) by extension 'ros'
[0.162s] Level 1:colcon.colcon_core.package_identification:_identify(.) by extensions ['cmake', 'python']
[0.162s] Level 1:colcon.colcon_core.package_identification:_identify(.) by extension 'cmake'
[0.162s] Level 1:colcon.colcon_core.package_identification:_identify(.) by extension 'python'
[0.162s] Level 1:colcon.colcon_core.package_identification:_identify(.) by extensions ['python_setup_py']
[0.162s] Level 1:colcon.colcon_core.package_identification:_identify(.) by extension 'python_setup_py'
[0.162s] Level 1:colcon.colcon_core.package_identification:_identify(build) by extensions ['ignore', 'ignore_ament_install']
[0.162s] Level 1:colcon.colcon_core.package_identification:_identify(build) by extension 'ignore'
[0.162s] Level 1:colcon.colcon_core.package_identification:_identify(build) ignored
[0.162s] Level 1:colcon.colcon_core.package_identification:_identify(install) by extensions ['ignore', 'ignore_ament_install']
[0.162s] Level 1:colcon.colcon_core.package_identification:_identify(install) by extension 'ignore'
[0.162s] Level 1:colcon.colcon_core.package_identification:_identify(install) ignored
[0.162s] Level 1:colcon.colcon_core.package_identification:_identify(log) by extensions ['ignore', 'ignore_ament_install']
[0.162s] Level 1:colcon.colcon_core.package_identification:_identify(log) by extension 'ignore'
[0.163s] Level 1:colcon.colcon_core.package_identification:_identify(log) ignored
[0.163s] Level 1:colcon.colcon_core.package_identification:_identify(src) by extensions ['ignore', 'ignore_ament_install']
[0.163s] Level 1:colcon.colcon_core.package_identification:_identify(src) by extension 'ignore'
[0.163s] Level 1:colcon.colcon_core.package_identification:_identify(src) by extension 'ignore_ament_install'
[0.163s] Level 1:colcon.colcon_core.package_identification:_identify(src) by extensions ['colcon_pkg']
[0.163s] Level 1:colcon.colcon_core.package_identification:_identify(src) by extension 'colcon_pkg'
[0.163s] Level 1:colcon.colcon_core.package_identification:_identify(src) by extensions ['colcon_meta']
[0.163s] Level 1:colcon.colcon_core.package_identification:_identify(src) by extension 'colcon_meta'
[0.163s] Level 1:colcon.colcon_core.package_identification:_identify(src) by extensions ['ros']
[0.163s] Level 1:colcon.colcon_core.package_identification:_identify(src) by extension 'ros'
[0.163s] Level 1:colcon.colcon_core.package_identification:_identify(src) by extensions ['cmake', 'python']
[0.163s] Level 1:colcon.colcon_core.package_identification:_identify(src) by extension 'cmake'
[0.163s] Level 1:colcon.colcon_core.package_identification:_identify(src) by extension 'python'
[0.163s] Level 1:colcon.colcon_core.package_identification:_identify(src) by extensions ['python_setup_py']
[0.163s] Level 1:colcon.colcon_core.package_identification:_identify(src) by extension 'python_setup_py'
[0.163s] Level 1:colcon.colcon_core.package_identification:_identify(src/assign1_interfaces) by extensions ['ignore', 'ignore_ament_install']
[0.163s] Level 1:colcon.colcon_core.package_identification:_identify(src/assign1_interfaces) by extension 'ignore'
[0.163s] Level 1:colcon.colcon_core.package_identification:_identify(src/assign1_interfaces) by extension 'ignore_ament_install'
[0.163s] Level 1:colcon.colcon_core.package_identification:_identify(src/assign1_interfaces) by extensions ['colcon_pkg']
[0.163s] Level 1:colcon.colcon_core.package_identification:_identify(src/assign1_interfaces) by extension 'colcon_pkg'
[0.163s] Level 1:colcon.colcon_core.package_identification:_identify(src/assign1_interfaces) by extensions ['colcon_meta']
[0.163s] Level 1:colcon.colcon_core.package_identification:_identify(src/assign1_interfaces) by extension 'colcon_meta'
[0.163s] Level 1:colcon.colcon_core.package_identification:_identify(src/assign1_interfaces) by extensions ['ros']
[0.163s] Level 1:colcon.colcon_core.package_identification:_identify(src/assign1_interfaces) by extension 'ros'
[0.165s] DEBUG:colcon.colcon_core.package_identification:Package 'src/assign1_interfaces' with type 'ros.ament_cmake' and name 'assign1_interfaces'
[0.165s] Level 1:colcon.colcon_core.package_identification:_identify(src/light_tracking) by extensions ['ignore', 'ignore_ament_install']
[0.166s] Level 1:colcon.colcon_core.package_identification:_identify(src/light_tracking) by extension 'ignore'
[0.166s] Level 1:colcon.colcon_core.package_identification:_identify(src/light_tracking) by extension 'ignore_ament_install'
[0.166s] Level 1:colcon.colcon_core.package_identification:_identify(src/light_tracking) by extensions ['colcon_pkg']
[0.166s] Level 1:colcon.colcon_core.package_identification:_identify(src/light_tracking) by extension 'colcon_pkg'
[0.166s] Level 1:colcon.colcon_core.package_identification:_identify(src/light_tracking) by extensions ['colcon_meta']
[0.166s] Level 1:colcon.colcon_core.package_identification:_identify(src/light_tracking) by extension 'colcon_meta'
[0.166s] Level 1:colcon.colcon_core.package_identification:_identify(src/light_tracking) by extensions ['ros']
[0.166s] Level 1:colcon.colcon_core.package_identification:_identify(src/light_tracking) by extension 'ros'
[0.166s] DEBUG:colcon.colcon_core.package_identification:Package 'src/light_tracking' with type 'ros.ament_cmake' and name 'light_tracking'
[0.167s] Level 1:colcon.colcon_core.package_identification:_identify(src/rel_controller) by extensions ['ignore', 'ignore_ament_install']
[0.167s] Level 1:colcon.colcon_core.package_identification:_identify(src/rel_controller) by extension 'ignore'
[0.167s] Level 1:colcon.colcon_core.package_identification:_identify(src/rel_controller) by extension 'ignore_ament_install'
[0.167s] Level 1:colcon.colcon_core.package_identification:_identify(src/rel_controller) by extensions ['colcon_pkg']
[0.167s] Level 1:colcon.colcon_core.package_identification:_identify(src/rel_controller) by extension 'colcon_pkg'
[0.167s] Level 1:colcon.colcon_core.package_identification:_identify(src/rel_controller) by extensions ['colcon_meta']
[0.167s] Level 1:colcon.colcon_core.package_identification:_identify(src/rel_controller) by extension 'colcon_meta'
[0.167s] Level 1:colcon.colcon_core.package_identification:_identify(src/rel_controller) by extensions ['ros']
[0.167s] Level 1:colcon.colcon_core.package_identification:_identify(src/rel_controller) by extension 'ros'
[0.168s] DEBUG:colcon.colcon_core.package_identification:Package 'src/rel_controller' with type 'ros.ament_cmake' and name 'rel_controller'
[0.168s] Level 1:colcon.colcon_core.package_identification:_identify(src/relbot_simulator) by extensions ['ignore', 'ignore_ament_install']
[0.168s] Level 1:colcon.colcon_core.package_identification:_identify(src/relbot_simulator) by extension 'ignore'
[0.168s] Level 1:colcon.colcon_core.package_identification:_identify(src/relbot_simulator) by extension 'ignore_ament_install'
[0.168s] Level 1:colcon.colcon_core.package_identification:_identify(src/relbot_simulator) by extensions ['colcon_pkg']
[0.168s] Level 1:colcon.colcon_core.package_identification:_identify(src/relbot_simulator) by extension 'colcon_pkg'
[0.168s] Level 1:colcon.colcon_core.package_identification:_identify(src/relbot_simulator) by extensions ['colcon_meta']
[0.168s] Level 1:colcon.colcon_core.package_identification:_identify(src/relbot_simulator) by extension 'colcon_meta'
[0.168s] Level 1:colcon.colcon_core.package_identification:_identify(src/relbot_simulator) by extensions ['ros']
[0.168s] Level 1:colcon.colcon_core.package_identification:_identify(src/relbot_simulator) by extension 'ros'
[0.169s] DEBUG:colcon.colcon_core.package_identification:Package 'src/relbot_simulator' with type 'ros.ament_cmake' and name 'relbot_simulator'
[0.169s] Level 1:colcon.colcon_core.package_discovery:discover_packages(recursive) using defaults
[0.169s] Level 1:colcon.colcon_core.package_discovery:discover_packages(ignore) discover
[0.169s] Level 1:colcon.colcon_core.package_discovery:discover_packages(ignore) using defaults
[0.169s] Level 1:colcon.colcon_core.package_discovery:discover_packages(path) discover
[0.169s] Level 1:colcon.colcon_core.package_discovery:discover_packages(path) using defaults
[0.185s] Level 1:colcon.colcon_core.package_discovery:discover_packages(prefix_path) check parameters
[0.185s] Level 1:colcon.colcon_core.package_discovery:discover_packages(prefix_path) discover
[0.188s] DEBUG:colcon.colcon_installed_package_information.package_discovery:Found 316 installed packages in /opt/ros/jazzy
[0.189s] Level 1:colcon.colcon_core.package_discovery:discover_packages(prefix_path) using defaults
[0.227s] Level 5:colcon.colcon_core.verb:set package 'assign1_interfaces' build argument 'cmake_args' from command line to 'None'
[0.227s] Level 5:colcon.colcon_core.verb:set package 'assign1_interfaces' build argument 'cmake_target' from command line to 'None'
[0.227s] Level 5:colcon.colcon_core.verb:set package 'assign1_interfaces' build argument 'cmake_target_skip_unavailable' from command line to 'False'
[0.227s] Level 5:colcon.colcon_core.verb:set package 'assign1_interfaces' build argument 'cmake_clean_cache' from command line to 'False'
[0.227s] Level 5:colcon.colcon_core.verb:set package 'assign1_interfaces' build argument 'cmake_clean_first' from command line to 'False'
[0.227s] Level 5:colcon.colcon_core.verb:set package 'assign1_interfaces' build argument 'cmake_force_configure' from command line to 'False'
[0.227s] Level 5:colcon.colcon_core.verb:set package 'assign1_interfaces' build argument 'ament_cmake_args' from command line to 'None'
[0.227s] Level 5:colcon.colcon_core.verb:set package 'assign1_interfaces' build argument 'catkin_cmake_args' from command line to 'None'
[0.227s] Level 5:colcon.colcon_core.verb:set package 'assign1_interfaces' build argument 'catkin_skip_building_tests' from command line to 'False'
[0.227s] DEBUG:colcon.colcon_core.verb:Building package 'assign1_interfaces' with the following arguments: {'ament_cmake_args': None, 'build_base': '/home/oisin/ros2_ws/assign1_ws/build/assign1_interfaces', 'catkin_cmake_args': None, 'catkin_skip_building_tests': False, 'cmake_args': None, 'cmake_clean_cache': False, 'cmake_clean_first': False, 'cmake_force_configure': False, 'cmake_target': None, 'cmake_target_skip_unavailable': False, 'install_base': '/home/oisin/ros2_ws/assign1_ws/install/assign1_interfaces', 'merge_install': False, 'path': '/home/oisin/ros2_ws/assign1_ws/src/assign1_interfaces', 'symlink_install': False, 'test_result_base': None}
[0.227s] Level 5:colcon.colcon_core.verb:set package 'relbot_simulator' build argument 'cmake_args' from command line to 'None'
[0.227s] Level 5:colcon.colcon_core.verb:set package 'relbot_simulator' build argument 'cmake_target' from command line to 'None'
[0.227s] Level 5:colcon.colcon_core.verb:set package 'relbot_simulator' build argument 'cmake_target_skip_unavailable' from command line to 'False'
[0.227s] Level 5:colcon.colcon_core.verb:set package 'relbot_simulator' build argument 'cmake_clean_cache' from command line to 'False'
[0.227s] Level 5:colcon.colcon_core.verb:set package 'relbot_simulator' build argument 'cmake_clean_first' from command line to 'False'
[0.227s] Level 5:colcon.colcon_core.verb:set package 'relbot_simulator' build argument 'cmake_force_configure' from command line to 'False'
[0.227s] Level 5:colcon.colcon_core.verb:set package 'relbot_simulator' build argument 'ament_cmake_args' from command line to 'None'
[0.227s] Level 5:colcon.colcon_core.verb:set package 'relbot_simulator' build argument 'catkin_cmake_args' from command line to 'None'
[0.228s] Level 5:colcon.colcon_core.verb:set package 'relbot_simulator' build argument 'catkin_skip_building_tests' from command line to 'False'
[0.228s] DEBUG:colcon.colcon_core.verb:Building package 'relbot_simulator' with the following arguments: {'ament_cmake_args': None, 'build_base': '/home/oisin/ros2_ws/assign1_ws/build/relbot_simulator', 'catkin_cmake_args': None, 'catkin_skip_building_tests': False, 'cmake_args': None, 'cmake_clean_cache': False, 'cmake_clean_first': False, 'cmake_force_configure': False, 'cmake_target': None, 'cmake_target_skip_unavailable': False, 'install_base': '/home/oisin/ros2_ws/assign1_ws/install/relbot_simulator', 'merge_install': False, 'path': '/home/oisin/ros2_ws/assign1_ws/src/relbot_simulator', 'symlink_install': False, 'test_result_base': None}
[0.228s] Level 5:colcon.colcon_core.verb:set package 'light_tracking' build argument 'cmake_args' from command line to 'None'
[0.228s] Level 5:colcon.colcon_core.verb:set package 'light_tracking' build argument 'cmake_target' from command line to 'None'
[0.228s] Level 5:colcon.colcon_core.verb:set package 'light_tracking' build argument 'cmake_target_skip_unavailable' from command line to 'False'
[0.228s] Level 5:colcon.colcon_core.verb:set package 'light_tracking' build argument 'cmake_clean_cache' from command line to 'False'
[0.228s] Level 5:colcon.colcon_core.verb:set package 'light_tracking' build argument 'cmake_clean_first' from command line to 'False'
[0.228s] Level 5:colcon.colcon_core.verb:set package 'light_tracking' build argument 'cmake_force_configure' from command line to 'False'
[0.228s] Level 5:colcon.colcon_core.verb:set package 'light_tracking' build argument 'ament_cmake_args' from command line to 'None'
[0.228s] Level 5:colcon.colcon_core.verb:set package 'light_tracking' build argument 'catkin_cmake_args' from command line to 'None'
[0.228s] Level 5:colcon.colcon_core.verb:set package 'light_tracking' build argument 'catkin_skip_building_tests' from command line to 'False'
[0.228s] DEBUG:colcon.colcon_core.verb:Building package 'light_tracking' with the following arguments: {'ament_cmake_args': None, 'build_base': '/home/oisin/ros2_ws/assign1_ws/build/light_tracking', 'catkin_cmake_args': None, 'catkin_skip_building_tests': False, 'cmake_args': None, 'cmake_clean_cache': False, 'cmake_clean_first': False, 'cmake_force_configure': False, 'cmake_target': None, 'cmake_target_skip_unavailable': False, 'install_base': '/home/oisin/ros2_ws/assign1_ws/install/light_tracking', 'merge_install': False, 'path': '/home/oisin/ros2_ws/assign1_ws/src/light_tracking', 'symlink_install': False, 'test_result_base': None}
[0.228s] Level 5:colcon.colcon_core.verb:set package 'rel_controller' build argument 'cmake_args' from command line to 'None'
[0.228s] Level 5:colcon.colcon_core.verb:set package 'rel_controller' build argument 'cmake_target' from command line to 'None'
[0.228s] Level 5:colcon.colcon_core.verb:set package 'rel_controller' build argument 'cmake_target_skip_unavailable' from command line to 'False'
[0.228s] Level 5:colcon.colcon_core.verb:set package 'rel_controller' build argument 'cmake_clean_cache' from command line to 'False'
[0.228s] Level 5:colcon.colcon_core.verb:set package 'rel_controller' build argument 'cmake_clean_first' from command line to 'False'
[0.228s] Level 5:colcon.colcon_core.verb:set package 'rel_controller' build argument 'cmake_force_configure' from command line to 'False'
[0.228s] Level 5:colcon.colcon_core.verb:set package 'rel_controller' build argument 'ament_cmake_args' from command line to 'None'
[0.228s] Level 5:colcon.colcon_core.verb:set package 'rel_controller' build argument 'catkin_cmake_args' from command line to 'None'
[0.228s] Level 5:colcon.colcon_core.verb:set package 'rel_controller' build argument 'catkin_skip_building_tests' from command line to 'False'
[0.228s] DEBUG:colcon.colcon_core.verb:Building package 'rel_controller' with the following arguments: {'ament_cmake_args': None, 'build_base': '/home/oisin/ros2_ws/assign1_ws/build/rel_controller', 'catkin_cmake_args': None, 'catkin_skip_building_tests': False, 'cmake_args': None, 'cmake_clean_cache': False, 'cmake_clean_first': False, 'cmake_force_configure': False, 'cmake_target': None, 'cmake_target_skip_unavailable': False, 'install_base': '/home/oisin/ros2_ws/assign1_ws/install/rel_controller', 'merge_install': False, 'path': '/home/oisin/ros2_ws/assign1_ws/src/rel_controller', 'symlink_install': False, 'test_result_base': None}
[0.228s] INFO:colcon.colcon_core.executor:Executing jobs using 'parallel' executor
[0.229s] DEBUG:colcon.colcon_parallel_executor.executor.parallel:run_until_complete
[0.230s] INFO:colcon.colcon_ros.task.ament_cmake.build:Building ROS package in '/home/oisin/ros2_ws/assign1_ws/src/assign1_interfaces' with build type 'ament_cmake'
[0.230s] INFO:colcon.colcon_cmake.task.cmake.build:Building CMake package in '/home/oisin/ros2_ws/assign1_ws/src/assign1_interfaces'
[0.232s] INFO:colcon.colcon_core.plugin_system:Skipping extension 'colcon_core.shell.bat': Not used on non-Windows systems
[0.232s] INFO:colcon.colcon_core.shell:Skip shell extension 'powershell' for command environment: Not usable outside of PowerShell
[0.232s] DEBUG:colcon.colcon_core.shell:Skip shell extension 'dsv' for command environment
[0.236s] INFO:colcon.colcon_ros.task.ament_cmake.build:Building ROS package in '/home/oisin/ros2_ws/assign1_ws/src/relbot_simulator' with build type 'ament_cmake'
[0.236s] INFO:colcon.colcon_cmake.task.cmake.build:Building CMake package in '/home/oisin/ros2_ws/assign1_ws/src/relbot_simulator'
[0.236s] INFO:colcon.colcon_core.shell:Skip shell extension 'powershell' for command environment: Not usable outside of PowerShell
[0.236s] DEBUG:colcon.colcon_core.shell:Skip shell extension 'dsv' for command environment
[0.244s] DEBUG:colcon.colcon_core.event_handler.log_command:Invoking command in '/home/oisin/ros2_ws/assign1_ws/build/assign1_interfaces': CMAKE_PREFIX_PATH=${CMAKE_PREFIX_PATH}:/opt/ros/jazzy DEBUGINFOD_URLS=https://debuginfod.ubuntu.com /usr/bin/cmake --build /home/oisin/ros2_ws/assign1_ws/build/assign1_interfaces -- -j16 -l16
[0.247s] DEBUG:colcon.colcon_core.event_handler.log_command:Invoking command in '/home/oisin/ros2_ws/assign1_ws/build/relbot_simulator': CMAKE_PREFIX_PATH=${CMAKE_PREFIX_PATH}:/opt/ros/jazzy DEBUGINFOD_URLS=https://debuginfod.ubuntu.com /usr/bin/cmake /home/oisin/ros2_ws/assign1_ws/src/relbot_simulator -DCMAKE_INSTALL_PREFIX=/home/oisin/ros2_ws/assign1_ws/install/relbot_simulator
[0.628s] DEBUG:colcon.colcon_core.event_handler.log_command:Invoked command in '/home/oisin/ros2_ws/assign1_ws/build/assign1_interfaces' returned '0': CMAKE_PREFIX_PATH=${CMAKE_PREFIX_PATH}:/opt/ros/jazzy DEBUGINFOD_URLS=https://debuginfod.ubuntu.com /usr/bin/cmake --build /home/oisin/ros2_ws/assign1_ws/build/assign1_interfaces -- -j16 -l16
[0.641s] DEBUG:colcon.colcon_core.event_handler.log_command:Invoking command in '/home/oisin/ros2_ws/assign1_ws/build/assign1_interfaces': CMAKE_PREFIX_PATH=${CMAKE_PREFIX_PATH}:/opt/ros/jazzy DEBUGINFOD_URLS=https://debuginfod.ubuntu.com /usr/bin/cmake --install /home/oisin/ros2_ws/assign1_ws/build/assign1_interfaces
[0.700s] Level 1:colcon.colcon_core.environment:create_environment_scripts_only(assign1_interfaces)
[0.700s] DEBUG:colcon.colcon_core.event_handler.log_command:Invoked command in '/home/oisin/ros2_ws/assign1_ws/build/assign1_interfaces' returned '0': CMAKE_PREFIX_PATH=${CMAKE_PREFIX_PATH}:/opt/ros/jazzy DEBUGINFOD_URLS=https://debuginfod.ubuntu.com /usr/bin/cmake --install /home/oisin/ros2_ws/assign1_ws/build/assign1_interfaces
[0.702s] Level 1:colcon.colcon_core.environment:checking '/home/oisin/ros2_ws/assign1_ws/install/assign1_interfaces' for CMake module files
[0.703s] Level 1:colcon.colcon_core.environment:checking '/home/oisin/ros2_ws/assign1_ws/install/assign1_interfaces' for CMake config files
[0.703s] Level 1:colcon.colcon_core.shell:create_environment_hook('assign1_interfaces', 'cmake_prefix_path')
[0.703s] INFO:colcon.colcon_core.shell:Creating environment hook '/home/oisin/ros2_ws/assign1_ws/install/assign1_interfaces/share/assign1_interfaces/hook/cmake_prefix_path.ps1'
[0.704s] INFO:colcon.colcon_core.shell:Creating environment descriptor '/home/oisin/ros2_ws/assign1_ws/install/assign1_interfaces/share/assign1_interfaces/hook/cmake_prefix_path.dsv'
[0.704s] INFO:colcon.colcon_core.shell:Creating environment hook '/home/oisin/ros2_ws/assign1_ws/install/assign1_interfaces/share/assign1_interfaces/hook/cmake_prefix_path.sh'
[0.705s] Level 1:colcon.colcon_core.environment:checking '/home/oisin/ros2_ws/assign1_ws/install/assign1_interfaces/lib'
[0.705s] Level 1:colcon.colcon_core.shell:create_environment_hook('assign1_interfaces', 'ld_library_path_lib')
[0.705s] INFO:colcon.colcon_core.shell:Creating environment hook '/home/oisin/ros2_ws/assign1_ws/install/assign1_interfaces/share/assign1_interfaces/hook/ld_library_path_lib.ps1'
[0.706s] INFO:colcon.colcon_core.shell:Creating environment descriptor '/home/oisin/ros2_ws/assign1_ws/install/assign1_interfaces/share/assign1_interfaces/hook/ld_library_path_lib.dsv'
[0.706s] INFO:colcon.colcon_core.shell:Creating environment hook '/home/oisin/ros2_ws/assign1_ws/install/assign1_interfaces/share/assign1_interfaces/hook/ld_library_path_lib.sh'
[0.706s] Level 1:colcon.colcon_core.environment:checking '/home/oisin/ros2_ws/assign1_ws/install/assign1_interfaces/bin'
[0.706s] Level 1:colcon.colcon_core.environment:checking '/home/oisin/ros2_ws/assign1_ws/install/assign1_interfaces/lib/pkgconfig/assign1_interfaces.pc'
[0.706s] Level 1:colcon.colcon_core.environment:checking '/home/oisin/ros2_ws/assign1_ws/install/assign1_interfaces/lib/python3.12/site-packages'
[0.707s] Level 1:colcon.colcon_core.shell:create_environment_hook('assign1_interfaces', 'pythonpath')
[0.707s] INFO:colcon.colcon_core.shell:Creating environment hook '/home/oisin/ros2_ws/assign1_ws/install/assign1_interfaces/share/assign1_interfaces/hook/pythonpath.ps1'
[0.707s] INFO:colcon.colcon_core.shell:Creating environment descriptor '/home/oisin/ros2_ws/assign1_ws/install/assign1_interfaces/share/assign1_interfaces/hook/pythonpath.dsv'
[0.707s] INFO:colcon.colcon_core.shell:Creating environment hook '/home/oisin/ros2_ws/assign1_ws/install/assign1_interfaces/share/assign1_interfaces/hook/pythonpath.sh'
[0.708s] Level 1:colcon.colcon_core.environment:checking '/home/oisin/ros2_ws/assign1_ws/install/assign1_interfaces/bin'
[0.709s] INFO:colcon.colcon_core.shell:Creating package script '/home/oisin/ros2_ws/assign1_ws/install/assign1_interfaces/share/assign1_interfaces/package.ps1'
[0.709s] INFO:colcon.colcon_core.shell:Creating package descriptor '/home/oisin/ros2_ws/assign1_ws/install/assign1_interfaces/share/assign1_interfaces/package.dsv'
[0.710s] INFO:colcon.colcon_core.shell:Creating package script '/home/oisin/ros2_ws/assign1_ws/install/assign1_interfaces/share/assign1_interfaces/package.sh'
[0.710s] INFO:colcon.colcon_core.shell:Creating package script '/home/oisin/ros2_ws/assign1_ws/install/assign1_interfaces/share/assign1_interfaces/package.bash'
[0.711s] INFO:colcon.colcon_core.shell:Creating package script '/home/oisin/ros2_ws/assign1_ws/install/assign1_interfaces/share/assign1_interfaces/package.zsh'
[0.711s] Level 1:colcon.colcon_core.environment:create_file_with_runtime_dependencies(/home/oisin/ros2_ws/assign1_ws/install/assign1_interfaces/share/colcon-core/packages/assign1_interfaces)
[0.712s] Level 1:colcon.colcon_core.environment:create_environment_scripts_only(assign1_interfaces)
[0.712s] Level 1:colcon.colcon_core.environment:checking '/home/oisin/ros2_ws/assign1_ws/install/assign1_interfaces' for CMake module files
[0.713s] Level 1:colcon.colcon_core.environment:checking '/home/oisin/ros2_ws/assign1_ws/install/assign1_interfaces' for CMake config files
[0.713s] Level 1:colcon.colcon_core.shell:create_environment_hook('assign1_interfaces', 'cmake_prefix_path')
[0.713s] INFO:colcon.colcon_core.shell:Creating environment hook '/home/oisin/ros2_ws/assign1_ws/install/assign1_interfaces/share/assign1_interfaces/hook/cmake_prefix_path.ps1'
[0.714s] INFO:colcon.colcon_core.shell:Creating environment descriptor '/home/oisin/ros2_ws/assign1_ws/install/assign1_interfaces/share/assign1_interfaces/hook/cmake_prefix_path.dsv'
[0.714s] INFO:colcon.colcon_core.shell:Creating environment hook '/home/oisin/ros2_ws/assign1_ws/install/assign1_interfaces/share/assign1_interfaces/hook/cmake_prefix_path.sh'
[0.715s] Level 1:colcon.colcon_core.environment:checking '/home/oisin/ros2_ws/assign1_ws/install/assign1_interfaces/lib'
[0.715s] Level 1:colcon.colcon_core.shell:create_environment_hook('assign1_interfaces', 'ld_library_path_lib')
[0.715s] INFO:colcon.colcon_core.shell:Creating environment hook '/home/oisin/ros2_ws/assign1_ws/install/assign1_interfaces/share/assign1_interfaces/hook/ld_library_path_lib.ps1'
[0.715s] INFO:colcon.colcon_core.shell:Creating environment descriptor '/home/oisin/ros2_ws/assign1_ws/install/assign1_interfaces/share/assign1_interfaces/hook/ld_library_path_lib.dsv'
[0.715s] INFO:colcon.colcon_core.shell:Creating environment hook '/home/oisin/ros2_ws/assign1_ws/install/assign1_interfaces/share/assign1_interfaces/hook/ld_library_path_lib.sh'
[0.716s] Level 1:colcon.colcon_core.environment:checking '/home/oisin/ros2_ws/assign1_ws/install/assign1_interfaces/bin'
[0.716s] Level 1:colcon.colcon_core.environment:checking '/home/oisin/ros2_ws/assign1_ws/install/assign1_interfaces/lib/pkgconfig/assign1_interfaces.pc'
[0.716s] Level 1:colcon.colcon_core.environment:checking '/home/oisin/ros2_ws/assign1_ws/install/assign1_interfaces/lib/python3.12/site-packages'
[0.716s] Level 1:colcon.colcon_core.shell:create_environment_hook('assign1_interfaces', 'pythonpath')
[0.716s] INFO:colcon.colcon_core.shell:Creating environment hook '/home/oisin/ros2_ws/assign1_ws/install/assign1_interfaces/share/assign1_interfaces/hook/pythonpath.ps1'
[0.716s] INFO:colcon.colcon_core.shell:Creating environment descriptor '/home/oisin/ros2_ws/assign1_ws/install/assign1_interfaces/share/assign1_interfaces/hook/pythonpath.dsv'
[0.717s] INFO:colcon.colcon_core.shell:Creating environment hook '/home/oisin/ros2_ws/assign1_ws/install/assign1_interfaces/share/assign1_interfaces/hook/pythonpath.sh'
[0.717s] Level 1:colcon.colcon_core.environment:checking '/home/oisin/ros2_ws/assign1_ws/install/assign1_interfaces/bin'
[0.717s] INFO:colcon.colcon_core.shell:Creating package script '/home/oisin/ros2_ws/assign1_ws/install/assign1_interfaces/share/assign1_interfaces/package.ps1'
[0.718s] INFO:colcon.colcon_core.shell:Creating package descriptor '/home/oisin/ros2_ws/assign1_ws/install/assign1_interfaces/share/assign1_interfaces/package.dsv'
[0.718s] INFO:colcon.colcon_core.shell:Creating package script '/home/oisin/ros2_ws/assign1_ws/install/assign1_interfaces/share/assign1_interfaces/package.sh'
[0.719s] INFO:colcon.colcon_core.shell:Creating package script '/home/oisin/ros2_ws/assign1_ws/install/assign1_interfaces/share/assign1_interfaces/package.bash'
[0.719s] INFO:colcon.colcon_core.shell:Creating package script '/home/oisin/ros2_ws/assign1_ws/install/assign1_interfaces/share/assign1_interfaces/package.zsh'
[0.719s] Level 1:colcon.colcon_core.environment:create_file_with_runtime_dependencies(/home/oisin/ros2_ws/assign1_ws/install/assign1_interfaces/share/colcon-core/packages/assign1_interfaces)
[0.720s] INFO:colcon.colcon_ros.task.ament_cmake.build:Building ROS package in '/home/oisin/ros2_ws/assign1_ws/src/light_tracking' with build type 'ament_cmake'
[0.720s] INFO:colcon.colcon_cmake.task.cmake.build:Building CMake package in '/home/oisin/ros2_ws/assign1_ws/src/light_tracking'
[0.720s] INFO:colcon.colcon_core.shell:Skip shell extension 'powershell' for command environment: Not usable outside of PowerShell
[0.720s] DEBUG:colcon.colcon_core.shell:Skip shell extension 'dsv' for command environment
[0.725s] INFO:colcon.colcon_ros.task.ament_cmake.build:Building ROS package in '/home/oisin/ros2_ws/assign1_ws/src/rel_controller' with build type 'ament_cmake'
[0.725s] INFO:colcon.colcon_cmake.task.cmake.build:Building CMake package in '/home/oisin/ros2_ws/assign1_ws/src/rel_controller'
[0.725s] INFO:colcon.colcon_core.shell:Skip shell extension 'powershell' for command environment: Not usable outside of PowerShell
[0.725s] DEBUG:colcon.colcon_core.shell:Skip shell extension 'dsv' for command environment
[0.733s] DEBUG:colcon.colcon_core.event_handler.log_command:Invoking command in '/home/oisin/ros2_ws/assign1_ws/build/light_tracking': AMENT_PREFIX_PATH=/home/oisin/ros2_ws/assign1_ws/install/assign1_interfaces:${AMENT_PREFIX_PATH} CMAKE_PREFIX_PATH=/home/oisin/ros2_ws/assign1_ws/install/assign1_interfaces:/opt/ros/jazzy/opt/sdformat_vendor:/opt/ros/jazzy/opt/gz_math_vendor:/opt/ros/jazzy/opt/gz_utils_vendor:/opt/ros/jazzy/opt/gz_tools_vendor:/opt/ros/jazzy/opt/gz_cmake_vendor:/opt/ros/jazzy DEBUGINFOD_URLS=https://debuginfod.ubuntu.com LD_LIBRARY_PATH=/home/oisin/ros2_ws/assign1_ws/install/assign1_interfaces/lib:${LD_LIBRARY_PATH} PYTHONPATH=/home/oisin/ros2_ws/assign1_ws/install/assign1_interfaces/lib/python3.12/site-packages:${PYTHONPATH} /usr/bin/cmake --build /home/oisin/ros2_ws/assign1_ws/build/light_tracking -- -j16 -l16
[0.735s] DEBUG:colcon.colcon_core.event_handler.log_command:Invoking command in '/home/oisin/ros2_ws/assign1_ws/build/rel_controller': AMENT_PREFIX_PATH=/home/oisin/ros2_ws/assign1_ws/install/assign1_interfaces:${AMENT_PREFIX_PATH} CMAKE_PREFIX_PATH=/home/oisin/ros2_ws/assign1_ws/install/assign1_interfaces:/opt/ros/jazzy/opt/sdformat_vendor:/opt/ros/jazzy/opt/gz_math_vendor:/opt/ros/jazzy/opt/gz_utils_vendor:/opt/ros/jazzy/opt/gz_tools_vendor:/opt/ros/jazzy/opt/gz_cmake_vendor:/opt/ros/jazzy DEBUGINFOD_URLS=https://debuginfod.ubuntu.com LD_LIBRARY_PATH=/home/oisin/ros2_ws/assign1_ws/install/assign1_interfaces/lib:${LD_LIBRARY_PATH} PYTHONPATH=/home/oisin/ros2_ws/assign1_ws/install/assign1_interfaces/lib/python3.12/site-packages:${PYTHONPATH} /usr/bin/cmake /home/oisin/ros2_ws/assign1_ws/src/rel_controller -DCMAKE_INSTALL_PREFIX=/home/oisin/ros2_ws/assign1_ws/install/rel_controller
[1.418s] DEBUG:colcon.colcon_core.event_handler.log_command:Invoked command in '/home/oisin/ros2_ws/assign1_ws/build/relbot_simulator' returned '0': CMAKE_PREFIX_PATH=${CMAKE_PREFIX_PATH}:/opt/ros/jazzy DEBUGINFOD_URLS=https://debuginfod.ubuntu.com /usr/bin/cmake /home/oisin/ros2_ws/assign1_ws/src/relbot_simulator -DCMAKE_INSTALL_PREFIX=/home/oisin/ros2_ws/assign1_ws/install/relbot_simulator
[1.419s] DEBUG:colcon.colcon_core.event_handler.log_command:Invoking command in '/home/oisin/ros2_ws/assign1_ws/build/relbot_simulator': CMAKE_PREFIX_PATH=${CMAKE_PREFIX_PATH}:/opt/ros/jazzy DEBUGINFOD_URLS=https://debuginfod.ubuntu.com /usr/bin/cmake --build /home/oisin/ros2_ws/assign1_ws/build/relbot_simulator -- -j16 -l16
[1.730s] DEBUG:colcon.colcon_core.event_handler.log_command:Invoked command in '/home/oisin/ros2_ws/assign1_ws/build/rel_controller' returned '0': AMENT_PREFIX_PATH=/home/oisin/ros2_ws/assign1_ws/install/assign1_interfaces:${AMENT_PREFIX_PATH} CMAKE_PREFIX_PATH=/home/oisin/ros2_ws/assign1_ws/install/assign1_interfaces:/opt/ros/jazzy/opt/sdformat_vendor:/opt/ros/jazzy/opt/gz_math_vendor:/opt/ros/jazzy/opt/gz_utils_vendor:/opt/ros/jazzy/opt/gz_tools_vendor:/opt/ros/jazzy/opt/gz_cmake_vendor:/opt/ros/jazzy DEBUGINFOD_URLS=https://debuginfod.ubuntu.com LD_LIBRARY_PATH=/home/oisin/ros2_ws/assign1_ws/install/assign1_interfaces/lib:${LD_LIBRARY_PATH} PYTHONPATH=/home/oisin/ros2_ws/assign1_ws/install/assign1_interfaces/lib/python3.12/site-packages:${PYTHONPATH} /usr/bin/cmake /home/oisin/ros2_ws/assign1_ws/src/rel_controller -DCMAKE_INSTALL_PREFIX=/home/oisin/ros2_ws/assign1_ws/install/rel_controller
[1.731s] DEBUG:colcon.colcon_core.event_handler.log_command:Invoking command in '/home/oisin/ros2_ws/assign1_ws/build/rel_controller': AMENT_PREFIX_PATH=/home/oisin/ros2_ws/assign1_ws/install/assign1_interfaces:${AMENT_PREFIX_PATH} CMAKE_PREFIX_PATH=/home/oisin/ros2_ws/assign1_ws/install/assign1_interfaces:/opt/ros/jazzy/opt/sdformat_vendor:/opt/ros/jazzy/opt/gz_math_vendor:/opt/ros/jazzy/opt/gz_utils_vendor:/opt/ros/jazzy/opt/gz_tools_vendor:/opt/ros/jazzy/opt/gz_cmake_vendor:/opt/ros/jazzy DEBUGINFOD_URLS=https://debuginfod.ubuntu.com LD_LIBRARY_PATH=/home/oisin/ros2_ws/assign1_ws/install/assign1_interfaces/lib:${LD_LIBRARY_PATH} PYTHONPATH=/home/oisin/ros2_ws/assign1_ws/install/assign1_interfaces/lib/python3.12/site-packages:${PYTHONPATH} /usr/bin/cmake --build /home/oisin/ros2_ws/assign1_ws/build/rel_controller -- -j16 -l16
[6.944s] DEBUG:colcon.colcon_core.event_handler.log_command:Invoked command in '/home/oisin/ros2_ws/assign1_ws/build/light_tracking' returned '0': AMENT_PREFIX_PATH=/home/oisin/ros2_ws/assign1_ws/install/assign1_interfaces:${AMENT_PREFIX_PATH} CMAKE_PREFIX_PATH=/home/oisin/ros2_ws/assign1_ws/install/assign1_interfaces:/opt/ros/jazzy/opt/sdformat_vendor:/opt/ros/jazzy/opt/gz_math_vendor:/opt/ros/jazzy/opt/gz_utils_vendor:/opt/ros/jazzy/opt/gz_tools_vendor:/opt/ros/jazzy/opt/gz_cmake_vendor:/opt/ros/jazzy DEBUGINFOD_URLS=https://debuginfod.ubuntu.com LD_LIBRARY_PATH=/home/oisin/ros2_ws/assign1_ws/install/assign1_interfaces/lib:${LD_LIBRARY_PATH} PYTHONPATH=/home/oisin/ros2_ws/assign1_ws/install/assign1_interfaces/lib/python3.12/site-packages:${PYTHONPATH} /usr/bin/cmake --build /home/oisin/ros2_ws/assign1_ws/build/light_tracking -- -j16 -l16
[6.945s] DEBUG:colcon.colcon_core.event_handler.log_command:Invoking command in '/home/oisin/ros2_ws/assign1_ws/build/light_tracking': AMENT_PREFIX_PATH=/home/oisin/ros2_ws/assign1_ws/install/assign1_interfaces:${AMENT_PREFIX_PATH} CMAKE_PREFIX_PATH=/home/oisin/ros2_ws/assign1_ws/install/assign1_interfaces:/opt/ros/jazzy/opt/sdformat_vendor:/opt/ros/jazzy/opt/gz_math_vendor:/opt/ros/jazzy/opt/gz_utils_vendor:/opt/ros/jazzy/opt/gz_tools_vendor:/opt/ros/jazzy/opt/gz_cmake_vendor:/opt/ros/jazzy DEBUGINFOD_URLS=https://debuginfod.ubuntu.com LD_LIBRARY_PATH=/home/oisin/ros2_ws/assign1_ws/install/assign1_interfaces/lib:${LD_LIBRARY_PATH} PYTHONPATH=/home/oisin/ros2_ws/assign1_ws/install/assign1_interfaces/lib/python3.12/site-packages:${PYTHONPATH} /usr/bin/cmake --install /home/oisin/ros2_ws/assign1_ws/build/light_tracking
[6.963s] Level 1:colcon.colcon_core.environment:create_environment_scripts_only(light_tracking)
[6.963s] DEBUG:colcon.colcon_core.event_handler.log_command:Invoked command in '/home/oisin/ros2_ws/assign1_ws/build/light_tracking' returned '0': AMENT_PREFIX_PATH=/home/oisin/ros2_ws/assign1_ws/install/assign1_interfaces:${AMENT_PREFIX_PATH} CMAKE_PREFIX_PATH=/home/oisin/ros2_ws/assign1_ws/install/assign1_interfaces:/opt/ros/jazzy/opt/sdformat_vendor:/opt/ros/jazzy/opt/gz_math_vendor:/opt/ros/jazzy/opt/gz_utils_vendor:/opt/ros/jazzy/opt/gz_tools_vendor:/opt/ros/jazzy/opt/gz_cmake_vendor:/opt/ros/jazzy DEBUGINFOD_URLS=https://debuginfod.ubuntu.com LD_LIBRARY_PATH=/home/oisin/ros2_ws/assign1_ws/install/assign1_interfaces/lib:${LD_LIBRARY_PATH} PYTHONPATH=/home/oisin/ros2_ws/assign1_ws/install/assign1_interfaces/lib/python3.12/site-packages:${PYTHONPATH} /usr/bin/cmake --install /home/oisin/ros2_ws/assign1_ws/build/light_tracking
[6.963s] Level 1:colcon.colcon_core.environment:checking '/home/oisin/ros2_ws/assign1_ws/install/light_tracking' for CMake module files
[6.964s] Level 1:colcon.colcon_core.environment:checking '/home/oisin/ros2_ws/assign1_ws/install/light_tracking' for CMake config files
[6.964s] Level 1:colcon.colcon_core.shell:create_environment_hook('light_tracking', 'cmake_prefix_path')
[6.964s] INFO:colcon.colcon_core.shell:Creating environment hook '/home/oisin/ros2_ws/assign1_ws/install/light_tracking/share/light_tracking/hook/cmake_prefix_path.ps1'
[6.965s] INFO:colcon.colcon_core.shell:Creating environment descriptor '/home/oisin/ros2_ws/assign1_ws/install/light_tracking/share/light_tracking/hook/cmake_prefix_path.dsv'
[6.965s] INFO:colcon.colcon_core.shell:Creating environment hook '/home/oisin/ros2_ws/assign1_ws/install/light_tracking/share/light_tracking/hook/cmake_prefix_path.sh'
[6.966s] Level 1:colcon.colcon_core.environment:checking '/home/oisin/ros2_ws/assign1_ws/install/light_tracking/lib'
[6.966s] Level 1:colcon.colcon_core.environment:checking '/home/oisin/ros2_ws/assign1_ws/install/light_tracking/bin'
[6.966s] Level 1:colcon.colcon_core.environment:checking '/home/oisin/ros2_ws/assign1_ws/install/light_tracking/lib/pkgconfig/light_tracking.pc'
[6.966s] Level 1:colcon.colcon_core.environment:checking '/home/oisin/ros2_ws/assign1_ws/install/light_tracking/lib/python3.12/site-packages'
[6.966s] Level 1:colcon.colcon_core.environment:checking '/home/oisin/ros2_ws/assign1_ws/install/light_tracking/bin'
[6.967s] INFO:colcon.colcon_core.shell:Creating package script '/home/oisin/ros2_ws/assign1_ws/install/light_tracking/share/light_tracking/package.ps1'
[6.967s] INFO:colcon.colcon_core.shell:Creating package descriptor '/home/oisin/ros2_ws/assign1_ws/install/light_tracking/share/light_tracking/package.dsv'
[6.967s] INFO:colcon.colcon_core.shell:Creating package script '/home/oisin/ros2_ws/assign1_ws/install/light_tracking/share/light_tracking/package.sh'
[6.968s] INFO:colcon.colcon_core.shell:Creating package script '/home/oisin/ros2_ws/assign1_ws/install/light_tracking/share/light_tracking/package.bash'
[6.968s] INFO:colcon.colcon_core.shell:Creating package script '/home/oisin/ros2_ws/assign1_ws/install/light_tracking/share/light_tracking/package.zsh'
[6.968s] Level 1:colcon.colcon_core.environment:create_file_with_runtime_dependencies(/home/oisin/ros2_ws/assign1_ws/install/light_tracking/share/colcon-core/packages/light_tracking)
[6.969s] Level 1:colcon.colcon_core.environment:create_environment_scripts_only(light_tracking)
[6.969s] Level 1:colcon.colcon_core.environment:checking '/home/oisin/ros2_ws/assign1_ws/install/light_tracking' for CMake module files
[6.969s] Level 1:colcon.colcon_core.environment:checking '/home/oisin/ros2_ws/assign1_ws/install/light_tracking' for CMake config files
[6.969s] Level 1:colcon.colcon_core.shell:create_environment_hook('light_tracking', 'cmake_prefix_path')
[6.969s] INFO:colcon.colcon_core.shell:Creating environment hook '/home/oisin/ros2_ws/assign1_ws/install/light_tracking/share/light_tracking/hook/cmake_prefix_path.ps1'
[6.970s] INFO:colcon.colcon_core.shell:Creating environment descriptor '/home/oisin/ros2_ws/assign1_ws/install/light_tracking/share/light_tracking/hook/cmake_prefix_path.dsv'
[6.970s] INFO:colcon.colcon_core.shell:Creating environment hook '/home/oisin/ros2_ws/assign1_ws/install/light_tracking/share/light_tracking/hook/cmake_prefix_path.sh'
[6.970s] Level 1:colcon.colcon_core.environment:checking '/home/oisin/ros2_ws/assign1_ws/install/light_tracking/lib'
[6.970s] Level 1:colcon.colcon_core.environment:checking '/home/oisin/ros2_ws/assign1_ws/install/light_tracking/bin'
[6.970s] Level 1:colcon.colcon_core.environment:checking '/home/oisin/ros2_ws/assign1_ws/install/light_tracking/lib/pkgconfig/light_tracking.pc'
[6.970s] Level 1:colcon.colcon_core.environment:checking '/home/oisin/ros2_ws/assign1_ws/install/light_tracking/lib/python3.12/site-packages'
[6.971s] Level 1:colcon.colcon_core.environment:checking '/home/oisin/ros2_ws/assign1_ws/install/light_tracking/bin'
[6.971s] INFO:colcon.colcon_core.shell:Creating package script '/home/oisin/ros2_ws/assign1_ws/install/light_tracking/share/light_tracking/package.ps1'
[6.971s] INFO:colcon.colcon_core.shell:Creating package descriptor '/home/oisin/ros2_ws/assign1_ws/install/light_tracking/share/light_tracking/package.dsv'
[6.971s] INFO:colcon.colcon_core.shell:Creating package script '/home/oisin/ros2_ws/assign1_ws/install/light_tracking/share/light_tracking/package.sh'
[6.972s] INFO:colcon.colcon_core.shell:Creating package script '/home/oisin/ros2_ws/assign1_ws/install/light_tracking/share/light_tracking/package.bash'
[6.972s] INFO:colcon.colcon_core.shell:Creating package script '/home/oisin/ros2_ws/assign1_ws/install/light_tracking/share/light_tracking/package.zsh'
[6.972s] Level 1:colcon.colcon_core.environment:create_file_with_runtime_dependencies(/home/oisin/ros2_ws/assign1_ws/install/light_tracking/share/colcon-core/packages/light_tracking)
[9.672s] DEBUG:colcon.colcon_core.event_handler.log_command:Invoked command in '/home/oisin/ros2_ws/assign1_ws/build/rel_controller' returned '0': AMENT_PREFIX_PATH=/home/oisin/ros2_ws/assign1_ws/install/assign1_interfaces:${AMENT_PREFIX_PATH} CMAKE_PREFIX_PATH=/home/oisin/ros2_ws/assign1_ws/install/assign1_interfaces:/opt/ros/jazzy/opt/sdformat_vendor:/opt/ros/jazzy/opt/gz_math_vendor:/opt/ros/jazzy/opt/gz_utils_vendor:/opt/ros/jazzy/opt/gz_tools_vendor:/opt/ros/jazzy/opt/gz_cmake_vendor:/opt/ros/jazzy DEBUGINFOD_URLS=https://debuginfod.ubuntu.com LD_LIBRARY_PATH=/home/oisin/ros2_ws/assign1_ws/install/assign1_interfaces/lib:${LD_LIBRARY_PATH} PYTHONPATH=/home/oisin/ros2_ws/assign1_ws/install/assign1_interfaces/lib/python3.12/site-packages:${PYTHONPATH} /usr/bin/cmake --build /home/oisin/ros2_ws/assign1_ws/build/rel_controller -- -j16 -l16
[9.673s] DEBUG:colcon.colcon_core.event_handler.log_command:Invoking command in '/home/oisin/ros2_ws/assign1_ws/build/rel_controller': AMENT_PREFIX_PATH=/home/oisin/ros2_ws/assign1_ws/install/assign1_interfaces:${AMENT_PREFIX_PATH} CMAKE_PREFIX_PATH=/home/oisin/ros2_ws/assign1_ws/install/assign1_interfaces:/opt/ros/jazzy/opt/sdformat_vendor:/opt/ros/jazzy/opt/gz_math_vendor:/opt/ros/jazzy/opt/gz_utils_vendor:/opt/ros/jazzy/opt/gz_tools_vendor:/opt/ros/jazzy/opt/gz_cmake_vendor:/opt/ros/jazzy DEBUGINFOD_URLS=https://debuginfod.ubuntu.com LD_LIBRARY_PATH=/home/oisin/ros2_ws/assign1_ws/install/assign1_interfaces/lib:${LD_LIBRARY_PATH} PYTHONPATH=/home/oisin/ros2_ws/assign1_ws/install/assign1_interfaces/lib/python3.12/site-packages:${PYTHONPATH} /usr/bin/cmake --install /home/oisin/ros2_ws/assign1_ws/build/rel_controller
[9.694s] Level 1:colcon.colcon_core.environment:create_environment_scripts_only(rel_controller)
[9.694s] Level 1:colcon.colcon_core.environment:checking '/home/oisin/ros2_ws/assign1_ws/install/rel_controller' for CMake module files
[9.694s] DEBUG:colcon.colcon_core.event_handler.log_command:Invoked command in '/home/oisin/ros2_ws/assign1_ws/build/rel_controller' returned '0': AMENT_PREFIX_PATH=/home/oisin/ros2_ws/assign1_ws/install/assign1_interfaces:${AMENT_PREFIX_PATH} CMAKE_PREFIX_PATH=/home/oisin/ros2_ws/assign1_ws/install/assign1_interfaces:/opt/ros/jazzy/opt/sdformat_vendor:/opt/ros/jazzy/opt/gz_math_vendor:/opt/ros/jazzy/opt/gz_utils_vendor:/opt/ros/jazzy/opt/gz_tools_vendor:/opt/ros/jazzy/opt/gz_cmake_vendor:/opt/ros/jazzy DEBUGINFOD_URLS=https://debuginfod.ubuntu.com LD_LIBRARY_PATH=/home/oisin/ros2_ws/assign1_ws/install/assign1_interfaces/lib:${LD_LIBRARY_PATH} PYTHONPATH=/home/oisin/ros2_ws/assign1_ws/install/assign1_interfaces/lib/python3.12/site-packages:${PYTHONPATH} /usr/bin/cmake --install /home/oisin/ros2_ws/assign1_ws/build/rel_controller
[9.695s] Level 1:colcon.colcon_core.environment:checking '/home/oisin/ros2_ws/assign1_ws/install/rel_controller' for CMake config files
[9.695s] Level 1:colcon.colcon_core.shell:create_environment_hook('rel_controller', 'cmake_prefix_path')
[9.695s] INFO:colcon.colcon_core.shell:Creating environment hook '/home/oisin/ros2_ws/assign1_ws/install/rel_controller/share/rel_controller/hook/cmake_prefix_path.ps1'
[9.695s] INFO:colcon.colcon_core.shell:Creating environment descriptor '/home/oisin/ros2_ws/assign1_ws/install/rel_controller/share/rel_controller/hook/cmake_prefix_path.dsv'
[9.696s] INFO:colcon.colcon_core.shell:Creating environment hook '/home/oisin/ros2_ws/assign1_ws/install/rel_controller/share/rel_controller/hook/cmake_prefix_path.sh'
[9.696s] Level 1:colcon.colcon_core.environment:checking '/home/oisin/ros2_ws/assign1_ws/install/rel_controller/lib'
[9.696s] Level 1:colcon.colcon_core.environment:checking '/home/oisin/ros2_ws/assign1_ws/install/rel_controller/bin'
[9.696s] Level 1:colcon.colcon_core.environment:checking '/home/oisin/ros2_ws/assign1_ws/install/rel_controller/lib/pkgconfig/rel_controller.pc'
[9.696s] Level 1:colcon.colcon_core.environment:checking '/home/oisin/ros2_ws/assign1_ws/install/rel_controller/lib/python3.12/site-packages'
[9.696s] Level 1:colcon.colcon_core.environment:checking '/home/oisin/ros2_ws/assign1_ws/install/rel_controller/bin'
[9.697s] INFO:colcon.colcon_core.shell:Creating package script '/home/oisin/ros2_ws/assign1_ws/install/rel_controller/share/rel_controller/package.ps1'
[9.697s] INFO:colcon.colcon_core.shell:Creating package descriptor '/home/oisin/ros2_ws/assign1_ws/install/rel_controller/share/rel_controller/package.dsv'
[9.697s] INFO:colcon.colcon_core.shell:Creating package script '/home/oisin/ros2_ws/assign1_ws/install/rel_controller/share/rel_controller/package.sh'
[9.698s] INFO:colcon.colcon_core.shell:Creating package script '/home/oisin/ros2_ws/assign1_ws/install/rel_controller/share/rel_controller/package.bash'
[9.698s] INFO:colcon.colcon_core.shell:Creating package script '/home/oisin/ros2_ws/assign1_ws/install/rel_controller/share/rel_controller/package.zsh'
[9.698s] Level 1:colcon.colcon_core.environment:create_file_with_runtime_dependencies(/home/oisin/ros2_ws/assign1_ws/install/rel_controller/share/colcon-core/packages/rel_controller)
[9.699s] Level 1:colcon.colcon_core.environment:create_environment_scripts_only(rel_controller)
[9.699s] Level 1:colcon.colcon_core.environment:checking '/home/oisin/ros2_ws/assign1_ws/install/rel_controller' for CMake module files
[9.699s] Level 1:colcon.colcon_core.environment:checking '/home/oisin/ros2_ws/assign1_ws/install/rel_controller' for CMake config files
[9.699s] Level 1:colcon.colcon_core.shell:create_environment_hook('rel_controller', 'cmake_prefix_path')
[9.699s] INFO:colcon.colcon_core.shell:Creating environment hook '/home/oisin/ros2_ws/assign1_ws/install/rel_controller/share/rel_controller/hook/cmake_prefix_path.ps1'
[9.700s] INFO:colcon.colcon_core.shell:Creating environment descriptor '/home/oisin/ros2_ws/assign1_ws/install/rel_controller/share/rel_controller/hook/cmake_prefix_path.dsv'
[9.700s] INFO:colcon.colcon_core.shell:Creating environment hook '/home/oisin/ros2_ws/assign1_ws/install/rel_controller/share/rel_controller/hook/cmake_prefix_path.sh'
[9.700s] Level 1:colcon.colcon_core.environment:checking '/home/oisin/ros2_ws/assign1_ws/install/rel_controller/lib'
[9.700s] Level 1:colcon.colcon_core.environment:checking '/home/oisin/ros2_ws/assign1_ws/install/rel_controller/bin'
[9.700s] Level 1:colcon.colcon_core.environment:checking '/home/oisin/ros2_ws/assign1_ws/install/rel_controller/lib/pkgconfig/rel_controller.pc'
[9.700s] Level 1:colcon.colcon_core.environment:checking '/home/oisin/ros2_ws/assign1_ws/install/rel_controller/lib/python3.12/site-packages'
[9.701s] Level 1:colcon.colcon_core.environment:checking '/home/oisin/ros2_ws/assign1_ws/install/rel_controller/bin'
[9.701s] INFO:colcon.colcon_core.shell:Creating package script '/home/oisin/ros2_ws/assign1_ws/install/rel_controller/share/rel_controller/package.ps1'
[9.701s] INFO:colcon.colcon_core.shell:Creating package descriptor '/home/oisin/ros2_ws/assign1_ws/install/rel_controller/share/rel_controller/package.dsv'
[9.701s] INFO:colcon.colcon_core.shell:Creating package script '/home/oisin/ros2_ws/assign1_ws/install/rel_controller/share/rel_controller/package.sh'
[9.702s] INFO:colcon.colcon_core.shell:Creating package script '/home/oisin/ros2_ws/assign1_ws/install/rel_controller/share/rel_controller/package.bash'
[9.702s] INFO:colcon.colcon_core.shell:Creating package script '/home/oisin/ros2_ws/assign1_ws/install/rel_controller/share/rel_controller/package.zsh'
[9.702s] Level 1:colcon.colcon_core.environment:create_file_with_runtime_dependencies(/home/oisin/ros2_ws/assign1_ws/install/rel_controller/share/colcon-core/packages/rel_controller)
[13.486s] DEBUG:colcon.colcon_core.event_handler.log_command:Invoked command in '/home/oisin/ros2_ws/assign1_ws/build/relbot_simulator' returned '0': CMAKE_PREFIX_PATH=${CMAKE_PREFIX_PATH}:/opt/ros/jazzy DEBUGINFOD_URLS=https://debuginfod.ubuntu.com /usr/bin/cmake --build /home/oisin/ros2_ws/assign1_ws/build/relbot_simulator -- -j16 -l16
[13.486s] DEBUG:colcon.colcon_core.event_handler.log_command:Invoking command in '/home/oisin/ros2_ws/assign1_ws/build/relbot_simulator': CMAKE_PREFIX_PATH=${CMAKE_PREFIX_PATH}:/opt/ros/jazzy DEBUGINFOD_URLS=https://debuginfod.ubuntu.com /usr/bin/cmake --install /home/oisin/ros2_ws/assign1_ws/build/relbot_simulator
[13.507s] Level 1:colcon.colcon_core.environment:create_environment_scripts_only(relbot_simulator)
[13.507s] DEBUG:colcon.colcon_core.event_handler.log_command:Invoked command in '/home/oisin/ros2_ws/assign1_ws/build/relbot_simulator' returned '0': CMAKE_PREFIX_PATH=${CMAKE_PREFIX_PATH}:/opt/ros/jazzy DEBUGINFOD_URLS=https://debuginfod.ubuntu.com /usr/bin/cmake --install /home/oisin/ros2_ws/assign1_ws/build/relbot_simulator
[13.508s] Level 1:colcon.colcon_core.environment:checking '/home/oisin/ros2_ws/assign1_ws/install/relbot_simulator' for CMake module files
[13.508s] Level 1:colcon.colcon_core.environment:checking '/home/oisin/ros2_ws/assign1_ws/install/relbot_simulator' for CMake config files
[13.508s] Level 1:colcon.colcon_core.shell:create_environment_hook('relbot_simulator', 'cmake_prefix_path')
[13.508s] INFO:colcon.colcon_core.shell:Creating environment hook '/home/oisin/ros2_ws/assign1_ws/install/relbot_simulator/share/relbot_simulator/hook/cmake_prefix_path.ps1'
[13.509s] INFO:colcon.colcon_core.shell:Creating environment descriptor '/home/oisin/ros2_ws/assign1_ws/install/relbot_simulator/share/relbot_simulator/hook/cmake_prefix_path.dsv'
[13.509s] INFO:colcon.colcon_core.shell:Creating environment hook '/home/oisin/ros2_ws/assign1_ws/install/relbot_simulator/share/relbot_simulator/hook/cmake_prefix_path.sh'
[13.510s] Level 1:colcon.colcon_core.environment:checking '/home/oisin/ros2_ws/assign1_ws/install/relbot_simulator/lib'
[13.510s] Level 1:colcon.colcon_core.environment:checking '/home/oisin/ros2_ws/assign1_ws/install/relbot_simulator/bin'
[13.510s] Level 1:colcon.colcon_core.environment:checking '/home/oisin/ros2_ws/assign1_ws/install/relbot_simulator/lib/pkgconfig/relbot_simulator.pc'
[13.510s] Level 1:colcon.colcon_core.environment:checking '/home/oisin/ros2_ws/assign1_ws/install/relbot_simulator/lib/python3.12/site-packages'
[13.510s] Level 1:colcon.colcon_core.environment:checking '/home/oisin/ros2_ws/assign1_ws/install/relbot_simulator/bin'
[13.510s] INFO:colcon.colcon_core.shell:Creating package script '/home/oisin/ros2_ws/assign1_ws/install/relbot_simulator/share/relbot_simulator/package.ps1'
[13.510s] INFO:colcon.colcon_core.shell:Creating package descriptor '/home/oisin/ros2_ws/assign1_ws/install/relbot_simulator/share/relbot_simulator/package.dsv'
[13.511s] INFO:colcon.colcon_core.shell:Creating package script '/home/oisin/ros2_ws/assign1_ws/install/relbot_simulator/share/relbot_simulator/package.sh'
[13.511s] INFO:colcon.colcon_core.shell:Creating package script '/home/oisin/ros2_ws/assign1_ws/install/relbot_simulator/share/relbot_simulator/package.bash'
[13.511s] INFO:colcon.colcon_core.shell:Creating package script '/home/oisin/ros2_ws/assign1_ws/install/relbot_simulator/share/relbot_simulator/package.zsh'
[13.511s] Level 1:colcon.colcon_core.environment:create_file_with_runtime_dependencies(/home/oisin/ros2_ws/assign1_ws/install/relbot_simulator/share/colcon-core/packages/relbot_simulator)
[13.512s] Level 1:colcon.colcon_core.environment:create_environment_scripts_only(relbot_simulator)
[13.512s] Level 1:colcon.colcon_core.environment:checking '/home/oisin/ros2_ws/assign1_ws/install/relbot_simulator' for CMake module files
[13.512s] Level 1:colcon.colcon_core.environment:checking '/home/oisin/ros2_ws/assign1_ws/install/relbot_simulator' for CMake config files
[13.512s] Level 1:colcon.colcon_core.shell:create_environment_hook('relbot_simulator', 'cmake_prefix_path')
[13.512s] INFO:colcon.colcon_core.shell:Creating environment hook '/home/oisin/ros2_ws/assign1_ws/install/relbot_simulator/share/relbot_simulator/hook/cmake_prefix_path.ps1'
[13.513s] INFO:colcon.colcon_core.shell:Creating environment descriptor '/home/oisin/ros2_ws/assign1_ws/install/relbot_simulator/share/relbot_simulator/hook/cmake_prefix_path.dsv'
[13.513s] INFO:colcon.colcon_core.shell:Creating environment hook '/home/oisin/ros2_ws/assign1_ws/install/relbot_simulator/share/relbot_simulator/hook/cmake_prefix_path.sh'
[13.513s] Level 1:colcon.colcon_core.environment:checking '/home/oisin/ros2_ws/assign1_ws/install/relbot_simulator/lib'
[13.513s] Level 1:colcon.colcon_core.environment:checking '/home/oisin/ros2_ws/assign1_ws/install/relbot_simulator/bin'
[13.513s] Level 1:colcon.colcon_core.environment:checking '/home/oisin/ros2_ws/assign1_ws/install/relbot_simulator/lib/pkgconfig/relbot_simulator.pc'
[13.513s] Level 1:colcon.colcon_core.environment:checking '/home/oisin/ros2_ws/assign1_ws/install/relbot_simulator/lib/python3.12/site-packages'
[13.513s] Level 1:colcon.colcon_core.environment:checking '/home/oisin/ros2_ws/assign1_ws/install/relbot_simulator/bin'
[13.514s] INFO:colcon.colcon_core.shell:Creating package script '/home/oisin/ros2_ws/assign1_ws/install/relbot_simulator/share/relbot_simulator/package.ps1'
[13.514s] INFO:colcon.colcon_core.shell:Creating package descriptor '/home/oisin/ros2_ws/assign1_ws/install/relbot_simulator/share/relbot_simulator/package.dsv'
[13.514s] INFO:colcon.colcon_core.shell:Creating package script '/home/oisin/ros2_ws/assign1_ws/install/relbot_simulator/share/relbot_simulator/package.sh'
[13.514s] INFO:colcon.colcon_core.shell:Creating package script '/home/oisin/ros2_ws/assign1_ws/install/relbot_simulator/share/relbot_simulator/package.bash'
[13.515s] INFO:colcon.colcon_core.shell:Creating package script '/home/oisin/ros2_ws/assign1_ws/install/relbot_simulator/share/relbot_simulator/package.zsh'
[13.515s] Level 1:colcon.colcon_core.environment:create_file_with_runtime_dependencies(/home/oisin/ros2_ws/assign1_ws/install/relbot_simulator/share/colcon-core/packages/relbot_simulator)
[13.515s] DEBUG:colcon.colcon_parallel_executor.executor.parallel:closing loop
[13.515s] DEBUG:colcon.colcon_parallel_executor.executor.parallel:loop closed
[13.515s] DEBUG:colcon.colcon_parallel_executor.executor.parallel:run_until_complete finished with '0'
[13.515s] DEBUG:colcon.colcon_core.event_reactor:joining thread
[13.521s] INFO:colcon.colcon_core.plugin_system:Skipping extension 'colcon_notification.desktop_notification.terminal_notifier': Not used on non-Darwin systems
[13.521s] INFO:colcon.colcon_core.plugin_system:Skipping extension 'colcon_notification.desktop_notification.win32': Not used on non-Windows systems
[13.521s] INFO:colcon.colcon_notification.desktop_notification:Sending desktop notification using 'notify2'
[13.534s] DEBUG:colcon.colcon_core.event_reactor:joined thread
[13.535s] INFO:colcon.colcon_core.shell:Creating prefix script '/home/oisin/ros2_ws/assign1_ws/install/local_setup.ps1'
[13.535s] INFO:colcon.colcon_core.shell:Creating prefix util module '/home/oisin/ros2_ws/assign1_ws/install/_local_setup_util_ps1.py'
[13.536s] INFO:colcon.colcon_core.shell:Creating prefix chain script '/home/oisin/ros2_ws/assign1_ws/install/setup.ps1'
[13.537s] INFO:colcon.colcon_core.shell:Creating prefix script '/home/oisin/ros2_ws/assign1_ws/install/local_setup.sh'
[13.537s] INFO:colcon.colcon_core.shell:Creating prefix util module '/home/oisin/ros2_ws/assign1_ws/install/_local_setup_util_sh.py'
[13.537s] INFO:colcon.colcon_core.shell:Creating prefix chain script '/home/oisin/ros2_ws/assign1_ws/install/setup.sh'
[13.538s] INFO:colcon.colcon_core.shell:Creating prefix script '/home/oisin/ros2_ws/assign1_ws/install/local_setup.bash'
[13.538s] INFO:colcon.colcon_core.shell:Creating prefix chain script '/home/oisin/ros2_ws/assign1_ws/install/setup.bash'
[13.539s] INFO:colcon.colcon_core.shell:Creating prefix script '/home/oisin/ros2_ws/assign1_ws/install/local_setup.zsh'
[13.540s] INFO:colcon.colcon_core.shell:Creating prefix chain script '/home/oisin/ros2_ws/assign1_ws/install/setup.zsh'
