[0.152s] DEBUG:colcon:Command line arguments: ['/usr/bin/colcon', 'build', '--packages-select', 'light_tracking']
[0.152s] DEBUG:colcon:Parsed command line arguments: Namespace(log_base=None, log_level=None, verb_name='build', build_base='build', install_base='install', merge_install=False, symlink_install=False, test_result_base=None, continue_on_error=False, executor='parallel', parallel_workers=16, event_handlers=None, ignore_user_meta=False, metas=['./colcon.meta'], base_paths=['.'], packages_ignore=None, packages_ignore_regex=None, paths=None, packages_up_to=None, packages_up_to_regex=None, packages_above=None, packages_above_and_dependencies=None, packages_above_depth=None, packages_select_by_dep=None, packages_skip_by_dep=None, packages_skip_up_to=None, packages_select_build_failed=False, packages_skip_build_finished=False, packages_select_test_failures=False, packages_skip_test_passed=False, packages_select=['light_tracking'], packages_skip=None, packages_select_regex=None, packages_skip_regex=None, packages_start=None, packages_end=None, allow_overriding=[], cmake_args=None, cmake_target=None, cmake_target_skip_unavailable=False, cmake_clean_cache=False, cmake_clean_first=False, cmake_force_configure=False, ament_cmake_args=None, catkin_cmake_args=None, catkin_skip_building_tests=False, mixin_files=None, mixin=None, verb_parser=<colcon_mixin.mixin.mixin_argument.MixinArgumentDecorator object at 0x731c2391b0e0>, verb_extension=<colcon_core.verb.build.BuildVerb object at 0x731c23a9adb0>, main=<bound method BuildVerb.main of <colcon_core.verb.build.BuildVerb object at 0x731c23a9adb0>>, mixin_verb=('build',))
[0.207s] Level 1:colcon.colcon_core.package_discovery:discover_packages(colcon_meta) check parameters
[0.207s] Level 1:colcon.colcon_core.package_discovery:discover_packages(recursive) check parameters
[0.207s] Level 1:colcon.colcon_core.package_discovery:discover_packages(ignore) check parameters
[0.207s] Level 1:colcon.colcon_core.package_discovery:discover_packages(path) check parameters
[0.207s] Level 1:colcon.colcon_core.package_discovery:discover_packages(colcon_meta) discover
[0.207s] Level 1:colcon.colcon_core.package_discovery:discover_packages(recursive) discover
[0.207s] INFO:colcon.colcon_core.package_discovery:Crawling recursively for packages in '/home/oisin/ros2_ws/assign1_ws'
[0.207s] Level 1:colcon.colcon_core.package_identification:_identify(.) by extensions ['ignore', 'ignore_ament_install']
[0.207s] Level 1:colcon.colcon_core.package_identification:_identify(.) by extension 'ignore'
[0.207s] Level 1:colcon.colcon_core.package_identification:_identify(.) by extension 'ignore_ament_install'
[0.208s] Level 1:colcon.colcon_core.package_identification:_identify(.) by extensions ['colcon_pkg']
[0.208s] Level 1:colcon.colcon_core.package_identification:_identify(.) by extension 'colcon_pkg'
[0.208s] Level 1:colcon.colcon_core.package_identification:_identify(.) by extensions ['colcon_meta']
[0.208s] Level 1:colcon.colcon_core.package_identification:_identify(.) by extension 'colcon_meta'
[0.208s] Level 1:colcon.colcon_core.package_identification:_identify(.) by extensions ['ros']
[0.208s] Level 1:colcon.colcon_core.package_identification:_identify(.) by extension 'ros'
[0.242s] Level 1:colcon.colcon_core.package_identification:_identify(.) by extensions ['cmake', 'python']
[0.242s] Level 1:colcon.colcon_core.package_identification:_identify(.) by extension 'cmake'
[0.242s] Level 1:colcon.colcon_core.package_identification:_identify(.) by extension 'python'
[0.242s] Level 1:colcon.colcon_core.package_identification:_identify(.) by extensions ['python_setup_py']
[0.242s] Level 1:colcon.colcon_core.package_identification:_identify(.) by extension 'python_setup_py'
[0.242s] Level 1:colcon.colcon_core.package_identification:_identify(build) by extensions ['ignore', 'ignore_ament_install']
[0.242s] Level 1:colcon.colcon_core.package_identification:_identify(build) by extension 'ignore'
[0.242s] Level 1:colcon.colcon_core.package_identification:_identify(build) ignored
[0.242s] Level 1:colcon.colcon_core.package_identification:_identify(install) by extensions ['ignore', 'ignore_ament_install']
[0.242s] Level 1:colcon.colcon_core.package_identification:_identify(install) by extension 'ignore'
[0.243s] Level 1:colcon.colcon_core.package_identification:_identify(install) ignored
[0.243s] Level 1:colcon.colcon_core.package_identification:_identify(log) by extensions ['ignore', 'ignore_ament_install']
[0.243s] Level 1:colcon.colcon_core.package_identification:_identify(log) by extension 'ignore'
[0.243s] Level 1:colcon.colcon_core.package_identification:_identify(log) ignored
[0.243s] Level 1:colcon.colcon_core.package_identification:_identify(src) by extensions ['ignore', 'ignore_ament_install']
[0.243s] Level 1:colcon.colcon_core.package_identification:_identify(src) by extension 'ignore'
[0.243s] Level 1:colcon.colcon_core.package_identification:_identify(src) by extension 'ignore_ament_install'
[0.243s] Level 1:colcon.colcon_core.package_identification:_identify(src) by extensions ['colcon_pkg']
[0.243s] Level 1:colcon.colcon_core.package_identification:_identify(src) by extension 'colcon_pkg'
[0.243s] Level 1:colcon.colcon_core.package_identification:_identify(src) by extensions ['colcon_meta']
[0.243s] Level 1:colcon.colcon_core.package_identification:_identify(src) by extension 'colcon_meta'
[0.243s] Level 1:colcon.colcon_core.package_identification:_identify(src) by extensions ['ros']
[0.243s] Level 1:colcon.colcon_core.package_identification:_identify(src) by extension 'ros'
[0.243s] Level 1:colcon.colcon_core.package_identification:_identify(src) by extensions ['cmake', 'python']
[0.243s] Level 1:colcon.colcon_core.package_identification:_identify(src) by extension 'cmake'
[0.243s] Level 1:colcon.colcon_core.package_identification:_identify(src) by extension 'python'
[0.243s] Level 1:colcon.colcon_core.package_identification:_identify(src) by extensions ['python_setup_py']
[0.244s] Level 1:colcon.colcon_core.package_identification:_identify(src) by extension 'python_setup_py'
[0.244s] Level 1:colcon.colcon_core.package_identification:_identify(src/assign1_interfaces) by extensions ['ignore', 'ignore_ament_install']
[0.244s] Level 1:colcon.colcon_core.package_identification:_identify(src/assign1_interfaces) by extension 'ignore'
[0.244s] Level 1:colcon.colcon_core.package_identification:_identify(src/assign1_interfaces) by extension 'ignore_ament_install'
[0.244s] Level 1:colcon.colcon_core.package_identification:_identify(src/assign1_interfaces) by extensions ['colcon_pkg']
[0.244s] Level 1:colcon.colcon_core.package_identification:_identify(src/assign1_interfaces) by extension 'colcon_pkg'
[0.244s] Level 1:colcon.colcon_core.package_identification:_identify(src/assign1_interfaces) by extensions ['colcon_meta']
[0.244s] Level 1:colcon.colcon_core.package_identification:_identify(src/assign1_interfaces) by extension 'colcon_meta'
[0.244s] Level 1:colcon.colcon_core.package_identification:_identify(src/assign1_interfaces) by extensions ['ros']
[0.244s] Level 1:colcon.colcon_core.package_identification:_identify(src/assign1_interfaces) by extension 'ros'
[0.247s] DEBUG:colcon.colcon_core.package_identification:Package 'src/assign1_interfaces' with type 'ros.ament_cmake' and name 'assign1_interfaces'
[0.247s] Level 1:colcon.colcon_core.package_identification:_identify(src/light_tracking) by extensions ['ignore', 'ignore_ament_install']
[0.247s] Level 1:colcon.colcon_core.package_identification:_identify(src/light_tracking) by extension 'ignore'
[0.247s] Level 1:colcon.colcon_core.package_identification:_identify(src/light_tracking) by extension 'ignore_ament_install'
[0.247s] Level 1:colcon.colcon_core.package_identification:_identify(src/light_tracking) by extensions ['colcon_pkg']
[0.247s] Level 1:colcon.colcon_core.package_identification:_identify(src/light_tracking) by extension 'colcon_pkg'
[0.247s] Level 1:colcon.colcon_core.package_identification:_identify(src/light_tracking) by extensions ['colcon_meta']
[0.247s] Level 1:colcon.colcon_core.package_identification:_identify(src/light_tracking) by extension 'colcon_meta'
[0.247s] Level 1:colcon.colcon_core.package_identification:_identify(src/light_tracking) by extensions ['ros']
[0.247s] Level 1:colcon.colcon_core.package_identification:_identify(src/light_tracking) by extension 'ros'
[0.248s] DEBUG:colcon.colcon_core.package_identification:Package 'src/light_tracking' with type 'ros.ament_cmake' and name 'light_tracking'
[0.249s] Level 1:colcon.colcon_core.package_identification:_identify(src/rel_controller) by extensions ['ignore', 'ignore_ament_install']
[0.249s] Level 1:colcon.colcon_core.package_identification:_identify(src/rel_controller) by extension 'ignore'
[0.249s] Level 1:colcon.colcon_core.package_identification:_identify(src/rel_controller) by extension 'ignore_ament_install'
[0.249s] Level 1:colcon.colcon_core.package_identification:_identify(src/rel_controller) by extensions ['colcon_pkg']
[0.249s] Level 1:colcon.colcon_core.package_identification:_identify(src/rel_controller) by extension 'colcon_pkg'
[0.249s] Level 1:colcon.colcon_core.package_identification:_identify(src/rel_controller) by extensions ['colcon_meta']
[0.249s] Level 1:colcon.colcon_core.package_identification:_identify(src/rel_controller) by extension 'colcon_meta'
[0.249s] Level 1:colcon.colcon_core.package_identification:_identify(src/rel_controller) by extensions ['ros']
[0.249s] Level 1:colcon.colcon_core.package_identification:_identify(src/rel_controller) by extension 'ros'
[0.250s] DEBUG:colcon.colcon_core.package_identification:Package 'src/rel_controller' with type 'ros.ament_cmake' and name 'rel_controller'
[0.250s] Level 1:colcon.colcon_core.package_identification:_identify(src/relbot_simulator) by extensions ['ignore', 'ignore_ament_install']
[0.250s] Level 1:colcon.colcon_core.package_identification:_identify(src/relbot_simulator) by extension 'ignore'
[0.250s] Level 1:colcon.colcon_core.package_identification:_identify(src/relbot_simulator) by extension 'ignore_ament_install'
[0.250s] Level 1:colcon.colcon_core.package_identification:_identify(src/relbot_simulator) by extensions ['colcon_pkg']
[0.250s] Level 1:colcon.colcon_core.package_identification:_identify(src/relbot_simulator) by extension 'colcon_pkg'
[0.250s] Level 1:colcon.colcon_core.package_identification:_identify(src/relbot_simulator) by extensions ['colcon_meta']
[0.250s] Level 1:colcon.colcon_core.package_identification:_identify(src/relbot_simulator) by extension 'colcon_meta'
[0.250s] Level 1:colcon.colcon_core.package_identification:_identify(src/relbot_simulator) by extensions ['ros']
[0.250s] Level 1:colcon.colcon_core.package_identification:_identify(src/relbot_simulator) by extension 'ros'
[0.251s] DEBUG:colcon.colcon_core.package_identification:Package 'src/relbot_simulator' with type 'ros.ament_cmake' and name 'relbot_simulator'
[0.251s] Level 1:colcon.colcon_core.package_discovery:discover_packages(recursive) using defaults
[0.251s] Level 1:colcon.colcon_core.package_discovery:discover_packages(ignore) discover
[0.251s] Level 1:colcon.colcon_core.package_discovery:discover_packages(ignore) using defaults
[0.251s] Level 1:colcon.colcon_core.package_discovery:discover_packages(path) discover
[0.252s] Level 1:colcon.colcon_core.package_discovery:discover_packages(path) using defaults
[0.275s] INFO:colcon.colcon_core.package_selection:Skipping not selected package 'assign1_interfaces' in 'src/assign1_interfaces'
[0.275s] INFO:colcon.colcon_core.package_selection:Skipping not selected package 'relbot_simulator' in 'src/relbot_simulator'
[0.275s] INFO:colcon.colcon_core.package_selection:Skipping not selected package 'rel_controller' in 'src/rel_controller'
[0.275s] Level 1:colcon.colcon_core.package_discovery:discover_packages(prefix_path) check parameters
[0.275s] Level 1:colcon.colcon_core.package_discovery:discover_packages(prefix_path) discover
[0.278s] DEBUG:colcon.colcon_installed_package_information.package_discovery:Found 5 installed packages in /home/oisin/ros2_ws/assign1_ws/install
[0.280s] DEBUG:colcon.colcon_installed_package_information.package_discovery:Found 316 installed packages in /opt/ros/jazzy
[0.282s] Level 1:colcon.colcon_core.package_discovery:discover_packages(prefix_path) using defaults
[0.336s] Level 5:colcon.colcon_core.verb:set package 'light_tracking' build argument 'cmake_args' from command line to 'None'
[0.337s] Level 5:colcon.colcon_core.verb:set package 'light_tracking' build argument 'cmake_target' from command line to 'None'
[0.337s] Level 5:colcon.colcon_core.verb:set package 'light_tracking' build argument 'cmake_target_skip_unavailable' from command line to 'False'
[0.337s] Level 5:colcon.colcon_core.verb:set package 'light_tracking' build argument 'cmake_clean_cache' from command line to 'False'
[0.337s] Level 5:colcon.colcon_core.verb:set package 'light_tracking' build argument 'cmake_clean_first' from command line to 'False'
[0.337s] Level 5:colcon.colcon_core.verb:set package 'light_tracking' build argument 'cmake_force_configure' from command line to 'False'
[0.337s] Level 5:colcon.colcon_core.verb:set package 'light_tracking' build argument 'ament_cmake_args' from command line to 'None'
[0.337s] Level 5:colcon.colcon_core.verb:set package 'light_tracking' build argument 'catkin_cmake_args' from command line to 'None'
[0.337s] Level 5:colcon.colcon_core.verb:set package 'light_tracking' build argument 'catkin_skip_building_tests' from command line to 'False'
[0.337s] DEBUG:colcon.colcon_core.verb:Building package 'light_tracking' with the following arguments: {'ament_cmake_args': None, 'build_base': '/home/oisin/ros2_ws/assign1_ws/build/light_tracking', 'catkin_cmake_args': None, 'catkin_skip_building_tests': False, 'cmake_args': None, 'cmake_clean_cache': False, 'cmake_clean_first': False, 'cmake_force_configure': False, 'cmake_target': None, 'cmake_target_skip_unavailable': False, 'install_base': '/home/oisin/ros2_ws/assign1_ws/install/light_tracking', 'merge_install': False, 'path': '/home/oisin/ros2_ws/assign1_ws/src/light_tracking', 'symlink_install': False, 'test_result_base': None}
[0.337s] INFO:colcon.colcon_core.executor:Executing jobs using 'parallel' executor
[0.339s] DEBUG:colcon.colcon_parallel_executor.executor.parallel:run_until_complete
[0.339s] INFO:colcon.colcon_ros.task.ament_cmake.build:Building ROS package in '/home/oisin/ros2_ws/assign1_ws/src/light_tracking' with build type 'ament_cmake'
[0.339s] INFO:colcon.colcon_cmake.task.cmake.build:Building CMake package in '/home/oisin/ros2_ws/assign1_ws/src/light_tracking'
[0.342s] INFO:colcon.colcon_core.plugin_system:Skipping extension 'colcon_core.shell.bat': Not used on non-Windows systems
[0.344s] INFO:colcon.colcon_core.shell:Skip shell extension 'powershell' for command environment: Not usable outside of PowerShell
[0.344s] DEBUG:colcon.colcon_core.shell:Skip shell extension 'dsv' for command environment
[0.370s] DEBUG:colcon.colcon_core.event_handler.log_command:Invoking command in '/home/oisin/ros2_ws/assign1_ws/build/light_tracking': CMAKE_PREFIX_PATH=/home/oisin/ros2_ws/assign1_ws/install/assign1_interfaces:/home/oisin/ros2_ws/assign1_ws/install/relbot_simulator:/home/oisin/ros2_ws/assign1_ws/install/rel_controller:/home/oisin/ros2_ws/assign1_ws/install/light_tracking:/opt/ros/jazzy/opt/sdformat_vendor:/opt/ros/jazzy/opt/gz_math_vendor:/opt/ros/jazzy/opt/gz_utils_vendor:/opt/ros/jazzy/opt/gz_tools_vendor:/opt/ros/jazzy/opt/gz_cmake_vendor:/opt/ros/jazzy DEBUGINFOD_URLS=https://debuginfod.ubuntu.com /usr/bin/cmake --build /home/oisin/ros2_ws/assign1_ws/build/light_tracking -- -j16 -l16
[9.153s] DEBUG:colcon.colcon_core.event_handler.log_command:Invoked command in '/home/oisin/ros2_ws/assign1_ws/build/light_tracking' returned '0': CMAKE_PREFIX_PATH=/home/oisin/ros2_ws/assign1_ws/install/assign1_interfaces:/home/oisin/ros2_ws/assign1_ws/install/relbot_simulator:/home/oisin/ros2_ws/assign1_ws/install/rel_controller:/home/oisin/ros2_ws/assign1_ws/install/light_tracking:/opt/ros/jazzy/opt/sdformat_vendor:/opt/ros/jazzy/opt/gz_math_vendor:/opt/ros/jazzy/opt/gz_utils_vendor:/opt/ros/jazzy/opt/gz_tools_vendor:/opt/ros/jazzy/opt/gz_cmake_vendor:/opt/ros/jazzy DEBUGINFOD_URLS=https://debuginfod.ubuntu.com /usr/bin/cmake --build /home/oisin/ros2_ws/assign1_ws/build/light_tracking -- -j16 -l16
[9.162s] DEBUG:colcon.colcon_core.event_handler.log_command:Invoking command in '/home/oisin/ros2_ws/assign1_ws/build/light_tracking': CMAKE_PREFIX_PATH=/home/oisin/ros2_ws/assign1_ws/install/assign1_interfaces:/home/oisin/ros2_ws/assign1_ws/install/relbot_simulator:/home/oisin/ros2_ws/assign1_ws/install/rel_controller:/home/oisin/ros2_ws/assign1_ws/install/light_tracking:/opt/ros/jazzy/opt/sdformat_vendor:/opt/ros/jazzy/opt/gz_math_vendor:/opt/ros/jazzy/opt/gz_utils_vendor:/opt/ros/jazzy/opt/gz_tools_vendor:/opt/ros/jazzy/opt/gz_cmake_vendor:/opt/ros/jazzy DEBUGINFOD_URLS=https://debuginfod.ubuntu.com /usr/bin/cmake --install /home/oisin/ros2_ws/assign1_ws/build/light_tracking
[9.184s] Level 1:colcon.colcon_core.environment:create_environment_scripts_only(light_tracking)
[9.184s] DEBUG:colcon.colcon_core.event_handler.log_command:Invoked command in '/home/oisin/ros2_ws/assign1_ws/build/light_tracking' returned '0': CMAKE_PREFIX_PATH=/home/oisin/ros2_ws/assign1_ws/install/assign1_interfaces:/home/oisin/ros2_ws/assign1_ws/install/relbot_simulator:/home/oisin/ros2_ws/assign1_ws/install/rel_controller:/home/oisin/ros2_ws/assign1_ws/install/light_tracking:/opt/ros/jazzy/opt/sdformat_vendor:/opt/ros/jazzy/opt/gz_math_vendor:/opt/ros/jazzy/opt/gz_utils_vendor:/opt/ros/jazzy/opt/gz_tools_vendor:/opt/ros/jazzy/opt/gz_cmake_vendor:/opt/ros/jazzy DEBUGINFOD_URLS=https://debuginfod.ubuntu.com /usr/bin/cmake --install /home/oisin/ros2_ws/assign1_ws/build/light_tracking
[9.186s] Level 1:colcon.colcon_core.environment:checking '/home/oisin/ros2_ws/assign1_ws/install/light_tracking' for CMake module files
[9.186s] Level 1:colcon.colcon_core.environment:checking '/home/oisin/ros2_ws/assign1_ws/install/light_tracking' for CMake config files
[9.186s] Level 1:colcon.colcon_core.shell:create_environment_hook('light_tracking', 'cmake_prefix_path')
[9.187s] INFO:colcon.colcon_core.shell:Creating environment hook '/home/oisin/ros2_ws/assign1_ws/install/light_tracking/share/light_tracking/hook/cmake_prefix_path.ps1'
[9.187s] INFO:colcon.colcon_core.shell:Creating environment descriptor '/home/oisin/ros2_ws/assign1_ws/install/light_tracking/share/light_tracking/hook/cmake_prefix_path.dsv'
[9.187s] INFO:colcon.colcon_core.shell:Creating environment hook '/home/oisin/ros2_ws/assign1_ws/install/light_tracking/share/light_tracking/hook/cmake_prefix_path.sh'
[9.188s] Level 1:colcon.colcon_core.environment:checking '/home/oisin/ros2_ws/assign1_ws/install/light_tracking/lib'
[9.188s] Level 1:colcon.colcon_core.environment:checking '/home/oisin/ros2_ws/assign1_ws/install/light_tracking/bin'
[9.188s] Level 1:colcon.colcon_core.environment:checking '/home/oisin/ros2_ws/assign1_ws/install/light_tracking/lib/pkgconfig/light_tracking.pc'
[9.188s] Level 1:colcon.colcon_core.environment:checking '/home/oisin/ros2_ws/assign1_ws/install/light_tracking/lib/python3.12/site-packages'
[9.188s] Level 1:colcon.colcon_core.environment:checking '/home/oisin/ros2_ws/assign1_ws/install/light_tracking/bin'
[9.188s] INFO:colcon.colcon_core.shell:Creating package script '/home/oisin/ros2_ws/assign1_ws/install/light_tracking/share/light_tracking/package.ps1'
[9.189s] INFO:colcon.colcon_core.shell:Creating package descriptor '/home/oisin/ros2_ws/assign1_ws/install/light_tracking/share/light_tracking/package.dsv'
[9.189s] INFO:colcon.colcon_core.shell:Creating package script '/home/oisin/ros2_ws/assign1_ws/install/light_tracking/share/light_tracking/package.sh'
[9.189s] INFO:colcon.colcon_core.shell:Creating package script '/home/oisin/ros2_ws/assign1_ws/install/light_tracking/share/light_tracking/package.bash'
[9.190s] INFO:colcon.colcon_core.shell:Creating package script '/home/oisin/ros2_ws/assign1_ws/install/light_tracking/share/light_tracking/package.zsh'
[9.190s] Level 1:colcon.colcon_core.environment:create_file_with_runtime_dependencies(/home/oisin/ros2_ws/assign1_ws/install/light_tracking/share/colcon-core/packages/light_tracking)
[9.191s] Level 1:colcon.colcon_core.environment:create_environment_scripts_only(light_tracking)
[9.191s] Level 1:colcon.colcon_core.environment:checking '/home/oisin/ros2_ws/assign1_ws/install/light_tracking' for CMake module files
[9.191s] Level 1:colcon.colcon_core.environment:checking '/home/oisin/ros2_ws/assign1_ws/install/light_tracking' for CMake config files
[9.191s] Level 1:colcon.colcon_core.shell:create_environment_hook('light_tracking', 'cmake_prefix_path')
[9.191s] INFO:colcon.colcon_core.shell:Creating environment hook '/home/oisin/ros2_ws/assign1_ws/install/light_tracking/share/light_tracking/hook/cmake_prefix_path.ps1'
[9.192s] INFO:colcon.colcon_core.shell:Creating environment descriptor '/home/oisin/ros2_ws/assign1_ws/install/light_tracking/share/light_tracking/hook/cmake_prefix_path.dsv'
[9.192s] INFO:colcon.colcon_core.shell:Creating environment hook '/home/oisin/ros2_ws/assign1_ws/install/light_tracking/share/light_tracking/hook/cmake_prefix_path.sh'
[9.192s] Level 1:colcon.colcon_core.environment:checking '/home/oisin/ros2_ws/assign1_ws/install/light_tracking/lib'
[9.192s] Level 1:colcon.colcon_core.environment:checking '/home/oisin/ros2_ws/assign1_ws/install/light_tracking/bin'
[9.192s] Level 1:colcon.colcon_core.environment:checking '/home/oisin/ros2_ws/assign1_ws/install/light_tracking/lib/pkgconfig/light_tracking.pc'
[9.192s] Level 1:colcon.colcon_core.environment:checking '/home/oisin/ros2_ws/assign1_ws/install/light_tracking/lib/python3.12/site-packages'
[9.192s] Level 1:colcon.colcon_core.environment:checking '/home/oisin/ros2_ws/assign1_ws/install/light_tracking/bin'
[9.193s] INFO:colcon.colcon_core.shell:Creating package script '/home/oisin/ros2_ws/assign1_ws/install/light_tracking/share/light_tracking/package.ps1'
[9.193s] INFO:colcon.colcon_core.shell:Creating package descriptor '/home/oisin/ros2_ws/assign1_ws/install/light_tracking/share/light_tracking/package.dsv'
[9.193s] INFO:colcon.colcon_core.shell:Creating package script '/home/oisin/ros2_ws/assign1_ws/install/light_tracking/share/light_tracking/package.sh'
[9.193s] INFO:colcon.colcon_core.shell:Creating package script '/home/oisin/ros2_ws/assign1_ws/install/light_tracking/share/light_tracking/package.bash'
[9.194s] INFO:colcon.colcon_core.shell:Creating package script '/home/oisin/ros2_ws/assign1_ws/install/light_tracking/share/light_tracking/package.zsh'
[9.194s] Level 1:colcon.colcon_core.environment:create_file_with_runtime_dependencies(/home/oisin/ros2_ws/assign1_ws/install/light_tracking/share/colcon-core/packages/light_tracking)
[9.194s] DEBUG:colcon.colcon_parallel_executor.executor.parallel:closing loop
[9.194s] DEBUG:colcon.colcon_parallel_executor.executor.parallel:loop closed
[9.194s] DEBUG:colcon.colcon_parallel_executor.executor.parallel:run_until_complete finished with '0'
[9.195s] DEBUG:colcon.colcon_core.event_reactor:joining thread
[9.199s] INFO:colcon.colcon_core.plugin_system:Skipping extension 'colcon_notification.desktop_notification.terminal_notifier': Not used on non-Darwin systems
[9.199s] INFO:colcon.colcon_core.plugin_system:Skipping extension 'colcon_notification.desktop_notification.win32': Not used on non-Windows systems
[9.199s] INFO:colcon.colcon_notification.desktop_notification:Sending desktop notification using 'notify2'
[9.212s] DEBUG:colcon.colcon_core.event_reactor:joined thread
[9.213s] INFO:colcon.colcon_core.shell:Creating prefix script '/home/oisin/ros2_ws/assign1_ws/install/local_setup.ps1'
[9.213s] INFO:colcon.colcon_core.shell:Creating prefix util module '/home/oisin/ros2_ws/assign1_ws/install/_local_setup_util_ps1.py'
[9.214s] INFO:colcon.colcon_core.shell:Creating prefix chain script '/home/oisin/ros2_ws/assign1_ws/install/setup.ps1'
[9.215s] INFO:colcon.colcon_core.shell:Creating prefix script '/home/oisin/ros2_ws/assign1_ws/install/local_setup.sh'
[9.215s] INFO:colcon.colcon_core.shell:Creating prefix util module '/home/oisin/ros2_ws/assign1_ws/install/_local_setup_util_sh.py'
[9.215s] INFO:colcon.colcon_core.shell:Creating prefix chain script '/home/oisin/ros2_ws/assign1_ws/install/setup.sh'
[9.216s] INFO:colcon.colcon_core.shell:Creating prefix script '/home/oisin/ros2_ws/assign1_ws/install/local_setup.bash'
[9.216s] INFO:colcon.colcon_core.shell:Creating prefix chain script '/home/oisin/ros2_ws/assign1_ws/install/setup.bash'
[9.217s] INFO:colcon.colcon_core.shell:Creating prefix script '/home/oisin/ros2_ws/assign1_ws/install/local_setup.zsh'
[9.217s] INFO:colcon.colcon_core.shell:Creating prefix chain script '/home/oisin/ros2_ws/assign1_ws/install/setup.zsh'
