[0.216s] DEBUG:colcon:Command line arguments: ['/usr/bin/colcon', 'build']
[0.216s] DEBUG:colcon:Parsed command line arguments: Namespace(log_base=None, log_level=None, verb_name='build', build_base='build', install_base='install', merge_install=False, symlink_install=False, test_result_base=None, continue_on_error=False, executor='parallel', parallel_workers=16, event_handlers=None, ignore_user_meta=False, metas=['./colcon.meta'], base_paths=['.'], packages_ignore=None, packages_ignore_regex=None, paths=None, packages_up_to=None, packages_up_to_regex=None, packages_above=None, packages_above_and_dependencies=None, packages_above_depth=None, packages_select_by_dep=None, packages_skip_by_dep=None, packages_skip_up_to=None, packages_select_build_failed=False, packages_skip_build_finished=False, packages_select_test_failures=False, packages_skip_test_passed=False, packages_select=None, packages_skip=None, packages_select_regex=None, packages_skip_regex=None, packages_start=None, packages_end=None, allow_overriding=[], cmake_args=None, cmake_target=None, cmake_target_skip_unavailable=False, cmake_clean_cache=False, cmake_clean_first=False, cmake_force_configure=False, ament_cmake_args=None, catkin_cmake_args=None, catkin_skip_building_tests=False, mixin_files=None, mixin=None, verb_parser=<colcon_mixin.mixin.mixin_argument.MixinArgumentDecorator object at 0x7c339966f170>, verb_extension=<colcon_core.verb.build.BuildVerb object at 0x7c33997977a0>, main=<bound method BuildVerb.main of <colcon_core.verb.build.BuildVerb object at 0x7c33997977a0>>, mixin_verb=('build',))
[0.301s] Level 1:colcon.colcon_core.package_discovery:discover_packages(colcon_meta) check parameters
[0.301s] Level 1:colcon.colcon_core.package_discovery:discover_packages(recursive) check parameters
[0.302s] Level 1:colcon.colcon_core.package_discovery:discover_packages(ignore) check parameters
[0.302s] Level 1:colcon.colcon_core.package_discovery:discover_packages(path) check parameters
[0.302s] Level 1:colcon.colcon_core.package_discovery:discover_packages(colcon_meta) discover
[0.302s] Level 1:colcon.colcon_core.package_discovery:discover_packages(recursive) discover
[0.302s] INFO:colcon.colcon_core.package_discovery:Crawling recursively for packages in '/home/oisin/ros2_ws/assign1_ws'
[0.302s] Level 1:colcon.colcon_core.package_identification:_identify(.) by extensions ['ignore', 'ignore_ament_install']
[0.302s] Level 1:colcon.colcon_core.package_identification:_identify(.) by extension 'ignore'
[0.302s] Level 1:colcon.colcon_core.package_identification:_identify(.) by extension 'ignore_ament_install'
[0.302s] Level 1:colcon.colcon_core.package_identification:_identify(.) by extensions ['colcon_pkg']
[0.302s] Level 1:colcon.colcon_core.package_identification:_identify(.) by extension 'colcon_pkg'
[0.303s] Level 1:colcon.colcon_core.package_identification:_identify(.) by extensions ['colcon_meta']
[0.303s] Level 1:colcon.colcon_core.package_identification:_identify(.) by extension 'colcon_meta'
[0.303s] Level 1:colcon.colcon_core.package_identification:_identify(.) by extensions ['ros']
[0.303s] Level 1:colcon.colcon_core.package_identification:_identify(.) by extension 'ros'
[0.356s] Level 1:colcon.colcon_core.package_identification:_identify(.) by extensions ['cmake', 'python']
[0.356s] Level 1:colcon.colcon_core.package_identification:_identify(.) by extension 'cmake'
[0.356s] Level 1:colcon.colcon_core.package_identification:_identify(.) by extension 'python'
[0.356s] Level 1:colcon.colcon_core.package_identification:_identify(.) by extensions ['python_setup_py']
[0.356s] Level 1:colcon.colcon_core.package_identification:_identify(.) by extension 'python_setup_py'
[0.357s] Level 1:colcon.colcon_core.package_identification:_identify(build) by extensions ['ignore', 'ignore_ament_install']
[0.357s] Level 1:colcon.colcon_core.package_identification:_identify(build) by extension 'ignore'
[0.357s] Level 1:colcon.colcon_core.package_identification:_identify(build) ignored
[0.357s] Level 1:colcon.colcon_core.package_identification:_identify(install) by extensions ['ignore', 'ignore_ament_install']
[0.357s] Level 1:colcon.colcon_core.package_identification:_identify(install) by extension 'ignore'
[0.357s] Level 1:colcon.colcon_core.package_identification:_identify(install) ignored
[0.358s] Level 1:colcon.colcon_core.package_identification:_identify(log) by extensions ['ignore', 'ignore_ament_install']
[0.358s] Level 1:colcon.colcon_core.package_identification:_identify(log) by extension 'ignore'
[0.358s] Level 1:colcon.colcon_core.package_identification:_identify(log) ignored
[0.358s] Level 1:colcon.colcon_core.package_identification:_identify(src) by extensions ['ignore', 'ignore_ament_install']
[0.358s] Level 1:colcon.colcon_core.package_identification:_identify(src) by extension 'ignore'
[0.358s] Level 1:colcon.colcon_core.package_identification:_identify(src) by extension 'ignore_ament_install'
[0.358s] Level 1:colcon.colcon_core.package_identification:_identify(src) by extensions ['colcon_pkg']
[0.358s] Level 1:colcon.colcon_core.package_identification:_identify(src) by extension 'colcon_pkg'
[0.358s] Level 1:colcon.colcon_core.package_identification:_identify(src) by extensions ['colcon_meta']
[0.358s] Level 1:colcon.colcon_core.package_identification:_identify(src) by extension 'colcon_meta'
[0.358s] Level 1:colcon.colcon_core.package_identification:_identify(src) by extensions ['ros']
[0.358s] Level 1:colcon.colcon_core.package_identification:_identify(src) by extension 'ros'
[0.359s] Level 1:colcon.colcon_core.package_identification:_identify(src) by extensions ['cmake', 'python']
[0.359s] Level 1:colcon.colcon_core.package_identification:_identify(src) by extension 'cmake'
[0.359s] Level 1:colcon.colcon_core.package_identification:_identify(src) by extension 'python'
[0.359s] Level 1:colcon.colcon_core.package_identification:_identify(src) by extensions ['python_setup_py']
[0.359s] Level 1:colcon.colcon_core.package_identification:_identify(src) by extension 'python_setup_py'
[0.359s] Level 1:colcon.colcon_core.package_identification:_identify(src/assign1_interfaces) by extensions ['ignore', 'ignore_ament_install']
[0.359s] Level 1:colcon.colcon_core.package_identification:_identify(src/assign1_interfaces) by extension 'ignore'
[0.359s] Level 1:colcon.colcon_core.package_identification:_identify(src/assign1_interfaces) by extension 'ignore_ament_install'
[0.359s] Level 1:colcon.colcon_core.package_identification:_identify(src/assign1_interfaces) by extensions ['colcon_pkg']
[0.359s] Level 1:colcon.colcon_core.package_identification:_identify(src/assign1_interfaces) by extension 'colcon_pkg'
[0.359s] Level 1:colcon.colcon_core.package_identification:_identify(src/assign1_interfaces) by extensions ['colcon_meta']
[0.359s] Level 1:colcon.colcon_core.package_identification:_identify(src/assign1_interfaces) by extension 'colcon_meta'
[0.359s] Level 1:colcon.colcon_core.package_identification:_identify(src/assign1_interfaces) by extensions ['ros']
[0.359s] Level 1:colcon.colcon_core.package_identification:_identify(src/assign1_interfaces) by extension 'ros'
[0.364s] DEBUG:colcon.colcon_core.package_identification:Package 'src/assign1_interfaces' with type 'ros.ament_cmake' and name 'assign1_interfaces'
[0.364s] Level 1:colcon.colcon_core.package_identification:_identify(src/light_tracking) by extensions ['ignore', 'ignore_ament_install']
[0.365s] Level 1:colcon.colcon_core.package_identification:_identify(src/light_tracking) by extension 'ignore'
[0.365s] Level 1:colcon.colcon_core.package_identification:_identify(src/light_tracking) by extension 'ignore_ament_install'
[0.365s] Level 1:colcon.colcon_core.package_identification:_identify(src/light_tracking) by extensions ['colcon_pkg']
[0.365s] Level 1:colcon.colcon_core.package_identification:_identify(src/light_tracking) by extension 'colcon_pkg'
[0.365s] Level 1:colcon.colcon_core.package_identification:_identify(src/light_tracking) by extensions ['colcon_meta']
[0.365s] Level 1:colcon.colcon_core.package_identification:_identify(src/light_tracking) by extension 'colcon_meta'
[0.365s] Level 1:colcon.colcon_core.package_identification:_identify(src/light_tracking) by extensions ['ros']
[0.365s] Level 1:colcon.colcon_core.package_identification:_identify(src/light_tracking) by extension 'ros'
[0.367s] DEBUG:colcon.colcon_core.package_identification:Package 'src/light_tracking' with type 'ros.ament_cmake' and name 'image_cpp'
[0.367s] Level 1:colcon.colcon_core.package_discovery:discover_packages(recursive) using defaults
[0.367s] Level 1:colcon.colcon_core.package_discovery:discover_packages(ignore) discover
[0.368s] Level 1:colcon.colcon_core.package_discovery:discover_packages(ignore) using defaults
[0.368s] Level 1:colcon.colcon_core.package_discovery:discover_packages(path) discover
[0.368s] Level 1:colcon.colcon_core.package_discovery:discover_packages(path) using defaults
[0.403s] Level 1:colcon.colcon_core.package_discovery:discover_packages(prefix_path) check parameters
[0.404s] Level 1:colcon.colcon_core.package_discovery:discover_packages(prefix_path) discover
[0.407s] DEBUG:colcon.colcon_installed_package_information.package_discovery:Found 2 installed packages in /home/oisin/ros2_ws/assign1_ws/install
[0.411s] DEBUG:colcon.colcon_installed_package_information.package_discovery:Found 316 installed packages in /opt/ros/jazzy
[0.415s] Level 1:colcon.colcon_core.package_discovery:discover_packages(prefix_path) using defaults
[0.504s] Level 5:colcon.colcon_core.verb:set package 'assign1_interfaces' build argument 'cmake_args' from command line to 'None'
[0.504s] Level 5:colcon.colcon_core.verb:set package 'assign1_interfaces' build argument 'cmake_target' from command line to 'None'
[0.504s] Level 5:colcon.colcon_core.verb:set package 'assign1_interfaces' build argument 'cmake_target_skip_unavailable' from command line to 'False'
[0.504s] Level 5:colcon.colcon_core.verb:set package 'assign1_interfaces' build argument 'cmake_clean_cache' from command line to 'False'
[0.504s] Level 5:colcon.colcon_core.verb:set package 'assign1_interfaces' build argument 'cmake_clean_first' from command line to 'False'
[0.504s] Level 5:colcon.colcon_core.verb:set package 'assign1_interfaces' build argument 'cmake_force_configure' from command line to 'False'
[0.504s] Level 5:colcon.colcon_core.verb:set package 'assign1_interfaces' build argument 'ament_cmake_args' from command line to 'None'
[0.505s] Level 5:colcon.colcon_core.verb:set package 'assign1_interfaces' build argument 'catkin_cmake_args' from command line to 'None'
[0.505s] Level 5:colcon.colcon_core.verb:set package 'assign1_interfaces' build argument 'catkin_skip_building_tests' from command line to 'False'
[0.505s] DEBUG:colcon.colcon_core.verb:Building package 'assign1_interfaces' with the following arguments: {'ament_cmake_args': None, 'build_base': '/home/oisin/ros2_ws/assign1_ws/build/assign1_interfaces', 'catkin_cmake_args': None, 'catkin_skip_building_tests': False, 'cmake_args': None, 'cmake_clean_cache': False, 'cmake_clean_first': False, 'cmake_force_configure': False, 'cmake_target': None, 'cmake_target_skip_unavailable': False, 'install_base': '/home/oisin/ros2_ws/assign1_ws/install/assign1_interfaces', 'merge_install': False, 'path': '/home/oisin/ros2_ws/assign1_ws/src/assign1_interfaces', 'symlink_install': False, 'test_result_base': None}
[0.505s] Level 5:colcon.colcon_core.verb:set package 'image_cpp' build argument 'cmake_args' from command line to 'None'
[0.505s] Level 5:colcon.colcon_core.verb:set package 'image_cpp' build argument 'cmake_target' from command line to 'None'
[0.505s] Level 5:colcon.colcon_core.verb:set package 'image_cpp' build argument 'cmake_target_skip_unavailable' from command line to 'False'
[0.505s] Level 5:colcon.colcon_core.verb:set package 'image_cpp' build argument 'cmake_clean_cache' from command line to 'False'
[0.505s] Level 5:colcon.colcon_core.verb:set package 'image_cpp' build argument 'cmake_clean_first' from command line to 'False'
[0.505s] Level 5:colcon.colcon_core.verb:set package 'image_cpp' build argument 'cmake_force_configure' from command line to 'False'
[0.505s] Level 5:colcon.colcon_core.verb:set package 'image_cpp' build argument 'ament_cmake_args' from command line to 'None'
[0.505s] Level 5:colcon.colcon_core.verb:set package 'image_cpp' build argument 'catkin_cmake_args' from command line to 'None'
[0.505s] Level 5:colcon.colcon_core.verb:set package 'image_cpp' build argument 'catkin_skip_building_tests' from command line to 'False'
[0.506s] DEBUG:colcon.colcon_core.verb:Building package 'image_cpp' with the following arguments: {'ament_cmake_args': None, 'build_base': '/home/oisin/ros2_ws/assign1_ws/build/image_cpp', 'catkin_cmake_args': None, 'catkin_skip_building_tests': False, 'cmake_args': None, 'cmake_clean_cache': False, 'cmake_clean_first': False, 'cmake_force_configure': False, 'cmake_target': None, 'cmake_target_skip_unavailable': False, 'install_base': '/home/oisin/ros2_ws/assign1_ws/install/image_cpp', 'merge_install': False, 'path': '/home/oisin/ros2_ws/assign1_ws/src/light_tracking', 'symlink_install': False, 'test_result_base': None}
[0.506s] INFO:colcon.colcon_core.executor:Executing jobs using 'parallel' executor
[0.507s] DEBUG:colcon.colcon_parallel_executor.executor.parallel:run_until_complete
[0.508s] INFO:colcon.colcon_ros.task.ament_cmake.build:Building ROS package in '/home/oisin/ros2_ws/assign1_ws/src/assign1_interfaces' with build type 'ament_cmake'
[0.508s] INFO:colcon.colcon_cmake.task.cmake.build:Building CMake package in '/home/oisin/ros2_ws/assign1_ws/src/assign1_interfaces'
[0.512s] INFO:colcon.colcon_core.plugin_system:Skipping extension 'colcon_core.shell.bat': Not used on non-Windows systems
[0.513s] INFO:colcon.colcon_core.shell:Skip shell extension 'powershell' for command environment: Not usable outside of PowerShell
[0.513s] DEBUG:colcon.colcon_core.shell:Skip shell extension 'dsv' for command environment
[0.532s] DEBUG:colcon.colcon_core.event_handler.log_command:Invoking command in '/home/oisin/ros2_ws/assign1_ws/build/assign1_interfaces': CMAKE_PREFIX_PATH=${CMAKE_PREFIX_PATH}:/opt/ros/jazzy DEBUGINFOD_URLS=https://debuginfod.ubuntu.com /usr/bin/cmake --build /home/oisin/ros2_ws/assign1_ws/build/assign1_interfaces -- -j16 -l16
[1.348s] DEBUG:colcon.colcon_core.event_handler.log_command:Invoked command in '/home/oisin/ros2_ws/assign1_ws/build/assign1_interfaces' returned '0': CMAKE_PREFIX_PATH=${CMAKE_PREFIX_PATH}:/opt/ros/jazzy DEBUGINFOD_URLS=https://debuginfod.ubuntu.com /usr/bin/cmake --build /home/oisin/ros2_ws/assign1_ws/build/assign1_interfaces -- -j16 -l16
[1.370s] DEBUG:colcon.colcon_core.event_handler.log_command:Invoking command in '/home/oisin/ros2_ws/assign1_ws/build/assign1_interfaces': CMAKE_PREFIX_PATH=${CMAKE_PREFIX_PATH}:/opt/ros/jazzy DEBUGINFOD_URLS=https://debuginfod.ubuntu.com /usr/bin/cmake --install /home/oisin/ros2_ws/assign1_ws/build/assign1_interfaces
[1.503s] Level 1:colcon.colcon_core.environment:create_environment_scripts_only(assign1_interfaces)
[1.504s] DEBUG:colcon.colcon_core.event_handler.log_command:Invoked command in '/home/oisin/ros2_ws/assign1_ws/build/assign1_interfaces' returned '0': CMAKE_PREFIX_PATH=${CMAKE_PREFIX_PATH}:/opt/ros/jazzy DEBUGINFOD_URLS=https://debuginfod.ubuntu.com /usr/bin/cmake --install /home/oisin/ros2_ws/assign1_ws/build/assign1_interfaces
[1.508s] Level 1:colcon.colcon_core.environment:checking '/home/oisin/ros2_ws/assign1_ws/install/assign1_interfaces' for CMake module files
[1.510s] Level 1:colcon.colcon_core.environment:checking '/home/oisin/ros2_ws/assign1_ws/install/assign1_interfaces' for CMake config files
[1.511s] Level 1:colcon.colcon_core.shell:create_environment_hook('assign1_interfaces', 'cmake_prefix_path')
[1.511s] INFO:colcon.colcon_core.shell:Creating environment hook '/home/oisin/ros2_ws/assign1_ws/install/assign1_interfaces/share/assign1_interfaces/hook/cmake_prefix_path.ps1'
[1.513s] INFO:colcon.colcon_core.shell:Creating environment descriptor '/home/oisin/ros2_ws/assign1_ws/install/assign1_interfaces/share/assign1_interfaces/hook/cmake_prefix_path.dsv'
[1.513s] INFO:colcon.colcon_core.shell:Creating environment hook '/home/oisin/ros2_ws/assign1_ws/install/assign1_interfaces/share/assign1_interfaces/hook/cmake_prefix_path.sh'
[1.515s] Level 1:colcon.colcon_core.environment:checking '/home/oisin/ros2_ws/assign1_ws/install/assign1_interfaces/lib'
[1.515s] Level 1:colcon.colcon_core.shell:create_environment_hook('assign1_interfaces', 'ld_library_path_lib')
[1.516s] INFO:colcon.colcon_core.shell:Creating environment hook '/home/oisin/ros2_ws/assign1_ws/install/assign1_interfaces/share/assign1_interfaces/hook/ld_library_path_lib.ps1'
[1.517s] INFO:colcon.colcon_core.shell:Creating environment descriptor '/home/oisin/ros2_ws/assign1_ws/install/assign1_interfaces/share/assign1_interfaces/hook/ld_library_path_lib.dsv'
[1.517s] INFO:colcon.colcon_core.shell:Creating environment hook '/home/oisin/ros2_ws/assign1_ws/install/assign1_interfaces/share/assign1_interfaces/hook/ld_library_path_lib.sh'
[1.518s] Level 1:colcon.colcon_core.environment:checking '/home/oisin/ros2_ws/assign1_ws/install/assign1_interfaces/bin'
[1.518s] Level 1:colcon.colcon_core.environment:checking '/home/oisin/ros2_ws/assign1_ws/install/assign1_interfaces/lib/pkgconfig/assign1_interfaces.pc'
[1.519s] Level 1:colcon.colcon_core.environment:checking '/home/oisin/ros2_ws/assign1_ws/install/assign1_interfaces/lib/python3.12/site-packages'
[1.519s] Level 1:colcon.colcon_core.shell:create_environment_hook('assign1_interfaces', 'pythonpath')
[1.519s] INFO:colcon.colcon_core.shell:Creating environment hook '/home/oisin/ros2_ws/assign1_ws/install/assign1_interfaces/share/assign1_interfaces/hook/pythonpath.ps1'
[1.520s] INFO:colcon.colcon_core.shell:Creating environment descriptor '/home/oisin/ros2_ws/assign1_ws/install/assign1_interfaces/share/assign1_interfaces/hook/pythonpath.dsv'
[1.521s] INFO:colcon.colcon_core.shell:Creating environment hook '/home/oisin/ros2_ws/assign1_ws/install/assign1_interfaces/share/assign1_interfaces/hook/pythonpath.sh'
[1.522s] Level 1:colcon.colcon_core.environment:checking '/home/oisin/ros2_ws/assign1_ws/install/assign1_interfaces/bin'
[1.522s] INFO:colcon.colcon_core.shell:Creating package script '/home/oisin/ros2_ws/assign1_ws/install/assign1_interfaces/share/assign1_interfaces/package.ps1'
[1.524s] INFO:colcon.colcon_core.shell:Creating package descriptor '/home/oisin/ros2_ws/assign1_ws/install/assign1_interfaces/share/assign1_interfaces/package.dsv'
[1.525s] INFO:colcon.colcon_core.shell:Creating package script '/home/oisin/ros2_ws/assign1_ws/install/assign1_interfaces/share/assign1_interfaces/package.sh'
[1.526s] INFO:colcon.colcon_core.shell:Creating package script '/home/oisin/ros2_ws/assign1_ws/install/assign1_interfaces/share/assign1_interfaces/package.bash'
[1.527s] INFO:colcon.colcon_core.shell:Creating package script '/home/oisin/ros2_ws/assign1_ws/install/assign1_interfaces/share/assign1_interfaces/package.zsh'
[1.528s] Level 1:colcon.colcon_core.environment:create_file_with_runtime_dependencies(/home/oisin/ros2_ws/assign1_ws/install/assign1_interfaces/share/colcon-core/packages/assign1_interfaces)
[1.529s] Level 1:colcon.colcon_core.environment:create_environment_scripts_only(assign1_interfaces)
[1.530s] Level 1:colcon.colcon_core.environment:checking '/home/oisin/ros2_ws/assign1_ws/install/assign1_interfaces' for CMake module files
[1.531s] Level 1:colcon.colcon_core.environment:checking '/home/oisin/ros2_ws/assign1_ws/install/assign1_interfaces' for CMake config files
[1.531s] Level 1:colcon.colcon_core.shell:create_environment_hook('assign1_interfaces', 'cmake_prefix_path')
[1.532s] INFO:colcon.colcon_core.shell:Creating environment hook '/home/oisin/ros2_ws/assign1_ws/install/assign1_interfaces/share/assign1_interfaces/hook/cmake_prefix_path.ps1'
[1.533s] INFO:colcon.colcon_core.shell:Creating environment descriptor '/home/oisin/ros2_ws/assign1_ws/install/assign1_interfaces/share/assign1_interfaces/hook/cmake_prefix_path.dsv'
[1.533s] INFO:colcon.colcon_core.shell:Creating environment hook '/home/oisin/ros2_ws/assign1_ws/install/assign1_interfaces/share/assign1_interfaces/hook/cmake_prefix_path.sh'
[1.534s] Level 1:colcon.colcon_core.environment:checking '/home/oisin/ros2_ws/assign1_ws/install/assign1_interfaces/lib'
[1.535s] Level 1:colcon.colcon_core.shell:create_environment_hook('assign1_interfaces', 'ld_library_path_lib')
[1.535s] INFO:colcon.colcon_core.shell:Creating environment hook '/home/oisin/ros2_ws/assign1_ws/install/assign1_interfaces/share/assign1_interfaces/hook/ld_library_path_lib.ps1'
[1.536s] INFO:colcon.colcon_core.shell:Creating environment descriptor '/home/oisin/ros2_ws/assign1_ws/install/assign1_interfaces/share/assign1_interfaces/hook/ld_library_path_lib.dsv'
[1.536s] INFO:colcon.colcon_core.shell:Creating environment hook '/home/oisin/ros2_ws/assign1_ws/install/assign1_interfaces/share/assign1_interfaces/hook/ld_library_path_lib.sh'
[1.537s] Level 1:colcon.colcon_core.environment:checking '/home/oisin/ros2_ws/assign1_ws/install/assign1_interfaces/bin'
[1.537s] Level 1:colcon.colcon_core.environment:checking '/home/oisin/ros2_ws/assign1_ws/install/assign1_interfaces/lib/pkgconfig/assign1_interfaces.pc'
[1.538s] Level 1:colcon.colcon_core.environment:checking '/home/oisin/ros2_ws/assign1_ws/install/assign1_interfaces/lib/python3.12/site-packages'
[1.538s] Level 1:colcon.colcon_core.shell:create_environment_hook('assign1_interfaces', 'pythonpath')
[1.538s] INFO:colcon.colcon_core.shell:Creating environment hook '/home/oisin/ros2_ws/assign1_ws/install/assign1_interfaces/share/assign1_interfaces/hook/pythonpath.ps1'
[1.539s] INFO:colcon.colcon_core.shell:Creating environment descriptor '/home/oisin/ros2_ws/assign1_ws/install/assign1_interfaces/share/assign1_interfaces/hook/pythonpath.dsv'
[1.540s] INFO:colcon.colcon_core.shell:Creating environment hook '/home/oisin/ros2_ws/assign1_ws/install/assign1_interfaces/share/assign1_interfaces/hook/pythonpath.sh'
[1.541s] Level 1:colcon.colcon_core.environment:checking '/home/oisin/ros2_ws/assign1_ws/install/assign1_interfaces/bin'
[1.541s] INFO:colcon.colcon_core.shell:Creating package script '/home/oisin/ros2_ws/assign1_ws/install/assign1_interfaces/share/assign1_interfaces/package.ps1'
[1.542s] INFO:colcon.colcon_core.shell:Creating package descriptor '/home/oisin/ros2_ws/assign1_ws/install/assign1_interfaces/share/assign1_interfaces/package.dsv'
[1.543s] INFO:colcon.colcon_core.shell:Creating package script '/home/oisin/ros2_ws/assign1_ws/install/assign1_interfaces/share/assign1_interfaces/package.sh'
[1.544s] INFO:colcon.colcon_core.shell:Creating package script '/home/oisin/ros2_ws/assign1_ws/install/assign1_interfaces/share/assign1_interfaces/package.bash'
[1.545s] INFO:colcon.colcon_core.shell:Creating package script '/home/oisin/ros2_ws/assign1_ws/install/assign1_interfaces/share/assign1_interfaces/package.zsh'
[1.545s] Level 1:colcon.colcon_core.environment:create_file_with_runtime_dependencies(/home/oisin/ros2_ws/assign1_ws/install/assign1_interfaces/share/colcon-core/packages/assign1_interfaces)
[1.546s] INFO:colcon.colcon_ros.task.ament_cmake.build:Building ROS package in '/home/oisin/ros2_ws/assign1_ws/src/light_tracking' with build type 'ament_cmake'
[1.546s] INFO:colcon.colcon_cmake.task.cmake.build:Building CMake package in '/home/oisin/ros2_ws/assign1_ws/src/light_tracking'
[1.546s] INFO:colcon.colcon_core.shell:Skip shell extension 'powershell' for command environment: Not usable outside of PowerShell
[1.546s] DEBUG:colcon.colcon_core.shell:Skip shell extension 'dsv' for command environment
[1.567s] DEBUG:colcon.colcon_core.event_handler.log_command:Invoking command in '/home/oisin/ros2_ws/assign1_ws/build/image_cpp': CMAKE_PREFIX_PATH=/home/oisin/ros2_ws/assign1_ws/install/assign1_interfaces:/home/oisin/ros2_ws/assign1_ws/install/light_tracking:/opt/ros/jazzy/opt/sdformat_vendor:/opt/ros/jazzy/opt/gz_math_vendor:/opt/ros/jazzy/opt/gz_utils_vendor:/opt/ros/jazzy/opt/gz_tools_vendor:/opt/ros/jazzy/opt/gz_cmake_vendor:/opt/ros/jazzy DEBUGINFOD_URLS=https://debuginfod.ubuntu.com /usr/bin/cmake /home/oisin/ros2_ws/assign1_ws/src/light_tracking -DCMAKE_INSTALL_PREFIX=/home/oisin/ros2_ws/assign1_ws/install/image_cpp
[4.282s] DEBUG:colcon.colcon_core.event_handler.log_command:Invoked command in '/home/oisin/ros2_ws/assign1_ws/build/image_cpp' returned '1': CMAKE_PREFIX_PATH=/home/oisin/ros2_ws/assign1_ws/install/assign1_interfaces:/home/oisin/ros2_ws/assign1_ws/install/light_tracking:/opt/ros/jazzy/opt/sdformat_vendor:/opt/ros/jazzy/opt/gz_math_vendor:/opt/ros/jazzy/opt/gz_utils_vendor:/opt/ros/jazzy/opt/gz_tools_vendor:/opt/ros/jazzy/opt/gz_cmake_vendor:/opt/ros/jazzy DEBUGINFOD_URLS=https://debuginfod.ubuntu.com /usr/bin/cmake /home/oisin/ros2_ws/assign1_ws/src/light_tracking -DCMAKE_INSTALL_PREFIX=/home/oisin/ros2_ws/assign1_ws/install/image_cpp
[4.310s] Level 1:colcon.colcon_core.environment:create_environment_scripts_only(image_cpp)
[4.310s] Level 1:colcon.colcon_core.environment:checking '/home/oisin/ros2_ws/assign1_ws/install/image_cpp' for CMake module files
[4.311s] Level 1:colcon.colcon_core.environment:checking '/home/oisin/ros2_ws/assign1_ws/install/image_cpp' for CMake config files
[4.311s] Level 1:colcon.colcon_core.environment:checking '/home/oisin/ros2_ws/assign1_ws/install/image_cpp/bin'
[4.312s] Level 1:colcon.colcon_core.environment:checking '/home/oisin/ros2_ws/assign1_ws/install/image_cpp/lib/pkgconfig/image_cpp.pc'
[4.312s] Level 1:colcon.colcon_core.environment:checking '/home/oisin/ros2_ws/assign1_ws/install/image_cpp/lib/python3.12/site-packages'
[4.313s] Level 1:colcon.colcon_core.environment:checking '/home/oisin/ros2_ws/assign1_ws/install/image_cpp/bin'
[4.313s] INFO:colcon.colcon_core.shell:Creating package script '/home/oisin/ros2_ws/assign1_ws/install/image_cpp/share/image_cpp/package.ps1'
[4.314s] INFO:colcon.colcon_core.shell:Creating package descriptor '/home/oisin/ros2_ws/assign1_ws/install/image_cpp/share/image_cpp/package.dsv'
[4.314s] INFO:colcon.colcon_core.shell:Creating package script '/home/oisin/ros2_ws/assign1_ws/install/image_cpp/share/image_cpp/package.sh'
[4.315s] INFO:colcon.colcon_core.shell:Creating package script '/home/oisin/ros2_ws/assign1_ws/install/image_cpp/share/image_cpp/package.bash'
[4.316s] INFO:colcon.colcon_core.shell:Creating package script '/home/oisin/ros2_ws/assign1_ws/install/image_cpp/share/image_cpp/package.zsh'
[4.316s] Level 1:colcon.colcon_core.environment:create_file_with_runtime_dependencies(/home/oisin/ros2_ws/assign1_ws/install/image_cpp/share/colcon-core/packages/image_cpp)
[4.327s] DEBUG:colcon.colcon_parallel_executor.executor.parallel:closing loop
[4.328s] DEBUG:colcon.colcon_parallel_executor.executor.parallel:loop closed
[4.328s] DEBUG:colcon.colcon_parallel_executor.executor.parallel:run_until_complete finished with '1'
[4.328s] DEBUG:colcon.colcon_core.event_reactor:joining thread
[4.337s] INFO:colcon.colcon_core.plugin_system:Skipping extension 'colcon_notification.desktop_notification.terminal_notifier': Not used on non-Darwin systems
[4.337s] INFO:colcon.colcon_core.plugin_system:Skipping extension 'colcon_notification.desktop_notification.win32': Not used on non-Windows systems
[4.337s] INFO:colcon.colcon_notification.desktop_notification:Sending desktop notification using 'notify2'
[4.363s] DEBUG:colcon.colcon_core.event_reactor:joined thread
[4.363s] INFO:colcon.colcon_core.shell:Creating prefix script '/home/oisin/ros2_ws/assign1_ws/install/local_setup.ps1'
[4.365s] INFO:colcon.colcon_core.shell:Creating prefix util module '/home/oisin/ros2_ws/assign1_ws/install/_local_setup_util_ps1.py'
[4.367s] INFO:colcon.colcon_core.shell:Creating prefix chain script '/home/oisin/ros2_ws/assign1_ws/install/setup.ps1'
[4.369s] INFO:colcon.colcon_core.shell:Creating prefix script '/home/oisin/ros2_ws/assign1_ws/install/local_setup.sh'
[4.370s] INFO:colcon.colcon_core.shell:Creating prefix util module '/home/oisin/ros2_ws/assign1_ws/install/_local_setup_util_sh.py'
[4.371s] INFO:colcon.colcon_core.shell:Creating prefix chain script '/home/oisin/ros2_ws/assign1_ws/install/setup.sh'
[4.373s] INFO:colcon.colcon_core.shell:Creating prefix script '/home/oisin/ros2_ws/assign1_ws/install/local_setup.bash'
[4.374s] INFO:colcon.colcon_core.shell:Creating prefix chain script '/home/oisin/ros2_ws/assign1_ws/install/setup.bash'
[4.376s] INFO:colcon.colcon_core.shell:Creating prefix script '/home/oisin/ros2_ws/assign1_ws/install/local_setup.zsh'
[4.378s] INFO:colcon.colcon_core.shell:Creating prefix chain script '/home/oisin/ros2_ws/assign1_ws/install/setup.zsh'
