[0.030s] Invoking command in '/home/oisin/ros2_ws/assign1_ws/build/light_tracking': CMAKE_PREFIX_PATH=/home/oisin/ros2_ws/assign1_ws/install/assign1_interfaces:/home/oisin/ros2_ws/assign1_ws/install/relbot_simulator:/home/oisin/ros2_ws/assign1_ws/install/rel_controller:/home/oisin/ros2_ws/assign1_ws/install/light_tracking:/opt/ros/jazzy/opt/sdformat_vendor:/opt/ros/jazzy/opt/gz_math_vendor:/opt/ros/jazzy/opt/gz_utils_vendor:/opt/ros/jazzy/opt/gz_tools_vendor:/opt/ros/jazzy/opt/gz_cmake_vendor:/opt/ros/jazzy DEBUGINFOD_URLS=https://debuginfod.ubuntu.com /usr/bin/cmake --build /home/oisin/ros2_ws/assign1_ws/build/light_tracking -- -j16 -l16
[0.137s] [ 25%] [32mBuilding CXX object CMakeFiles/position.dir/src/object_position.cpp.o[0m
[0.141s] [ 50%] [32mBuilding CXX object CMakeFiles/detector.dir/src/light_detector.cpp.o[0m
[6.781s] [ 75%] [32m[1mLinking CXX executable detector[0m
[7.010s] [ 75%] Built target detector
[8.328s] [100%] [32m[1mLinking CXX executable position[0m
[8.801s] [100%] Built target position
[8.813s] Invoked command in '/home/oisin/ros2_ws/assign1_ws/build/light_tracking' returned '0': CMAKE_PREFIX_PATH=/home/oisin/ros2_ws/assign1_ws/install/assign1_interfaces:/home/oisin/ros2_ws/assign1_ws/install/relbot_simulator:/home/oisin/ros2_ws/assign1_ws/install/rel_controller:/home/oisin/ros2_ws/assign1_ws/install/light_tracking:/opt/ros/jazzy/opt/sdformat_vendor:/opt/ros/jazzy/opt/gz_math_vendor:/opt/ros/jazzy/opt/gz_utils_vendor:/opt/ros/jazzy/opt/gz_tools_vendor:/opt/ros/jazzy/opt/gz_cmake_vendor:/opt/ros/jazzy DEBUGINFOD_URLS=https://debuginfod.ubuntu.com /usr/bin/cmake --build /home/oisin/ros2_ws/assign1_ws/build/light_tracking -- -j16 -l16
[8.822s] Invoking command in '/home/oisin/ros2_ws/assign1_ws/build/light_tracking': CMAKE_PREFIX_PATH=/home/oisin/ros2_ws/assign1_ws/install/assign1_interfaces:/home/oisin/ros2_ws/assign1_ws/install/relbot_simulator:/home/oisin/ros2_ws/assign1_ws/install/rel_controller:/home/oisin/ros2_ws/assign1_ws/install/light_tracking:/opt/ros/jazzy/opt/sdformat_vendor:/opt/ros/jazzy/opt/gz_math_vendor:/opt/ros/jazzy/opt/gz_utils_vendor:/opt/ros/jazzy/opt/gz_tools_vendor:/opt/ros/jazzy/opt/gz_cmake_vendor:/opt/ros/jazzy DEBUGINFOD_URLS=https://debuginfod.ubuntu.com /usr/bin/cmake --install /home/oisin/ros2_ws/assign1_ws/build/light_tracking
[8.830s] -- Install configuration: ""
[8.830s] -- Installing: /home/oisin/ros2_ws/assign1_ws/install/light_tracking/lib/light_tracking/detector
[8.834s] -- Set non-toolchain portion of runtime path of "/home/oisin/ros2_ws/assign1_ws/install/light_tracking/lib/light_tracking/detector" to ""
[8.834s] -- Installing: /home/oisin/ros2_ws/assign1_ws/install/light_tracking/lib/light_tracking/position
[8.841s] -- Set non-toolchain portion of runtime path of "/home/oisin/ros2_ws/assign1_ws/install/light_tracking/lib/light_tracking/position" to ""
[8.841s] -- Up-to-date: /home/oisin/ros2_ws/assign1_ws/install/light_tracking/share/ament_index/resource_index/package_run_dependencies/light_tracking
[8.842s] -- Up-to-date: /home/oisin/ros2_ws/assign1_ws/install/light_tracking/share/ament_index/resource_index/parent_prefix_path/light_tracking
[8.842s] -- Up-to-date: /home/oisin/ros2_ws/assign1_ws/install/light_tracking/share/light_tracking/environment/ament_prefix_path.sh
[8.842s] -- Up-to-date: /home/oisin/ros2_ws/assign1_ws/install/light_tracking/share/light_tracking/environment/ament_prefix_path.dsv
[8.842s] -- Up-to-date: /home/oisin/ros2_ws/assign1_ws/install/light_tracking/share/light_tracking/environment/path.sh
[8.842s] -- Up-to-date: /home/oisin/ros2_ws/assign1_ws/install/light_tracking/share/light_tracking/environment/path.dsv
[8.842s] -- Up-to-date: /home/oisin/ros2_ws/assign1_ws/install/light_tracking/share/light_tracking/local_setup.bash
[8.842s] -- Up-to-date: /home/oisin/ros2_ws/assign1_ws/install/light_tracking/share/light_tracking/local_setup.sh
[8.842s] -- Up-to-date: /home/oisin/ros2_ws/assign1_ws/install/light_tracking/share/light_tracking/local_setup.zsh
[8.842s] -- Up-to-date: /home/oisin/ros2_ws/assign1_ws/install/light_tracking/share/light_tracking/local_setup.dsv
[8.842s] -- Installing: /home/oisin/ros2_ws/assign1_ws/install/light_tracking/share/light_tracking/package.dsv
[8.842s] -- Up-to-date: /home/oisin/ros2_ws/assign1_ws/install/light_tracking/share/ament_index/resource_index/packages/light_tracking
[8.842s] -- Up-to-date: /home/oisin/ros2_ws/assign1_ws/install/light_tracking/share/light_tracking/cmake/light_trackingConfig.cmake
[8.842s] -- Up-to-date: /home/oisin/ros2_ws/assign1_ws/install/light_tracking/share/light_tracking/cmake/light_trackingConfig-version.cmake
[8.842s] -- Up-to-date: /home/oisin/ros2_ws/assign1_ws/install/light_tracking/share/light_tracking/package.xml
[8.844s] Invoked command in '/home/oisin/ros2_ws/assign1_ws/build/light_tracking' returned '0': CMAKE_PREFIX_PATH=/home/oisin/ros2_ws/assign1_ws/install/assign1_interfaces:/home/oisin/ros2_ws/assign1_ws/install/relbot_simulator:/home/oisin/ros2_ws/assign1_ws/install/rel_controller:/home/oisin/ros2_ws/assign1_ws/install/light_tracking:/opt/ros/jazzy/opt/sdformat_vendor:/opt/ros/jazzy/opt/gz_math_vendor:/opt/ros/jazzy/opt/gz_utils_vendor:/opt/ros/jazzy/opt/gz_tools_vendor:/opt/ros/jazzy/opt/gz_cmake_vendor:/opt/ros/jazzy DEBUGINFOD_URLS=https://debuginfod.ubuntu.com /usr/bin/cmake --install /home/oisin/ros2_ws/assign1_ws/build/light_tracking
