-- Found ament_cmake: 2.5.3 (/opt/ros/jazzy/share/ament_cmake/cmake)
-- Found rclcpp: 28.1.6 (/opt/ros/jazzy/share/rclcpp/cmake)
-- Found rosidl_generator_c: 4.6.5 (/opt/ros/jazzy/share/rosidl_generator_c/cmake)
-- Found rosidl_generator_cpp: 4.6.5 (/opt/ros/jazzy/share/rosidl_generator_cpp/cmake)
-- Using all available rosidl_typesupport_c: rosidl_typesupport_fastrtps_c;rosidl_typesupport_introspection_c
-- Using all available rosidl_typesupport_cpp: rosidl_typesupport_fastrtps_cpp;rosidl_typesupport_introspection_cpp
-- Found rmw_implementation_cmake: 7.3.1 (/opt/ros/jazzy/share/rmw_implementation_cmake/cmake)
-- Found rmw_fastrtps_cpp: 8.4.1 (/opt/ros/jazzy/share/rmw_fastrtps_cpp/cmake)
-- Found OpenSSL: /usr/lib/x86_64-linux-gnu/libcrypto.so (found version "3.0.13")  
-- Found FastRTPS: /opt/ros/jazzy/include (Required is at least version "2.13") 
-- Using RMW implementation 'rmw_fastrtps_cpp' as default
-- Found sensor_msgs: 5.3.5 (/opt/ros/jazzy/share/sensor_msgs/cmake)
-- Found example_interfaces: 0.12.0 (/opt/ros/jazzy/share/example_interfaces/cmake)
-- Found cv_bridge: 4.1.0 (/opt/ros/jazzy/share/cv_bridge/cmake)
-- Found OpenCV: /usr (found version "4.6.0") 
-- Found assign1_interfaces: 0.0.0 (/home/oisin/ros2_ws/assign1_ws/install/assign1_interfaces/share/assign1_interfaces/cmake)
-- Configuring done (1.8s)
-- Generating done (0.0s)
-- Build files have been written to: /home/oisin/ros2_ws/assign1_ws/build/light_tracking
[ 50%] [32mBuilding CXX object CMakeFiles/position.dir/src/object_position.cpp.o[0m
[ 50%] [32mBuilding CXX object CMakeFiles/detector.dir/src/light_detector.cpp.o[0m
[ 75%] [32m[1mLinking CXX executable detector[0m
[ 75%] Built target detector
[100%] [32m[1mLinking CXX executable position[0m
[100%] Built target position
-- Install configuration: ""
-- Installing: /home/oisin/ros2_ws/assign1_ws/install/light_tracking/lib/light_tracking/detector
-- Set non-toolchain portion of runtime path of "/home/oisin/ros2_ws/assign1_ws/install/light_tracking/lib/light_tracking/detector" to ""
-- Installing: /home/oisin/ros2_ws/assign1_ws/install/light_tracking/lib/light_tracking/position
-- Set non-toolchain portion of runtime path of "/home/oisin/ros2_ws/assign1_ws/install/light_tracking/lib/light_tracking/position" to ""
-- Installing: /home/oisin/ros2_ws/assign1_ws/install/light_tracking/share/ament_index/resource_index/package_run_dependencies/light_tracking
-- Installing: /home/oisin/ros2_ws/assign1_ws/install/light_tracking/share/ament_index/resource_index/parent_prefix_path/light_tracking
-- Up-to-date: /home/oisin/ros2_ws/assign1_ws/install/light_tracking/share/light_tracking/environment/ament_prefix_path.sh
-- Up-to-date: /home/oisin/ros2_ws/assign1_ws/install/light_tracking/share/light_tracking/environment/ament_prefix_path.dsv
-- Up-to-date: /home/oisin/ros2_ws/assign1_ws/install/light_tracking/share/light_tracking/environment/path.sh
-- Up-to-date: /home/oisin/ros2_ws/assign1_ws/install/light_tracking/share/light_tracking/environment/path.dsv
-- Up-to-date: /home/oisin/ros2_ws/assign1_ws/install/light_tracking/share/light_tracking/local_setup.bash
-- Up-to-date: /home/oisin/ros2_ws/assign1_ws/install/light_tracking/share/light_tracking/local_setup.sh
-- Up-to-date: /home/oisin/ros2_ws/assign1_ws/install/light_tracking/share/light_tracking/local_setup.zsh
-- Up-to-date: /home/oisin/ros2_ws/assign1_ws/install/light_tracking/share/light_tracking/local_setup.dsv
-- Up-to-date: /home/oisin/ros2_ws/assign1_ws/install/light_tracking/share/light_tracking/package.dsv
-- Up-to-date: /home/oisin/ros2_ws/assign1_ws/install/light_tracking/share/ament_index/resource_index/packages/light_tracking
-- Up-to-date: /home/oisin/ros2_ws/assign1_ws/install/light_tracking/share/light_tracking/cmake/light_trackingConfig.cmake
-- Up-to-date: /home/oisin/ros2_ws/assign1_ws/install/light_tracking/share/light_tracking/cmake/light_trackingConfig-version.cmake
-- Installing: /home/oisin/ros2_ws/assign1_ws/install/light_tracking/share/light_tracking/package.xml
