[0.222s] DEBUG:colcon:Command line arguments: ['/usr/bin/colcon', 'build', '--packages-select', 'image_cpp', 'assign1_interfaces']
[0.223s] DEBUG:colcon:Parsed command line arguments: Namespace(log_base=None, log_level=None, verb_name='build', build_base='build', install_base='install', merge_install=False, symlink_install=False, test_result_base=None, continue_on_error=False, executor='parallel', parallel_workers=16, event_handlers=None, ignore_user_meta=False, metas=['./colcon.meta'], base_paths=['.'], packages_ignore=None, packages_ignore_regex=None, paths=None, packages_up_to=None, packages_up_to_regex=None, packages_above=None, packages_above_and_dependencies=None, packages_above_depth=None, packages_select_by_dep=None, packages_skip_by_dep=None, packages_skip_up_to=None, packages_select_build_failed=False, packages_skip_build_finished=False, packages_select_test_failures=False, packages_skip_test_passed=False, packages_select=['image_cpp', 'assign1_interfaces'], packages_skip=None, packages_select_regex=None, packages_skip_regex=None, packages_start=None, packages_end=None, allow_overriding=[], cmake_args=None, cmake_target=None, cmake_target_skip_unavailable=False, cmake_clean_cache=False, cmake_clean_first=False, cmake_force_configure=False, ament_cmake_args=None, catkin_cmake_args=None, catkin_skip_building_tests=False, mixin_files=None, mixin=None, verb_parser=<colcon_mixin.mixin.mixin_argument.MixinArgumentDecorator object at 0x7e8d5f05f0b0>, verb_extension=<colcon_core.verb.build.BuildVerb object at 0x7e8d5f1a3710>, main=<bound method BuildVerb.main of <colcon_core.verb.build.BuildVerb object at 0x7e8d5f1a3710>>, mixin_verb=('build',))
[0.311s] Level 1:colcon.colcon_core.package_discovery:discover_packages(colcon_meta) check parameters
[0.312s] Level 1:colcon.colcon_core.package_discovery:discover_packages(recursive) check parameters
[0.312s] Level 1:colcon.colcon_core.package_discovery:discover_packages(ignore) check parameters
[0.312s] Level 1:colcon.colcon_core.package_discovery:discover_packages(path) check parameters
[0.312s] Level 1:colcon.colcon_core.package_discovery:discover_packages(colcon_meta) discover
[0.312s] Level 1:colcon.colcon_core.package_discovery:discover_packages(recursive) discover
[0.312s] INFO:colcon.colcon_core.package_discovery:Crawling recursively for packages in '/home/oisin/ros2_ws/assign1/image_ws'
[0.312s] Level 1:colcon.colcon_core.package_identification:_identify(.) by extensions ['ignore', 'ignore_ament_install']
[0.313s] Level 1:colcon.colcon_core.package_identification:_identify(.) by extension 'ignore'
[0.313s] Level 1:colcon.colcon_core.package_identification:_identify(.) by extension 'ignore_ament_install'
[0.313s] Level 1:colcon.colcon_core.package_identification:_identify(.) by extensions ['colcon_pkg']
[0.313s] Level 1:colcon.colcon_core.package_identification:_identify(.) by extension 'colcon_pkg'
[0.313s] Level 1:colcon.colcon_core.package_identification:_identify(.) by extensions ['colcon_meta']
[0.313s] Level 1:colcon.colcon_core.package_identification:_identify(.) by extension 'colcon_meta'
[0.313s] Level 1:colcon.colcon_core.package_identification:_identify(.) by extensions ['ros']
[0.313s] Level 1:colcon.colcon_core.package_identification:_identify(.) by extension 'ros'
[0.368s] Level 1:colcon.colcon_core.package_identification:_identify(.) by extensions ['cmake', 'python']
[0.368s] Level 1:colcon.colcon_core.package_identification:_identify(.) by extension 'cmake'
[0.368s] Level 1:colcon.colcon_core.package_identification:_identify(.) by extension 'python'
[0.368s] Level 1:colcon.colcon_core.package_identification:_identify(.) by extensions ['python_setup_py']
[0.368s] Level 1:colcon.colcon_core.package_identification:_identify(.) by extension 'python_setup_py'
[0.369s] Level 1:colcon.colcon_core.package_identification:_identify(build) by extensions ['ignore', 'ignore_ament_install']
[0.369s] Level 1:colcon.colcon_core.package_identification:_identify(build) by extension 'ignore'
[0.369s] Level 1:colcon.colcon_core.package_identification:_identify(build) ignored
[0.369s] Level 1:colcon.colcon_core.package_identification:_identify(install) by extensions ['ignore', 'ignore_ament_install']
[0.369s] Level 1:colcon.colcon_core.package_identification:_identify(install) by extension 'ignore'
[0.369s] Level 1:colcon.colcon_core.package_identification:_identify(install) ignored
[0.370s] Level 1:colcon.colcon_core.package_identification:_identify(log) by extensions ['ignore', 'ignore_ament_install']
[0.370s] Level 1:colcon.colcon_core.package_identification:_identify(log) by extension 'ignore'
[0.370s] Level 1:colcon.colcon_core.package_identification:_identify(log) ignored
[0.370s] Level 1:colcon.colcon_core.package_identification:_identify(src) by extensions ['ignore', 'ignore_ament_install']
[0.370s] Level 1:colcon.colcon_core.package_identification:_identify(src) by extension 'ignore'
[0.370s] Level 1:colcon.colcon_core.package_identification:_identify(src) by extension 'ignore_ament_install'
[0.370s] Level 1:colcon.colcon_core.package_identification:_identify(src) by extensions ['colcon_pkg']
[0.370s] Level 1:colcon.colcon_core.package_identification:_identify(src) by extension 'colcon_pkg'
[0.370s] Level 1:colcon.colcon_core.package_identification:_identify(src) by extensions ['colcon_meta']
[0.370s] Level 1:colcon.colcon_core.package_identification:_identify(src) by extension 'colcon_meta'
[0.371s] Level 1:colcon.colcon_core.package_identification:_identify(src) by extensions ['ros']
[0.371s] Level 1:colcon.colcon_core.package_identification:_identify(src) by extension 'ros'
[0.371s] Level 1:colcon.colcon_core.package_identification:_identify(src) by extensions ['cmake', 'python']
[0.371s] Level 1:colcon.colcon_core.package_identification:_identify(src) by extension 'cmake'
[0.371s] Level 1:colcon.colcon_core.package_identification:_identify(src) by extension 'python'
[0.371s] Level 1:colcon.colcon_core.package_identification:_identify(src) by extensions ['python_setup_py']
[0.371s] Level 1:colcon.colcon_core.package_identification:_identify(src) by extension 'python_setup_py'
[0.371s] Level 1:colcon.colcon_core.package_identification:_identify(src/assign1_interfaces) by extensions ['ignore', 'ignore_ament_install']
[0.371s] Level 1:colcon.colcon_core.package_identification:_identify(src/assign1_interfaces) by extension 'ignore'
[0.371s] Level 1:colcon.colcon_core.package_identification:_identify(src/assign1_interfaces) by extension 'ignore_ament_install'
[0.371s] Level 1:colcon.colcon_core.package_identification:_identify(src/assign1_interfaces) by extensions ['colcon_pkg']
[0.371s] Level 1:colcon.colcon_core.package_identification:_identify(src/assign1_interfaces) by extension 'colcon_pkg'
[0.372s] Level 1:colcon.colcon_core.package_identification:_identify(src/assign1_interfaces) by extensions ['colcon_meta']
[0.372s] Level 1:colcon.colcon_core.package_identification:_identify(src/assign1_interfaces) by extension 'colcon_meta'
[0.372s] Level 1:colcon.colcon_core.package_identification:_identify(src/assign1_interfaces) by extensions ['ros']
[0.372s] Level 1:colcon.colcon_core.package_identification:_identify(src/assign1_interfaces) by extension 'ros'
[0.376s] DEBUG:colcon.colcon_core.package_identification:Package 'src/assign1_interfaces' with type 'ros.ament_cmake' and name 'assign1_interfaces'
[0.376s] Level 1:colcon.colcon_core.package_identification:_identify(src/image_cpp) by extensions ['ignore', 'ignore_ament_install']
[0.377s] Level 1:colcon.colcon_core.package_identification:_identify(src/image_cpp) by extension 'ignore'
[0.377s] Level 1:colcon.colcon_core.package_identification:_identify(src/image_cpp) by extension 'ignore_ament_install'
[0.377s] Level 1:colcon.colcon_core.package_identification:_identify(src/image_cpp) by extensions ['colcon_pkg']
[0.377s] Level 1:colcon.colcon_core.package_identification:_identify(src/image_cpp) by extension 'colcon_pkg'
[0.377s] Level 1:colcon.colcon_core.package_identification:_identify(src/image_cpp) by extensions ['colcon_meta']
[0.377s] Level 1:colcon.colcon_core.package_identification:_identify(src/image_cpp) by extension 'colcon_meta'
[0.377s] Level 1:colcon.colcon_core.package_identification:_identify(src/image_cpp) by extensions ['ros']
[0.377s] Level 1:colcon.colcon_core.package_identification:_identify(src/image_cpp) by extension 'ros'
[0.379s] DEBUG:colcon.colcon_core.package_identification:Package 'src/image_cpp' with type 'ros.ament_cmake' and name 'image_cpp'
[0.379s] Level 1:colcon.colcon_core.package_discovery:discover_packages(recursive) using defaults
[0.379s] Level 1:colcon.colcon_core.package_discovery:discover_packages(ignore) discover
[0.379s] Level 1:colcon.colcon_core.package_discovery:discover_packages(ignore) using defaults
[0.379s] Level 1:colcon.colcon_core.package_discovery:discover_packages(path) discover
[0.379s] Level 1:colcon.colcon_core.package_discovery:discover_packages(path) using defaults
[0.415s] Level 1:colcon.colcon_core.package_discovery:discover_packages(prefix_path) check parameters
[0.415s] Level 1:colcon.colcon_core.package_discovery:discover_packages(prefix_path) discover
[0.421s] DEBUG:colcon.colcon_installed_package_information.package_discovery:Found 316 installed packages in /opt/ros/jazzy
[0.424s] Level 1:colcon.colcon_core.package_discovery:discover_packages(prefix_path) using defaults
[0.515s] Level 5:colcon.colcon_core.verb:set package 'assign1_interfaces' build argument 'cmake_args' from command line to 'None'
[0.515s] Level 5:colcon.colcon_core.verb:set package 'assign1_interfaces' build argument 'cmake_target' from command line to 'None'
[0.515s] Level 5:colcon.colcon_core.verb:set package 'assign1_interfaces' build argument 'cmake_target_skip_unavailable' from command line to 'False'
[0.515s] Level 5:colcon.colcon_core.verb:set package 'assign1_interfaces' build argument 'cmake_clean_cache' from command line to 'False'
[0.515s] Level 5:colcon.colcon_core.verb:set package 'assign1_interfaces' build argument 'cmake_clean_first' from command line to 'False'
[0.515s] Level 5:colcon.colcon_core.verb:set package 'assign1_interfaces' build argument 'cmake_force_configure' from command line to 'False'
[0.515s] Level 5:colcon.colcon_core.verb:set package 'assign1_interfaces' build argument 'ament_cmake_args' from command line to 'None'
[0.515s] Level 5:colcon.colcon_core.verb:set package 'assign1_interfaces' build argument 'catkin_cmake_args' from command line to 'None'
[0.515s] Level 5:colcon.colcon_core.verb:set package 'assign1_interfaces' build argument 'catkin_skip_building_tests' from command line to 'False'
[0.515s] DEBUG:colcon.colcon_core.verb:Building package 'assign1_interfaces' with the following arguments: {'ament_cmake_args': None, 'build_base': '/home/oisin/ros2_ws/assign1/image_ws/build/assign1_interfaces', 'catkin_cmake_args': None, 'catkin_skip_building_tests': False, 'cmake_args': None, 'cmake_clean_cache': False, 'cmake_clean_first': False, 'cmake_force_configure': False, 'cmake_target': None, 'cmake_target_skip_unavailable': False, 'install_base': '/home/oisin/ros2_ws/assign1/image_ws/install/assign1_interfaces', 'merge_install': False, 'path': '/home/oisin/ros2_ws/assign1/image_ws/src/assign1_interfaces', 'symlink_install': False, 'test_result_base': None}
[0.516s] Level 5:colcon.colcon_core.verb:set package 'image_cpp' build argument 'cmake_args' from command line to 'None'
[0.516s] Level 5:colcon.colcon_core.verb:set package 'image_cpp' build argument 'cmake_target' from command line to 'None'
[0.516s] Level 5:colcon.colcon_core.verb:set package 'image_cpp' build argument 'cmake_target_skip_unavailable' from command line to 'False'
[0.516s] Level 5:colcon.colcon_core.verb:set package 'image_cpp' build argument 'cmake_clean_cache' from command line to 'False'
[0.516s] Level 5:colcon.colcon_core.verb:set package 'image_cpp' build argument 'cmake_clean_first' from command line to 'False'
[0.516s] Level 5:colcon.colcon_core.verb:set package 'image_cpp' build argument 'cmake_force_configure' from command line to 'False'
[0.516s] Level 5:colcon.colcon_core.verb:set package 'image_cpp' build argument 'ament_cmake_args' from command line to 'None'
[0.516s] Level 5:colcon.colcon_core.verb:set package 'image_cpp' build argument 'catkin_cmake_args' from command line to 'None'
[0.516s] Level 5:colcon.colcon_core.verb:set package 'image_cpp' build argument 'catkin_skip_building_tests' from command line to 'False'
[0.516s] DEBUG:colcon.colcon_core.verb:Building package 'image_cpp' with the following arguments: {'ament_cmake_args': None, 'build_base': '/home/oisin/ros2_ws/assign1/image_ws/build/image_cpp', 'catkin_cmake_args': None, 'catkin_skip_building_tests': False, 'cmake_args': None, 'cmake_clean_cache': False, 'cmake_clean_first': False, 'cmake_force_configure': False, 'cmake_target': None, 'cmake_target_skip_unavailable': False, 'install_base': '/home/oisin/ros2_ws/assign1/image_ws/install/image_cpp', 'merge_install': False, 'path': '/home/oisin/ros2_ws/assign1/image_ws/src/image_cpp', 'symlink_install': False, 'test_result_base': None}
[0.516s] INFO:colcon.colcon_core.executor:Executing jobs using 'parallel' executor
[0.518s] DEBUG:colcon.colcon_parallel_executor.executor.parallel:run_until_complete
[0.519s] INFO:colcon.colcon_ros.task.ament_cmake.build:Building ROS package in '/home/oisin/ros2_ws/assign1/image_ws/src/assign1_interfaces' with build type 'ament_cmake'
[0.519s] INFO:colcon.colcon_cmake.task.cmake.build:Building CMake package in '/home/oisin/ros2_ws/assign1/image_ws/src/assign1_interfaces'
[0.523s] INFO:colcon.colcon_core.plugin_system:Skipping extension 'colcon_core.shell.bat': Not used on non-Windows systems
[0.523s] INFO:colcon.colcon_core.shell:Skip shell extension 'powershell' for command environment: Not usable outside of PowerShell
[0.523s] DEBUG:colcon.colcon_core.shell:Skip shell extension 'dsv' for command environment
[0.543s] DEBUG:colcon.colcon_core.event_handler.log_command:Invoking command in '/home/oisin/ros2_ws/assign1/image_ws/build/assign1_interfaces': CMAKE_PREFIX_PATH=${CMAKE_PREFIX_PATH}:/opt/ros/jazzy DEBUGINFOD_URLS=https://debuginfod.ubuntu.com /usr/bin/cmake --build /home/oisin/ros2_ws/assign1/image_ws/build/assign1_interfaces -- -j16 -l16
[1.407s] DEBUG:colcon.colcon_core.event_handler.log_command:Invoked command in '/home/oisin/ros2_ws/assign1/image_ws/build/assign1_interfaces' returned '0': CMAKE_PREFIX_PATH=${CMAKE_PREFIX_PATH}:/opt/ros/jazzy DEBUGINFOD_URLS=https://debuginfod.ubuntu.com /usr/bin/cmake --build /home/oisin/ros2_ws/assign1/image_ws/build/assign1_interfaces -- -j16 -l16
[1.435s] DEBUG:colcon.colcon_core.event_handler.log_command:Invoking command in '/home/oisin/ros2_ws/assign1/image_ws/build/assign1_interfaces': CMAKE_PREFIX_PATH=${CMAKE_PREFIX_PATH}:/opt/ros/jazzy DEBUGINFOD_URLS=https://debuginfod.ubuntu.com /usr/bin/cmake --install /home/oisin/ros2_ws/assign1/image_ws/build/assign1_interfaces
[1.580s] Level 1:colcon.colcon_core.environment:create_environment_scripts_only(assign1_interfaces)
[1.581s] DEBUG:colcon.colcon_core.event_handler.log_command:Invoked command in '/home/oisin/ros2_ws/assign1/image_ws/build/assign1_interfaces' returned '0': CMAKE_PREFIX_PATH=${CMAKE_PREFIX_PATH}:/opt/ros/jazzy DEBUGINFOD_URLS=https://debuginfod.ubuntu.com /usr/bin/cmake --install /home/oisin/ros2_ws/assign1/image_ws/build/assign1_interfaces
[1.584s] Level 1:colcon.colcon_core.environment:checking '/home/oisin/ros2_ws/assign1/image_ws/install/assign1_interfaces' for CMake module files
[1.586s] Level 1:colcon.colcon_core.environment:checking '/home/oisin/ros2_ws/assign1/image_ws/install/assign1_interfaces' for CMake config files
[1.587s] Level 1:colcon.colcon_core.shell:create_environment_hook('assign1_interfaces', 'cmake_prefix_path')
[1.587s] INFO:colcon.colcon_core.shell:Creating environment hook '/home/oisin/ros2_ws/assign1/image_ws/install/assign1_interfaces/share/assign1_interfaces/hook/cmake_prefix_path.ps1'
[1.589s] INFO:colcon.colcon_core.shell:Creating environment descriptor '/home/oisin/ros2_ws/assign1/image_ws/install/assign1_interfaces/share/assign1_interfaces/hook/cmake_prefix_path.dsv'
[1.589s] INFO:colcon.colcon_core.shell:Creating environment hook '/home/oisin/ros2_ws/assign1/image_ws/install/assign1_interfaces/share/assign1_interfaces/hook/cmake_prefix_path.sh'
[1.591s] Level 1:colcon.colcon_core.environment:checking '/home/oisin/ros2_ws/assign1/image_ws/install/assign1_interfaces/lib'
[1.591s] Level 1:colcon.colcon_core.shell:create_environment_hook('assign1_interfaces', 'ld_library_path_lib')
[1.592s] INFO:colcon.colcon_core.shell:Creating environment hook '/home/oisin/ros2_ws/assign1/image_ws/install/assign1_interfaces/share/assign1_interfaces/hook/ld_library_path_lib.ps1'
[1.592s] INFO:colcon.colcon_core.shell:Creating environment descriptor '/home/oisin/ros2_ws/assign1/image_ws/install/assign1_interfaces/share/assign1_interfaces/hook/ld_library_path_lib.dsv'
[1.593s] INFO:colcon.colcon_core.shell:Creating environment hook '/home/oisin/ros2_ws/assign1/image_ws/install/assign1_interfaces/share/assign1_interfaces/hook/ld_library_path_lib.sh'
[1.594s] Level 1:colcon.colcon_core.environment:checking '/home/oisin/ros2_ws/assign1/image_ws/install/assign1_interfaces/bin'
[1.594s] Level 1:colcon.colcon_core.environment:checking '/home/oisin/ros2_ws/assign1/image_ws/install/assign1_interfaces/lib/pkgconfig/assign1_interfaces.pc'
[1.595s] Level 1:colcon.colcon_core.environment:checking '/home/oisin/ros2_ws/assign1/image_ws/install/assign1_interfaces/lib/python3.12/site-packages'
[1.595s] Level 1:colcon.colcon_core.shell:create_environment_hook('assign1_interfaces', 'pythonpath')
[1.595s] INFO:colcon.colcon_core.shell:Creating environment hook '/home/oisin/ros2_ws/assign1/image_ws/install/assign1_interfaces/share/assign1_interfaces/hook/pythonpath.ps1'
[1.596s] INFO:colcon.colcon_core.shell:Creating environment descriptor '/home/oisin/ros2_ws/assign1/image_ws/install/assign1_interfaces/share/assign1_interfaces/hook/pythonpath.dsv'
[1.596s] INFO:colcon.colcon_core.shell:Creating environment hook '/home/oisin/ros2_ws/assign1/image_ws/install/assign1_interfaces/share/assign1_interfaces/hook/pythonpath.sh'
[1.597s] Level 1:colcon.colcon_core.environment:checking '/home/oisin/ros2_ws/assign1/image_ws/install/assign1_interfaces/bin'
[1.598s] INFO:colcon.colcon_core.shell:Creating package script '/home/oisin/ros2_ws/assign1/image_ws/install/assign1_interfaces/share/assign1_interfaces/package.ps1'
[1.600s] INFO:colcon.colcon_core.shell:Creating package descriptor '/home/oisin/ros2_ws/assign1/image_ws/install/assign1_interfaces/share/assign1_interfaces/package.dsv'
[1.601s] INFO:colcon.colcon_core.shell:Creating package script '/home/oisin/ros2_ws/assign1/image_ws/install/assign1_interfaces/share/assign1_interfaces/package.sh'
[1.602s] INFO:colcon.colcon_core.shell:Creating package script '/home/oisin/ros2_ws/assign1/image_ws/install/assign1_interfaces/share/assign1_interfaces/package.bash'
[1.603s] INFO:colcon.colcon_core.shell:Creating package script '/home/oisin/ros2_ws/assign1/image_ws/install/assign1_interfaces/share/assign1_interfaces/package.zsh'
[1.604s] Level 1:colcon.colcon_core.environment:create_file_with_runtime_dependencies(/home/oisin/ros2_ws/assign1/image_ws/install/assign1_interfaces/share/colcon-core/packages/assign1_interfaces)
[1.606s] Level 1:colcon.colcon_core.environment:create_environment_scripts_only(assign1_interfaces)
[1.606s] Level 1:colcon.colcon_core.environment:checking '/home/oisin/ros2_ws/assign1/image_ws/install/assign1_interfaces' for CMake module files
[1.607s] Level 1:colcon.colcon_core.environment:checking '/home/oisin/ros2_ws/assign1/image_ws/install/assign1_interfaces' for CMake config files
[1.608s] Level 1:colcon.colcon_core.shell:create_environment_hook('assign1_interfaces', 'cmake_prefix_path')
[1.608s] INFO:colcon.colcon_core.shell:Creating environment hook '/home/oisin/ros2_ws/assign1/image_ws/install/assign1_interfaces/share/assign1_interfaces/hook/cmake_prefix_path.ps1'
[1.609s] INFO:colcon.colcon_core.shell:Creating environment descriptor '/home/oisin/ros2_ws/assign1/image_ws/install/assign1_interfaces/share/assign1_interfaces/hook/cmake_prefix_path.dsv'
[1.610s] INFO:colcon.colcon_core.shell:Creating environment hook '/home/oisin/ros2_ws/assign1/image_ws/install/assign1_interfaces/share/assign1_interfaces/hook/cmake_prefix_path.sh'
[1.611s] Level 1:colcon.colcon_core.environment:checking '/home/oisin/ros2_ws/assign1/image_ws/install/assign1_interfaces/lib'
[1.611s] Level 1:colcon.colcon_core.shell:create_environment_hook('assign1_interfaces', 'ld_library_path_lib')
[1.612s] INFO:colcon.colcon_core.shell:Creating environment hook '/home/oisin/ros2_ws/assign1/image_ws/install/assign1_interfaces/share/assign1_interfaces/hook/ld_library_path_lib.ps1'
[1.612s] INFO:colcon.colcon_core.shell:Creating environment descriptor '/home/oisin/ros2_ws/assign1/image_ws/install/assign1_interfaces/share/assign1_interfaces/hook/ld_library_path_lib.dsv'
[1.613s] INFO:colcon.colcon_core.shell:Creating environment hook '/home/oisin/ros2_ws/assign1/image_ws/install/assign1_interfaces/share/assign1_interfaces/hook/ld_library_path_lib.sh'
[1.614s] Level 1:colcon.colcon_core.environment:checking '/home/oisin/ros2_ws/assign1/image_ws/install/assign1_interfaces/bin'
[1.614s] Level 1:colcon.colcon_core.environment:checking '/home/oisin/ros2_ws/assign1/image_ws/install/assign1_interfaces/lib/pkgconfig/assign1_interfaces.pc'
[1.615s] Level 1:colcon.colcon_core.environment:checking '/home/oisin/ros2_ws/assign1/image_ws/install/assign1_interfaces/lib/python3.12/site-packages'
[1.615s] Level 1:colcon.colcon_core.shell:create_environment_hook('assign1_interfaces', 'pythonpath')
[1.615s] INFO:colcon.colcon_core.shell:Creating environment hook '/home/oisin/ros2_ws/assign1/image_ws/install/assign1_interfaces/share/assign1_interfaces/hook/pythonpath.ps1'
[1.616s] INFO:colcon.colcon_core.shell:Creating environment descriptor '/home/oisin/ros2_ws/assign1/image_ws/install/assign1_interfaces/share/assign1_interfaces/hook/pythonpath.dsv'
[1.617s] INFO:colcon.colcon_core.shell:Creating environment hook '/home/oisin/ros2_ws/assign1/image_ws/install/assign1_interfaces/share/assign1_interfaces/hook/pythonpath.sh'
[1.618s] Level 1:colcon.colcon_core.environment:checking '/home/oisin/ros2_ws/assign1/image_ws/install/assign1_interfaces/bin'
[1.618s] INFO:colcon.colcon_core.shell:Creating package script '/home/oisin/ros2_ws/assign1/image_ws/install/assign1_interfaces/share/assign1_interfaces/package.ps1'
[1.620s] INFO:colcon.colcon_core.shell:Creating package descriptor '/home/oisin/ros2_ws/assign1/image_ws/install/assign1_interfaces/share/assign1_interfaces/package.dsv'
[1.621s] INFO:colcon.colcon_core.shell:Creating package script '/home/oisin/ros2_ws/assign1/image_ws/install/assign1_interfaces/share/assign1_interfaces/package.sh'
[1.622s] INFO:colcon.colcon_core.shell:Creating package script '/home/oisin/ros2_ws/assign1/image_ws/install/assign1_interfaces/share/assign1_interfaces/package.bash'
[1.623s] INFO:colcon.colcon_core.shell:Creating package script '/home/oisin/ros2_ws/assign1/image_ws/install/assign1_interfaces/share/assign1_interfaces/package.zsh'
[1.624s] Level 1:colcon.colcon_core.environment:create_file_with_runtime_dependencies(/home/oisin/ros2_ws/assign1/image_ws/install/assign1_interfaces/share/colcon-core/packages/assign1_interfaces)
[1.625s] INFO:colcon.colcon_ros.task.ament_cmake.build:Building ROS package in '/home/oisin/ros2_ws/assign1/image_ws/src/image_cpp' with build type 'ament_cmake'
[1.626s] INFO:colcon.colcon_cmake.task.cmake.build:Building CMake package in '/home/oisin/ros2_ws/assign1/image_ws/src/image_cpp'
[1.626s] INFO:colcon.colcon_core.shell:Skip shell extension 'powershell' for command environment: Not usable outside of PowerShell
[1.626s] DEBUG:colcon.colcon_core.shell:Skip shell extension 'dsv' for command environment
[1.655s] DEBUG:colcon.colcon_core.event_handler.log_command:Invoking command in '/home/oisin/ros2_ws/assign1/image_ws/build/image_cpp': AMENT_PREFIX_PATH=/home/oisin/ros2_ws/assign1/image_ws/install/assign1_interfaces:${AMENT_PREFIX_PATH} CMAKE_PREFIX_PATH=/home/oisin/ros2_ws/assign1/image_ws/install/assign1_interfaces:/opt/ros/jazzy/opt/sdformat_vendor:/opt/ros/jazzy/opt/gz_math_vendor:/opt/ros/jazzy/opt/gz_utils_vendor:/opt/ros/jazzy/opt/gz_tools_vendor:/opt/ros/jazzy/opt/gz_cmake_vendor:/opt/ros/jazzy DEBUGINFOD_URLS=https://debuginfod.ubuntu.com LD_LIBRARY_PATH=/home/oisin/ros2_ws/assign1/image_ws/install/assign1_interfaces/lib:${LD_LIBRARY_PATH} PYTHONPATH=/home/oisin/ros2_ws/assign1/image_ws/install/assign1_interfaces/lib/python3.12/site-packages:${PYTHONPATH} /usr/bin/cmake --build /home/oisin/ros2_ws/assign1/image_ws/build/image_cpp -- -j16 -l16
[4.137s] DEBUG:colcon.colcon_core.event_handler.log_command:Invoked command in '/home/oisin/ros2_ws/assign1/image_ws/build/image_cpp' returned '2': AMENT_PREFIX_PATH=/home/oisin/ros2_ws/assign1/image_ws/install/assign1_interfaces:${AMENT_PREFIX_PATH} CMAKE_PREFIX_PATH=/home/oisin/ros2_ws/assign1/image_ws/install/assign1_interfaces:/opt/ros/jazzy/opt/sdformat_vendor:/opt/ros/jazzy/opt/gz_math_vendor:/opt/ros/jazzy/opt/gz_utils_vendor:/opt/ros/jazzy/opt/gz_tools_vendor:/opt/ros/jazzy/opt/gz_cmake_vendor:/opt/ros/jazzy DEBUGINFOD_URLS=https://debuginfod.ubuntu.com LD_LIBRARY_PATH=/home/oisin/ros2_ws/assign1/image_ws/install/assign1_interfaces/lib:${LD_LIBRARY_PATH} PYTHONPATH=/home/oisin/ros2_ws/assign1/image_ws/install/assign1_interfaces/lib/python3.12/site-packages:${PYTHONPATH} /usr/bin/cmake --build /home/oisin/ros2_ws/assign1/image_ws/build/image_cpp -- -j16 -l16
[4.138s] Level 1:colcon.colcon_core.environment:create_environment_scripts_only(image_cpp)
[4.138s] Level 1:colcon.colcon_core.environment:checking '/home/oisin/ros2_ws/assign1/image_ws/install/image_cpp' for CMake module files
[4.139s] Level 1:colcon.colcon_core.environment:checking '/home/oisin/ros2_ws/assign1/image_ws/install/image_cpp' for CMake config files
[4.140s] Level 1:colcon.colcon_core.shell:create_environment_hook('image_cpp', 'cmake_prefix_path')
[4.140s] INFO:colcon.colcon_core.shell:Creating environment hook '/home/oisin/ros2_ws/assign1/image_ws/install/image_cpp/share/image_cpp/hook/cmake_prefix_path.ps1'
[4.141s] INFO:colcon.colcon_core.shell:Creating environment descriptor '/home/oisin/ros2_ws/assign1/image_ws/install/image_cpp/share/image_cpp/hook/cmake_prefix_path.dsv'
[4.142s] INFO:colcon.colcon_core.shell:Creating environment hook '/home/oisin/ros2_ws/assign1/image_ws/install/image_cpp/share/image_cpp/hook/cmake_prefix_path.sh'
[4.143s] Level 1:colcon.colcon_core.environment:checking '/home/oisin/ros2_ws/assign1/image_ws/install/image_cpp/lib'
[4.143s] Level 1:colcon.colcon_core.environment:checking '/home/oisin/ros2_ws/assign1/image_ws/install/image_cpp/bin'
[4.143s] Level 1:colcon.colcon_core.environment:checking '/home/oisin/ros2_ws/assign1/image_ws/install/image_cpp/lib/pkgconfig/image_cpp.pc'
[4.144s] Level 1:colcon.colcon_core.environment:checking '/home/oisin/ros2_ws/assign1/image_ws/install/image_cpp/lib/python3.12/site-packages'
[4.144s] Level 1:colcon.colcon_core.environment:checking '/home/oisin/ros2_ws/assign1/image_ws/install/image_cpp/bin'
[4.144s] INFO:colcon.colcon_core.shell:Creating package script '/home/oisin/ros2_ws/assign1/image_ws/install/image_cpp/share/image_cpp/package.ps1'
[4.145s] INFO:colcon.colcon_core.shell:Creating package descriptor '/home/oisin/ros2_ws/assign1/image_ws/install/image_cpp/share/image_cpp/package.dsv'
[4.146s] INFO:colcon.colcon_core.shell:Creating package script '/home/oisin/ros2_ws/assign1/image_ws/install/image_cpp/share/image_cpp/package.sh'
[4.147s] INFO:colcon.colcon_core.shell:Creating package script '/home/oisin/ros2_ws/assign1/image_ws/install/image_cpp/share/image_cpp/package.bash'
[4.148s] INFO:colcon.colcon_core.shell:Creating package script '/home/oisin/ros2_ws/assign1/image_ws/install/image_cpp/share/image_cpp/package.zsh'
[4.149s] Level 1:colcon.colcon_core.environment:create_file_with_runtime_dependencies(/home/oisin/ros2_ws/assign1/image_ws/install/image_cpp/share/colcon-core/packages/image_cpp)
[4.159s] DEBUG:colcon.colcon_parallel_executor.executor.parallel:closing loop
[4.160s] DEBUG:colcon.colcon_parallel_executor.executor.parallel:loop closed
[4.160s] DEBUG:colcon.colcon_parallel_executor.executor.parallel:run_until_complete finished with '2'
[4.160s] DEBUG:colcon.colcon_core.event_reactor:joining thread
[4.169s] INFO:colcon.colcon_core.plugin_system:Skipping extension 'colcon_notification.desktop_notification.terminal_notifier': Not used on non-Darwin systems
[4.169s] INFO:colcon.colcon_core.plugin_system:Skipping extension 'colcon_notification.desktop_notification.win32': Not used on non-Windows systems
[4.169s] INFO:colcon.colcon_notification.desktop_notification:Sending desktop notification using 'notify2'
[4.194s] DEBUG:colcon.colcon_core.event_reactor:joined thread
[4.195s] INFO:colcon.colcon_core.shell:Creating prefix script '/home/oisin/ros2_ws/assign1/image_ws/install/local_setup.ps1'
[4.197s] INFO:colcon.colcon_core.shell:Creating prefix util module '/home/oisin/ros2_ws/assign1/image_ws/install/_local_setup_util_ps1.py'
[4.199s] INFO:colcon.colcon_core.shell:Creating prefix chain script '/home/oisin/ros2_ws/assign1/image_ws/install/setup.ps1'
[4.200s] INFO:colcon.colcon_core.shell:Creating prefix script '/home/oisin/ros2_ws/assign1/image_ws/install/local_setup.sh'
[4.201s] INFO:colcon.colcon_core.shell:Creating prefix util module '/home/oisin/ros2_ws/assign1/image_ws/install/_local_setup_util_sh.py'
[4.202s] INFO:colcon.colcon_core.shell:Creating prefix chain script '/home/oisin/ros2_ws/assign1/image_ws/install/setup.sh'
[4.204s] INFO:colcon.colcon_core.shell:Creating prefix script '/home/oisin/ros2_ws/assign1/image_ws/install/local_setup.bash'
[4.205s] INFO:colcon.colcon_core.shell:Creating prefix chain script '/home/oisin/ros2_ws/assign1/image_ws/install/setup.bash'
[4.206s] INFO:colcon.colcon_core.shell:Creating prefix script '/home/oisin/ros2_ws/assign1/image_ws/install/local_setup.zsh'
[4.207s] INFO:colcon.colcon_core.shell:Creating prefix chain script '/home/oisin/ros2_ws/assign1/image_ws/install/setup.zsh'
