[  2%] Built target assign1_interfaces__rosidl_generator_type_description
[  2%] Built target ament_cmake_python_copy_assign1_interfaces
[  5%] Built target assign1_interfaces__cpp
[ 20%] Built target assign1_interfaces__rosidl_generator_c
[ 64%] Built target assign1_interfaces__rosidl_typesupport_introspection_c
[ 64%] Built target assign1_interfaces__rosidl_typesupport_fastrtps_cpp
[ 64%] Built target assign1_interfaces__rosidl_typesupport_introspection_cpp
[ 64%] Built target assign1_interfaces__rosidl_typesupport_c
[ 64%] Built target assign1_interfaces__rosidl_typesupport_cpp
[ 73%] Built target assign1_interfaces__rosidl_typesupport_fastrtps_c
[ 73%] Built target assign1_interfaces
[ 76%] Built target assign1_interfaces__py
[ 82%] Built target assign1_interfaces__rosidl_generator_py
[100%] Built target assign1_interfaces_s__rosidl_typesupport_introspection_c
[100%] Built target assign1_interfaces_s__rosidl_typesupport_fastrtps_c
[100%] Built target assign1_interfaces_s__rosidl_typesupport_c
running egg_info
writing assign1_interfaces.egg-info/PKG-INFO
writing dependency_links to assign1_interfaces.egg-info/dependency_links.txt
writing top-level names to assign1_interfaces.egg-info/top_level.txt
reading manifest file 'assign1_interfaces.egg-info/SOURCES.txt'
writing manifest file 'assign1_interfaces.egg-info/SOURCES.txt'
[100%] Built target ament_cmake_python_build_assign1_interfaces_egg
-- Install configuration: ""
-- Up-to-date: /home/oisin/ros2_ws/assign1_ws/install/assign1_interfaces/share/ament_index/resource_index/rosidl_interfaces/assign1_interfaces
-- Up-to-date: /home/oisin/ros2_ws/assign1_ws/install/assign1_interfaces/share/assign1_interfaces/msg/PixelCoordinates.json
-- Up-to-date: /home/oisin/ros2_ws/assign1_ws/install/assign1_interfaces/include/assign1_interfaces/assign1_interfaces
-- Up-to-date: /home/oisin/ros2_ws/assign1_ws/install/assign1_interfaces/include/assign1_interfaces/assign1_interfaces/msg
-- Up-to-date: /home/oisin/ros2_ws/assign1_ws/install/assign1_interfaces/include/assign1_interfaces/assign1_interfaces/msg/rosidl_generator_c__visibility_control.h
-- Up-to-date: /home/oisin/ros2_ws/assign1_ws/install/assign1_interfaces/include/assign1_interfaces/assign1_interfaces/msg/detail
-- Up-to-date: /home/oisin/ros2_ws/assign1_ws/install/assign1_interfaces/include/assign1_interfaces/assign1_interfaces/msg/detail/pixel_coordinates__struct.h
-- Up-to-date: /home/oisin/ros2_ws/assign1_ws/install/assign1_interfaces/include/assign1_interfaces/assign1_interfaces/msg/detail/pixel_coordinates__type_support.c
-- Up-to-date: /home/oisin/ros2_ws/assign1_ws/install/assign1_interfaces/include/assign1_interfaces/assign1_interfaces/msg/detail/pixel_coordinates__functions.h
-- Up-to-date: /home/oisin/ros2_ws/assign1_ws/install/assign1_interfaces/include/assign1_interfaces/assign1_interfaces/msg/detail/pixel_coordinates__description.c
-- Up-to-date: /home/oisin/ros2_ws/assign1_ws/install/assign1_interfaces/include/assign1_interfaces/assign1_interfaces/msg/detail/pixel_coordinates__functions.c
-- Up-to-date: /home/oisin/ros2_ws/assign1_ws/install/assign1_interfaces/include/assign1_interfaces/assign1_interfaces/msg/detail/pixel_coordinates__type_support.h
-- Up-to-date: /home/oisin/ros2_ws/assign1_ws/install/assign1_interfaces/include/assign1_interfaces/assign1_interfaces/msg/pixel_coordinates.h
-- Up-to-date: /home/oisin/ros2_ws/assign1_ws/install/assign1_interfaces/share/assign1_interfaces/environment/library_path.sh
-- Up-to-date: /home/oisin/ros2_ws/assign1_ws/install/assign1_interfaces/share/assign1_interfaces/environment/library_path.dsv
-- Up-to-date: /home/oisin/ros2_ws/assign1_ws/install/assign1_interfaces/lib/libassign1_interfaces__rosidl_generator_c.so
-- Up-to-date: /home/oisin/ros2_ws/assign1_ws/install/assign1_interfaces/include/assign1_interfaces/assign1_interfaces
-- Up-to-date: /home/oisin/ros2_ws/assign1_ws/install/assign1_interfaces/include/assign1_interfaces/assign1_interfaces/msg
-- Up-to-date: /home/oisin/ros2_ws/assign1_ws/install/assign1_interfaces/include/assign1_interfaces/assign1_interfaces/msg/rosidl_typesupport_fastrtps_c__visibility_control.h
-- Up-to-date: /home/oisin/ros2_ws/assign1_ws/install/assign1_interfaces/include/assign1_interfaces/assign1_interfaces/msg/detail
-- Up-to-date: /home/oisin/ros2_ws/assign1_ws/install/assign1_interfaces/include/assign1_interfaces/assign1_interfaces/msg/detail/pixel_coordinates__rosidl_typesupport_fastrtps_c.h
-- Up-to-date: /home/oisin/ros2_ws/assign1_ws/install/assign1_interfaces/lib/libassign1_interfaces__rosidl_typesupport_fastrtps_c.so
-- Up-to-date: /home/oisin/ros2_ws/assign1_ws/install/assign1_interfaces/include/assign1_interfaces/assign1_interfaces
-- Up-to-date: /home/oisin/ros2_ws/assign1_ws/install/assign1_interfaces/include/assign1_interfaces/assign1_interfaces/msg
-- Up-to-date: /home/oisin/ros2_ws/assign1_ws/install/assign1_interfaces/include/assign1_interfaces/assign1_interfaces/msg/rosidl_typesupport_introspection_c__visibility_control.h
-- Up-to-date: /home/oisin/ros2_ws/assign1_ws/install/assign1_interfaces/include/assign1_interfaces/assign1_interfaces/msg/detail
-- Up-to-date: /home/oisin/ros2_ws/assign1_ws/install/assign1_interfaces/include/assign1_interfaces/assign1_interfaces/msg/detail/pixel_coordinates__type_support.c
-- Up-to-date: /home/oisin/ros2_ws/assign1_ws/install/assign1_interfaces/include/assign1_interfaces/assign1_interfaces/msg/detail/pixel_coordinates__rosidl_typesupport_introspection_c.h
-- Up-to-date: /home/oisin/ros2_ws/assign1_ws/install/assign1_interfaces/lib/libassign1_interfaces__rosidl_typesupport_introspection_c.so
-- Up-to-date: /home/oisin/ros2_ws/assign1_ws/install/assign1_interfaces/lib/libassign1_interfaces__rosidl_typesupport_c.so
-- Up-to-date: /home/oisin/ros2_ws/assign1_ws/install/assign1_interfaces/include/assign1_interfaces/assign1_interfaces
-- Up-to-date: /home/oisin/ros2_ws/assign1_ws/install/assign1_interfaces/include/assign1_interfaces/assign1_interfaces/msg
-- Up-to-date: /home/oisin/ros2_ws/assign1_ws/install/assign1_interfaces/include/assign1_interfaces/assign1_interfaces/msg/rosidl_generator_cpp__visibility_control.hpp
-- Up-to-date: /home/oisin/ros2_ws/assign1_ws/install/assign1_interfaces/include/assign1_interfaces/assign1_interfaces/msg/pixel_coordinates.hpp
-- Up-to-date: /home/oisin/ros2_ws/assign1_ws/install/assign1_interfaces/include/assign1_interfaces/assign1_interfaces/msg/detail
-- Up-to-date: /home/oisin/ros2_ws/assign1_ws/install/assign1_interfaces/include/assign1_interfaces/assign1_interfaces/msg/detail/pixel_coordinates__type_support.hpp
-- Up-to-date: /home/oisin/ros2_ws/assign1_ws/install/assign1_interfaces/include/assign1_interfaces/assign1_interfaces/msg/detail/pixel_coordinates__builder.hpp
-- Up-to-date: /home/oisin/ros2_ws/assign1_ws/install/assign1_interfaces/include/assign1_interfaces/assign1_interfaces/msg/detail/pixel_coordinates__traits.hpp
-- Up-to-date: /home/oisin/ros2_ws/assign1_ws/install/assign1_interfaces/include/assign1_interfaces/assign1_interfaces/msg/detail/pixel_coordinates__struct.hpp
-- Up-to-date: /home/oisin/ros2_ws/assign1_ws/install/assign1_interfaces/include/assign1_interfaces/assign1_interfaces
-- Up-to-date: /home/oisin/ros2_ws/assign1_ws/install/assign1_interfaces/include/assign1_interfaces/assign1_interfaces/msg
-- Up-to-date: /home/oisin/ros2_ws/assign1_ws/install/assign1_interfaces/include/assign1_interfaces/assign1_interfaces/msg/rosidl_typesupport_fastrtps_cpp__visibility_control.h
-- Up-to-date: /home/oisin/ros2_ws/assign1_ws/install/assign1_interfaces/include/assign1_interfaces/assign1_interfaces/msg/detail
-- Up-to-date: /home/oisin/ros2_ws/assign1_ws/install/assign1_interfaces/include/assign1_interfaces/assign1_interfaces/msg/detail/pixel_coordinates__rosidl_typesupport_fastrtps_cpp.hpp
-- Up-to-date: /home/oisin/ros2_ws/assign1_ws/install/assign1_interfaces/include/assign1_interfaces/assign1_interfaces/msg/detail/dds_fastrtps
-- Up-to-date: /home/oisin/ros2_ws/assign1_ws/install/assign1_interfaces/lib/libassign1_interfaces__rosidl_typesupport_fastrtps_cpp.so
-- Up-to-date: /home/oisin/ros2_ws/assign1_ws/install/assign1_interfaces/include/assign1_interfaces/assign1_interfaces
-- Up-to-date: /home/oisin/ros2_ws/assign1_ws/install/assign1_interfaces/include/assign1_interfaces/assign1_interfaces/msg
-- Up-to-date: /home/oisin/ros2_ws/assign1_ws/install/assign1_interfaces/include/assign1_interfaces/assign1_interfaces/msg/detail
-- Up-to-date: /home/oisin/ros2_ws/assign1_ws/install/assign1_interfaces/include/assign1_interfaces/assign1_interfaces/msg/detail/pixel_coordinates__type_support.cpp
-- Up-to-date: /home/oisin/ros2_ws/assign1_ws/install/assign1_interfaces/include/assign1_interfaces/assign1_interfaces/msg/detail/pixel_coordinates__rosidl_typesupport_introspection_cpp.hpp
-- Up-to-date: /home/oisin/ros2_ws/assign1_ws/install/assign1_interfaces/lib/libassign1_interfaces__rosidl_typesupport_introspection_cpp.so
-- Up-to-date: /home/oisin/ros2_ws/assign1_ws/install/assign1_interfaces/lib/libassign1_interfaces__rosidl_typesupport_cpp.so
-- Up-to-date: /home/oisin/ros2_ws/assign1_ws/install/assign1_interfaces/share/assign1_interfaces/environment/pythonpath.sh
-- Up-to-date: /home/oisin/ros2_ws/assign1_ws/install/assign1_interfaces/share/assign1_interfaces/environment/pythonpath.dsv
-- Up-to-date: /home/oisin/ros2_ws/assign1_ws/install/assign1_interfaces/lib/python3.12/site-packages/assign1_interfaces-0.0.0-py3.12.egg-info
-- Installing: /home/oisin/ros2_ws/assign1_ws/install/assign1_interfaces/lib/python3.12/site-packages/assign1_interfaces-0.0.0-py3.12.egg-info/PKG-INFO
-- Installing: /home/oisin/ros2_ws/assign1_ws/install/assign1_interfaces/lib/python3.12/site-packages/assign1_interfaces-0.0.0-py3.12.egg-info/top_level.txt
-- Installing: /home/oisin/ros2_ws/assign1_ws/install/assign1_interfaces/lib/python3.12/site-packages/assign1_interfaces-0.0.0-py3.12.egg-info/dependency_links.txt
-- Installing: /home/oisin/ros2_ws/assign1_ws/install/assign1_interfaces/lib/python3.12/site-packages/assign1_interfaces-0.0.0-py3.12.egg-info/SOURCES.txt
-- Up-to-date: /home/oisin/ros2_ws/assign1_ws/install/assign1_interfaces/lib/python3.12/site-packages/assign1_interfaces
-- Up-to-date: /home/oisin/ros2_ws/assign1_ws/install/assign1_interfaces/lib/python3.12/site-packages/assign1_interfaces/__init__.py
-- Up-to-date: /home/oisin/ros2_ws/assign1_ws/install/assign1_interfaces/lib/python3.12/site-packages/assign1_interfaces/_assign1_interfaces_s.ep.rosidl_typesupport_fastrtps_c.c
-- Up-to-date: /home/oisin/ros2_ws/assign1_ws/install/assign1_interfaces/lib/python3.12/site-packages/assign1_interfaces/_assign1_interfaces_s.ep.rosidl_typesupport_introspection_c.c
-- Up-to-date: /home/oisin/ros2_ws/assign1_ws/install/assign1_interfaces/lib/python3.12/site-packages/assign1_interfaces/_assign1_interfaces_s.ep.rosidl_typesupport_c.c
-- Up-to-date: /home/oisin/ros2_ws/assign1_ws/install/assign1_interfaces/lib/python3.12/site-packages/assign1_interfaces/assign1_interfaces_s__rosidl_typesupport_introspection_c.so
-- Up-to-date: /home/oisin/ros2_ws/assign1_ws/install/assign1_interfaces/lib/python3.12/site-packages/assign1_interfaces/msg
-- Up-to-date: /home/oisin/ros2_ws/assign1_ws/install/assign1_interfaces/lib/python3.12/site-packages/assign1_interfaces/msg/__init__.py
-- Up-to-date: /home/oisin/ros2_ws/assign1_ws/install/assign1_interfaces/lib/python3.12/site-packages/assign1_interfaces/msg/_pixel_coordinates.py
-- Up-to-date: /home/oisin/ros2_ws/assign1_ws/install/assign1_interfaces/lib/python3.12/site-packages/assign1_interfaces/msg/_pixel_coordinates_s.c
-- Up-to-date: /home/oisin/ros2_ws/assign1_ws/install/assign1_interfaces/lib/python3.12/site-packages/assign1_interfaces/assign1_interfaces_s__rosidl_typesupport_fastrtps_c.so
-- Up-to-date: /home/oisin/ros2_ws/assign1_ws/install/assign1_interfaces/lib/python3.12/site-packages/assign1_interfaces/assign1_interfaces_s__rosidl_typesupport_c.so
Listing '/home/oisin/ros2_ws/assign1_ws/install/assign1_interfaces/lib/python3.12/site-packages/assign1_interfaces'...
Listing '/home/oisin/ros2_ws/assign1_ws/install/assign1_interfaces/lib/python3.12/site-packages/assign1_interfaces/msg'...
-- Up-to-date: /home/oisin/ros2_ws/assign1_ws/install/assign1_interfaces/lib/python3.12/site-packages/assign1_interfaces/assign1_interfaces_s__rosidl_typesupport_fastrtps_c.so
-- Up-to-date: /home/oisin/ros2_ws/assign1_ws/install/assign1_interfaces/lib/python3.12/site-packages/assign1_interfaces/assign1_interfaces_s__rosidl_typesupport_introspection_c.so
-- Up-to-date: /home/oisin/ros2_ws/assign1_ws/install/assign1_interfaces/lib/python3.12/site-packages/assign1_interfaces/assign1_interfaces_s__rosidl_typesupport_c.so
-- Up-to-date: /home/oisin/ros2_ws/assign1_ws/install/assign1_interfaces/lib/libassign1_interfaces__rosidl_generator_py.so
-- Up-to-date: /home/oisin/ros2_ws/assign1_ws/install/assign1_interfaces/share/assign1_interfaces/msg/PixelCoordinates.idl
-- Up-to-date: /home/oisin/ros2_ws/assign1_ws/install/assign1_interfaces/share/assign1_interfaces/msg/PixelCoordinates.msg
-- Up-to-date: /home/oisin/ros2_ws/assign1_ws/install/assign1_interfaces/share/ament_index/resource_index/package_run_dependencies/assign1_interfaces
-- Up-to-date: /home/oisin/ros2_ws/assign1_ws/install/assign1_interfaces/share/ament_index/resource_index/parent_prefix_path/assign1_interfaces
-- Up-to-date: /home/oisin/ros2_ws/assign1_ws/install/assign1_interfaces/share/assign1_interfaces/environment/ament_prefix_path.sh
-- Up-to-date: /home/oisin/ros2_ws/assign1_ws/install/assign1_interfaces/share/assign1_interfaces/environment/ament_prefix_path.dsv
-- Up-to-date: /home/oisin/ros2_ws/assign1_ws/install/assign1_interfaces/share/assign1_interfaces/environment/path.sh
-- Up-to-date: /home/oisin/ros2_ws/assign1_ws/install/assign1_interfaces/share/assign1_interfaces/environment/path.dsv
-- Up-to-date: /home/oisin/ros2_ws/assign1_ws/install/assign1_interfaces/share/assign1_interfaces/local_setup.bash
-- Up-to-date: /home/oisin/ros2_ws/assign1_ws/install/assign1_interfaces/share/assign1_interfaces/local_setup.sh
-- Up-to-date: /home/oisin/ros2_ws/assign1_ws/install/assign1_interfaces/share/assign1_interfaces/local_setup.zsh
-- Up-to-date: /home/oisin/ros2_ws/assign1_ws/install/assign1_interfaces/share/assign1_interfaces/local_setup.dsv
-- Installing: /home/oisin/ros2_ws/assign1_ws/install/assign1_interfaces/share/assign1_interfaces/package.dsv
-- Up-to-date: /home/oisin/ros2_ws/assign1_ws/install/assign1_interfaces/share/ament_index/resource_index/packages/assign1_interfaces
-- Up-to-date: /home/oisin/ros2_ws/assign1_ws/install/assign1_interfaces/share/assign1_interfaces/cmake/export_assign1_interfaces__rosidl_generator_cExport.cmake
-- Up-to-date: /home/oisin/ros2_ws/assign1_ws/install/assign1_interfaces/share/assign1_interfaces/cmake/export_assign1_interfaces__rosidl_generator_cExport-noconfig.cmake
-- Up-to-date: /home/oisin/ros2_ws/assign1_ws/install/assign1_interfaces/share/assign1_interfaces/cmake/export_assign1_interfaces__rosidl_typesupport_fastrtps_cExport.cmake
-- Up-to-date: /home/oisin/ros2_ws/assign1_ws/install/assign1_interfaces/share/assign1_interfaces/cmake/export_assign1_interfaces__rosidl_typesupport_fastrtps_cExport-noconfig.cmake
-- Up-to-date: /home/oisin/ros2_ws/assign1_ws/install/assign1_interfaces/share/assign1_interfaces/cmake/assign1_interfaces__rosidl_typesupport_introspection_cExport.cmake
-- Up-to-date: /home/oisin/ros2_ws/assign1_ws/install/assign1_interfaces/share/assign1_interfaces/cmake/assign1_interfaces__rosidl_typesupport_introspection_cExport-noconfig.cmake
-- Up-to-date: /home/oisin/ros2_ws/assign1_ws/install/assign1_interfaces/share/assign1_interfaces/cmake/assign1_interfaces__rosidl_typesupport_cExport.cmake
-- Up-to-date: /home/oisin/ros2_ws/assign1_ws/install/assign1_interfaces/share/assign1_interfaces/cmake/assign1_interfaces__rosidl_typesupport_cExport-noconfig.cmake
-- Up-to-date: /home/oisin/ros2_ws/assign1_ws/install/assign1_interfaces/share/assign1_interfaces/cmake/export_assign1_interfaces__rosidl_generator_cppExport.cmake
-- Up-to-date: /home/oisin/ros2_ws/assign1_ws/install/assign1_interfaces/share/assign1_interfaces/cmake/export_assign1_interfaces__rosidl_typesupport_fastrtps_cppExport.cmake
-- Up-to-date: /home/oisin/ros2_ws/assign1_ws/install/assign1_interfaces/share/assign1_interfaces/cmake/export_assign1_interfaces__rosidl_typesupport_fastrtps_cppExport-noconfig.cmake
-- Up-to-date: /home/oisin/ros2_ws/assign1_ws/install/assign1_interfaces/share/assign1_interfaces/cmake/assign1_interfaces__rosidl_typesupport_introspection_cppExport.cmake
-- Up-to-date: /home/oisin/ros2_ws/assign1_ws/install/assign1_interfaces/share/assign1_interfaces/cmake/assign1_interfaces__rosidl_typesupport_introspection_cppExport-noconfig.cmake
-- Up-to-date: /home/oisin/ros2_ws/assign1_ws/install/assign1_interfaces/share/assign1_interfaces/cmake/assign1_interfaces__rosidl_typesupport_cppExport.cmake
-- Up-to-date: /home/oisin/ros2_ws/assign1_ws/install/assign1_interfaces/share/assign1_interfaces/cmake/assign1_interfaces__rosidl_typesupport_cppExport-noconfig.cmake
-- Up-to-date: /home/oisin/ros2_ws/assign1_ws/install/assign1_interfaces/share/assign1_interfaces/cmake/export_assign1_interfaces__rosidl_generator_pyExport.cmake
-- Up-to-date: /home/oisin/ros2_ws/assign1_ws/install/assign1_interfaces/share/assign1_interfaces/cmake/export_assign1_interfaces__rosidl_generator_pyExport-noconfig.cmake
-- Up-to-date: /home/oisin/ros2_ws/assign1_ws/install/assign1_interfaces/share/assign1_interfaces/cmake/rosidl_cmake-extras.cmake
-- Up-to-date: /home/oisin/ros2_ws/assign1_ws/install/assign1_interfaces/share/assign1_interfaces/cmake/ament_cmake_export_include_directories-extras.cmake
-- Up-to-date: /home/oisin/ros2_ws/assign1_ws/install/assign1_interfaces/share/assign1_interfaces/cmake/ament_cmake_export_libraries-extras.cmake
-- Up-to-date: /home/oisin/ros2_ws/assign1_ws/install/assign1_interfaces/share/assign1_interfaces/cmake/ament_cmake_export_targets-extras.cmake
-- Up-to-date: /home/oisin/ros2_ws/assign1_ws/install/assign1_interfaces/share/assign1_interfaces/cmake/rosidl_cmake_export_typesupport_targets-extras.cmake
-- Up-to-date: /home/oisin/ros2_ws/assign1_ws/install/assign1_interfaces/share/assign1_interfaces/cmake/ament_cmake_export_dependencies-extras.cmake
-- Up-to-date: /home/oisin/ros2_ws/assign1_ws/install/assign1_interfaces/share/assign1_interfaces/cmake/rosidl_cmake_export_typesupport_libraries-extras.cmake
-- Up-to-date: /home/oisin/ros2_ws/assign1_ws/install/assign1_interfaces/share/assign1_interfaces/cmake/assign1_interfacesConfig.cmake
-- Up-to-date: /home/oisin/ros2_ws/assign1_ws/install/assign1_interfaces/share/assign1_interfaces/cmake/assign1_interfacesConfig-version.cmake
-- Up-to-date: /home/oisin/ros2_ws/assign1_ws/install/assign1_interfaces/share/assign1_interfaces/package.xml
