[0.026s] Invoking command in '/home/oisin/ros2_ws/assign1_ws/build/assign1_interfaces': CMAKE_PREFIX_PATH=${CMAKE_PREFIX_PATH}:/opt/ros/jazzy DEBUGINFOD_URLS=https://debuginfod.ubuntu.com /usr/bin/cmake --build /home/oisin/ros2_ws/assign1_ws/build/assign1_interfaces -- -j16 -l16
[0.111s] -- Found ament_cmake: 2.5.3 (/opt/ros/jazzy/share/ament_cmake/cmake)
[0.170s] -- Found Python3: /usr/bin/python3 (found version "3.12.3") found components: Interpreter 
[0.361s] -- Found rosidl_default_generators: 1.6.0 (/opt/ros/jazzy/share/rosidl_default_generators/cmake)
[0.366s] -- Using all available rosidl_typesupport_c: rosidl_typesupport_fastrtps_c;rosidl_typesupport_introspection_c
[0.444s] -- Using all available rosidl_typesupport_cpp: rosidl_typesupport_fastrtps_cpp;rosidl_typesupport_introspection_cpp
[0.496s] -- Found rosidl_adapter: 4.6.5 (/opt/ros/jazzy/share/rosidl_adapter/cmake)
[1.059s] -- Found ament_cmake_ros: 0.12.0 (/opt/ros/jazzy/share/ament_cmake_ros/cmake)
[1.266s] -- Using all available rosidl_typesupport_c: rosidl_typesupport_fastrtps_c;rosidl_typesupport_introspection_c
[1.519s] -- Using all available rosidl_typesupport_cpp: rosidl_typesupport_fastrtps_cpp;rosidl_typesupport_introspection_cpp
[1.522s] -- Found python_cmake_module: 0.11.1 (/opt/ros/jazzy/share/python_cmake_module/cmake)
[2.179s] -- Found Python3: /usr/bin/python3 (found version "3.12.3") found components: Interpreter Development NumPy Development.Module Development.Embed 
[2.220s] -- Configuring done (2.1s)
[2.284s] -- Generating done (0.1s)
[2.303s] -- Build files have been written to: /home/oisin/ros2_ws/assign1_ws/build/assign1_interfaces
[2.379s] [  2%] [34m[1mGenerating type hashes for ROS interfaces[0m
[2.404s] [  2%] Built target ament_cmake_python_copy_assign1_interfaces
[2.756s] [  2%] Built target assign1_interfaces__rosidl_generator_type_description
[2.780s] [  5%] [34m[1mGenerating C code for ROS interfaces[0m
[2.803s] [  8%] [34m[1mGenerating C++ code for ROS interfaces[0m
[2.831s] running egg_info
[2.865s] writing assign1_interfaces.egg-info/PKG-INFO
[2.866s] writing dependency_links to assign1_interfaces.egg-info/dependency_links.txt
[2.866s] writing top-level names to assign1_interfaces.egg-info/top_level.txt
[2.967s] reading manifest file 'assign1_interfaces.egg-info/SOURCES.txt'
[2.968s] writing manifest file 'assign1_interfaces.egg-info/SOURCES.txt'
[3.023s] [  8%] Built target ament_cmake_python_build_assign1_interfaces_egg
[3.246s] [  8%] Built target assign1_interfaces__cpp
[3.298s] [ 11%] [32mBuilding C object CMakeFiles/assign1_interfaces__rosidl_generator_c.dir/rosidl_generator_c/assign1_interfaces/msg/detail/pixel_coordinates__description.c.o[0m
[3.298s] [ 14%] [32mBuilding C object CMakeFiles/assign1_interfaces__rosidl_generator_c.dir/rosidl_generator_c/assign1_interfaces/msg/detail/pixel_coordinates__functions.c.o[0m
[3.299s] [ 17%] [32mBuilding C object CMakeFiles/assign1_interfaces__rosidl_generator_c.dir/rosidl_generator_c/assign1_interfaces/msg/detail/pixel_coordinates__type_support.c.o[0m
[3.419s] [ 20%] [32m[1mLinking C shared library libassign1_interfaces__rosidl_generator_c.so[0m
[3.513s] [ 20%] Built target assign1_interfaces__rosidl_generator_c
[3.537s] [ 26%] [34m[1mGenerating C type support for eProsima Fast-RTPS[0m
[3.537s] [ 26%] [34m[1mGenerating C introspection for ROS interfaces[0m
[3.537s] [ 29%] [34m[1mGenerating C type support dispatch for ROS interfaces[0m
[3.537s] [ 32%] [34m[1mGenerating C++ type support for eProsima Fast-RTPS[0m
[3.538s] [ 35%] [34m[1mGenerating C++ introspection for ROS interfaces[0m
[3.538s] [ 38%] [34m[1mGenerating C++ type support dispatch for ROS interfaces[0m
[3.953s] [ 41%] [32mBuilding CXX object CMakeFiles/assign1_interfaces__rosidl_typesupport_c.dir/rosidl_typesupport_c/assign1_interfaces/msg/pixel_coordinates__type_support.cpp.o[0m
[3.962s] [ 44%] [32mBuilding CXX object CMakeFiles/assign1_interfaces__rosidl_typesupport_cpp.dir/rosidl_typesupport_cpp/assign1_interfaces/msg/pixel_coordinates__type_support.cpp.o[0m
[3.991s] [ 47%] [32mBuilding C object CMakeFiles/assign1_interfaces__rosidl_typesupport_introspection_c.dir/rosidl_typesupport_introspection_c/assign1_interfaces/msg/detail/pixel_coordinates__type_support.c.o[0m
[4.002s] [ 50%] [32mBuilding CXX object CMakeFiles/assign1_interfaces__rosidl_typesupport_introspection_cpp.dir/rosidl_typesupport_introspection_cpp/assign1_interfaces/msg/detail/pixel_coordinates__type_support.cpp.o[0m
[4.024s] [ 55%] [32mBuilding CXX object CMakeFiles/assign1_interfaces__rosidl_typesupport_fastrtps_c.dir/rosidl_typesupport_fastrtps_c/assign1_interfaces/msg/detail/pixel_coordinates__type_support_c.cpp.o[0m
[4.024s] [ 55%] [32mBuilding CXX object CMakeFiles/assign1_interfaces__rosidl_typesupport_fastrtps_cpp.dir/rosidl_typesupport_fastrtps_cpp/assign1_interfaces/msg/detail/dds_fastrtps/pixel_coordinates__type_support.cpp.o[0m
[4.070s] [ 58%] [32m[1mLinking C shared library libassign1_interfaces__rosidl_typesupport_introspection_c.so[0m
[4.079s] [ 61%] [32m[1mLinking CXX shared library libassign1_interfaces__rosidl_typesupport_c.so[0m
[4.139s] [ 61%] Built target assign1_interfaces__rosidl_typesupport_introspection_c
[4.172s] [ 61%] Built target assign1_interfaces__rosidl_typesupport_c
[4.545s] [ 64%] [32m[1mLinking CXX shared library libassign1_interfaces__rosidl_typesupport_cpp.so[0m
[4.587s] [ 67%] [32m[1mLinking CXX shared library libassign1_interfaces__rosidl_typesupport_introspection_cpp.so[0m
[4.634s] [ 67%] Built target assign1_interfaces__rosidl_typesupport_cpp
[4.679s] [ 67%] Built target assign1_interfaces__rosidl_typesupport_introspection_cpp
[4.875s] [ 70%] [32m[1mLinking CXX shared library libassign1_interfaces__rosidl_typesupport_fastrtps_c.so[0m
[4.890s] [ 73%] [32m[1mLinking CXX shared library libassign1_interfaces__rosidl_typesupport_fastrtps_cpp.so[0m
[4.984s] [ 73%] Built target assign1_interfaces__rosidl_typesupport_fastrtps_c
[4.996s] [ 73%] Built target assign1_interfaces__rosidl_typesupport_fastrtps_cpp
[5.043s] [ 73%] Built target assign1_interfaces
[5.089s] [ 76%] [34m[1mGenerating Python code for ROS interfaces[0m
[5.610s] [ 76%] Built target assign1_interfaces__py
[5.664s] [ 79%] [32mBuilding C object CMakeFiles/assign1_interfaces__rosidl_generator_py.dir/rosidl_generator_py/assign1_interfaces/msg/_pixel_coordinates_s.c.o[0m
[5.888s] [ 82%] [32m[1mLinking C shared library libassign1_interfaces__rosidl_generator_py.so[0m
[5.976s] [ 82%] Built target assign1_interfaces__rosidl_generator_py
[6.031s] [ 88%] [32mBuilding C object CMakeFiles/assign1_interfaces_s__rosidl_typesupport_introspection_c.dir/rosidl_generator_py/assign1_interfaces/_assign1_interfaces_s.ep.rosidl_typesupport_introspection_c.c.o[0m
[6.031s] [ 91%] [32mBuilding C object CMakeFiles/assign1_interfaces_s__rosidl_typesupport_fastrtps_c.dir/rosidl_generator_py/assign1_interfaces/_assign1_interfaces_s.ep.rosidl_typesupport_fastrtps_c.c.o[0m
[6.032s] [ 91%] [32mBuilding C object CMakeFiles/assign1_interfaces_s__rosidl_typesupport_c.dir/rosidl_generator_py/assign1_interfaces/_assign1_interfaces_s.ep.rosidl_typesupport_c.c.o[0m
[6.233s] [ 94%] [32m[1mLinking C shared module rosidl_generator_py/assign1_interfaces/assign1_interfaces_s__rosidl_typesupport_c.so[0m
[6.234s] [ 97%] [32m[1mLinking C shared module rosidl_generator_py/assign1_interfaces/assign1_interfaces_s__rosidl_typesupport_introspection_c.so[0m
[6.245s] [100%] [32m[1mLinking C shared module rosidl_generator_py/assign1_interfaces/assign1_interfaces_s__rosidl_typesupport_fastrtps_c.so[0m
[6.302s] [100%] Built target assign1_interfaces_s__rosidl_typesupport_introspection_c
[6.303s] [100%] Built target assign1_interfaces_s__rosidl_typesupport_c
[6.315s] [100%] Built target assign1_interfaces_s__rosidl_typesupport_fastrtps_c
[6.345s] Invoked command in '/home/oisin/ros2_ws/assign1_ws/build/assign1_interfaces' returned '0': CMAKE_PREFIX_PATH=${CMAKE_PREFIX_PATH}:/opt/ros/jazzy DEBUGINFOD_URLS=https://debuginfod.ubuntu.com /usr/bin/cmake --build /home/oisin/ros2_ws/assign1_ws/build/assign1_interfaces -- -j16 -l16
[6.367s] Invoking command in '/home/oisin/ros2_ws/assign1_ws/build/assign1_interfaces': CMAKE_PREFIX_PATH=${CMAKE_PREFIX_PATH}:/opt/ros/jazzy DEBUGINFOD_URLS=https://debuginfod.ubuntu.com /usr/bin/cmake --install /home/oisin/ros2_ws/assign1_ws/build/assign1_interfaces
[6.385s] -- Install configuration: ""
[6.386s] -- Up-to-date: /home/oisin/ros2_ws/assign1_ws/install/assign1_interfaces/share/ament_index/resource_index/rosidl_interfaces/assign1_interfaces
[6.386s] -- Installing: /home/oisin/ros2_ws/assign1_ws/install/assign1_interfaces/share/assign1_interfaces/msg/PixelCoordinates.json
[6.387s] -- Up-to-date: /home/oisin/ros2_ws/assign1_ws/install/assign1_interfaces/include/assign1_interfaces/assign1_interfaces
[6.387s] -- Up-to-date: /home/oisin/ros2_ws/assign1_ws/install/assign1_interfaces/include/assign1_interfaces/assign1_interfaces/msg
[6.387s] -- Up-to-date: /home/oisin/ros2_ws/assign1_ws/install/assign1_interfaces/include/assign1_interfaces/assign1_interfaces/msg/rosidl_generator_c__visibility_control.h
[6.387s] -- Up-to-date: /home/oisin/ros2_ws/assign1_ws/install/assign1_interfaces/include/assign1_interfaces/assign1_interfaces/msg/detail
[6.387s] -- Installing: /home/oisin/ros2_ws/assign1_ws/install/assign1_interfaces/include/assign1_interfaces/assign1_interfaces/msg/detail/pixel_coordinates__struct.h
[6.388s] -- Installing: /home/oisin/ros2_ws/assign1_ws/install/assign1_interfaces/include/assign1_interfaces/assign1_interfaces/msg/detail/pixel_coordinates__type_support.c
[6.388s] -- Installing: /home/oisin/ros2_ws/assign1_ws/install/assign1_interfaces/include/assign1_interfaces/assign1_interfaces/msg/detail/pixel_coordinates__functions.h
[6.388s] -- Installing: /home/oisin/ros2_ws/assign1_ws/install/assign1_interfaces/include/assign1_interfaces/assign1_interfaces/msg/detail/pixel_coordinates__description.c
[6.388s] -- Installing: /home/oisin/ros2_ws/assign1_ws/install/assign1_interfaces/include/assign1_interfaces/assign1_interfaces/msg/detail/pixel_coordinates__functions.c
[6.389s] -- Installing: /home/oisin/ros2_ws/assign1_ws/install/assign1_interfaces/include/assign1_interfaces/assign1_interfaces/msg/detail/pixel_coordinates__type_support.h
[6.389s] -- Installing: /home/oisin/ros2_ws/assign1_ws/install/assign1_interfaces/include/assign1_interfaces/assign1_interfaces/msg/pixel_coordinates.h
[6.389s] -- Up-to-date: /home/oisin/ros2_ws/assign1_ws/install/assign1_interfaces/share/assign1_interfaces/environment/library_path.sh
[6.390s] -- Up-to-date: /home/oisin/ros2_ws/assign1_ws/install/assign1_interfaces/share/assign1_interfaces/environment/library_path.dsv
[6.390s] -- Installing: /home/oisin/ros2_ws/assign1_ws/install/assign1_interfaces/lib/libassign1_interfaces__rosidl_generator_c.so
[6.392s] -- Set non-toolchain portion of runtime path of "/home/oisin/ros2_ws/assign1_ws/install/assign1_interfaces/lib/libassign1_interfaces__rosidl_generator_c.so" to ""
[6.392s] -- Up-to-date: /home/oisin/ros2_ws/assign1_ws/install/assign1_interfaces/include/assign1_interfaces/assign1_interfaces
[6.392s] -- Up-to-date: /home/oisin/ros2_ws/assign1_ws/install/assign1_interfaces/include/assign1_interfaces/assign1_interfaces/msg
[6.392s] -- Up-to-date: /home/oisin/ros2_ws/assign1_ws/install/assign1_interfaces/include/assign1_interfaces/assign1_interfaces/msg/rosidl_typesupport_fastrtps_c__visibility_control.h
[6.393s] -- Up-to-date: /home/oisin/ros2_ws/assign1_ws/install/assign1_interfaces/include/assign1_interfaces/assign1_interfaces/msg/detail
[6.393s] -- Installing: /home/oisin/ros2_ws/assign1_ws/install/assign1_interfaces/include/assign1_interfaces/assign1_interfaces/msg/detail/pixel_coordinates__rosidl_typesupport_fastrtps_c.h
[6.393s] -- Installing: /home/oisin/ros2_ws/assign1_ws/install/assign1_interfaces/lib/libassign1_interfaces__rosidl_typesupport_fastrtps_c.so
[6.394s] -- Set non-toolchain portion of runtime path of "/home/oisin/ros2_ws/assign1_ws/install/assign1_interfaces/lib/libassign1_interfaces__rosidl_typesupport_fastrtps_c.so" to ""
[6.394s] -- Up-to-date: /home/oisin/ros2_ws/assign1_ws/install/assign1_interfaces/include/assign1_interfaces/assign1_interfaces
[6.395s] -- Up-to-date: /home/oisin/ros2_ws/assign1_ws/install/assign1_interfaces/include/assign1_interfaces/assign1_interfaces/msg
[6.395s] -- Up-to-date: /home/oisin/ros2_ws/assign1_ws/install/assign1_interfaces/include/assign1_interfaces/assign1_interfaces/msg/rosidl_typesupport_introspection_c__visibility_control.h
[6.395s] -- Up-to-date: /home/oisin/ros2_ws/assign1_ws/install/assign1_interfaces/include/assign1_interfaces/assign1_interfaces/msg/detail
[6.395s] -- Installing: /home/oisin/ros2_ws/assign1_ws/install/assign1_interfaces/include/assign1_interfaces/assign1_interfaces/msg/detail/pixel_coordinates__type_support.c
[6.395s] -- Installing: /home/oisin/ros2_ws/assign1_ws/install/assign1_interfaces/include/assign1_interfaces/assign1_interfaces/msg/detail/pixel_coordinates__rosidl_typesupport_introspection_c.h
[6.396s] -- Installing: /home/oisin/ros2_ws/assign1_ws/install/assign1_interfaces/lib/libassign1_interfaces__rosidl_typesupport_introspection_c.so
[6.396s] -- Set non-toolchain portion of runtime path of "/home/oisin/ros2_ws/assign1_ws/install/assign1_interfaces/lib/libassign1_interfaces__rosidl_typesupport_introspection_c.so" to ""
[6.397s] -- Installing: /home/oisin/ros2_ws/assign1_ws/install/assign1_interfaces/lib/libassign1_interfaces__rosidl_typesupport_c.so
[6.398s] -- Set non-toolchain portion of runtime path of "/home/oisin/ros2_ws/assign1_ws/install/assign1_interfaces/lib/libassign1_interfaces__rosidl_typesupport_c.so" to ""
[6.398s] -- Up-to-date: /home/oisin/ros2_ws/assign1_ws/install/assign1_interfaces/include/assign1_interfaces/assign1_interfaces
[6.399s] -- Up-to-date: /home/oisin/ros2_ws/assign1_ws/install/assign1_interfaces/include/assign1_interfaces/assign1_interfaces/msg
[6.399s] -- Installing: /home/oisin/ros2_ws/assign1_ws/install/assign1_interfaces/include/assign1_interfaces/assign1_interfaces/msg/rosidl_generator_cpp__visibility_control.hpp
[6.399s] -- Installing: /home/oisin/ros2_ws/assign1_ws/install/assign1_interfaces/include/assign1_interfaces/assign1_interfaces/msg/pixel_coordinates.hpp
[6.399s] -- Up-to-date: /home/oisin/ros2_ws/assign1_ws/install/assign1_interfaces/include/assign1_interfaces/assign1_interfaces/msg/detail
[6.399s] -- Installing: /home/oisin/ros2_ws/assign1_ws/install/assign1_interfaces/include/assign1_interfaces/assign1_interfaces/msg/detail/pixel_coordinates__type_support.hpp
[6.400s] -- Installing: /home/oisin/ros2_ws/assign1_ws/install/assign1_interfaces/include/assign1_interfaces/assign1_interfaces/msg/detail/pixel_coordinates__builder.hpp
[6.400s] -- Installing: /home/oisin/ros2_ws/assign1_ws/install/assign1_interfaces/include/assign1_interfaces/assign1_interfaces/msg/detail/pixel_coordinates__traits.hpp
[6.400s] -- Installing: /home/oisin/ros2_ws/assign1_ws/install/assign1_interfaces/include/assign1_interfaces/assign1_interfaces/msg/detail/pixel_coordinates__struct.hpp
[6.400s] -- Up-to-date: /home/oisin/ros2_ws/assign1_ws/install/assign1_interfaces/include/assign1_interfaces/assign1_interfaces
[6.400s] -- Up-to-date: /home/oisin/ros2_ws/assign1_ws/install/assign1_interfaces/include/assign1_interfaces/assign1_interfaces/msg
[6.401s] -- Up-to-date: /home/oisin/ros2_ws/assign1_ws/install/assign1_interfaces/include/assign1_interfaces/assign1_interfaces/msg/rosidl_typesupport_fastrtps_cpp__visibility_control.h
[6.401s] -- Up-to-date: /home/oisin/ros2_ws/assign1_ws/install/assign1_interfaces/include/assign1_interfaces/assign1_interfaces/msg/detail
[6.401s] -- Installing: /home/oisin/ros2_ws/assign1_ws/install/assign1_interfaces/include/assign1_interfaces/assign1_interfaces/msg/detail/pixel_coordinates__rosidl_typesupport_fastrtps_cpp.hpp
[6.401s] -- Up-to-date: /home/oisin/ros2_ws/assign1_ws/install/assign1_interfaces/include/assign1_interfaces/assign1_interfaces/msg/detail/dds_fastrtps
[6.402s] -- Installing: /home/oisin/ros2_ws/assign1_ws/install/assign1_interfaces/lib/libassign1_interfaces__rosidl_typesupport_fastrtps_cpp.so
[6.403s] -- Set non-toolchain portion of runtime path of "/home/oisin/ros2_ws/assign1_ws/install/assign1_interfaces/lib/libassign1_interfaces__rosidl_typesupport_fastrtps_cpp.so" to ""
[6.403s] -- Up-to-date: /home/oisin/ros2_ws/assign1_ws/install/assign1_interfaces/include/assign1_interfaces/assign1_interfaces
[6.403s] -- Up-to-date: /home/oisin/ros2_ws/assign1_ws/install/assign1_interfaces/include/assign1_interfaces/assign1_interfaces/msg
[6.403s] -- Up-to-date: /home/oisin/ros2_ws/assign1_ws/install/assign1_interfaces/include/assign1_interfaces/assign1_interfaces/msg/detail
[6.403s] -- Installing: /home/oisin/ros2_ws/assign1_ws/install/assign1_interfaces/include/assign1_interfaces/assign1_interfaces/msg/detail/pixel_coordinates__type_support.cpp
[6.404s] -- Installing: /home/oisin/ros2_ws/assign1_ws/install/assign1_interfaces/include/assign1_interfaces/assign1_interfaces/msg/detail/pixel_coordinates__rosidl_typesupport_introspection_cpp.hpp
[6.405s] -- Installing: /home/oisin/ros2_ws/assign1_ws/install/assign1_interfaces/lib/libassign1_interfaces__rosidl_typesupport_introspection_cpp.so
[6.405s] -- Set non-toolchain portion of runtime path of "/home/oisin/ros2_ws/assign1_ws/install/assign1_interfaces/lib/libassign1_interfaces__rosidl_typesupport_introspection_cpp.so" to ""
[6.406s] -- Installing: /home/oisin/ros2_ws/assign1_ws/install/assign1_interfaces/lib/libassign1_interfaces__rosidl_typesupport_cpp.so
[6.407s] -- Set non-toolchain portion of runtime path of "/home/oisin/ros2_ws/assign1_ws/install/assign1_interfaces/lib/libassign1_interfaces__rosidl_typesupport_cpp.so" to ""
[6.407s] -- Up-to-date: /home/oisin/ros2_ws/assign1_ws/install/assign1_interfaces/share/assign1_interfaces/environment/pythonpath.sh
[6.407s] -- Up-to-date: /home/oisin/ros2_ws/assign1_ws/install/assign1_interfaces/share/assign1_interfaces/environment/pythonpath.dsv
[6.407s] -- Up-to-date: /home/oisin/ros2_ws/assign1_ws/install/assign1_interfaces/lib/python3.12/site-packages/assign1_interfaces-0.0.0-py3.12.egg-info
[6.408s] -- Installing: /home/oisin/ros2_ws/assign1_ws/install/assign1_interfaces/lib/python3.12/site-packages/assign1_interfaces-0.0.0-py3.12.egg-info/PKG-INFO
[6.408s] -- Installing: /home/oisin/ros2_ws/assign1_ws/install/assign1_interfaces/lib/python3.12/site-packages/assign1_interfaces-0.0.0-py3.12.egg-info/top_level.txt
[6.408s] -- Installing: /home/oisin/ros2_ws/assign1_ws/install/assign1_interfaces/lib/python3.12/site-packages/assign1_interfaces-0.0.0-py3.12.egg-info/dependency_links.txt
[6.409s] -- Installing: /home/oisin/ros2_ws/assign1_ws/install/assign1_interfaces/lib/python3.12/site-packages/assign1_interfaces-0.0.0-py3.12.egg-info/SOURCES.txt
[6.409s] -- Up-to-date: /home/oisin/ros2_ws/assign1_ws/install/assign1_interfaces/lib/python3.12/site-packages/assign1_interfaces
[6.410s] -- Installing: /home/oisin/ros2_ws/assign1_ws/install/assign1_interfaces/lib/python3.12/site-packages/assign1_interfaces/__init__.py
[6.410s] -- Installing: /home/oisin/ros2_ws/assign1_ws/install/assign1_interfaces/lib/python3.12/site-packages/assign1_interfaces/_assign1_interfaces_s.ep.rosidl_typesupport_fastrtps_c.c
[6.410s] -- Installing: /home/oisin/ros2_ws/assign1_ws/install/assign1_interfaces/lib/python3.12/site-packages/assign1_interfaces/_assign1_interfaces_s.ep.rosidl_typesupport_introspection_c.c
[6.411s] -- Installing: /home/oisin/ros2_ws/assign1_ws/install/assign1_interfaces/lib/python3.12/site-packages/assign1_interfaces/_assign1_interfaces_s.ep.rosidl_typesupport_c.c
[6.411s] -- Installing: /home/oisin/ros2_ws/assign1_ws/install/assign1_interfaces/lib/python3.12/site-packages/assign1_interfaces/assign1_interfaces_s__rosidl_typesupport_introspection_c.so
[6.411s] -- Up-to-date: /home/oisin/ros2_ws/assign1_ws/install/assign1_interfaces/lib/python3.12/site-packages/assign1_interfaces/msg
[6.412s] -- Installing: /home/oisin/ros2_ws/assign1_ws/install/assign1_interfaces/lib/python3.12/site-packages/assign1_interfaces/msg/__init__.py
[6.412s] -- Installing: /home/oisin/ros2_ws/assign1_ws/install/assign1_interfaces/lib/python3.12/site-packages/assign1_interfaces/msg/_pixel_coordinates.py
[6.412s] -- Installing: /home/oisin/ros2_ws/assign1_ws/install/assign1_interfaces/lib/python3.12/site-packages/assign1_interfaces/msg/_pixel_coordinates_s.c
[6.412s] -- Installing: /home/oisin/ros2_ws/assign1_ws/install/assign1_interfaces/lib/python3.12/site-packages/assign1_interfaces/assign1_interfaces_s__rosidl_typesupport_fastrtps_c.so
[6.413s] -- Installing: /home/oisin/ros2_ws/assign1_ws/install/assign1_interfaces/lib/python3.12/site-packages/assign1_interfaces/assign1_interfaces_s__rosidl_typesupport_c.so
[6.495s] Listing '/home/oisin/ros2_ws/assign1_ws/install/assign1_interfaces/lib/python3.12/site-packages/assign1_interfaces'...
[6.495s] Compiling '/home/oisin/ros2_ws/assign1_ws/install/assign1_interfaces/lib/python3.12/site-packages/assign1_interfaces/__init__.py'...
[6.496s] Listing '/home/oisin/ros2_ws/assign1_ws/install/assign1_interfaces/lib/python3.12/site-packages/assign1_interfaces/msg'...
[6.496s] Compiling '/home/oisin/ros2_ws/assign1_ws/install/assign1_interfaces/lib/python3.12/site-packages/assign1_interfaces/msg/__init__.py'...
[6.496s] Compiling '/home/oisin/ros2_ws/assign1_ws/install/assign1_interfaces/lib/python3.12/site-packages/assign1_interfaces/msg/_pixel_coordinates.py'...
[6.507s] -- Installing: /home/oisin/ros2_ws/assign1_ws/install/assign1_interfaces/lib/python3.12/site-packages/assign1_interfaces/assign1_interfaces_s__rosidl_typesupport_fastrtps_c.so
[6.508s] -- Set non-toolchain portion of runtime path of "/home/oisin/ros2_ws/assign1_ws/install/assign1_interfaces/lib/python3.12/site-packages/assign1_interfaces/assign1_interfaces_s__rosidl_typesupport_fastrtps_c.so" to ""
[6.508s] -- Installing: /home/oisin/ros2_ws/assign1_ws/install/assign1_interfaces/lib/python3.12/site-packages/assign1_interfaces/assign1_interfaces_s__rosidl_typesupport_introspection_c.so
[6.509s] -- Set non-toolchain portion of runtime path of "/home/oisin/ros2_ws/assign1_ws/install/assign1_interfaces/lib/python3.12/site-packages/assign1_interfaces/assign1_interfaces_s__rosidl_typesupport_introspection_c.so" to ""
[6.509s] -- Installing: /home/oisin/ros2_ws/assign1_ws/install/assign1_interfaces/lib/python3.12/site-packages/assign1_interfaces/assign1_interfaces_s__rosidl_typesupport_c.so
[6.510s] -- Set non-toolchain portion of runtime path of "/home/oisin/ros2_ws/assign1_ws/install/assign1_interfaces/lib/python3.12/site-packages/assign1_interfaces/assign1_interfaces_s__rosidl_typesupport_c.so" to ""
[6.511s] -- Installing: /home/oisin/ros2_ws/assign1_ws/install/assign1_interfaces/lib/libassign1_interfaces__rosidl_generator_py.so
[6.512s] -- Set non-toolchain portion of runtime path of "/home/oisin/ros2_ws/assign1_ws/install/assign1_interfaces/lib/libassign1_interfaces__rosidl_generator_py.so" to ""
[6.512s] -- Installing: /home/oisin/ros2_ws/assign1_ws/install/assign1_interfaces/share/assign1_interfaces/msg/PixelCoordinates.idl
[6.512s] -- Installing: /home/oisin/ros2_ws/assign1_ws/install/assign1_interfaces/share/assign1_interfaces/msg/PixelCoordinates.msg
[6.513s] -- Up-to-date: /home/oisin/ros2_ws/assign1_ws/install/assign1_interfaces/share/ament_index/resource_index/package_run_dependencies/assign1_interfaces
[6.513s] -- Up-to-date: /home/oisin/ros2_ws/assign1_ws/install/assign1_interfaces/share/ament_index/resource_index/parent_prefix_path/assign1_interfaces
[6.513s] -- Up-to-date: /home/oisin/ros2_ws/assign1_ws/install/assign1_interfaces/share/assign1_interfaces/environment/ament_prefix_path.sh
[6.514s] -- Up-to-date: /home/oisin/ros2_ws/assign1_ws/install/assign1_interfaces/share/assign1_interfaces/environment/ament_prefix_path.dsv
[6.514s] -- Up-to-date: /home/oisin/ros2_ws/assign1_ws/install/assign1_interfaces/share/assign1_interfaces/environment/path.sh
[6.514s] -- Up-to-date: /home/oisin/ros2_ws/assign1_ws/install/assign1_interfaces/share/assign1_interfaces/environment/path.dsv
[6.514s] -- Up-to-date: /home/oisin/ros2_ws/assign1_ws/install/assign1_interfaces/share/assign1_interfaces/local_setup.bash
[6.514s] -- Up-to-date: /home/oisin/ros2_ws/assign1_ws/install/assign1_interfaces/share/assign1_interfaces/local_setup.sh
[6.514s] -- Up-to-date: /home/oisin/ros2_ws/assign1_ws/install/assign1_interfaces/share/assign1_interfaces/local_setup.zsh
[6.515s] -- Up-to-date: /home/oisin/ros2_ws/assign1_ws/install/assign1_interfaces/share/assign1_interfaces/local_setup.dsv
[6.515s] -- Installing: /home/oisin/ros2_ws/assign1_ws/install/assign1_interfaces/share/assign1_interfaces/package.dsv
[6.515s] -- Up-to-date: /home/oisin/ros2_ws/assign1_ws/install/assign1_interfaces/share/ament_index/resource_index/packages/assign1_interfaces
[6.515s] -- Up-to-date: /home/oisin/ros2_ws/assign1_ws/install/assign1_interfaces/share/assign1_interfaces/cmake/export_assign1_interfaces__rosidl_generator_cExport.cmake
[6.515s] -- Up-to-date: /home/oisin/ros2_ws/assign1_ws/install/assign1_interfaces/share/assign1_interfaces/cmake/export_assign1_interfaces__rosidl_generator_cExport-noconfig.cmake
[6.516s] -- Up-to-date: /home/oisin/ros2_ws/assign1_ws/install/assign1_interfaces/share/assign1_interfaces/cmake/export_assign1_interfaces__rosidl_typesupport_fastrtps_cExport.cmake
[6.516s] -- Up-to-date: /home/oisin/ros2_ws/assign1_ws/install/assign1_interfaces/share/assign1_interfaces/cmake/export_assign1_interfaces__rosidl_typesupport_fastrtps_cExport-noconfig.cmake
[6.516s] -- Up-to-date: /home/oisin/ros2_ws/assign1_ws/install/assign1_interfaces/share/assign1_interfaces/cmake/assign1_interfaces__rosidl_typesupport_introspection_cExport.cmake
[6.516s] -- Up-to-date: /home/oisin/ros2_ws/assign1_ws/install/assign1_interfaces/share/assign1_interfaces/cmake/assign1_interfaces__rosidl_typesupport_introspection_cExport-noconfig.cmake
[6.516s] -- Up-to-date: /home/oisin/ros2_ws/assign1_ws/install/assign1_interfaces/share/assign1_interfaces/cmake/assign1_interfaces__rosidl_typesupport_cExport.cmake
[6.517s] -- Up-to-date: /home/oisin/ros2_ws/assign1_ws/install/assign1_interfaces/share/assign1_interfaces/cmake/assign1_interfaces__rosidl_typesupport_cExport-noconfig.cmake
[6.517s] -- Up-to-date: /home/oisin/ros2_ws/assign1_ws/install/assign1_interfaces/share/assign1_interfaces/cmake/export_assign1_interfaces__rosidl_generator_cppExport.cmake
[6.517s] -- Up-to-date: /home/oisin/ros2_ws/assign1_ws/install/assign1_interfaces/share/assign1_interfaces/cmake/export_assign1_interfaces__rosidl_typesupport_fastrtps_cppExport.cmake
[6.517s] -- Up-to-date: /home/oisin/ros2_ws/assign1_ws/install/assign1_interfaces/share/assign1_interfaces/cmake/export_assign1_interfaces__rosidl_typesupport_fastrtps_cppExport-noconfig.cmake
[6.518s] -- Up-to-date: /home/oisin/ros2_ws/assign1_ws/install/assign1_interfaces/share/assign1_interfaces/cmake/assign1_interfaces__rosidl_typesupport_introspection_cppExport.cmake
[6.518s] -- Up-to-date: /home/oisin/ros2_ws/assign1_ws/install/assign1_interfaces/share/assign1_interfaces/cmake/assign1_interfaces__rosidl_typesupport_introspection_cppExport-noconfig.cmake
[6.518s] -- Up-to-date: /home/oisin/ros2_ws/assign1_ws/install/assign1_interfaces/share/assign1_interfaces/cmake/assign1_interfaces__rosidl_typesupport_cppExport.cmake
[6.518s] -- Up-to-date: /home/oisin/ros2_ws/assign1_ws/install/assign1_interfaces/share/assign1_interfaces/cmake/assign1_interfaces__rosidl_typesupport_cppExport-noconfig.cmake
[6.519s] -- Up-to-date: /home/oisin/ros2_ws/assign1_ws/install/assign1_interfaces/share/assign1_interfaces/cmake/export_assign1_interfaces__rosidl_generator_pyExport.cmake
[6.519s] -- Up-to-date: /home/oisin/ros2_ws/assign1_ws/install/assign1_interfaces/share/assign1_interfaces/cmake/export_assign1_interfaces__rosidl_generator_pyExport-noconfig.cmake
[6.519s] -- Up-to-date: /home/oisin/ros2_ws/assign1_ws/install/assign1_interfaces/share/assign1_interfaces/cmake/rosidl_cmake-extras.cmake
[6.519s] -- Up-to-date: /home/oisin/ros2_ws/assign1_ws/install/assign1_interfaces/share/assign1_interfaces/cmake/ament_cmake_export_include_directories-extras.cmake
[6.519s] -- Up-to-date: /home/oisin/ros2_ws/assign1_ws/install/assign1_interfaces/share/assign1_interfaces/cmake/ament_cmake_export_libraries-extras.cmake
[6.519s] -- Up-to-date: /home/oisin/ros2_ws/assign1_ws/install/assign1_interfaces/share/assign1_interfaces/cmake/ament_cmake_export_targets-extras.cmake
[6.520s] -- Up-to-date: /home/oisin/ros2_ws/assign1_ws/install/assign1_interfaces/share/assign1_interfaces/cmake/rosidl_cmake_export_typesupport_targets-extras.cmake
[6.520s] -- Up-to-date: /home/oisin/ros2_ws/assign1_ws/install/assign1_interfaces/share/assign1_interfaces/cmake/ament_cmake_export_dependencies-extras.cmake
[6.520s] -- Up-to-date: /home/oisin/ros2_ws/assign1_ws/install/assign1_interfaces/share/assign1_interfaces/cmake/rosidl_cmake_export_typesupport_libraries-extras.cmake
[6.520s] -- Up-to-date: /home/oisin/ros2_ws/assign1_ws/install/assign1_interfaces/share/assign1_interfaces/cmake/assign1_interfacesConfig.cmake
[6.520s] -- Up-to-date: /home/oisin/ros2_ws/assign1_ws/install/assign1_interfaces/share/assign1_interfaces/cmake/assign1_interfacesConfig-version.cmake
[6.521s] -- Up-to-date: /home/oisin/ros2_ws/assign1_ws/install/assign1_interfaces/share/assign1_interfaces/package.xml
[6.526s] Invoked command in '/home/oisin/ros2_ws/assign1_ws/build/assign1_interfaces' returned '0': CMAKE_PREFIX_PATH=${CMAKE_PREFIX_PATH}:/opt/ros/jazzy DEBUGINFOD_URLS=https://debuginfod.ubuntu.com /usr/bin/cmake --install /home/oisin/ros2_ws/assign1_ws/build/assign1_interfaces
