[0.019s] Invoking command in '/home/oisin/ros2_ws/assign1_ws/build/image_cpp': CMAKE_PREFIX_PATH=/home/oisin/ros2_ws/assign1_ws/install/assign1_interfaces:/home/oisin/ros2_ws/assign1_ws/install/light_tracking:/opt/ros/jazzy/opt/sdformat_vendor:/opt/ros/jazzy/opt/gz_math_vendor:/opt/ros/jazzy/opt/gz_utils_vendor:/opt/ros/jazzy/opt/gz_tools_vendor:/opt/ros/jazzy/opt/gz_cmake_vendor:/opt/ros/jazzy DEBUGINFOD_URLS=https://debuginfod.ubuntu.com /usr/bin/cmake /home/oisin/ros2_ws/assign1_ws/src/light_tracking -DCMAKE_INSTALL_PREFIX=/home/oisin/ros2_ws/assign1_ws/install/image_cpp
[0.141s] -- The C compiler identification is GNU 13.3.0
[0.267s] -- The CXX compiler identification is GNU 13.3.0
[0.305s] -- Detecting C compiler ABI info
[0.507s] -- Detecting C compiler ABI info - done
[0.526s] -- Check for working C compiler: /usr/bin/cc - skipped
[0.526s] -- Detecting C compile features
[0.527s] -- Detecting C compile features - done
[0.548s] -- Detecting CXX compiler ABI info
[0.754s] -- Detecting CXX compiler ABI info - done
[0.774s] -- Check for working CXX compiler: /usr/bin/c++ - skipped
[0.775s] -- Detecting CXX compile features
[0.776s] -- Detecting CXX compile features - done
[0.783s] -- Found ament_cmake: 2.5.3 (/opt/ros/jazzy/share/ament_cmake/cmake)
[1.116s] -- Found Python3: /usr/bin/python3 (found version "3.12.3") found components: Interpreter 
[1.318s] -- Found rclcpp: 28.1.6 (/opt/ros/jazzy/share/rclcpp/cmake)
[1.397s] -- Found rosidl_generator_c: 4.6.5 (/opt/ros/jazzy/share/rosidl_generator_c/cmake)
[1.430s] -- Found rosidl_generator_cpp: 4.6.5 (/opt/ros/jazzy/share/rosidl_generator_cpp/cmake)
[1.466s] -- Using all available rosidl_typesupport_c: rosidl_typesupport_fastrtps_c;rosidl_typesupport_introspection_c
[1.508s] -- Using all available rosidl_typesupport_cpp: rosidl_typesupport_fastrtps_cpp;rosidl_typesupport_introspection_cpp
[1.695s] -- Found rmw_implementation_cmake: 7.3.1 (/opt/ros/jazzy/share/rmw_implementation_cmake/cmake)
[1.703s] -- Found rmw_fastrtps_cpp: 8.4.1 (/opt/ros/jazzy/share/rmw_fastrtps_cpp/cmake)
[1.898s] -- Found OpenSSL: /usr/lib/x86_64-linux-gnu/libcrypto.so (found version "3.0.13")  
[1.944s] -- Found FastRTPS: /opt/ros/jazzy/include (Required is at least version "2.13") 
[1.997s] -- Using RMW implementation 'rmw_fastrtps_cpp' as default
[2.178s] -- Found sensor_msgs: 5.3.5 (/opt/ros/jazzy/share/sensor_msgs/cmake)
[2.325s] -- Found example_interfaces: 0.12.0 (/opt/ros/jazzy/share/example_interfaces/cmake)
[2.466s] -- Found cv_bridge: 4.1.0 (/opt/ros/jazzy/share/cv_bridge/cmake)
[2.497s] -- Found OpenCV: /usr (found version "4.6.0") 
[2.498s] -- Found assign1_interfaces: 0.0.0 (/home/oisin/ros2_ws/assign1_ws/install/assign1_interfaces/share/assign1_interfaces/cmake)
[2.712s] [31mCMake Error at /opt/ros/jazzy/share/ament_cmake_core/cmake/core/ament_package_xml.cmake:53 (message):
[2.713s]   ament_package_xml() package name 'image_cpp' in '/package.xml' does not
[2.713s]   match current PROJECT_NAME 'light_tracking'.  You must call project() with
[2.713s]   the same package name before.
[2.713s] Call Stack (most recent call first):
[2.714s]   /opt/ros/jazzy/share/ament_cmake_core/cmake/core/ament_package.cmake:63 (ament_package_xml)
[2.714s]   CMakeLists.txt:33 (ament_package)
[2.714s] 
[2.714s] [0m
[2.714s] -- Configuring incomplete, errors occurred!
[2.734s] Invoked command in '/home/oisin/ros2_ws/assign1_ws/build/image_cpp' returned '1': CMAKE_PREFIX_PATH=/home/oisin/ros2_ws/assign1_ws/install/assign1_interfaces:/home/oisin/ros2_ws/assign1_ws/install/light_tracking:/opt/ros/jazzy/opt/sdformat_vendor:/opt/ros/jazzy/opt/gz_math_vendor:/opt/ros/jazzy/opt/gz_utils_vendor:/opt/ros/jazzy/opt/gz_tools_vendor:/opt/ros/jazzy/opt/gz_cmake_vendor:/opt/ros/jazzy DEBUGINFOD_URLS=https://debuginfod.ubuntu.com /usr/bin/cmake /home/oisin/ros2_ws/assign1_ws/src/light_tracking -DCMAKE_INSTALL_PREFIX=/home/oisin/ros2_ws/assign1_ws/install/image_cpp
