[0.026s] Invoking command in '/home/oisin/ros2_ws/assign1/image_ws/build/image_cpp': CMAKE_PREFIX_PATH=${CMAKE_PREFIX_PATH}:/opt/ros/jazzy DEBUGINFOD_URLS=https://debuginfod.ubuntu.com /usr/bin/cmake --build /home/oisin/ros2_ws/assign1/image_ws/build/image_cpp -- -j16 -l16
[0.091s] -- Found ament_cmake: 2.5.3 (/opt/ros/jazzy/share/ament_cmake/cmake)
[0.591s] -- Found rclcpp: 28.1.6 (/opt/ros/jazzy/share/rclcpp/cmake)
[0.651s] -- Found rosidl_generator_c: 4.6.5 (/opt/ros/jazzy/share/rosidl_generator_c/cmake)
[0.669s] -- Found rosidl_generator_cpp: 4.6.5 (/opt/ros/jazzy/share/rosidl_generator_cpp/cmake)
[0.692s] -- Using all available rosidl_typesupport_c: rosidl_typesupport_fastrtps_c;rosidl_typesupport_introspection_c
[0.721s] -- Using all available rosidl_typesupport_cpp: rosidl_typesupport_fastrtps_cpp;rosidl_typesupport_introspection_cpp
[0.855s] -- Found rmw_implementation_cmake: 7.3.1 (/opt/ros/jazzy/share/rmw_implementation_cmake/cmake)
[0.858s] -- Found rmw_fastrtps_cpp: 8.4.1 (/opt/ros/jazzy/share/rmw_fastrtps_cpp/cmake)
[1.003s] -- Using RMW implementation 'rmw_fastrtps_cpp' as default
[1.145s] -- Found sensor_msgs: 5.3.5 (/opt/ros/jazzy/share/sensor_msgs/cmake)
[1.269s] -- Found example_interfaces: 0.12.0 (/opt/ros/jazzy/share/example_interfaces/cmake)
[1.385s] -- Found cv_bridge: 4.1.0 (/opt/ros/jazzy/share/cv_bridge/cmake)
[1.433s] [31mCMake Error at CMakeLists.txt:17 (find_package):
[1.433s]   By not providing "FindOpenCv.cmake" in CMAKE_MODULE_PATH this project has
[1.433s]   asked CMake to find a package configuration file provided by "OpenCv", but
[1.433s]   CMake did not find one.
[1.433s] 
[1.433s]   Could not find a package configuration file provided by "OpenCv" with any
[1.434s]   of the following names:
[1.434s] 
[1.434s]     OpenCvConfig.cmake
[1.434s]     opencv-config.cmake
[1.434s] 
[1.434s]   Add the installation prefix of "OpenCv" to CMAKE_PREFIX_PATH or set
[1.434s]   "OpenCv_DIR" to a directory containing one of the above files.  If "OpenCv"
[1.434s]   provides a separate development package or SDK, be sure it has been
[1.435s]   installed.
[1.435s] 
[1.435s] [0m
[1.435s] -- Configuring incomplete, errors occurred!
[1.452s] gmake: *** [Makefile:267: cmake_check_build_system] Error 1
[1.458s] Invoked command in '/home/oisin/ros2_ws/assign1/image_ws/build/image_cpp' returned '2': CMAKE_PREFIX_PATH=${CMAKE_PREFIX_PATH}:/opt/ros/jazzy DEBUGINFOD_URLS=https://debuginfod.ubuntu.com /usr/bin/cmake --build /home/oisin/ros2_ws/assign1/image_ws/build/image_cpp -- -j16 -l16
