[0.014s] Invoking command in '/home/oisin/ros2_ws/assign1_ws/build/assign1_interfaces': CMAKE_PREFIX_PATH=${CMAKE_PREFIX_PATH}:/opt/ros/jazzy DEBUGINFOD_URLS=https://debuginfod.ubuntu.com /usr/bin/cmake /home/oisin/ros2_ws/assign1_ws/src/assign1_interfaces -DCMAKE_INSTALL_PREFIX=/home/oisin/ros2_ws/assign1_ws/install/assign1_interfaces
[0.123s] -- The C compiler identification is GNU 13.3.0
[0.252s] -- The CXX compiler identification is GNU 13.3.0
[0.285s] -- Detecting C compiler ABI info
[0.482s] -- Detecting C compiler ABI info - done
[0.502s] -- Check for working C compiler: /usr/bin/cc - skipped
[0.502s] -- Detecting C compile features
[0.503s] -- Detecting C compile features - done
[0.523s] -- Detecting CXX compiler ABI info
[0.742s] -- Detecting CXX compiler ABI info - done
[0.762s] -- Check for working CXX compiler: /usr/bin/c++ - skipped
[0.763s] -- Detecting CXX compile features
[0.764s] -- Detecting CXX compile features - done
[0.773s] -- Found ament_cmake: 2.5.3 (/opt/ros/jazzy/share/ament_cmake/cmake)
[1.098s] -- Found Python3: /usr/bin/python3 (found version "3.12.3") found components: Interpreter 
[1.343s] -- Found rosidl_default_generators: 1.6.0 (/opt/ros/jazzy/share/rosidl_default_generators/cmake)
[1.357s] -- Using all available rosidl_typesupport_c: rosidl_typesupport_fastrtps_c;rosidl_typesupport_introspection_c
[1.475s] -- Using all available rosidl_typesupport_cpp: rosidl_typesupport_fastrtps_cpp;rosidl_typesupport_introspection_cpp
[1.571s] -- Found rosidl_adapter: 4.6.5 (/opt/ros/jazzy/share/rosidl_adapter/cmake)
[2.825s] -- Found ament_cmake_ros: 0.12.0 (/opt/ros/jazzy/share/ament_cmake_ros/cmake)
[3.762s] -- Using all available rosidl_typesupport_c: rosidl_typesupport_fastrtps_c;rosidl_typesupport_introspection_c
[5.001s] -- Using all available rosidl_typesupport_cpp: rosidl_typesupport_fastrtps_cpp;rosidl_typesupport_introspection_cpp
[5.013s] -- Found python_cmake_module: 0.11.1 (/opt/ros/jazzy/share/python_cmake_module/cmake)
[5.317s] -- Found PythonExtra: /usr/bin/python3  
[6.284s] -- Found Python3: /usr/bin/python3 (found version "3.12.3") found components: Interpreter Development NumPy Development.Module Development.Embed 
[6.366s] -- Configuring done (6.3s)
[6.435s] -- Generating done (0.1s)
[6.459s] -- Build files have been written to: /home/oisin/ros2_ws/assign1_ws/build/assign1_interfaces
[6.473s] Invoked command in '/home/oisin/ros2_ws/assign1_ws/build/assign1_interfaces' returned '0': CMAKE_PREFIX_PATH=${CMAKE_PREFIX_PATH}:/opt/ros/jazzy DEBUGINFOD_URLS=https://debuginfod.ubuntu.com /usr/bin/cmake /home/oisin/ros2_ws/assign1_ws/src/assign1_interfaces -DCMAKE_INSTALL_PREFIX=/home/oisin/ros2_ws/assign1_ws/install/assign1_interfaces
[6.476s] Invoking command in '/home/oisin/ros2_ws/assign1_ws/build/assign1_interfaces': CMAKE_PREFIX_PATH=${CMAKE_PREFIX_PATH}:/opt/ros/jazzy DEBUGINFOD_URLS=https://debuginfod.ubuntu.com /usr/bin/cmake --build /home/oisin/ros2_ws/assign1_ws/build/assign1_interfaces -- -j16 -l16
[6.593s] [  2%] [34m[1mGenerating type hashes for ROS interfaces[0m
[6.613s] [  2%] Built target ament_cmake_python_copy_assign1_interfaces
[6.970s] [  2%] Built target assign1_interfaces__rosidl_generator_type_description
[6.994s] [  5%] [34m[1mGenerating C code for ROS interfaces[0m
[7.019s] [  8%] [34m[1mGenerating C++ code for ROS interfaces[0m
[7.053s] running egg_info
[7.054s] creating assign1_interfaces.egg-info
[7.088s] writing assign1_interfaces.egg-info/PKG-INFO
[7.089s] writing dependency_links to assign1_interfaces.egg-info/dependency_links.txt
[7.089s] writing top-level names to assign1_interfaces.egg-info/top_level.txt
[7.089s] writing manifest file 'assign1_interfaces.egg-info/SOURCES.txt'
[7.193s] reading manifest file 'assign1_interfaces.egg-info/SOURCES.txt'
[7.194s] writing manifest file 'assign1_interfaces.egg-info/SOURCES.txt'
[7.256s] [  8%] Built target ament_cmake_python_build_assign1_interfaces_egg
[7.461s] [  8%] Built target assign1_interfaces__cpp
[7.502s] [ 17%] [32mBuilding C object CMakeFiles/assign1_interfaces__rosidl_generator_c.dir/rosidl_generator_c/assign1_interfaces/msg/detail/pixel_coordinates__description.c.o[0m
[7.502s] [ 17%] [32mBuilding C object CMakeFiles/assign1_interfaces__rosidl_generator_c.dir/rosidl_generator_c/assign1_interfaces/msg/detail/pixel_coordinates__functions.c.o[0m
[7.503s] [ 17%] [32mBuilding C object CMakeFiles/assign1_interfaces__rosidl_generator_c.dir/rosidl_generator_c/assign1_interfaces/msg/detail/pixel_coordinates__type_support.c.o[0m
[7.601s] [ 20%] [32m[1mLinking C shared library libassign1_interfaces__rosidl_generator_c.so[0m
[7.687s] [ 20%] Built target assign1_interfaces__rosidl_generator_c
[7.707s] [ 23%] [34m[1mGenerating C type support for eProsima Fast-RTPS[0m
[7.708s] [ 26%] [34m[1mGenerating C type support dispatch for ROS interfaces[0m
[7.709s] [ 29%] [34m[1mGenerating C++ type support for eProsima Fast-RTPS[0m
[7.710s] [ 32%] [34m[1mGenerating C introspection for ROS interfaces[0m
[7.712s] [ 35%] [34m[1mGenerating C++ introspection for ROS interfaces[0m
[7.713s] [ 38%] [34m[1mGenerating C++ type support dispatch for ROS interfaces[0m
[8.093s] [ 41%] [32mBuilding CXX object CMakeFiles/assign1_interfaces__rosidl_typesupport_c.dir/rosidl_typesupport_c/assign1_interfaces/msg/pixel_coordinates__type_support.cpp.o[0m
[8.123s] [ 44%] [32mBuilding CXX object CMakeFiles/assign1_interfaces__rosidl_typesupport_cpp.dir/rosidl_typesupport_cpp/assign1_interfaces/msg/pixel_coordinates__type_support.cpp.o[0m
[8.165s] [ 47%] [32mBuilding CXX object CMakeFiles/assign1_interfaces__rosidl_typesupport_introspection_cpp.dir/rosidl_typesupport_introspection_cpp/assign1_interfaces/msg/detail/pixel_coordinates__type_support.cpp.o[0m
[8.168s] [ 50%] [32mBuilding C object CMakeFiles/assign1_interfaces__rosidl_typesupport_introspection_c.dir/rosidl_typesupport_introspection_c/assign1_interfaces/msg/detail/pixel_coordinates__type_support.c.o[0m
[8.178s] [ 52%] [32m[1mLinking CXX shared library libassign1_interfaces__rosidl_typesupport_c.so[0m
[8.182s] [ 55%] [32mBuilding CXX object CMakeFiles/assign1_interfaces__rosidl_typesupport_fastrtps_cpp.dir/rosidl_typesupport_fastrtps_cpp/assign1_interfaces/msg/detail/dds_fastrtps/pixel_coordinates__type_support.cpp.o[0m
[8.190s] [ 58%] [32mBuilding CXX object CMakeFiles/assign1_interfaces__rosidl_typesupport_fastrtps_c.dir/rosidl_typesupport_fastrtps_c/assign1_interfaces/msg/detail/pixel_coordinates__type_support_c.cpp.o[0m
[8.239s] [ 61%] [32m[1mLinking C shared library libassign1_interfaces__rosidl_typesupport_introspection_c.so[0m
[8.254s] [ 61%] Built target assign1_interfaces__rosidl_typesupport_c
[8.299s] [ 61%] Built target assign1_interfaces__rosidl_typesupport_introspection_c
[8.634s] [ 64%] [32m[1mLinking CXX shared library libassign1_interfaces__rosidl_typesupport_cpp.so[0m
[8.674s] [ 67%] [32m[1mLinking CXX shared library libassign1_interfaces__rosidl_typesupport_introspection_cpp.so[0m
[8.710s] [ 67%] Built target assign1_interfaces__rosidl_typesupport_cpp
[8.751s] [ 67%] Built target assign1_interfaces__rosidl_typesupport_introspection_cpp
[8.900s] [ 70%] [32m[1mLinking CXX shared library libassign1_interfaces__rosidl_typesupport_fastrtps_cpp.so[0m
[8.901s] [ 73%] [32m[1mLinking CXX shared library libassign1_interfaces__rosidl_typesupport_fastrtps_c.so[0m
[8.977s] [ 73%] Built target assign1_interfaces__rosidl_typesupport_fastrtps_cpp
[8.977s] [ 73%] Built target assign1_interfaces__rosidl_typesupport_fastrtps_c
[9.012s] [ 73%] Built target assign1_interfaces
[9.047s] [ 76%] [34m[1mGenerating Python code for ROS interfaces[0m
[9.359s] [ 76%] Built target assign1_interfaces__py
[9.390s] [ 79%] [32mBuilding C object CMakeFiles/assign1_interfaces__rosidl_generator_py.dir/rosidl_generator_py/assign1_interfaces/msg/_pixel_coordinates_s.c.o[0m
[9.515s] [ 82%] [32m[1mLinking C shared library libassign1_interfaces__rosidl_generator_py.so[0m
[9.570s] [ 82%] Built target assign1_interfaces__rosidl_generator_py
[9.597s] [ 91%] [32mBuilding C object CMakeFiles/assign1_interfaces_s__rosidl_typesupport_fastrtps_c.dir/rosidl_generator_py/assign1_interfaces/_assign1_interfaces_s.ep.rosidl_typesupport_fastrtps_c.c.o[0m
[9.598s] [ 91%] [32mBuilding C object CMakeFiles/assign1_interfaces_s__rosidl_typesupport_introspection_c.dir/rosidl_generator_py/assign1_interfaces/_assign1_interfaces_s.ep.rosidl_typesupport_introspection_c.c.o[0m
[9.598s] [ 91%] [32mBuilding C object CMakeFiles/assign1_interfaces_s__rosidl_typesupport_c.dir/rosidl_generator_py/assign1_interfaces/_assign1_interfaces_s.ep.rosidl_typesupport_c.c.o[0m
[9.703s] [ 97%] [32m[1mLinking C shared module rosidl_generator_py/assign1_interfaces/assign1_interfaces_s__rosidl_typesupport_c.so[0m
[9.703s] [ 97%] [32m[1mLinking C shared module rosidl_generator_py/assign1_interfaces/assign1_interfaces_s__rosidl_typesupport_introspection_c.so[0m
[9.705s] [100%] [32m[1mLinking C shared module rosidl_generator_py/assign1_interfaces/assign1_interfaces_s__rosidl_typesupport_fastrtps_c.so[0m
[9.741s] [100%] Built target assign1_interfaces_s__rosidl_typesupport_fastrtps_c
[9.741s] [100%] Built target assign1_interfaces_s__rosidl_typesupport_introspection_c
[9.741s] [100%] Built target assign1_interfaces_s__rosidl_typesupport_c
[9.757s] Invoked command in '/home/oisin/ros2_ws/assign1_ws/build/assign1_interfaces' returned '0': CMAKE_PREFIX_PATH=${CMAKE_PREFIX_PATH}:/opt/ros/jazzy DEBUGINFOD_URLS=https://debuginfod.ubuntu.com /usr/bin/cmake --build /home/oisin/ros2_ws/assign1_ws/build/assign1_interfaces -- -j16 -l16
[9.758s] Invoking command in '/home/oisin/ros2_ws/assign1_ws/build/assign1_interfaces': CMAKE_PREFIX_PATH=${CMAKE_PREFIX_PATH}:/opt/ros/jazzy DEBUGINFOD_URLS=https://debuginfod.ubuntu.com /usr/bin/cmake --install /home/oisin/ros2_ws/assign1_ws/build/assign1_interfaces
[9.768s] -- Install configuration: ""
[9.769s] -- Installing: /home/oisin/ros2_ws/assign1_ws/install/assign1_interfaces/share/ament_index/resource_index/rosidl_interfaces/assign1_interfaces
[9.769s] -- Installing: /home/oisin/ros2_ws/assign1_ws/install/assign1_interfaces/share/assign1_interfaces/msg/PixelCoordinates.json
[9.769s] -- Installing: /home/oisin/ros2_ws/assign1_ws/install/assign1_interfaces/include/assign1_interfaces/assign1_interfaces
[9.769s] -- Installing: /home/oisin/ros2_ws/assign1_ws/install/assign1_interfaces/include/assign1_interfaces/assign1_interfaces/msg
[9.769s] -- Installing: /home/oisin/ros2_ws/assign1_ws/install/assign1_interfaces/include/assign1_interfaces/assign1_interfaces/msg/rosidl_generator_c__visibility_control.h
[9.769s] -- Installing: /home/oisin/ros2_ws/assign1_ws/install/assign1_interfaces/include/assign1_interfaces/assign1_interfaces/msg/detail
[9.769s] -- Installing: /home/oisin/ros2_ws/assign1_ws/install/assign1_interfaces/include/assign1_interfaces/assign1_interfaces/msg/detail/pixel_coordinates__struct.h
[9.770s] -- Installing: /home/oisin/ros2_ws/assign1_ws/install/assign1_interfaces/include/assign1_interfaces/assign1_interfaces/msg/detail/pixel_coordinates__type_support.c
[9.770s] -- Installing: /home/oisin/ros2_ws/assign1_ws/install/assign1_interfaces/include/assign1_interfaces/assign1_interfaces/msg/detail/pixel_coordinates__functions.h
[9.770s] -- Installing: /home/oisin/ros2_ws/assign1_ws/install/assign1_interfaces/include/assign1_interfaces/assign1_interfaces/msg/detail/pixel_coordinates__description.c
[9.770s] -- Installing: /home/oisin/ros2_ws/assign1_ws/install/assign1_interfaces/include/assign1_interfaces/assign1_interfaces/msg/detail/pixel_coordinates__functions.c
[9.770s] -- Installing: /home/oisin/ros2_ws/assign1_ws/install/assign1_interfaces/include/assign1_interfaces/assign1_interfaces/msg/detail/pixel_coordinates__type_support.h
[9.770s] -- Installing: /home/oisin/ros2_ws/assign1_ws/install/assign1_interfaces/include/assign1_interfaces/assign1_interfaces/msg/pixel_coordinates.h
[9.770s] -- Installing: /home/oisin/ros2_ws/assign1_ws/install/assign1_interfaces/share/assign1_interfaces/environment/library_path.sh
[9.770s] -- Installing: /home/oisin/ros2_ws/assign1_ws/install/assign1_interfaces/share/assign1_interfaces/environment/library_path.dsv
[9.771s] -- Installing: /home/oisin/ros2_ws/assign1_ws/install/assign1_interfaces/lib/libassign1_interfaces__rosidl_generator_c.so
[9.772s] -- Set non-toolchain portion of runtime path of "/home/oisin/ros2_ws/assign1_ws/install/assign1_interfaces/lib/libassign1_interfaces__rosidl_generator_c.so" to ""
[9.772s] -- Up-to-date: /home/oisin/ros2_ws/assign1_ws/install/assign1_interfaces/include/assign1_interfaces/assign1_interfaces
[9.772s] -- Up-to-date: /home/oisin/ros2_ws/assign1_ws/install/assign1_interfaces/include/assign1_interfaces/assign1_interfaces/msg
[9.772s] -- Installing: /home/oisin/ros2_ws/assign1_ws/install/assign1_interfaces/include/assign1_interfaces/assign1_interfaces/msg/rosidl_typesupport_fastrtps_c__visibility_control.h
[9.772s] -- Up-to-date: /home/oisin/ros2_ws/assign1_ws/install/assign1_interfaces/include/assign1_interfaces/assign1_interfaces/msg/detail
[9.772s] -- Installing: /home/oisin/ros2_ws/assign1_ws/install/assign1_interfaces/include/assign1_interfaces/assign1_interfaces/msg/detail/pixel_coordinates__rosidl_typesupport_fastrtps_c.h
[9.772s] -- Installing: /home/oisin/ros2_ws/assign1_ws/install/assign1_interfaces/lib/libassign1_interfaces__rosidl_typesupport_fastrtps_c.so
[9.773s] -- Set non-toolchain portion of runtime path of "/home/oisin/ros2_ws/assign1_ws/install/assign1_interfaces/lib/libassign1_interfaces__rosidl_typesupport_fastrtps_c.so" to ""
[9.773s] -- Up-to-date: /home/oisin/ros2_ws/assign1_ws/install/assign1_interfaces/include/assign1_interfaces/assign1_interfaces
[9.773s] -- Up-to-date: /home/oisin/ros2_ws/assign1_ws/install/assign1_interfaces/include/assign1_interfaces/assign1_interfaces/msg
[9.773s] -- Installing: /home/oisin/ros2_ws/assign1_ws/install/assign1_interfaces/include/assign1_interfaces/assign1_interfaces/msg/rosidl_typesupport_introspection_c__visibility_control.h
[9.773s] -- Up-to-date: /home/oisin/ros2_ws/assign1_ws/install/assign1_interfaces/include/assign1_interfaces/assign1_interfaces/msg/detail
[9.773s] -- Installing: /home/oisin/ros2_ws/assign1_ws/install/assign1_interfaces/include/assign1_interfaces/assign1_interfaces/msg/detail/pixel_coordinates__type_support.c
[9.773s] -- Installing: /home/oisin/ros2_ws/assign1_ws/install/assign1_interfaces/include/assign1_interfaces/assign1_interfaces/msg/detail/pixel_coordinates__rosidl_typesupport_introspection_c.h
[9.773s] -- Installing: /home/oisin/ros2_ws/assign1_ws/install/assign1_interfaces/lib/libassign1_interfaces__rosidl_typesupport_introspection_c.so
[9.774s] -- Set non-toolchain portion of runtime path of "/home/oisin/ros2_ws/assign1_ws/install/assign1_interfaces/lib/libassign1_interfaces__rosidl_typesupport_introspection_c.so" to ""
[9.774s] -- Installing: /home/oisin/ros2_ws/assign1_ws/install/assign1_interfaces/lib/libassign1_interfaces__rosidl_typesupport_c.so
[9.774s] -- Set non-toolchain portion of runtime path of "/home/oisin/ros2_ws/assign1_ws/install/assign1_interfaces/lib/libassign1_interfaces__rosidl_typesupport_c.so" to ""
[9.774s] -- Up-to-date: /home/oisin/ros2_ws/assign1_ws/install/assign1_interfaces/include/assign1_interfaces/assign1_interfaces
[9.775s] -- Up-to-date: /home/oisin/ros2_ws/assign1_ws/install/assign1_interfaces/include/assign1_interfaces/assign1_interfaces/msg
[9.775s] -- Installing: /home/oisin/ros2_ws/assign1_ws/install/assign1_interfaces/include/assign1_interfaces/assign1_interfaces/msg/rosidl_generator_cpp__visibility_control.hpp
[9.775s] -- Installing: /home/oisin/ros2_ws/assign1_ws/install/assign1_interfaces/include/assign1_interfaces/assign1_interfaces/msg/pixel_coordinates.hpp
[9.775s] -- Up-to-date: /home/oisin/ros2_ws/assign1_ws/install/assign1_interfaces/include/assign1_interfaces/assign1_interfaces/msg/detail
[9.776s] -- Installing: /home/oisin/ros2_ws/assign1_ws/install/assign1_interfaces/include/assign1_interfaces/assign1_interfaces/msg/detail/pixel_coordinates__type_support.hpp
[9.776s] -- Installing: /home/oisin/ros2_ws/assign1_ws/install/assign1_interfaces/include/assign1_interfaces/assign1_interfaces/msg/detail/pixel_coordinates__builder.hpp
[9.776s] -- Installing: /home/oisin/ros2_ws/assign1_ws/install/assign1_interfaces/include/assign1_interfaces/assign1_interfaces/msg/detail/pixel_coordinates__traits.hpp
[9.776s] -- Installing: /home/oisin/ros2_ws/assign1_ws/install/assign1_interfaces/include/assign1_interfaces/assign1_interfaces/msg/detail/pixel_coordinates__struct.hpp
[9.776s] -- Up-to-date: /home/oisin/ros2_ws/assign1_ws/install/assign1_interfaces/include/assign1_interfaces/assign1_interfaces
[9.776s] -- Up-to-date: /home/oisin/ros2_ws/assign1_ws/install/assign1_interfaces/include/assign1_interfaces/assign1_interfaces/msg
[9.776s] -- Installing: /home/oisin/ros2_ws/assign1_ws/install/assign1_interfaces/include/assign1_interfaces/assign1_interfaces/msg/rosidl_typesupport_fastrtps_cpp__visibility_control.h
[9.776s] -- Up-to-date: /home/oisin/ros2_ws/assign1_ws/install/assign1_interfaces/include/assign1_interfaces/assign1_interfaces/msg/detail
[9.776s] -- Installing: /home/oisin/ros2_ws/assign1_ws/install/assign1_interfaces/include/assign1_interfaces/assign1_interfaces/msg/detail/pixel_coordinates__rosidl_typesupport_fastrtps_cpp.hpp
[9.776s] -- Installing: /home/oisin/ros2_ws/assign1_ws/install/assign1_interfaces/include/assign1_interfaces/assign1_interfaces/msg/detail/dds_fastrtps
[9.776s] -- Installing: /home/oisin/ros2_ws/assign1_ws/install/assign1_interfaces/lib/libassign1_interfaces__rosidl_typesupport_fastrtps_cpp.so
[9.777s] -- Set non-toolchain portion of runtime path of "/home/oisin/ros2_ws/assign1_ws/install/assign1_interfaces/lib/libassign1_interfaces__rosidl_typesupport_fastrtps_cpp.so" to ""
[9.777s] -- Up-to-date: /home/oisin/ros2_ws/assign1_ws/install/assign1_interfaces/include/assign1_interfaces/assign1_interfaces
[9.777s] -- Up-to-date: /home/oisin/ros2_ws/assign1_ws/install/assign1_interfaces/include/assign1_interfaces/assign1_interfaces/msg
[9.777s] -- Up-to-date: /home/oisin/ros2_ws/assign1_ws/install/assign1_interfaces/include/assign1_interfaces/assign1_interfaces/msg/detail
[9.777s] -- Installing: /home/oisin/ros2_ws/assign1_ws/install/assign1_interfaces/include/assign1_interfaces/assign1_interfaces/msg/detail/pixel_coordinates__type_support.cpp
[9.777s] -- Installing: /home/oisin/ros2_ws/assign1_ws/install/assign1_interfaces/include/assign1_interfaces/assign1_interfaces/msg/detail/pixel_coordinates__rosidl_typesupport_introspection_cpp.hpp
[9.777s] -- Installing: /home/oisin/ros2_ws/assign1_ws/install/assign1_interfaces/lib/libassign1_interfaces__rosidl_typesupport_introspection_cpp.so
[9.777s] -- Set non-toolchain portion of runtime path of "/home/oisin/ros2_ws/assign1_ws/install/assign1_interfaces/lib/libassign1_interfaces__rosidl_typesupport_introspection_cpp.so" to ""
[9.777s] -- Installing: /home/oisin/ros2_ws/assign1_ws/install/assign1_interfaces/lib/libassign1_interfaces__rosidl_typesupport_cpp.so
[9.777s] -- Set non-toolchain portion of runtime path of "/home/oisin/ros2_ws/assign1_ws/install/assign1_interfaces/lib/libassign1_interfaces__rosidl_typesupport_cpp.so" to ""
[9.777s] -- Installing: /home/oisin/ros2_ws/assign1_ws/install/assign1_interfaces/share/assign1_interfaces/environment/pythonpath.sh
[9.777s] -- Installing: /home/oisin/ros2_ws/assign1_ws/install/assign1_interfaces/share/assign1_interfaces/environment/pythonpath.dsv
[9.778s] -- Installing: /home/oisin/ros2_ws/assign1_ws/install/assign1_interfaces/lib/python3.12/site-packages/assign1_interfaces-0.0.0-py3.12.egg-info
[9.778s] -- Installing: /home/oisin/ros2_ws/assign1_ws/install/assign1_interfaces/lib/python3.12/site-packages/assign1_interfaces-0.0.0-py3.12.egg-info/PKG-INFO
[9.778s] -- Installing: /home/oisin/ros2_ws/assign1_ws/install/assign1_interfaces/lib/python3.12/site-packages/assign1_interfaces-0.0.0-py3.12.egg-info/top_level.txt
[9.778s] -- Installing: /home/oisin/ros2_ws/assign1_ws/install/assign1_interfaces/lib/python3.12/site-packages/assign1_interfaces-0.0.0-py3.12.egg-info/dependency_links.txt
[9.778s] -- Installing: /home/oisin/ros2_ws/assign1_ws/install/assign1_interfaces/lib/python3.12/site-packages/assign1_interfaces-0.0.0-py3.12.egg-info/SOURCES.txt
[9.778s] -- Installing: /home/oisin/ros2_ws/assign1_ws/install/assign1_interfaces/lib/python3.12/site-packages/assign1_interfaces
[9.778s] -- Installing: /home/oisin/ros2_ws/assign1_ws/install/assign1_interfaces/lib/python3.12/site-packages/assign1_interfaces/__init__.py
[9.778s] -- Installing: /home/oisin/ros2_ws/assign1_ws/install/assign1_interfaces/lib/python3.12/site-packages/assign1_interfaces/_assign1_interfaces_s.ep.rosidl_typesupport_fastrtps_c.c
[9.778s] -- Installing: /home/oisin/ros2_ws/assign1_ws/install/assign1_interfaces/lib/python3.12/site-packages/assign1_interfaces/_assign1_interfaces_s.ep.rosidl_typesupport_introspection_c.c
[9.779s] -- Installing: /home/oisin/ros2_ws/assign1_ws/install/assign1_interfaces/lib/python3.12/site-packages/assign1_interfaces/_assign1_interfaces_s.ep.rosidl_typesupport_c.c
[9.779s] -- Installing: /home/oisin/ros2_ws/assign1_ws/install/assign1_interfaces/lib/python3.12/site-packages/assign1_interfaces/assign1_interfaces_s__rosidl_typesupport_introspection_c.so
[9.779s] -- Installing: /home/oisin/ros2_ws/assign1_ws/install/assign1_interfaces/lib/python3.12/site-packages/assign1_interfaces/msg
[9.779s] -- Installing: /home/oisin/ros2_ws/assign1_ws/install/assign1_interfaces/lib/python3.12/site-packages/assign1_interfaces/msg/__init__.py
[9.779s] -- Installing: /home/oisin/ros2_ws/assign1_ws/install/assign1_interfaces/lib/python3.12/site-packages/assign1_interfaces/msg/_pixel_coordinates.py
[9.779s] -- Installing: /home/oisin/ros2_ws/assign1_ws/install/assign1_interfaces/lib/python3.12/site-packages/assign1_interfaces/msg/_pixel_coordinates_s.c
[9.779s] -- Installing: /home/oisin/ros2_ws/assign1_ws/install/assign1_interfaces/lib/python3.12/site-packages/assign1_interfaces/assign1_interfaces_s__rosidl_typesupport_fastrtps_c.so
[9.779s] -- Installing: /home/oisin/ros2_ws/assign1_ws/install/assign1_interfaces/lib/python3.12/site-packages/assign1_interfaces/assign1_interfaces_s__rosidl_typesupport_c.so
[9.820s] Listing '/home/oisin/ros2_ws/assign1_ws/install/assign1_interfaces/lib/python3.12/site-packages/assign1_interfaces'...
[9.820s] Compiling '/home/oisin/ros2_ws/assign1_ws/install/assign1_interfaces/lib/python3.12/site-packages/assign1_interfaces/__init__.py'...
[9.821s] Listing '/home/oisin/ros2_ws/assign1_ws/install/assign1_interfaces/lib/python3.12/site-packages/assign1_interfaces/msg'...
[9.821s] Compiling '/home/oisin/ros2_ws/assign1_ws/install/assign1_interfaces/lib/python3.12/site-packages/assign1_interfaces/msg/__init__.py'...
[9.821s] Compiling '/home/oisin/ros2_ws/assign1_ws/install/assign1_interfaces/lib/python3.12/site-packages/assign1_interfaces/msg/_pixel_coordinates.py'...
[9.826s] -- Installing: /home/oisin/ros2_ws/assign1_ws/install/assign1_interfaces/lib/python3.12/site-packages/assign1_interfaces/assign1_interfaces_s__rosidl_typesupport_fastrtps_c.so
[9.826s] -- Set non-toolchain portion of runtime path of "/home/oisin/ros2_ws/assign1_ws/install/assign1_interfaces/lib/python3.12/site-packages/assign1_interfaces/assign1_interfaces_s__rosidl_typesupport_fastrtps_c.so" to ""
[9.827s] -- Installing: /home/oisin/ros2_ws/assign1_ws/install/assign1_interfaces/lib/python3.12/site-packages/assign1_interfaces/assign1_interfaces_s__rosidl_typesupport_introspection_c.so
[9.827s] -- Set non-toolchain portion of runtime path of "/home/oisin/ros2_ws/assign1_ws/install/assign1_interfaces/lib/python3.12/site-packages/assign1_interfaces/assign1_interfaces_s__rosidl_typesupport_introspection_c.so" to ""
[9.827s] -- Installing: /home/oisin/ros2_ws/assign1_ws/install/assign1_interfaces/lib/python3.12/site-packages/assign1_interfaces/assign1_interfaces_s__rosidl_typesupport_c.so
[9.827s] -- Set non-toolchain portion of runtime path of "/home/oisin/ros2_ws/assign1_ws/install/assign1_interfaces/lib/python3.12/site-packages/assign1_interfaces/assign1_interfaces_s__rosidl_typesupport_c.so" to ""
[9.828s] -- Installing: /home/oisin/ros2_ws/assign1_ws/install/assign1_interfaces/lib/libassign1_interfaces__rosidl_generator_py.so
[9.828s] -- Set non-toolchain portion of runtime path of "/home/oisin/ros2_ws/assign1_ws/install/assign1_interfaces/lib/libassign1_interfaces__rosidl_generator_py.so" to ""
[9.828s] -- Installing: /home/oisin/ros2_ws/assign1_ws/install/assign1_interfaces/share/assign1_interfaces/msg/PixelCoordinates.idl
[9.828s] -- Installing: /home/oisin/ros2_ws/assign1_ws/install/assign1_interfaces/share/assign1_interfaces/msg/PixelCoordinates.msg
[9.828s] -- Installing: /home/oisin/ros2_ws/assign1_ws/install/assign1_interfaces/share/ament_index/resource_index/package_run_dependencies/assign1_interfaces
[9.828s] -- Installing: /home/oisin/ros2_ws/assign1_ws/install/assign1_interfaces/share/ament_index/resource_index/parent_prefix_path/assign1_interfaces
[9.828s] -- Installing: /home/oisin/ros2_ws/assign1_ws/install/assign1_interfaces/share/assign1_interfaces/environment/ament_prefix_path.sh
[9.829s] -- Installing: /home/oisin/ros2_ws/assign1_ws/install/assign1_interfaces/share/assign1_interfaces/environment/ament_prefix_path.dsv
[9.829s] -- Installing: /home/oisin/ros2_ws/assign1_ws/install/assign1_interfaces/share/assign1_interfaces/environment/path.sh
[9.829s] -- Installing: /home/oisin/ros2_ws/assign1_ws/install/assign1_interfaces/share/assign1_interfaces/environment/path.dsv
[9.829s] -- Installing: /home/oisin/ros2_ws/assign1_ws/install/assign1_interfaces/share/assign1_interfaces/local_setup.bash
[9.829s] -- Installing: /home/oisin/ros2_ws/assign1_ws/install/assign1_interfaces/share/assign1_interfaces/local_setup.sh
[9.829s] -- Installing: /home/oisin/ros2_ws/assign1_ws/install/assign1_interfaces/share/assign1_interfaces/local_setup.zsh
[9.829s] -- Installing: /home/oisin/ros2_ws/assign1_ws/install/assign1_interfaces/share/assign1_interfaces/local_setup.dsv
[9.830s] -- Installing: /home/oisin/ros2_ws/assign1_ws/install/assign1_interfaces/share/assign1_interfaces/package.dsv
[9.830s] -- Installing: /home/oisin/ros2_ws/assign1_ws/install/assign1_interfaces/share/ament_index/resource_index/packages/assign1_interfaces
[9.830s] -- Installing: /home/oisin/ros2_ws/assign1_ws/install/assign1_interfaces/share/assign1_interfaces/cmake/export_assign1_interfaces__rosidl_generator_cExport.cmake
[9.830s] -- Installing: /home/oisin/ros2_ws/assign1_ws/install/assign1_interfaces/share/assign1_interfaces/cmake/export_assign1_interfaces__rosidl_generator_cExport-noconfig.cmake
[9.830s] -- Installing: /home/oisin/ros2_ws/assign1_ws/install/assign1_interfaces/share/assign1_interfaces/cmake/export_assign1_interfaces__rosidl_typesupport_fastrtps_cExport.cmake
[9.831s] -- Installing: /home/oisin/ros2_ws/assign1_ws/install/assign1_interfaces/share/assign1_interfaces/cmake/export_assign1_interfaces__rosidl_typesupport_fastrtps_cExport-noconfig.cmake
[9.831s] -- Installing: /home/oisin/ros2_ws/assign1_ws/install/assign1_interfaces/share/assign1_interfaces/cmake/assign1_interfaces__rosidl_typesupport_introspection_cExport.cmake
[9.831s] -- Installing: /home/oisin/ros2_ws/assign1_ws/install/assign1_interfaces/share/assign1_interfaces/cmake/assign1_interfaces__rosidl_typesupport_introspection_cExport-noconfig.cmake
[9.831s] -- Installing: /home/oisin/ros2_ws/assign1_ws/install/assign1_interfaces/share/assign1_interfaces/cmake/assign1_interfaces__rosidl_typesupport_cExport.cmake
[9.831s] -- Installing: /home/oisin/ros2_ws/assign1_ws/install/assign1_interfaces/share/assign1_interfaces/cmake/assign1_interfaces__rosidl_typesupport_cExport-noconfig.cmake
[9.831s] -- Installing: /home/oisin/ros2_ws/assign1_ws/install/assign1_interfaces/share/assign1_interfaces/cmake/export_assign1_interfaces__rosidl_generator_cppExport.cmake
[9.832s] -- Installing: /home/oisin/ros2_ws/assign1_ws/install/assign1_interfaces/share/assign1_interfaces/cmake/export_assign1_interfaces__rosidl_typesupport_fastrtps_cppExport.cmake
[9.832s] -- Installing: /home/oisin/ros2_ws/assign1_ws/install/assign1_interfaces/share/assign1_interfaces/cmake/export_assign1_interfaces__rosidl_typesupport_fastrtps_cppExport-noconfig.cmake
[9.832s] -- Installing: /home/oisin/ros2_ws/assign1_ws/install/assign1_interfaces/share/assign1_interfaces/cmake/assign1_interfaces__rosidl_typesupport_introspection_cppExport.cmake
[9.832s] -- Installing: /home/oisin/ros2_ws/assign1_ws/install/assign1_interfaces/share/assign1_interfaces/cmake/assign1_interfaces__rosidl_typesupport_introspection_cppExport-noconfig.cmake
[9.832s] -- Installing: /home/oisin/ros2_ws/assign1_ws/install/assign1_interfaces/share/assign1_interfaces/cmake/assign1_interfaces__rosidl_typesupport_cppExport.cmake
[9.832s] -- Installing: /home/oisin/ros2_ws/assign1_ws/install/assign1_interfaces/share/assign1_interfaces/cmake/assign1_interfaces__rosidl_typesupport_cppExport-noconfig.cmake
[9.832s] -- Installing: /home/oisin/ros2_ws/assign1_ws/install/assign1_interfaces/share/assign1_interfaces/cmake/export_assign1_interfaces__rosidl_generator_pyExport.cmake
[9.833s] -- Installing: /home/oisin/ros2_ws/assign1_ws/install/assign1_interfaces/share/assign1_interfaces/cmake/export_assign1_interfaces__rosidl_generator_pyExport-noconfig.cmake
[9.833s] -- Installing: /home/oisin/ros2_ws/assign1_ws/install/assign1_interfaces/share/assign1_interfaces/cmake/rosidl_cmake-extras.cmake
[9.833s] -- Installing: /home/oisin/ros2_ws/assign1_ws/install/assign1_interfaces/share/assign1_interfaces/cmake/ament_cmake_export_include_directories-extras.cmake
[9.833s] -- Installing: /home/oisin/ros2_ws/assign1_ws/install/assign1_interfaces/share/assign1_interfaces/cmake/ament_cmake_export_libraries-extras.cmake
[9.833s] -- Installing: /home/oisin/ros2_ws/assign1_ws/install/assign1_interfaces/share/assign1_interfaces/cmake/ament_cmake_export_targets-extras.cmake
[9.833s] -- Installing: /home/oisin/ros2_ws/assign1_ws/install/assign1_interfaces/share/assign1_interfaces/cmake/rosidl_cmake_export_typesupport_targets-extras.cmake
[9.834s] -- Installing: /home/oisin/ros2_ws/assign1_ws/install/assign1_interfaces/share/assign1_interfaces/cmake/ament_cmake_export_dependencies-extras.cmake
[9.834s] -- Installing: /home/oisin/ros2_ws/assign1_ws/install/assign1_interfaces/share/assign1_interfaces/cmake/rosidl_cmake_export_typesupport_libraries-extras.cmake
[9.834s] -- Installing: /home/oisin/ros2_ws/assign1_ws/install/assign1_interfaces/share/assign1_interfaces/cmake/assign1_interfacesConfig.cmake
[9.834s] -- Installing: /home/oisin/ros2_ws/assign1_ws/install/assign1_interfaces/share/assign1_interfaces/cmake/assign1_interfacesConfig-version.cmake
[9.834s] -- Installing: /home/oisin/ros2_ws/assign1_ws/install/assign1_interfaces/share/assign1_interfaces/package.xml
[9.838s] Invoked command in '/home/oisin/ros2_ws/assign1_ws/build/assign1_interfaces' returned '0': CMAKE_PREFIX_PATH=${CMAKE_PREFIX_PATH}:/opt/ros/jazzy DEBUGINFOD_URLS=https://debuginfod.ubuntu.com /usr/bin/cmake --install /home/oisin/ros2_ws/assign1_ws/build/assign1_interfaces
