[0.222s] DEBUG:colcon:Command line arguments: ['/usr/bin/colcon', 'build']
[0.222s] DEBUG:colcon:Parsed command line arguments: Namespace(log_base=None, log_level=None, verb_name='build', build_base='build', install_base='install', merge_install=False, symlink_install=False, test_result_base=None, continue_on_error=False, executor='parallel', parallel_workers=16, event_handlers=None, ignore_user_meta=False, metas=['./colcon.meta'], base_paths=['.'], packages_ignore=None, packages_ignore_regex=None, paths=None, packages_up_to=None, packages_up_to_regex=None, packages_above=None, packages_above_and_dependencies=None, packages_above_depth=None, packages_select_by_dep=None, packages_skip_by_dep=None, packages_skip_up_to=None, packages_select_build_failed=False, packages_skip_build_finished=False, packages_select_test_failures=False, packages_skip_test_passed=False, packages_select=None, packages_skip=None, packages_select_regex=None, packages_skip_regex=None, packages_start=None, packages_end=None, allow_overriding=[], cmake_args=None, cmake_target=None, cmake_target_skip_unavailable=False, cmake_clean_cache=False, cmake_clean_first=False, cmake_force_configure=False, ament_cmake_args=None, catkin_cmake_args=None, catkin_skip_building_tests=False, mixin_files=None, mixin=None, verb_parser=<colcon_mixin.mixin.mixin_argument.MixinArgumentDecorator object at 0x7ff35495f0b0>, verb_extension=<colcon_core.verb.build.BuildVerb object at 0x7ff354aa6c00>, main=<bound method BuildVerb.main of <colcon_core.verb.build.BuildVerb object at 0x7ff354aa6c00>>, mixin_verb=('build',))
[0.311s] Level 1:colcon.colcon_core.package_discovery:discover_packages(colcon_meta) check parameters
[0.311s] Level 1:colcon.colcon_core.package_discovery:discover_packages(recursive) check parameters
[0.311s] Level 1:colcon.colcon_core.package_discovery:discover_packages(ignore) check parameters
[0.311s] Level 1:colcon.colcon_core.package_discovery:discover_packages(path) check parameters
[0.311s] Level 1:colcon.colcon_core.package_discovery:discover_packages(colcon_meta) discover
[0.311s] Level 1:colcon.colcon_core.package_discovery:discover_packages(recursive) discover
[0.311s] INFO:colcon.colcon_core.package_discovery:Crawling recursively for packages in '/home/oisin/ros2_ws/assign1_ws'
[0.312s] Level 1:colcon.colcon_core.package_identification:_identify(.) by extensions ['ignore', 'ignore_ament_install']
[0.312s] Level 1:colcon.colcon_core.package_identification:_identify(.) by extension 'ignore'
[0.312s] Level 1:colcon.colcon_core.package_identification:_identify(.) by extension 'ignore_ament_install'
[0.312s] Level 1:colcon.colcon_core.package_identification:_identify(.) by extensions ['colcon_pkg']
[0.312s] Level 1:colcon.colcon_core.package_identification:_identify(.) by extension 'colcon_pkg'
[0.312s] Level 1:colcon.colcon_core.package_identification:_identify(.) by extensions ['colcon_meta']
[0.312s] Level 1:colcon.colcon_core.package_identification:_identify(.) by extension 'colcon_meta'
[0.312s] Level 1:colcon.colcon_core.package_identification:_identify(.) by extensions ['ros']
[0.312s] Level 1:colcon.colcon_core.package_identification:_identify(.) by extension 'ros'
[0.367s] Level 1:colcon.colcon_core.package_identification:_identify(.) by extensions ['cmake', 'python']
[0.367s] Level 1:colcon.colcon_core.package_identification:_identify(.) by extension 'cmake'
[0.367s] Level 1:colcon.colcon_core.package_identification:_identify(.) by extension 'python'
[0.367s] Level 1:colcon.colcon_core.package_identification:_identify(.) by extensions ['python_setup_py']
[0.367s] Level 1:colcon.colcon_core.package_identification:_identify(.) by extension 'python_setup_py'
[0.367s] Level 1:colcon.colcon_core.package_identification:_identify(build) by extensions ['ignore', 'ignore_ament_install']
[0.368s] Level 1:colcon.colcon_core.package_identification:_identify(build) by extension 'ignore'
[0.368s] Level 1:colcon.colcon_core.package_identification:_identify(build) ignored
[0.368s] Level 1:colcon.colcon_core.package_identification:_identify(install) by extensions ['ignore', 'ignore_ament_install']
[0.368s] Level 1:colcon.colcon_core.package_identification:_identify(install) by extension 'ignore'
[0.368s] Level 1:colcon.colcon_core.package_identification:_identify(install) ignored
[0.368s] Level 1:colcon.colcon_core.package_identification:_identify(log) by extensions ['ignore', 'ignore_ament_install']
[0.369s] Level 1:colcon.colcon_core.package_identification:_identify(log) by extension 'ignore'
[0.369s] Level 1:colcon.colcon_core.package_identification:_identify(log) ignored
[0.369s] Level 1:colcon.colcon_core.package_identification:_identify(src) by extensions ['ignore', 'ignore_ament_install']
[0.369s] Level 1:colcon.colcon_core.package_identification:_identify(src) by extension 'ignore'
[0.369s] Level 1:colcon.colcon_core.package_identification:_identify(src) by extension 'ignore_ament_install'
[0.369s] Level 1:colcon.colcon_core.package_identification:_identify(src) by extensions ['colcon_pkg']
[0.369s] Level 1:colcon.colcon_core.package_identification:_identify(src) by extension 'colcon_pkg'
[0.369s] Level 1:colcon.colcon_core.package_identification:_identify(src) by extensions ['colcon_meta']
[0.369s] Level 1:colcon.colcon_core.package_identification:_identify(src) by extension 'colcon_meta'
[0.369s] Level 1:colcon.colcon_core.package_identification:_identify(src) by extensions ['ros']
[0.369s] Level 1:colcon.colcon_core.package_identification:_identify(src) by extension 'ros'
[0.369s] Level 1:colcon.colcon_core.package_identification:_identify(src) by extensions ['cmake', 'python']
[0.370s] Level 1:colcon.colcon_core.package_identification:_identify(src) by extension 'cmake'
[0.370s] Level 1:colcon.colcon_core.package_identification:_identify(src) by extension 'python'
[0.370s] Level 1:colcon.colcon_core.package_identification:_identify(src) by extensions ['python_setup_py']
[0.370s] Level 1:colcon.colcon_core.package_identification:_identify(src) by extension 'python_setup_py'
[0.370s] Level 1:colcon.colcon_core.package_identification:_identify(src/assign1_interfaces) by extensions ['ignore', 'ignore_ament_install']
[0.370s] Level 1:colcon.colcon_core.package_identification:_identify(src/assign1_interfaces) by extension 'ignore'
[0.370s] Level 1:colcon.colcon_core.package_identification:_identify(src/assign1_interfaces) by extension 'ignore_ament_install'
[0.370s] Level 1:colcon.colcon_core.package_identification:_identify(src/assign1_interfaces) by extensions ['colcon_pkg']
[0.370s] Level 1:colcon.colcon_core.package_identification:_identify(src/assign1_interfaces) by extension 'colcon_pkg'
[0.370s] Level 1:colcon.colcon_core.package_identification:_identify(src/assign1_interfaces) by extensions ['colcon_meta']
[0.370s] Level 1:colcon.colcon_core.package_identification:_identify(src/assign1_interfaces) by extension 'colcon_meta'
[0.371s] Level 1:colcon.colcon_core.package_identification:_identify(src/assign1_interfaces) by extensions ['ros']
[0.371s] Level 1:colcon.colcon_core.package_identification:_identify(src/assign1_interfaces) by extension 'ros'
[0.376s] DEBUG:colcon.colcon_core.package_identification:Package 'src/assign1_interfaces' with type 'ros.ament_cmake' and name 'assign1_interfaces'
[0.376s] Level 1:colcon.colcon_core.package_identification:_identify(src/light_tracking) by extensions ['ignore', 'ignore_ament_install']
[0.376s] Level 1:colcon.colcon_core.package_identification:_identify(src/light_tracking) by extension 'ignore'
[0.377s] Level 1:colcon.colcon_core.package_identification:_identify(src/light_tracking) by extension 'ignore_ament_install'
[0.377s] Level 1:colcon.colcon_core.package_identification:_identify(src/light_tracking) by extensions ['colcon_pkg']
[0.377s] Level 1:colcon.colcon_core.package_identification:_identify(src/light_tracking) by extension 'colcon_pkg'
[0.377s] Level 1:colcon.colcon_core.package_identification:_identify(src/light_tracking) by extensions ['colcon_meta']
[0.377s] Level 1:colcon.colcon_core.package_identification:_identify(src/light_tracking) by extension 'colcon_meta'
[0.377s] Level 1:colcon.colcon_core.package_identification:_identify(src/light_tracking) by extensions ['ros']
[0.377s] Level 1:colcon.colcon_core.package_identification:_identify(src/light_tracking) by extension 'ros'
[0.378s] DEBUG:colcon.colcon_core.package_identification:Package 'src/light_tracking' with type 'ros.ament_cmake' and name 'light_tracking'
[0.378s] Level 1:colcon.colcon_core.package_discovery:discover_packages(recursive) using defaults
[0.378s] Level 1:colcon.colcon_core.package_discovery:discover_packages(ignore) discover
[0.378s] Level 1:colcon.colcon_core.package_discovery:discover_packages(ignore) using defaults
[0.378s] Level 1:colcon.colcon_core.package_discovery:discover_packages(path) discover
[0.378s] Level 1:colcon.colcon_core.package_discovery:discover_packages(path) using defaults
[0.413s] Level 1:colcon.colcon_core.package_discovery:discover_packages(prefix_path) check parameters
[0.413s] Level 1:colcon.colcon_core.package_discovery:discover_packages(prefix_path) discover
[0.417s] DEBUG:colcon.colcon_installed_package_information.package_discovery:Found 316 installed packages in /opt/ros/jazzy
[0.419s] Level 1:colcon.colcon_core.package_discovery:discover_packages(prefix_path) using defaults
[0.481s] Level 5:colcon.colcon_core.verb:set package 'assign1_interfaces' build argument 'cmake_args' from command line to 'None'
[0.481s] Level 5:colcon.colcon_core.verb:set package 'assign1_interfaces' build argument 'cmake_target' from command line to 'None'
[0.481s] Level 5:colcon.colcon_core.verb:set package 'assign1_interfaces' build argument 'cmake_target_skip_unavailable' from command line to 'False'
[0.481s] Level 5:colcon.colcon_core.verb:set package 'assign1_interfaces' build argument 'cmake_clean_cache' from command line to 'False'
[0.481s] Level 5:colcon.colcon_core.verb:set package 'assign1_interfaces' build argument 'cmake_clean_first' from command line to 'False'
[0.481s] Level 5:colcon.colcon_core.verb:set package 'assign1_interfaces' build argument 'cmake_force_configure' from command line to 'False'
[0.481s] Level 5:colcon.colcon_core.verb:set package 'assign1_interfaces' build argument 'ament_cmake_args' from command line to 'None'
[0.481s] Level 5:colcon.colcon_core.verb:set package 'assign1_interfaces' build argument 'catkin_cmake_args' from command line to 'None'
[0.481s] Level 5:colcon.colcon_core.verb:set package 'assign1_interfaces' build argument 'catkin_skip_building_tests' from command line to 'False'
[0.481s] DEBUG:colcon.colcon_core.verb:Building package 'assign1_interfaces' with the following arguments: {'ament_cmake_args': None, 'build_base': '/home/oisin/ros2_ws/assign1_ws/build/assign1_interfaces', 'catkin_cmake_args': None, 'catkin_skip_building_tests': False, 'cmake_args': None, 'cmake_clean_cache': False, 'cmake_clean_first': False, 'cmake_force_configure': False, 'cmake_target': None, 'cmake_target_skip_unavailable': False, 'install_base': '/home/oisin/ros2_ws/assign1_ws/install/assign1_interfaces', 'merge_install': False, 'path': '/home/oisin/ros2_ws/assign1_ws/src/assign1_interfaces', 'symlink_install': False, 'test_result_base': None}
[0.482s] Level 5:colcon.colcon_core.verb:set package 'light_tracking' build argument 'cmake_args' from command line to 'None'
[0.482s] Level 5:colcon.colcon_core.verb:set package 'light_tracking' build argument 'cmake_target' from command line to 'None'
[0.482s] Level 5:colcon.colcon_core.verb:set package 'light_tracking' build argument 'cmake_target_skip_unavailable' from command line to 'False'
[0.482s] Level 5:colcon.colcon_core.verb:set package 'light_tracking' build argument 'cmake_clean_cache' from command line to 'False'
[0.482s] Level 5:colcon.colcon_core.verb:set package 'light_tracking' build argument 'cmake_clean_first' from command line to 'False'
[0.482s] Level 5:colcon.colcon_core.verb:set package 'light_tracking' build argument 'cmake_force_configure' from command line to 'False'
[0.482s] Level 5:colcon.colcon_core.verb:set package 'light_tracking' build argument 'ament_cmake_args' from command line to 'None'
[0.482s] Level 5:colcon.colcon_core.verb:set package 'light_tracking' build argument 'catkin_cmake_args' from command line to 'None'
[0.482s] Level 5:colcon.colcon_core.verb:set package 'light_tracking' build argument 'catkin_skip_building_tests' from command line to 'False'
[0.482s] DEBUG:colcon.colcon_core.verb:Building package 'light_tracking' with the following arguments: {'ament_cmake_args': None, 'build_base': '/home/oisin/ros2_ws/assign1_ws/build/light_tracking', 'catkin_cmake_args': None, 'catkin_skip_building_tests': False, 'cmake_args': None, 'cmake_clean_cache': False, 'cmake_clean_first': False, 'cmake_force_configure': False, 'cmake_target': None, 'cmake_target_skip_unavailable': False, 'install_base': '/home/oisin/ros2_ws/assign1_ws/install/light_tracking', 'merge_install': False, 'path': '/home/oisin/ros2_ws/assign1_ws/src/light_tracking', 'symlink_install': False, 'test_result_base': None}
[0.482s] INFO:colcon.colcon_core.executor:Executing jobs using 'parallel' executor
[0.483s] DEBUG:colcon.colcon_parallel_executor.executor.parallel:run_until_complete
[0.483s] INFO:colcon.colcon_ros.task.ament_cmake.build:Building ROS package in '/home/oisin/ros2_ws/assign1_ws/src/assign1_interfaces' with build type 'ament_cmake'
[0.483s] INFO:colcon.colcon_cmake.task.cmake.build:Building CMake package in '/home/oisin/ros2_ws/assign1_ws/src/assign1_interfaces'
[0.486s] INFO:colcon.colcon_core.plugin_system:Skipping extension 'colcon_core.shell.bat': Not used on non-Windows systems
[0.486s] INFO:colcon.colcon_core.shell:Skip shell extension 'powershell' for command environment: Not usable outside of PowerShell
[0.487s] DEBUG:colcon.colcon_core.shell:Skip shell extension 'dsv' for command environment
[0.491s] INFO:colcon.colcon_ros.task.ament_cmake.build:Building ROS package in '/home/oisin/ros2_ws/assign1_ws/src/light_tracking' with build type 'ament_cmake'
[0.491s] INFO:colcon.colcon_cmake.task.cmake.build:Building CMake package in '/home/oisin/ros2_ws/assign1_ws/src/light_tracking'
[0.491s] INFO:colcon.colcon_core.shell:Skip shell extension 'powershell' for command environment: Not usable outside of PowerShell
[0.491s] DEBUG:colcon.colcon_core.shell:Skip shell extension 'dsv' for command environment
[0.499s] DEBUG:colcon.colcon_core.event_handler.log_command:Invoking command in '/home/oisin/ros2_ws/assign1_ws/build/assign1_interfaces': CMAKE_PREFIX_PATH=${CMAKE_PREFIX_PATH}:/opt/ros/jazzy DEBUGINFOD_URLS=https://debuginfod.ubuntu.com /usr/bin/cmake /home/oisin/ros2_ws/assign1_ws/src/assign1_interfaces -DCMAKE_INSTALL_PREFIX=/home/oisin/ros2_ws/assign1_ws/install/assign1_interfaces
[0.504s] DEBUG:colcon.colcon_core.event_handler.log_command:Invoking command in '/home/oisin/ros2_ws/assign1_ws/build/light_tracking': CMAKE_PREFIX_PATH=${CMAKE_PREFIX_PATH}:/opt/ros/jazzy DEBUGINFOD_URLS=https://debuginfod.ubuntu.com /usr/bin/cmake /home/oisin/ros2_ws/assign1_ws/src/light_tracking -DCMAKE_INSTALL_PREFIX=/home/oisin/ros2_ws/assign1_ws/install/light_tracking
[2.091s] DEBUG:colcon.colcon_core.event_handler.log_command:Invoked command in '/home/oisin/ros2_ws/assign1_ws/build/light_tracking' returned '0': CMAKE_PREFIX_PATH=${CMAKE_PREFIX_PATH}:/opt/ros/jazzy DEBUGINFOD_URLS=https://debuginfod.ubuntu.com /usr/bin/cmake /home/oisin/ros2_ws/assign1_ws/src/light_tracking -DCMAKE_INSTALL_PREFIX=/home/oisin/ros2_ws/assign1_ws/install/light_tracking
[2.093s] DEBUG:colcon.colcon_core.event_handler.log_command:Invoking command in '/home/oisin/ros2_ws/assign1_ws/build/light_tracking': CMAKE_PREFIX_PATH=${CMAKE_PREFIX_PATH}:/opt/ros/jazzy DEBUGINFOD_URLS=https://debuginfod.ubuntu.com /usr/bin/cmake --build /home/oisin/ros2_ws/assign1_ws/build/light_tracking -- -j16 -l16
[2.183s] DEBUG:colcon.colcon_core.event_handler.log_command:Invoked command in '/home/oisin/ros2_ws/assign1_ws/build/light_tracking' returned '0': CMAKE_PREFIX_PATH=${CMAKE_PREFIX_PATH}:/opt/ros/jazzy DEBUGINFOD_URLS=https://debuginfod.ubuntu.com /usr/bin/cmake --build /home/oisin/ros2_ws/assign1_ws/build/light_tracking -- -j16 -l16
[2.207s] DEBUG:colcon.colcon_core.event_handler.log_command:Invoking command in '/home/oisin/ros2_ws/assign1_ws/build/light_tracking': CMAKE_PREFIX_PATH=${CMAKE_PREFIX_PATH}:/opt/ros/jazzy DEBUGINFOD_URLS=https://debuginfod.ubuntu.com /usr/bin/cmake --install /home/oisin/ros2_ws/assign1_ws/build/light_tracking
[2.230s] Level 1:colcon.colcon_core.environment:create_environment_scripts_only(light_tracking)
[2.232s] DEBUG:colcon.colcon_core.event_handler.log_command:Invoked command in '/home/oisin/ros2_ws/assign1_ws/build/light_tracking' returned '0': CMAKE_PREFIX_PATH=${CMAKE_PREFIX_PATH}:/opt/ros/jazzy DEBUGINFOD_URLS=https://debuginfod.ubuntu.com /usr/bin/cmake --install /home/oisin/ros2_ws/assign1_ws/build/light_tracking
[2.234s] Level 1:colcon.colcon_core.environment:checking '/home/oisin/ros2_ws/assign1_ws/install/light_tracking' for CMake module files
[2.234s] Level 1:colcon.colcon_core.environment:checking '/home/oisin/ros2_ws/assign1_ws/install/light_tracking' for CMake config files
[2.235s] Level 1:colcon.colcon_core.shell:create_environment_hook('light_tracking', 'cmake_prefix_path')
[2.235s] INFO:colcon.colcon_core.shell:Creating environment hook '/home/oisin/ros2_ws/assign1_ws/install/light_tracking/share/light_tracking/hook/cmake_prefix_path.ps1'
[2.236s] INFO:colcon.colcon_core.shell:Creating environment descriptor '/home/oisin/ros2_ws/assign1_ws/install/light_tracking/share/light_tracking/hook/cmake_prefix_path.dsv'
[2.237s] INFO:colcon.colcon_core.shell:Creating environment hook '/home/oisin/ros2_ws/assign1_ws/install/light_tracking/share/light_tracking/hook/cmake_prefix_path.sh'
[2.239s] Level 1:colcon.colcon_core.environment:checking '/home/oisin/ros2_ws/assign1_ws/install/light_tracking/bin'
[2.239s] Level 1:colcon.colcon_core.environment:checking '/home/oisin/ros2_ws/assign1_ws/install/light_tracking/lib/pkgconfig/light_tracking.pc'
[2.239s] Level 1:colcon.colcon_core.environment:checking '/home/oisin/ros2_ws/assign1_ws/install/light_tracking/lib/python3.12/site-packages'
[2.240s] Level 1:colcon.colcon_core.environment:checking '/home/oisin/ros2_ws/assign1_ws/install/light_tracking/bin'
[2.240s] INFO:colcon.colcon_core.shell:Creating package script '/home/oisin/ros2_ws/assign1_ws/install/light_tracking/share/light_tracking/package.ps1'
[2.241s] INFO:colcon.colcon_core.shell:Creating package descriptor '/home/oisin/ros2_ws/assign1_ws/install/light_tracking/share/light_tracking/package.dsv'
[2.242s] INFO:colcon.colcon_core.shell:Creating package script '/home/oisin/ros2_ws/assign1_ws/install/light_tracking/share/light_tracking/package.sh'
[2.243s] INFO:colcon.colcon_core.shell:Creating package script '/home/oisin/ros2_ws/assign1_ws/install/light_tracking/share/light_tracking/package.bash'
[2.244s] INFO:colcon.colcon_core.shell:Creating package script '/home/oisin/ros2_ws/assign1_ws/install/light_tracking/share/light_tracking/package.zsh'
[2.245s] Level 1:colcon.colcon_core.environment:create_file_with_runtime_dependencies(/home/oisin/ros2_ws/assign1_ws/install/light_tracking/share/colcon-core/packages/light_tracking)
[2.247s] Level 1:colcon.colcon_core.environment:create_environment_scripts_only(light_tracking)
[2.247s] Level 1:colcon.colcon_core.environment:checking '/home/oisin/ros2_ws/assign1_ws/install/light_tracking' for CMake module files
[2.248s] Level 1:colcon.colcon_core.environment:checking '/home/oisin/ros2_ws/assign1_ws/install/light_tracking' for CMake config files
[2.248s] Level 1:colcon.colcon_core.shell:create_environment_hook('light_tracking', 'cmake_prefix_path')
[2.249s] INFO:colcon.colcon_core.shell:Creating environment hook '/home/oisin/ros2_ws/assign1_ws/install/light_tracking/share/light_tracking/hook/cmake_prefix_path.ps1'
[2.249s] INFO:colcon.colcon_core.shell:Creating environment descriptor '/home/oisin/ros2_ws/assign1_ws/install/light_tracking/share/light_tracking/hook/cmake_prefix_path.dsv'
[2.250s] INFO:colcon.colcon_core.shell:Creating environment hook '/home/oisin/ros2_ws/assign1_ws/install/light_tracking/share/light_tracking/hook/cmake_prefix_path.sh'
[2.251s] Level 1:colcon.colcon_core.environment:checking '/home/oisin/ros2_ws/assign1_ws/install/light_tracking/bin'
[2.251s] Level 1:colcon.colcon_core.environment:checking '/home/oisin/ros2_ws/assign1_ws/install/light_tracking/lib/pkgconfig/light_tracking.pc'
[2.252s] Level 1:colcon.colcon_core.environment:checking '/home/oisin/ros2_ws/assign1_ws/install/light_tracking/lib/python3.12/site-packages'
[2.252s] Level 1:colcon.colcon_core.environment:checking '/home/oisin/ros2_ws/assign1_ws/install/light_tracking/bin'
[2.253s] INFO:colcon.colcon_core.shell:Creating package script '/home/oisin/ros2_ws/assign1_ws/install/light_tracking/share/light_tracking/package.ps1'
[2.254s] INFO:colcon.colcon_core.shell:Creating package descriptor '/home/oisin/ros2_ws/assign1_ws/install/light_tracking/share/light_tracking/package.dsv'
[2.255s] INFO:colcon.colcon_core.shell:Creating package script '/home/oisin/ros2_ws/assign1_ws/install/light_tracking/share/light_tracking/package.sh'
[2.255s] INFO:colcon.colcon_core.shell:Creating package script '/home/oisin/ros2_ws/assign1_ws/install/light_tracking/share/light_tracking/package.bash'
[2.256s] INFO:colcon.colcon_core.shell:Creating package script '/home/oisin/ros2_ws/assign1_ws/install/light_tracking/share/light_tracking/package.zsh'
[2.257s] Level 1:colcon.colcon_core.environment:create_file_with_runtime_dependencies(/home/oisin/ros2_ws/assign1_ws/install/light_tracking/share/colcon-core/packages/light_tracking)
[6.957s] DEBUG:colcon.colcon_core.event_handler.log_command:Invoked command in '/home/oisin/ros2_ws/assign1_ws/build/assign1_interfaces' returned '0': CMAKE_PREFIX_PATH=${CMAKE_PREFIX_PATH}:/opt/ros/jazzy DEBUGINFOD_URLS=https://debuginfod.ubuntu.com /usr/bin/cmake /home/oisin/ros2_ws/assign1_ws/src/assign1_interfaces -DCMAKE_INSTALL_PREFIX=/home/oisin/ros2_ws/assign1_ws/install/assign1_interfaces
[6.960s] DEBUG:colcon.colcon_core.event_handler.log_command:Invoking command in '/home/oisin/ros2_ws/assign1_ws/build/assign1_interfaces': CMAKE_PREFIX_PATH=${CMAKE_PREFIX_PATH}:/opt/ros/jazzy DEBUGINFOD_URLS=https://debuginfod.ubuntu.com /usr/bin/cmake --build /home/oisin/ros2_ws/assign1_ws/build/assign1_interfaces -- -j16 -l16
[10.241s] DEBUG:colcon.colcon_core.event_handler.log_command:Invoked command in '/home/oisin/ros2_ws/assign1_ws/build/assign1_interfaces' returned '0': CMAKE_PREFIX_PATH=${CMAKE_PREFIX_PATH}:/opt/ros/jazzy DEBUGINFOD_URLS=https://debuginfod.ubuntu.com /usr/bin/cmake --build /home/oisin/ros2_ws/assign1_ws/build/assign1_interfaces -- -j16 -l16
[10.242s] DEBUG:colcon.colcon_core.event_handler.log_command:Invoking command in '/home/oisin/ros2_ws/assign1_ws/build/assign1_interfaces': CMAKE_PREFIX_PATH=${CMAKE_PREFIX_PATH}:/opt/ros/jazzy DEBUGINFOD_URLS=https://debuginfod.ubuntu.com /usr/bin/cmake --install /home/oisin/ros2_ws/assign1_ws/build/assign1_interfaces
[10.321s] Level 1:colcon.colcon_core.environment:create_environment_scripts_only(assign1_interfaces)
[10.322s] Level 1:colcon.colcon_core.environment:checking '/home/oisin/ros2_ws/assign1_ws/install/assign1_interfaces' for CMake module files
[10.322s] DEBUG:colcon.colcon_core.event_handler.log_command:Invoked command in '/home/oisin/ros2_ws/assign1_ws/build/assign1_interfaces' returned '0': CMAKE_PREFIX_PATH=${CMAKE_PREFIX_PATH}:/opt/ros/jazzy DEBUGINFOD_URLS=https://debuginfod.ubuntu.com /usr/bin/cmake --install /home/oisin/ros2_ws/assign1_ws/build/assign1_interfaces
[10.323s] Level 1:colcon.colcon_core.environment:checking '/home/oisin/ros2_ws/assign1_ws/install/assign1_interfaces' for CMake config files
[10.324s] Level 1:colcon.colcon_core.shell:create_environment_hook('assign1_interfaces', 'cmake_prefix_path')
[10.324s] INFO:colcon.colcon_core.shell:Creating environment hook '/home/oisin/ros2_ws/assign1_ws/install/assign1_interfaces/share/assign1_interfaces/hook/cmake_prefix_path.ps1'
[10.324s] INFO:colcon.colcon_core.shell:Creating environment descriptor '/home/oisin/ros2_ws/assign1_ws/install/assign1_interfaces/share/assign1_interfaces/hook/cmake_prefix_path.dsv'
[10.324s] INFO:colcon.colcon_core.shell:Creating environment hook '/home/oisin/ros2_ws/assign1_ws/install/assign1_interfaces/share/assign1_interfaces/hook/cmake_prefix_path.sh'
[10.325s] Level 1:colcon.colcon_core.environment:checking '/home/oisin/ros2_ws/assign1_ws/install/assign1_interfaces/lib'
[10.325s] Level 1:colcon.colcon_core.shell:create_environment_hook('assign1_interfaces', 'ld_library_path_lib')
[10.325s] INFO:colcon.colcon_core.shell:Creating environment hook '/home/oisin/ros2_ws/assign1_ws/install/assign1_interfaces/share/assign1_interfaces/hook/ld_library_path_lib.ps1'
[10.326s] INFO:colcon.colcon_core.shell:Creating environment descriptor '/home/oisin/ros2_ws/assign1_ws/install/assign1_interfaces/share/assign1_interfaces/hook/ld_library_path_lib.dsv'
[10.326s] INFO:colcon.colcon_core.shell:Creating environment hook '/home/oisin/ros2_ws/assign1_ws/install/assign1_interfaces/share/assign1_interfaces/hook/ld_library_path_lib.sh'
[10.326s] Level 1:colcon.colcon_core.environment:checking '/home/oisin/ros2_ws/assign1_ws/install/assign1_interfaces/bin'
[10.326s] Level 1:colcon.colcon_core.environment:checking '/home/oisin/ros2_ws/assign1_ws/install/assign1_interfaces/lib/pkgconfig/assign1_interfaces.pc'
[10.327s] Level 1:colcon.colcon_core.environment:checking '/home/oisin/ros2_ws/assign1_ws/install/assign1_interfaces/lib/python3.12/site-packages'
[10.327s] Level 1:colcon.colcon_core.shell:create_environment_hook('assign1_interfaces', 'pythonpath')
[10.327s] INFO:colcon.colcon_core.shell:Creating environment hook '/home/oisin/ros2_ws/assign1_ws/install/assign1_interfaces/share/assign1_interfaces/hook/pythonpath.ps1'
[10.327s] INFO:colcon.colcon_core.shell:Creating environment descriptor '/home/oisin/ros2_ws/assign1_ws/install/assign1_interfaces/share/assign1_interfaces/hook/pythonpath.dsv'
[10.327s] INFO:colcon.colcon_core.shell:Creating environment hook '/home/oisin/ros2_ws/assign1_ws/install/assign1_interfaces/share/assign1_interfaces/hook/pythonpath.sh'
[10.328s] Level 1:colcon.colcon_core.environment:checking '/home/oisin/ros2_ws/assign1_ws/install/assign1_interfaces/bin'
[10.328s] INFO:colcon.colcon_core.shell:Creating package script '/home/oisin/ros2_ws/assign1_ws/install/assign1_interfaces/share/assign1_interfaces/package.ps1'
[10.329s] INFO:colcon.colcon_core.shell:Creating package descriptor '/home/oisin/ros2_ws/assign1_ws/install/assign1_interfaces/share/assign1_interfaces/package.dsv'
[10.329s] INFO:colcon.colcon_core.shell:Creating package script '/home/oisin/ros2_ws/assign1_ws/install/assign1_interfaces/share/assign1_interfaces/package.sh'
[10.329s] INFO:colcon.colcon_core.shell:Creating package script '/home/oisin/ros2_ws/assign1_ws/install/assign1_interfaces/share/assign1_interfaces/package.bash'
[10.330s] INFO:colcon.colcon_core.shell:Creating package script '/home/oisin/ros2_ws/assign1_ws/install/assign1_interfaces/share/assign1_interfaces/package.zsh'
[10.330s] Level 1:colcon.colcon_core.environment:create_file_with_runtime_dependencies(/home/oisin/ros2_ws/assign1_ws/install/assign1_interfaces/share/colcon-core/packages/assign1_interfaces)
[10.330s] Level 1:colcon.colcon_core.environment:create_environment_scripts_only(assign1_interfaces)
[10.331s] Level 1:colcon.colcon_core.environment:checking '/home/oisin/ros2_ws/assign1_ws/install/assign1_interfaces' for CMake module files
[10.331s] Level 1:colcon.colcon_core.environment:checking '/home/oisin/ros2_ws/assign1_ws/install/assign1_interfaces' for CMake config files
[10.332s] Level 1:colcon.colcon_core.shell:create_environment_hook('assign1_interfaces', 'cmake_prefix_path')
[10.332s] INFO:colcon.colcon_core.shell:Creating environment hook '/home/oisin/ros2_ws/assign1_ws/install/assign1_interfaces/share/assign1_interfaces/hook/cmake_prefix_path.ps1'
[10.332s] INFO:colcon.colcon_core.shell:Creating environment descriptor '/home/oisin/ros2_ws/assign1_ws/install/assign1_interfaces/share/assign1_interfaces/hook/cmake_prefix_path.dsv'
[10.333s] INFO:colcon.colcon_core.shell:Creating environment hook '/home/oisin/ros2_ws/assign1_ws/install/assign1_interfaces/share/assign1_interfaces/hook/cmake_prefix_path.sh'
[10.333s] Level 1:colcon.colcon_core.environment:checking '/home/oisin/ros2_ws/assign1_ws/install/assign1_interfaces/lib'
[10.333s] Level 1:colcon.colcon_core.shell:create_environment_hook('assign1_interfaces', 'ld_library_path_lib')
[10.333s] INFO:colcon.colcon_core.shell:Creating environment hook '/home/oisin/ros2_ws/assign1_ws/install/assign1_interfaces/share/assign1_interfaces/hook/ld_library_path_lib.ps1'
[10.334s] INFO:colcon.colcon_core.shell:Creating environment descriptor '/home/oisin/ros2_ws/assign1_ws/install/assign1_interfaces/share/assign1_interfaces/hook/ld_library_path_lib.dsv'
[10.334s] INFO:colcon.colcon_core.shell:Creating environment hook '/home/oisin/ros2_ws/assign1_ws/install/assign1_interfaces/share/assign1_interfaces/hook/ld_library_path_lib.sh'
[10.334s] Level 1:colcon.colcon_core.environment:checking '/home/oisin/ros2_ws/assign1_ws/install/assign1_interfaces/bin'
[10.334s] Level 1:colcon.colcon_core.environment:checking '/home/oisin/ros2_ws/assign1_ws/install/assign1_interfaces/lib/pkgconfig/assign1_interfaces.pc'
[10.334s] Level 1:colcon.colcon_core.environment:checking '/home/oisin/ros2_ws/assign1_ws/install/assign1_interfaces/lib/python3.12/site-packages'
[10.335s] Level 1:colcon.colcon_core.shell:create_environment_hook('assign1_interfaces', 'pythonpath')
[10.335s] INFO:colcon.colcon_core.shell:Creating environment hook '/home/oisin/ros2_ws/assign1_ws/install/assign1_interfaces/share/assign1_interfaces/hook/pythonpath.ps1'
[10.335s] INFO:colcon.colcon_core.shell:Creating environment descriptor '/home/oisin/ros2_ws/assign1_ws/install/assign1_interfaces/share/assign1_interfaces/hook/pythonpath.dsv'
[10.335s] INFO:colcon.colcon_core.shell:Creating environment hook '/home/oisin/ros2_ws/assign1_ws/install/assign1_interfaces/share/assign1_interfaces/hook/pythonpath.sh'
[10.336s] Level 1:colcon.colcon_core.environment:checking '/home/oisin/ros2_ws/assign1_ws/install/assign1_interfaces/bin'
[10.336s] INFO:colcon.colcon_core.shell:Creating package script '/home/oisin/ros2_ws/assign1_ws/install/assign1_interfaces/share/assign1_interfaces/package.ps1'
[10.337s] INFO:colcon.colcon_core.shell:Creating package descriptor '/home/oisin/ros2_ws/assign1_ws/install/assign1_interfaces/share/assign1_interfaces/package.dsv'
[10.337s] INFO:colcon.colcon_core.shell:Creating package script '/home/oisin/ros2_ws/assign1_ws/install/assign1_interfaces/share/assign1_interfaces/package.sh'
[10.337s] INFO:colcon.colcon_core.shell:Creating package script '/home/oisin/ros2_ws/assign1_ws/install/assign1_interfaces/share/assign1_interfaces/package.bash'
[10.338s] INFO:colcon.colcon_core.shell:Creating package script '/home/oisin/ros2_ws/assign1_ws/install/assign1_interfaces/share/assign1_interfaces/package.zsh'
[10.338s] Level 1:colcon.colcon_core.environment:create_file_with_runtime_dependencies(/home/oisin/ros2_ws/assign1_ws/install/assign1_interfaces/share/colcon-core/packages/assign1_interfaces)
[10.338s] DEBUG:colcon.colcon_parallel_executor.executor.parallel:closing loop
[10.338s] DEBUG:colcon.colcon_parallel_executor.executor.parallel:loop closed
[10.339s] DEBUG:colcon.colcon_parallel_executor.executor.parallel:run_until_complete finished with '0'
[10.339s] DEBUG:colcon.colcon_core.event_reactor:joining thread
[10.345s] INFO:colcon.colcon_core.plugin_system:Skipping extension 'colcon_notification.desktop_notification.terminal_notifier': Not used on non-Darwin systems
[10.345s] INFO:colcon.colcon_core.plugin_system:Skipping extension 'colcon_notification.desktop_notification.win32': Not used on non-Windows systems
[10.345s] INFO:colcon.colcon_notification.desktop_notification:Sending desktop notification using 'notify2'
[10.364s] DEBUG:colcon.colcon_core.event_reactor:joined thread
[10.365s] INFO:colcon.colcon_core.shell:Creating prefix script '/home/oisin/ros2_ws/assign1_ws/install/local_setup.ps1'
[10.365s] INFO:colcon.colcon_core.shell:Creating prefix util module '/home/oisin/ros2_ws/assign1_ws/install/_local_setup_util_ps1.py'
[10.366s] INFO:colcon.colcon_core.shell:Creating prefix chain script '/home/oisin/ros2_ws/assign1_ws/install/setup.ps1'
[10.367s] INFO:colcon.colcon_core.shell:Creating prefix script '/home/oisin/ros2_ws/assign1_ws/install/local_setup.sh'
[10.368s] INFO:colcon.colcon_core.shell:Creating prefix util module '/home/oisin/ros2_ws/assign1_ws/install/_local_setup_util_sh.py'
[10.368s] INFO:colcon.colcon_core.shell:Creating prefix chain script '/home/oisin/ros2_ws/assign1_ws/install/setup.sh'
[10.369s] INFO:colcon.colcon_core.shell:Creating prefix script '/home/oisin/ros2_ws/assign1_ws/install/local_setup.bash'
[10.369s] INFO:colcon.colcon_core.shell:Creating prefix chain script '/home/oisin/ros2_ws/assign1_ws/install/setup.bash'
[10.370s] INFO:colcon.colcon_core.shell:Creating prefix script '/home/oisin/ros2_ws/assign1_ws/install/local_setup.zsh'
[10.370s] INFO:colcon.colcon_core.shell:Creating prefix chain script '/home/oisin/ros2_ws/assign1_ws/install/setup.zsh'
