[0.031s] Invoking command in '/home/oisin/ros2_ws/assign1/image_ws/build/image_cpp': CMAKE_PREFIX_PATH=${CMAKE_PREFIX_PATH}:/opt/ros/jazzy DEBUGINFOD_URLS=https://debuginfod.ubuntu.com /usr/bin/cmake --build /home/oisin/ros2_ws/assign1/image_ws/build/image_cpp -- -j16 -l16
[0.098s] -- Found ament_cmake: 2.5.3 (/opt/ros/jazzy/share/ament_cmake/cmake)
[0.613s] -- Found rclcpp: 28.1.6 (/opt/ros/jazzy/share/rclcpp/cmake)
[0.666s] -- Found rosidl_generator_c: 4.6.5 (/opt/ros/jazzy/share/rosidl_generator_c/cmake)
[0.686s] -- Found rosidl_generator_cpp: 4.6.5 (/opt/ros/jazzy/share/rosidl_generator_cpp/cmake)
[0.715s] -- Using all available rosidl_typesupport_c: rosidl_typesupport_fastrtps_c;rosidl_typesupport_introspection_c
[0.747s] -- Using all available rosidl_typesupport_cpp: rosidl_typesupport_fastrtps_cpp;rosidl_typesupport_introspection_cpp
[0.907s] -- Found rmw_implementation_cmake: 7.3.1 (/opt/ros/jazzy/share/rmw_implementation_cmake/cmake)
[0.911s] -- Found rmw_fastrtps_cpp: 8.4.1 (/opt/ros/jazzy/share/rmw_fastrtps_cpp/cmake)
[1.069s] -- Using RMW implementation 'rmw_fastrtps_cpp' as default
[1.233s] -- Found sensor_msgs: 5.3.5 (/opt/ros/jazzy/share/sensor_msgs/cmake)
[1.377s] -- Found example_interfaces: 0.12.0 (/opt/ros/jazzy/share/example_interfaces/cmake)
[1.517s] -- Found cv_bridge: 4.1.0 (/opt/ros/jazzy/share/cv_bridge/cmake)
[1.574s] [31mCMake Error at CMakeLists.txt:14 (find_package):
[1.575s]   By not providing "FindOpenCv.cmake" in CMAKE_MODULE_PATH this project has
[1.575s]   asked CMake to find a package configuration file provided by "OpenCv", but
[1.575s]   CMake did not find one.
[1.575s] 
[1.575s]   Could not find a package configuration file provided by "OpenCv" with any
[1.575s]   of the following names:
[1.576s] 
[1.576s]     OpenCvConfig.cmake
[1.576s]     opencv-config.cmake
[1.576s] 
[1.576s]   Add the installation prefix of "OpenCv" to CMAKE_PREFIX_PATH or set
[1.576s]   "OpenCv_DIR" to a directory containing one of the above files.  If "OpenCv"
[1.576s]   provides a separate development package or SDK, be sure it has been
[1.576s]   installed.
[1.577s] 
[1.577s] [0m
[1.577s] -- Configuring incomplete, errors occurred!
[1.593s] gmake: *** [Makefile:267: cmake_check_build_system] Error 1
[1.598s] Invoked command in '/home/oisin/ros2_ws/assign1/image_ws/build/image_cpp' returned '2': CMAKE_PREFIX_PATH=${CMAKE_PREFIX_PATH}:/opt/ros/jazzy DEBUGINFOD_URLS=https://debuginfod.ubuntu.com /usr/bin/cmake --build /home/oisin/ros2_ws/assign1/image_ws/build/image_cpp -- -j16 -l16
